[ 2016-09-12T10:13:15+08:00 ] ::1 /coding/API/eGoServer/index.php/api/SystemImages/getBackgroundImage.html
INFO: [ app_init ] --START--
INFO: Run Behavior\BuildLiteBehavior [ RunTime:0.000031s ]
INFO: [ app_init ] --END-- [ RunTime:0.000908s ]
INFO: [ app_begin ] --START--
INFO: Run Behavior\ReadHtmlCacheBehavior [ RunTime:0.002086s ]
INFO: [ app_begin ] --END-- [ RunTime:0.002188s ]
ERR: 非法操作:getbackgroundimage

[ 2016-09-12T10:13:19+08:00 ] ::1 /coding/API/eGoServer/index.php/api/user/7c8747c14a7bcd942cf1fd09fedd069c/15659430523.html
INFO: [ app_init ] --START--
INFO: Run Behavior\BuildLiteBehavior [ RunTime:0.000020s ]
INFO: [ app_init ] --END-- [ RunTime:0.000438s ]
INFO: [ app_begin ] --START--
INFO: Run Behavior\ReadHtmlCacheBehavior [ RunTime:0.000790s ]
INFO: [ app_begin ] --END-- [ RunTime:0.000912s ]
SQL: SHOW COLUMNS FROM `ego_user` [ RunTime:0.0025s ]
SQL: SELECT * FROM `ego_user` WHERE ( token = '7c8747c14a7bcd942cf1fd09fedd069c' ) LIMIT 1   [ RunTime:0.0006s ]
SQL: SELECT `name`,`gender`,`tel`,`email`,`nickname`,`signature`,`avatar`,`school`,`college`,`major`,`stu_num` FROM `ego_user` WHERE ( tel = '15659430523' ) LIMIT 1   [ RunTime:0.0003s ]

[ 2016-09-12T10:13:19+08:00 ] ::1 /coding/API/eGoServer/index.php/api/bus.html
INFO: [ app_init ] --START--
INFO: Run Behavior\BuildLiteBehavior [ RunTime:0.000072s ]
INFO: [ app_init ] --END-- [ RunTime:0.001698s ]
INFO: [ app_begin ] --START--
INFO: Run Behavior\ReadHtmlCacheBehavior [ RunTime:0.001240s ]
INFO: [ app_begin ] --END-- [ RunTime:0.001330s ]
SQL: SHOW COLUMNS FROM `ego_bus` [ RunTime:0.0023s ]
SQL: SELECT * FROM `ego_bus`  [ RunTime:0.0002s ]

[ 2016-09-12T10:13:24+08:00 ] ::1 /coding/API/eGoServer/index.php/api/bus.html
INFO: [ app_init ] --START--
INFO: Run Behavior\BuildLiteBehavior [ RunTime:0.000032s ]
INFO: [ app_init ] --END-- [ RunTime:0.000672s ]
INFO: [ app_begin ] --START--
INFO: Run Behavior\ReadHtmlCacheBehavior [ RunTime:0.000789s ]
INFO: [ app_begin ] --END-- [ RunTime:0.000907s ]
SQL: SHOW COLUMNS FROM `ego_bus` [ RunTime:0.0031s ]
SQL: SELECT * FROM `ego_bus`  [ RunTime:0.0002s ]

[ 2016-09-12T10:13:29+08:00 ] ::1 /coding/API/eGoServer/index.php/api/bus.html
INFO: [ app_init ] --START--
INFO: Run Behavior\BuildLiteBehavior [ RunTime:0.000027s ]
INFO: [ app_init ] --END-- [ RunTime:0.002005s ]
INFO: [ app_begin ] --START--
INFO: Run Behavior\ReadHtmlCacheBehavior [ RunTime:0.000787s ]
INFO: [ app_begin ] --END-- [ RunTime:0.000891s ]
SQL: SHOW COLUMNS FROM `ego_bus` [ RunTime:0.0015s ]
SQL: SELECT * FROM `ego_bus`  [ RunTime:0.0003s ]

[ 2016-09-12T10:13:34+08:00 ] ::1 /coding/API/eGoServer/index.php/api/bus.html
INFO: [ app_init ] --START--
INFO: Run Behavior\BuildLiteBehavior [ RunTime:0.000025s ]
INFO: [ app_init ] --END-- [ RunTime:0.000694s ]
INFO: [ app_begin ] --START--
INFO: Run Behavior\ReadHtmlCacheBehavior [ RunTime:0.000599s ]
INFO: [ app_begin ] --END-- [ RunTime:0.000683s ]
SQL: SHOW COLUMNS FROM `ego_bus` [ RunTime:0.0032s ]
SQL: SELECT * FROM `ego_bus`  [ RunTime:0.0003s ]

[ 2016-09-12T10:13:39+08:00 ] ::1 /coding/API/eGoServer/index.php/api/bus.html
INFO: [ app_init ] --START--
INFO: Run Behavior\BuildLiteBehavior [ RunTime:0.000019s ]
INFO: [ app_init ] --END-- [ RunTime:0.000421s ]
INFO: [ app_begin ] --START--
INFO: Run Behavior\ReadHtmlCacheBehavior [ RunTime:0.000568s ]
INFO: [ app_begin ] --END-- [ RunTime:0.000689s ]
SQL: SHOW COLUMNS FROM `ego_bus` [ RunTime:0.0019s ]
SQL: SELECT * FROM `ego_bus`  [ RunTime:0.0002s ]

[ 2016-09-12T10:13:44+08:00 ] ::1 /coding/API/eGoServer/index.php/api/bus.html
INFO: [ app_init ] --START--
INFO: Run Behavior\BuildLiteBehavior [ RunTime:0.000014s ]
INFO: [ app_init ] --END-- [ RunTime:0.000319s ]
INFO: [ app_begin ] --START--
INFO: Run Behavior\ReadHtmlCacheBehavior [ RunTime:0.000432s ]
INFO: [ app_begin ] --END-- [ RunTime:0.000488s ]
SQL: SHOW COLUMNS FROM `ego_bus` [ RunTime:0.0027s ]
SQL: SELECT * FROM `ego_bus`  [ RunTime:0.0002s ]

[ 2016-09-12T10:13:49+08:00 ] ::1 /coding/API/eGoServer/index.php/api/bus.html
INFO: [ app_init ] --START--
INFO: Run Behavior\BuildLiteBehavior [ RunTime:0.000025s ]
INFO: [ app_init ] --END-- [ RunTime:0.001072s ]
INFO: [ app_begin ] --START--
INFO: Run Behavior\ReadHtmlCacheBehavior [ RunTime:0.001991s ]
INFO: [ app_begin ] --END-- [ RunTime:0.002200s ]
SQL: SHOW COLUMNS FROM `ego_bus` [ RunTime:0.0022s ]
SQL: SELECT * FROM `ego_bus`  [ RunTime:0.0002s ]

[ 2016-09-12T10:13:54+08:00 ] ::1 /coding/API/eGoServer/index.php/api/bus.html
INFO: [ app_init ] --START--
INFO: Run Behavior\BuildLiteBehavior [ RunTime:0.000014s ]
INFO: [ app_init ] --END-- [ RunTime:0.000314s ]
INFO: [ app_begin ] --START--
INFO: Run Behavior\ReadHtmlCacheBehavior [ RunTime:0.000610s ]
INFO: [ app_begin ] --END-- [ RunTime:0.000692s ]
SQL: SHOW COLUMNS FROM `ego_bus` [ RunTime:0.0016s ]
SQL: SELECT * FROM `ego_bus`  [ RunTime:0.0002s ]

[ 2016-09-12T10:14:06+08:00 ] ::1 /coding/API/eGoServer/index.php/api/verify-code/15659430523.html
INFO: [ app_init ] --START--
INFO: Run Behavior\BuildLiteBehavior [ RunTime:0.000013s ]
INFO: [ app_init ] --END-- [ RunTime:0.000307s ]
INFO: [ app_begin ] --START--
INFO: Run Behavior\ReadHtmlCacheBehavior [ RunTime:0.000586s ]
INFO: [ app_begin ] --END-- [ RunTime:0.000676s ]

[ 2016-09-12T10:14:07+08:00 ] ::1 /coding/API/eGoServer/index.php/api/verify-code/15659430523.html
INFO: [ app_init ] --START--
INFO: Run Behavior\BuildLiteBehavior [ RunTime:0.000013s ]
INFO: [ app_init ] --END-- [ RunTime:0.000306s ]
INFO: [ app_begin ] --START--
INFO: Run Behavior\ReadHtmlCacheBehavior [ RunTime:0.000644s ]
INFO: [ app_begin ] --END-- [ RunTime:0.000708s ]

[ 2016-09-12T10:14:11+08:00 ] ::1 /coding/API/eGoServer/index.php/api/verify-code/15659430523.html
INFO: [ app_init ] --START--
INFO: Run Behavior\BuildLiteBehavior [ RunTime:0.000017s ]
INFO: [ app_init ] --END-- [ RunTime:0.000521s ]
INFO: [ app_begin ] --START--
INFO: Run Behavior\ReadHtmlCacheBehavior [ RunTime:0.000420s ]
INFO: [ app_begin ] --END-- [ RunTime:0.000472s ]

[ 2016-09-12T10:26:45+08:00 ] ::1 /coding/API/eGoServer/index.php/api/SystemImages/getBackgroundImage.html
INFO: [ app_init ] --START--
INFO: Run Behavior\BuildLiteBehavior [ RunTime:0.000017s ]
INFO: [ app_init ] --END-- [ RunTime:0.000503s ]
INFO: [ app_begin ] --START--
INFO: Run Behavior\ReadHtmlCacheBehavior [ RunTime:0.000807s ]
INFO: [ app_begin ] --END-- [ RunTime:0.000887s ]
ERR: 非法操作:getbackgroundimage

[ 2016-09-12T10:26:47+08:00 ] ::1 /coding/API/eGoServer/index.php/api/user/7c8747c14a7bcd942cf1fd09fedd069c/15659430523.html
INFO: [ app_init ] --START--
INFO: Run Behavior\BuildLiteBehavior [ RunTime:0.000016s ]
INFO: [ app_init ] --END-- [ RunTime:0.000340s ]
INFO: [ app_begin ] --START--
INFO: Run Behavior\ReadHtmlCacheBehavior [ RunTime:0.000468s ]
INFO: [ app_begin ] --END-- [ RunTime:0.000534s ]
SQL: SHOW COLUMNS FROM `ego_user` [ RunTime:0.0021s ]
SQL: SELECT * FROM `ego_user` WHERE ( token = '7c8747c14a7bcd942cf1fd09fedd069c' ) LIMIT 1   [ RunTime:0.0003s ]
SQL: SELECT `name`,`gender`,`tel`,`email`,`nickname`,`signature`,`avatar`,`school`,`college`,`major`,`stu_num` FROM `ego_user` WHERE ( tel = '15659430523' ) LIMIT 1   [ RunTime:0.0002s ]

[ 2016-09-12T10:26:47+08:00 ] ::1 /coding/API/eGoServer/index.php/api/bus.html
INFO: [ app_init ] --START--
INFO: Run Behavior\BuildLiteBehavior [ RunTime:0.000015s ]
INFO: [ app_init ] --END-- [ RunTime:0.000345s ]
INFO: [ app_begin ] --START--
INFO: Run Behavior\ReadHtmlCacheBehavior [ RunTime:0.000477s ]
INFO: [ app_begin ] --END-- [ RunTime:0.000543s ]
SQL: SHOW COLUMNS FROM `ego_bus` [ RunTime:0.0010s ]
SQL: SELECT * FROM `ego_bus`  [ RunTime:0.0002s ]

[ 2016-09-12T10:26:54+08:00 ] ::1 /coding/API/eGoServer/index.php/api/verify-code/15659430523.html
INFO: [ app_init ] --START--
INFO: Run Behavior\BuildLiteBehavior [ RunTime:0.000020s ]
INFO: [ app_init ] --END-- [ RunTime:0.000500s ]
INFO: [ app_begin ] --START--
INFO: Run Behavior\ReadHtmlCacheBehavior [ RunTime:0.001155s ]
INFO: [ app_begin ] --END-- [ RunTime:0.001289s ]

[ 2016-09-12T10:27:08+08:00 ] ::1 /coding/API/eGoServer/index.php/api/user.html
INFO: [ app_init ] --START--
INFO: Run Behavior\BuildLiteBehavior [ RunTime:0.000017s ]
INFO: [ app_init ] --END-- [ RunTime:0.000612s ]
INFO: [ app_begin ] --START--
INFO: Run Behavior\ReadHtmlCacheBehavior [ RunTime:0.000709s ]
INFO: [ app_begin ] --END-- [ RunTime:0.000788s ]
SQL: SHOW COLUMNS FROM `ego_user` [ RunTime:0.0016s ]
SQL: SELECT * FROM `ego_user` WHERE ( token = '7c8747c14a7bcd942cf1fd09fedd069c' ) LIMIT 1   [ RunTime:0.0004s ]
NOTIC: [8] Undefined index: password /Applications/MAMP/htdocs/coding/API/eGoServer/Application/Api/Model/UserModel.class.php 第 122 行.
SQL: UPDATE `ego_user` SET `email`='1060084430@qq.com',`nickname`='萧宇a',`tel`='15659430523',`token`='7c8747c14a7bcd942cf1fd09fedd069c' WHERE ( token = '7c8747c14a7bcd942cf1fd09fedd069c' ) [ RunTime:0.0003s ]

[ 2016-09-12T10:27:33+08:00 ] ::1 /coding/API/eGoServer/index.php/api/verify-code/15659430523.html
INFO: [ app_init ] --START--
INFO: Run Behavior\BuildLiteBehavior [ RunTime:0.000015s ]
INFO: [ app_init ] --END-- [ RunTime:0.000357s ]
INFO: [ app_begin ] --START--
INFO: Run Behavior\ReadHtmlCacheBehavior [ RunTime:0.000793s ]
INFO: [ app_begin ] --END-- [ RunTime:0.000879s ]

[ 2016-09-12T10:27:37+08:00 ] ::1 /coding/API/eGoServer/index.php/api/user.html
INFO: [ app_init ] --START--
INFO: Run Behavior\BuildLiteBehavior [ RunTime:0.000017s ]
INFO: [ app_init ] --END-- [ RunTime:0.000420s ]
INFO: [ app_begin ] --START--
INFO: Run Behavior\ReadHtmlCacheBehavior [ RunTime:0.000608s ]
INFO: [ app_begin ] --END-- [ RunTime:0.000682s ]
SQL: SHOW COLUMNS FROM `ego_user` [ RunTime:0.0023s ]
SQL: SELECT * FROM `ego_user` WHERE ( token = '7c8747c14a7bcd942cf1fd09fedd069c' ) LIMIT 1   [ RunTime:0.0003s ]
NOTIC: [8] Undefined index: password /Applications/MAMP/htdocs/coding/API/eGoServer/Application/Api/Model/UserModel.class.php 第 122 行.
SQL: UPDATE `ego_user` SET `email`='1060084430@qq.com',`nickname`='萧宇a',`tel`='15659430523',`token`='7c8747c14a7bcd942cf1fd09fedd069c' WHERE ( token = '7c8747c14a7bcd942cf1fd09fedd069c' ) [ RunTime:0.0002s ]

[ 2016-09-12T10:28:13+08:00 ] ::1 /coding/API/eGoServer/index.php/api/SystemImages/getBackgroundImage.html
INFO: [ app_init ] --START--
INFO: Run Behavior\BuildLiteBehavior [ RunTime:0.000025s ]
INFO: [ app_init ] --END-- [ RunTime:0.000806s ]
INFO: [ app_begin ] --START--
INFO: Run Behavior\ReadHtmlCacheBehavior [ RunTime:0.000799s ]
INFO: [ app_begin ] --END-- [ RunTime:0.000911s ]
ERR: 非法操作:getbackgroundimage

[ 2016-09-12T10:28:14+08:00 ] ::1 /coding/API/eGoServer/index.php/api/user/7c8747c14a7bcd942cf1fd09fedd069c/15659430523.html
INFO: [ app_init ] --START--
INFO: Run Behavior\BuildLiteBehavior [ RunTime:0.000016s ]
INFO: [ app_init ] --END-- [ RunTime:0.000389s ]
INFO: [ app_begin ] --START--
INFO: Run Behavior\ReadHtmlCacheBehavior [ RunTime:0.000501s ]
INFO: [ app_begin ] --END-- [ RunTime:0.000571s ]
SQL: SHOW COLUMNS FROM `ego_user` [ RunTime:0.0021s ]
SQL: SELECT * FROM `ego_user` WHERE ( token = '7c8747c14a7bcd942cf1fd09fedd069c' ) LIMIT 1   [ RunTime:0.0003s ]
SQL: SELECT `name`,`gender`,`tel`,`email`,`nickname`,`signature`,`avatar`,`school`,`college`,`major`,`stu_num` FROM `ego_user` WHERE ( tel = '15659430523' ) LIMIT 1   [ RunTime:0.0002s ]

[ 2016-09-12T10:28:14+08:00 ] ::1 /coding/API/eGoServer/index.php/api/bus.html
INFO: [ app_init ] --START--
INFO: Run Behavior\BuildLiteBehavior [ RunTime:0.000018s ]
INFO: [ app_init ] --END-- [ RunTime:0.000409s ]
INFO: [ app_begin ] --START--
INFO: Run Behavior\ReadHtmlCacheBehavior [ RunTime:0.000469s ]
INFO: [ app_begin ] --END-- [ RunTime:0.000534s ]
SQL: SHOW COLUMNS FROM `ego_bus` [ RunTime:0.0010s ]
SQL: SELECT * FROM `ego_bus`  [ RunTime:0.0003s ]

[ 2016-09-12T10:28:21+08:00 ] ::1 /coding/API/eGoServer/index.php/api/verify-code/15659430523.html
INFO: [ app_init ] --START--
INFO: Run Behavior\BuildLiteBehavior [ RunTime:0.000013s ]
INFO: [ app_init ] --END-- [ RunTime:0.000304s ]
INFO: [ app_begin ] --START--
INFO: Run Behavior\ReadHtmlCacheBehavior [ RunTime:0.000429s ]
INFO: [ app_begin ] --END-- [ RunTime:0.000485s ]

[ 2016-09-12T10:28:25+08:00 ] ::1 /coding/API/eGoServer/index.php/api/user.html
INFO: [ app_init ] --START--
INFO: Run Behavior\BuildLiteBehavior [ RunTime:0.000016s ]
INFO: [ app_init ] --END-- [ RunTime:0.000417s ]
INFO: [ app_begin ] --START--
INFO: Run Behavior\ReadHtmlCacheBehavior [ RunTime:0.000605s ]
INFO: [ app_begin ] --END-- [ RunTime:0.000679s ]
SQL: SHOW COLUMNS FROM `ego_user` [ RunTime:0.0019s ]
SQL: SELECT * FROM `ego_user` WHERE ( token = '7c8747c14a7bcd942cf1fd09fedd069c' ) LIMIT 1   [ RunTime:0.0003s ]
NOTIC: [8] Undefined index: password /Applications/MAMP/htdocs/coding/API/eGoServer/Application/Api/Model/UserModel.class.php 第 122 行.
SQL: UPDATE `ego_user` SET `email`='1060084430@qq.com',`nickname`='萧宇a',`tel`='15659430523',`token`='7c8747c14a7bcd942cf1fd09fedd069c' WHERE ( token = '7c8747c14a7bcd942cf1fd09fedd069c' ) [ RunTime:0.0002s ]

[ 2016-09-12T10:28:46+08:00 ] ::1 /coding/API/eGoServer/index.php/api/SystemImages/getBackgroundImage.html
INFO: [ app_init ] --START--
INFO: Run Behavior\BuildLiteBehavior [ RunTime:0.000014s ]
INFO: [ app_init ] --END-- [ RunTime:0.000337s ]
INFO: [ app_begin ] --START--
INFO: Run Behavior\ReadHtmlCacheBehavior [ RunTime:0.000423s ]
INFO: [ app_begin ] --END-- [ RunTime:0.000476s ]
ERR: 非法操作:getbackgroundimage

[ 2016-09-12T10:28:46+08:00 ] ::1 /coding/API/eGoServer/index.php/api/user/7c8747c14a7bcd942cf1fd09fedd069c/15659430523.html
INFO: [ app_init ] --START--
INFO: Run Behavior\BuildLiteBehavior [ RunTime:0.000020s ]
INFO: [ app_init ] --END-- [ RunTime:0.000457s ]
INFO: [ app_begin ] --START--
INFO: Run Behavior\ReadHtmlCacheBehavior [ RunTime:0.000646s ]
INFO: [ app_begin ] --END-- [ RunTime:0.000738s ]
SQL: SHOW COLUMNS FROM `ego_user` [ RunTime:0.0023s ]
SQL: SELECT * FROM `ego_user` WHERE ( token = '7c8747c14a7bcd942cf1fd09fedd069c' ) LIMIT 1   [ RunTime:0.0004s ]
SQL: SELECT `name`,`gender`,`tel`,`email`,`nickname`,`signature`,`avatar`,`school`,`college`,`major`,`stu_num` FROM `ego_user` WHERE ( tel = '15659430523' ) LIMIT 1   [ RunTime:0.0003s ]

[ 2016-09-12T10:28:47+08:00 ] ::1 /coding/API/eGoServer/index.php/api/bus.html
INFO: [ app_init ] --START--
INFO: Run Behavior\BuildLiteBehavior [ RunTime:0.000016s ]
INFO: [ app_init ] --END-- [ RunTime:0.000338s ]
INFO: [ app_begin ] --START--
INFO: Run Behavior\ReadHtmlCacheBehavior [ RunTime:0.000480s ]
INFO: [ app_begin ] --END-- [ RunTime:0.000545s ]
SQL: SHOW COLUMNS FROM `ego_bus` [ RunTime:0.0015s ]
SQL: SELECT * FROM `ego_bus`  [ RunTime:0.0003s ]

[ 2016-09-12T10:28:51+08:00 ] ::1 /coding/API/eGoServer/index.php/api/verify-code/15659430523.html
INFO: [ app_init ] --START--
INFO: Run Behavior\BuildLiteBehavior [ RunTime:0.000013s ]
INFO: [ app_init ] --END-- [ RunTime:0.000313s ]
INFO: [ app_begin ] --START--
INFO: Run Behavior\ReadHtmlCacheBehavior [ RunTime:0.000411s ]
INFO: [ app_begin ] --END-- [ RunTime:0.000559s ]

[ 2016-09-12T10:29:07+08:00 ] ::1 /coding/API/eGoServer/index.php/api/user.html
INFO: [ app_init ] --START--
INFO: Run Behavior\BuildLiteBehavior [ RunTime:0.000017s ]
INFO: [ app_init ] --END-- [ RunTime:0.000454s ]
INFO: [ app_begin ] --START--
INFO: Run Behavior\ReadHtmlCacheBehavior [ RunTime:0.000590s ]
INFO: [ app_begin ] --END-- [ RunTime:0.000664s ]
SQL: SHOW COLUMNS FROM `ego_user` [ RunTime:0.0019s ]
SQL: SELECT * FROM `ego_user` WHERE ( token = '7c8747c14a7bcd942cf1fd09fedd069c' ) LIMIT 1   [ RunTime:0.0002s ]
NOTIC: [8] Undefined index: password /Applications/MAMP/htdocs/coding/API/eGoServer/Application/Api/Model/UserModel.class.php 第 122 行.
SQL: UPDATE `ego_user` SET `email`='1060084430@qq.com',`nickname`='萧宇a',`tel`='15659430523',`token`='7c8747c14a7bcd942cf1fd09fedd069c' WHERE ( token = '7c8747c14a7bcd942cf1fd09fedd069c' ) [ RunTime:0.0002s ]

[ 2016-09-12T10:34:46+08:00 ] ::1 /coding/API/eGoServer/index.php/api/SystemImages/getBackgroundImage.html
INFO: [ app_init ] --START--
INFO: Run Behavior\BuildLiteBehavior [ RunTime:0.000028s ]
INFO: [ app_init ] --END-- [ RunTime:0.000760s ]
INFO: [ app_begin ] --START--
INFO: Run Behavior\ReadHtmlCacheBehavior [ RunTime:0.001033s ]
INFO: [ app_begin ] --END-- [ RunTime:0.001144s ]
ERR: 非法操作:getbackgroundimage

[ 2016-09-12T10:34:49+08:00 ] ::1 /coding/API/eGoServer/index.php/api/user/7c8747c14a7bcd942cf1fd09fedd069c/15659430523.html
INFO: [ app_init ] --START--
INFO: Run Behavior\BuildLiteBehavior [ RunTime:0.000039s ]
INFO: [ app_init ] --END-- [ RunTime:0.000407s ]
INFO: [ app_begin ] --START--
INFO: Run Behavior\ReadHtmlCacheBehavior [ RunTime:0.000448s ]
INFO: [ app_begin ] --END-- [ RunTime:0.000511s ]
SQL: SHOW COLUMNS FROM `ego_user` [ RunTime:0.0022s ]
SQL: SELECT * FROM `ego_user` WHERE ( token = '7c8747c14a7bcd942cf1fd09fedd069c' ) LIMIT 1   [ RunTime:0.0003s ]
SQL: SELECT `name`,`gender`,`tel`,`email`,`nickname`,`signature`,`avatar`,`school`,`college`,`major`,`stu_num` FROM `ego_user` WHERE ( tel = '15659430523' ) LIMIT 1   [ RunTime:0.0002s ]

[ 2016-09-12T10:34:50+08:00 ] ::1 /coding/API/eGoServer/index.php/api/bus.html
INFO: [ app_init ] --START--
INFO: Run Behavior\BuildLiteBehavior [ RunTime:0.000022s ]
INFO: [ app_init ] --END-- [ RunTime:0.000462s ]
INFO: [ app_begin ] --START--
INFO: Run Behavior\ReadHtmlCacheBehavior [ RunTime:0.000575s ]
INFO: [ app_begin ] --END-- [ RunTime:0.000649s ]
SQL: SHOW COLUMNS FROM `ego_bus` [ RunTime:0.0012s ]
SQL: SELECT * FROM `ego_bus`  [ RunTime:0.0002s ]

[ 2016-09-12T10:34:55+08:00 ] ::1 /coding/API/eGoServer/index.php/api/verify-code/15659430523.html
INFO: [ app_init ] --START--
INFO: Run Behavior\BuildLiteBehavior [ RunTime:0.000013s ]
INFO: [ app_init ] --END-- [ RunTime:0.000314s ]
INFO: [ app_begin ] --START--
INFO: Run Behavior\ReadHtmlCacheBehavior [ RunTime:0.000627s ]
INFO: [ app_begin ] --END-- [ RunTime:0.000721s ]

[ 2016-09-12T10:36:38+08:00 ] ::1 /coding/API/eGoServer/index.php/api/SystemImages/getBackgroundImage.html
INFO: [ app_init ] --START--
INFO: Run Behavior\BuildLiteBehavior [ RunTime:0.000014s ]
INFO: [ app_init ] --END-- [ RunTime:0.000320s ]
INFO: [ app_begin ] --START--
INFO: Run Behavior\ReadHtmlCacheBehavior [ RunTime:0.000413s ]
INFO: [ app_begin ] --END-- [ RunTime:0.000465s ]
ERR: 非法操作:getbackgroundimage

[ 2016-09-12T10:36:38+08:00 ] ::1 /coding/API/eGoServer/index.php/api/user/7c8747c14a7bcd942cf1fd09fedd069c/15659430523.html
INFO: [ app_init ] --START--
INFO: Run Behavior\BuildLiteBehavior [ RunTime:0.000023s ]
INFO: [ app_init ] --END-- [ RunTime:0.000510s ]
INFO: [ app_begin ] --START--
INFO: Run Behavior\ReadHtmlCacheBehavior [ RunTime:0.000667s ]
INFO: [ app_begin ] --END-- [ RunTime:0.000761s ]
SQL: SHOW COLUMNS FROM `ego_user` [ RunTime:0.0017s ]
SQL: SELECT * FROM `ego_user` WHERE ( token = '7c8747c14a7bcd942cf1fd09fedd069c' ) LIMIT 1   [ RunTime:0.0003s ]
SQL: SELECT `name`,`gender`,`tel`,`email`,`nickname`,`signature`,`avatar`,`school`,`college`,`major`,`stu_num` FROM `ego_user` WHERE ( tel = '15659430523' ) LIMIT 1   [ RunTime:0.0002s ]

[ 2016-09-12T10:36:39+08:00 ] ::1 /coding/API/eGoServer/index.php/api/bus.html
INFO: [ app_init ] --START--
INFO: Run Behavior\BuildLiteBehavior [ RunTime:0.000015s ]
INFO: [ app_init ] --END-- [ RunTime:0.000335s ]
INFO: [ app_begin ] --START--
INFO: Run Behavior\ReadHtmlCacheBehavior [ RunTime:0.000459s ]
INFO: [ app_begin ] --END-- [ RunTime:0.000523s ]
SQL: SHOW COLUMNS FROM `ego_bus` [ RunTime:0.0013s ]
SQL: SELECT * FROM `ego_bus`  [ RunTime:0.0002s ]

[ 2016-09-12T10:36:49+08:00 ] ::1 /coding/API/eGoServer/index.php/api/verify-code/15659430523.html
INFO: [ app_init ] --START--
INFO: Run Behavior\BuildLiteBehavior [ RunTime:0.000014s ]
INFO: [ app_init ] --END-- [ RunTime:0.000324s ]
INFO: [ app_begin ] --START--
INFO: Run Behavior\ReadHtmlCacheBehavior [ RunTime:0.002395s ]
INFO: [ app_begin ] --END-- [ RunTime:0.002571s ]

[ 2016-09-12T10:37:47+08:00 ] ::1 /coding/API/eGoServer/index.php/api/SystemImages/getBackgroundImage.html
INFO: [ app_init ] --START--
INFO: Run Behavior\BuildLiteBehavior [ RunTime:0.000017s ]
INFO: [ app_init ] --END-- [ RunTime:0.000397s ]
INFO: [ app_begin ] --START--
INFO: Run Behavior\ReadHtmlCacheBehavior [ RunTime:0.000484s ]
INFO: [ app_begin ] --END-- [ RunTime:0.000552s ]
ERR: 非法操作:getbackgroundimage

[ 2016-09-12T10:37:50+08:00 ] ::1 /coding/API/eGoServer/index.php/api/user/7c8747c14a7bcd942cf1fd09fedd069c/15659430523.html
INFO: [ app_init ] --START--
INFO: Run Behavior\BuildLiteBehavior [ RunTime:0.000020s ]
INFO: [ app_init ] --END-- [ RunTime:0.000395s ]
INFO: [ app_begin ] --START--
INFO: Run Behavior\ReadHtmlCacheBehavior [ RunTime:0.000450s ]
INFO: [ app_begin ] --END-- [ RunTime:0.000513s ]
SQL: SHOW COLUMNS FROM `ego_user` [ RunTime:0.0021s ]
SQL: SELECT * FROM `ego_user` WHERE ( token = '7c8747c14a7bcd942cf1fd09fedd069c' ) LIMIT 1   [ RunTime:0.0004s ]
SQL: SELECT `name`,`gender`,`tel`,`email`,`nickname`,`signature`,`avatar`,`school`,`college`,`major`,`stu_num` FROM `ego_user` WHERE ( tel = '15659430523' ) LIMIT 1   [ RunTime:0.0002s ]

[ 2016-09-12T10:37:50+08:00 ] ::1 /coding/API/eGoServer/index.php/api/bus.html
INFO: [ app_init ] --START--
INFO: Run Behavior\BuildLiteBehavior [ RunTime:0.000015s ]
INFO: [ app_init ] --END-- [ RunTime:0.000345s ]
INFO: [ app_begin ] --START--
INFO: Run Behavior\ReadHtmlCacheBehavior [ RunTime:0.000521s ]
INFO: [ app_begin ] --END-- [ RunTime:0.000585s ]
SQL: SHOW COLUMNS FROM `ego_bus` [ RunTime:0.0010s ]
SQL: SELECT * FROM `ego_bus`  [ RunTime:0.0002s ]

[ 2016-09-12T10:37:57+08:00 ] ::1 /coding/API/eGoServer/index.php/api/verify-code/15659430523.html
INFO: [ app_init ] --START--
INFO: Run Behavior\BuildLiteBehavior [ RunTime:0.000014s ]
INFO: [ app_init ] --END-- [ RunTime:0.000315s ]
INFO: [ app_begin ] --START--
INFO: Run Behavior\ReadHtmlCacheBehavior [ RunTime:0.000417s ]
INFO: [ app_begin ] --END-- [ RunTime:0.000471s ]

[ 2016-09-12T10:38:40+08:00 ] ::1 /coding/API/eGoServer/index.php/api/SystemImages/getBackgroundImage.html
INFO: [ app_init ] --START--
INFO: Run Behavior\BuildLiteBehavior [ RunTime:0.000015s ]
INFO: [ app_init ] --END-- [ RunTime:0.000361s ]
INFO: [ app_begin ] --START--
INFO: Run Behavior\ReadHtmlCacheBehavior [ RunTime:0.000425s ]
INFO: [ app_begin ] --END-- [ RunTime:0.000479s ]
ERR: 非法操作:getbackgroundimage

[ 2016-09-12T10:38:44+08:00 ] ::1 /coding/API/eGoServer/index.php/api/user/7c8747c14a7bcd942cf1fd09fedd069c/15659430523.html
INFO: [ app_init ] --START--
INFO: Run Behavior\BuildLiteBehavior [ RunTime:0.000014s ]
INFO: [ app_init ] --END-- [ RunTime:0.000344s ]
INFO: [ app_begin ] --START--
INFO: Run Behavior\ReadHtmlCacheBehavior [ RunTime:0.000473s ]
INFO: [ app_begin ] --END-- [ RunTime:0.000536s ]
SQL: SHOW COLUMNS FROM `ego_user` [ RunTime:0.0019s ]
SQL: SELECT * FROM `ego_user` WHERE ( token = '7c8747c14a7bcd942cf1fd09fedd069c' ) LIMIT 1   [ RunTime:0.0003s ]
SQL: SELECT `name`,`gender`,`tel`,`email`,`nickname`,`signature`,`avatar`,`school`,`college`,`major`,`stu_num` FROM `ego_user` WHERE ( tel = '15659430523' ) LIMIT 1   [ RunTime:0.0003s ]

[ 2016-09-12T10:38:45+08:00 ] ::1 /coding/API/eGoServer/index.php/api/bus.html
INFO: [ app_init ] --START--
INFO: Run Behavior\BuildLiteBehavior [ RunTime:0.000015s ]
INFO: [ app_init ] --END-- [ RunTime:0.000338s ]
INFO: [ app_begin ] --START--
INFO: Run Behavior\ReadHtmlCacheBehavior [ RunTime:0.001365s ]
INFO: [ app_begin ] --END-- [ RunTime:0.001469s ]
SQL: SHOW COLUMNS FROM `ego_bus` [ RunTime:0.0011s ]
SQL: SELECT * FROM `ego_bus`  [ RunTime:0.0003s ]

[ 2016-09-12T10:38:50+08:00 ] ::1 /coding/API/eGoServer/index.php/api/bus.html
INFO: [ app_init ] --START--
INFO: Run Behavior\BuildLiteBehavior [ RunTime:0.000014s ]
INFO: [ app_init ] --END-- [ RunTime:0.000346s ]
INFO: [ app_begin ] --START--
INFO: Run Behavior\ReadHtmlCacheBehavior [ RunTime:0.000557s ]
INFO: [ app_begin ] --END-- [ RunTime:0.000650s ]
SQL: SHOW COLUMNS FROM `ego_bus` [ RunTime:0.0024s ]
SQL: SELECT * FROM `ego_bus`  [ RunTime:0.0002s ]

[ 2016-09-12T10:38:55+08:00 ] ::1 /coding/API/eGoServer/index.php/api/bus.html
INFO: [ app_init ] --START--
INFO: Run Behavior\BuildLiteBehavior [ RunTime:0.000019s ]
INFO: [ app_init ] --END-- [ RunTime:0.000447s ]
INFO: [ app_begin ] --START--
INFO: Run Behavior\ReadHtmlCacheBehavior [ RunTime:0.000735s ]
INFO: [ app_begin ] --END-- [ RunTime:0.000821s ]
SQL: SHOW COLUMNS FROM `ego_bus` [ RunTime:0.0024s ]
SQL: SELECT * FROM `ego_bus`  [ RunTime:0.0004s ]

[ 2016-09-12T10:39:01+08:00 ] ::1 /coding/API/eGoServer/index.php/api/verify-code/15659430523.html
INFO: [ app_init ] --START--
INFO: Run Behavior\BuildLiteBehavior [ RunTime:0.000014s ]
INFO: [ app_init ] --END-- [ RunTime:0.000312s ]
INFO: [ app_begin ] --START--
INFO: Run Behavior\ReadHtmlCacheBehavior [ RunTime:0.000575s ]
INFO: [ app_begin ] --END-- [ RunTime:0.000647s ]

[ 2016-09-12T10:39:51+08:00 ] ::1 /coding/API/eGoServer/index.php/api/SystemImages/getBackgroundImage.html
INFO: [ app_init ] --START--
INFO: Run Behavior\BuildLiteBehavior [ RunTime:0.000015s ]
INFO: [ app_init ] --END-- [ RunTime:0.000326s ]
INFO: [ app_begin ] --START--
INFO: Run Behavior\ReadHtmlCacheBehavior [ RunTime:0.000691s ]
INFO: [ app_begin ] --END-- [ RunTime:0.000768s ]
ERR: 非法操作:getbackgroundimage

[ 2016-09-12T10:39:52+08:00 ] ::1 /coding/API/eGoServer/index.php/api/user/7c8747c14a7bcd942cf1fd09fedd069c/15659430523.html
INFO: [ app_init ] --START--
INFO: Run Behavior\BuildLiteBehavior [ RunTime:0.000017s ]
INFO: [ app_init ] --END-- [ RunTime:0.000351s ]
INFO: [ app_begin ] --START--
INFO: Run Behavior\ReadHtmlCacheBehavior [ RunTime:0.000465s ]
INFO: [ app_begin ] --END-- [ RunTime:0.000525s ]
SQL: SHOW COLUMNS FROM `ego_user` [ RunTime:0.0012s ]
SQL: SELECT * FROM `ego_user` WHERE ( token = '7c8747c14a7bcd942cf1fd09fedd069c' ) LIMIT 1   [ RunTime:0.0003s ]
SQL: SELECT `name`,`gender`,`tel`,`email`,`nickname`,`signature`,`avatar`,`school`,`college`,`major`,`stu_num` FROM `ego_user` WHERE ( tel = '15659430523' ) LIMIT 1   [ RunTime:0.0003s ]

[ 2016-09-12T10:39:52+08:00 ] ::1 /coding/API/eGoServer/index.php/api/bus.html
INFO: [ app_init ] --START--
INFO: Run Behavior\BuildLiteBehavior [ RunTime:0.000014s ]
INFO: [ app_init ] --END-- [ RunTime:0.000336s ]
INFO: [ app_begin ] --START--
INFO: Run Behavior\ReadHtmlCacheBehavior [ RunTime:0.000703s ]
INFO: [ app_begin ] --END-- [ RunTime:0.000792s ]
SQL: SHOW COLUMNS FROM `ego_bus` [ RunTime:0.0010s ]
SQL: SELECT * FROM `ego_bus`  [ RunTime:0.0003s ]

[ 2016-09-12T10:39:56+08:00 ] ::1 /coding/API/eGoServer/index.php/api/verify-code/15659430523.html
INFO: [ app_init ] --START--
INFO: Run Behavior\BuildLiteBehavior [ RunTime:0.000015s ]
INFO: [ app_init ] --END-- [ RunTime:0.000332s ]
INFO: [ app_begin ] --START--
INFO: Run Behavior\ReadHtmlCacheBehavior [ RunTime:0.000476s ]
INFO: [ app_begin ] --END-- [ RunTime:0.000537s ]

[ 2016-09-12T10:40:11+08:00 ] ::1 /coding/API/eGoServer/index.php/api/user.html
INFO: [ app_init ] --START--
INFO: Run Behavior\BuildLiteBehavior [ RunTime:0.000020s ]
INFO: [ app_init ] --END-- [ RunTime:0.000463s ]
INFO: [ app_begin ] --START--
INFO: Run Behavior\ReadHtmlCacheBehavior [ RunTime:0.000605s ]
INFO: [ app_begin ] --END-- [ RunTime:0.000692s ]
SQL: SHOW COLUMNS FROM `ego_user` [ RunTime:0.0021s ]
SQL: SELECT * FROM `ego_user` WHERE ( token = '7c8747c14a7bcd942cf1fd09fedd069c' ) LIMIT 1   [ RunTime:0.0003s ]
NOTIC: [8] Undefined index: password /Applications/MAMP/htdocs/coding/API/eGoServer/Application/Api/Model/UserModel.class.php 第 122 行.
SQL: UPDATE `ego_user` SET `email`='1060084430@qq.com',`nickname`='萧宇a',`tel`='15659430528',`token`='7c8747c14a7bcd942cf1fd09fedd069c' WHERE ( token = '7c8747c14a7bcd942cf1fd09fedd069c' ) [ RunTime:0.0007s ]

[ 2016-09-12T10:40:25+08:00 ] ::1 /coding/API/eGoServer/index.php/api/verify-code/15659430528.html
INFO: [ app_init ] --START--
INFO: Run Behavior\BuildLiteBehavior [ RunTime:0.000013s ]
INFO: [ app_init ] --END-- [ RunTime:0.000309s ]
INFO: [ app_begin ] --START--
INFO: Run Behavior\ReadHtmlCacheBehavior [ RunTime:0.000421s ]
INFO: [ app_begin ] --END-- [ RunTime:0.000475s ]

[ 2016-09-12T10:40:50+08:00 ] ::1 /coding/API/eGoServer/index.php/api/verify-code/15659430528.html
INFO: [ app_init ] --START--
INFO: Run Behavior\BuildLiteBehavior [ RunTime:0.000015s ]
INFO: [ app_init ] --END-- [ RunTime:0.000350s ]
INFO: [ app_begin ] --START--
INFO: Run Behavior\ReadHtmlCacheBehavior [ RunTime:0.000465s ]
INFO: [ app_begin ] --END-- [ RunTime:0.000523s ]

[ 2016-09-12T10:41:01+08:00 ] ::1 /coding/API/eGoServer/index.php/api/user.html
INFO: [ app_init ] --START--
INFO: Run Behavior\BuildLiteBehavior [ RunTime:0.000015s ]
INFO: [ app_init ] --END-- [ RunTime:0.000346s ]
INFO: [ app_begin ] --START--
INFO: Run Behavior\ReadHtmlCacheBehavior [ RunTime:0.000609s ]
INFO: [ app_begin ] --END-- [ RunTime:0.000684s ]
SQL: SHOW COLUMNS FROM `ego_user` [ RunTime:0.0019s ]
SQL: SELECT * FROM `ego_user` WHERE ( token = '7c8747c14a7bcd942cf1fd09fedd069c' ) LIMIT 1   [ RunTime:0.0002s ]
NOTIC: [8] Undefined index: password /Applications/MAMP/htdocs/coding/API/eGoServer/Application/Api/Model/UserModel.class.php 第 122 行.
SQL: UPDATE `ego_user` SET `email`='1060084430@qq.com',`nickname`='萧宇a',`tel`='15659430523',`token`='7c8747c14a7bcd942cf1fd09fedd069c' WHERE ( token = '7c8747c14a7bcd942cf1fd09fedd069c' ) [ RunTime:0.0002s ]

[ 2016-09-12T10:41:10+08:00 ] ::1 /coding/API/eGoServer/index.php/api/verify-code/1060084430@qq.com/email.html
INFO: [ app_init ] --START--
INFO: Run Behavior\BuildLiteBehavior [ RunTime:0.000014s ]
INFO: [ app_init ] --END-- [ RunTime:0.000313s ]
INFO: [ app_begin ] --START--
INFO: Run Behavior\ReadHtmlCacheBehavior [ RunTime:0.000413s ]
INFO: [ app_begin ] --END-- [ RunTime:0.000469s ]

[ 2016-09-12T10:41:21+08:00 ] ::1 /coding/API/eGoServer/index.php/api/user.html
INFO: [ app_init ] --START--
INFO: Run Behavior\BuildLiteBehavior [ RunTime:0.000026s ]
INFO: [ app_init ] --END-- [ RunTime:0.000449s ]
INFO: [ app_begin ] --START--
INFO: Run Behavior\ReadHtmlCacheBehavior [ RunTime:0.000610s ]
INFO: [ app_begin ] --END-- [ RunTime:0.000683s ]
SQL: SHOW COLUMNS FROM `ego_user` [ RunTime:0.0011s ]
SQL: SELECT * FROM `ego_user` WHERE ( token = '7c8747c14a7bcd942cf1fd09fedd069c' ) LIMIT 1   [ RunTime:0.0002s ]
NOTIC: [8] Undefined index: password /Applications/MAMP/htdocs/coding/API/eGoServer/Application/Api/Model/UserModel.class.php 第 122 行.
SQL: UPDATE `ego_user` SET `email`='1060084430@qq.cn',`nickname`='萧宇a',`tel`='15659430523',`token`='7c8747c14a7bcd942cf1fd09fedd069c' WHERE ( token = '7c8747c14a7bcd942cf1fd09fedd069c' ) [ RunTime:0.0002s ]

[ 2016-09-12T10:41:50+08:00 ] ::1 /coding/API/eGoServer/index.php/api/verify-code/1060084430@qq.cn/email.html
INFO: [ app_init ] --START--
INFO: Run Behavior\BuildLiteBehavior [ RunTime:0.000013s ]
INFO: [ app_init ] --END-- [ RunTime:0.000308s ]
INFO: [ app_begin ] --START--
INFO: Run Behavior\ReadHtmlCacheBehavior [ RunTime:0.000411s ]
INFO: [ app_begin ] --END-- [ RunTime:0.000462s ]

[ 2016-09-12T10:41:55+08:00 ] ::1 /coding/API/eGoServer/index.php/api/user.html
INFO: [ app_init ] --START--
INFO: Run Behavior\BuildLiteBehavior [ RunTime:0.000032s ]
INFO: [ app_init ] --END-- [ RunTime:0.000348s ]
INFO: [ app_begin ] --START--
INFO: Run Behavior\ReadHtmlCacheBehavior [ RunTime:0.000614s ]
INFO: [ app_begin ] --END-- [ RunTime:0.000699s ]
SQL: SHOW COLUMNS FROM `ego_user` [ RunTime:0.0021s ]
SQL: SELECT * FROM `ego_user` WHERE ( token = '7c8747c14a7bcd942cf1fd09fedd069c' ) LIMIT 1   [ RunTime:0.0003s ]
NOTIC: [8] Undefined index: password /Applications/MAMP/htdocs/coding/API/eGoServer/Application/Api/Model/UserModel.class.php 第 122 行.
SQL: UPDATE `ego_user` SET `email`='1060084430@qq.com',`nickname`='萧宇a',`tel`='15659430523',`token`='7c8747c14a7bcd942cf1fd09fedd069c' WHERE ( token = '7c8747c14a7bcd942cf1fd09fedd069c' ) [ RunTime:0.0002s ]

[ 2016-09-12T11:02:43+08:00 ] 127.0.0.1 /coding/API/eGoServer/api/user.html
INFO: [ app_init ] --START--
INFO: Run Behavior\BuildLiteBehavior [ RunTime:0.000022s ]
INFO: [ app_init ] --END-- [ RunTime:0.000678s ]
INFO: [ app_begin ] --START--
INFO: Run Behavior\ReadHtmlCacheBehavior [ RunTime:0.000893s ]
INFO: [ app_begin ] --END-- [ RunTime:0.000992s ]
SQL: SHOW COLUMNS FROM `ego_user` [ RunTime:0.0011s ]
SQL: SELECT * FROM `ego_user` WHERE ( token = '7c8747c14a7bcd942cf1fd09fedd069c' ) LIMIT 1   [ RunTime:0.0003s ]
SQL: SELECT `salt` FROM `ego_user` WHERE ( token = '7c8747c14a7bcd942cf1fd09fedd069c' ) LIMIT 1   [ RunTime:0.0002s ]
SQL: SELECT `hash` FROM `ego_user` WHERE ( token = '7c8747c14a7bcd942cf1fd09fedd069c' ) LIMIT 1   [ RunTime:0.0003s ]

[ 2016-09-12T11:03:09+08:00 ] 127.0.0.1 /coding/API/eGoServer/api/user.html
INFO: [ app_init ] --START--
INFO: Run Behavior\BuildLiteBehavior [ RunTime:0.000048s ]
INFO: [ app_init ] --END-- [ RunTime:0.001092s ]
INFO: [ app_begin ] --START--
INFO: Run Behavior\ReadHtmlCacheBehavior [ RunTime:0.000650s ]
INFO: [ app_begin ] --END-- [ RunTime:0.000719s ]
SQL: SHOW COLUMNS FROM `ego_user` [ RunTime:0.0021s ]
SQL: SELECT * FROM `ego_user` WHERE ( token = '7c8747c14a7bcd942cf1fd09fedd069c' ) LIMIT 1   [ RunTime:0.0003s ]
SQL: SELECT `salt` FROM `ego_user` WHERE ( token = '7c8747c14a7bcd942cf1fd09fedd069c' ) LIMIT 1   [ RunTime:0.0001s ]
SQL: SELECT `hash` FROM `ego_user` WHERE ( token = '7c8747c14a7bcd942cf1fd09fedd069c' ) LIMIT 1   [ RunTime:0.0001s ]

[ 2016-09-12T11:03:14+08:00 ] 127.0.0.1 /coding/API/eGoServer/api/user.html
INFO: [ app_init ] --START--
INFO: Run Behavior\BuildLiteBehavior [ RunTime:0.000020s ]
INFO: [ app_init ] --END-- [ RunTime:0.000458s ]
INFO: [ app_begin ] --START--
INFO: Run Behavior\ReadHtmlCacheBehavior [ RunTime:0.000673s ]
INFO: [ app_begin ] --END-- [ RunTime:0.000754s ]
SQL: SHOW COLUMNS FROM `ego_user` [ RunTime:0.0023s ]
SQL: SELECT * FROM `ego_user` WHERE ( token = '7c8747c14a7bcd942cf1fd09fedd069c' ) LIMIT 1   [ RunTime:0.0003s ]
SQL: SELECT `salt` FROM `ego_user` WHERE ( token = '7c8747c14a7bcd942cf1fd09fedd069c' ) LIMIT 1   [ RunTime:0.0001s ]
SQL: SELECT `hash` FROM `ego_user` WHERE ( token = '7c8747c14a7bcd942cf1fd09fedd069c' ) LIMIT 1   [ RunTime:0.0001s ]
NOTIC: [8] Undefined index: password /Applications/MAMP/htdocs/coding/API/eGoServer/Application/Api/Model/UserModel.class.php 第 122 行.
SQL: UPDATE `ego_user` SET `token`='7c8747c14a7bcd942cf1fd09fedd069c',`hash`='e1c3fa7e0d71715abc0f1ad717fccc32' WHERE ( token = '7c8747c14a7bcd942cf1fd09fedd069c' ) [ RunTime:0.0002s ]

[ 2016-09-12T11:03:40+08:00 ] 127.0.0.1 /coding/API/eGoServer/api/login.html
INFO: [ app_init ] --START--
INFO: Run Behavior\BuildLiteBehavior [ RunTime:0.000026s ]
INFO: [ app_init ] --END-- [ RunTime:0.000617s ]
INFO: [ app_begin ] --START--
INFO: Run Behavior\ReadHtmlCacheBehavior [ RunTime:0.000532s ]
INFO: [ app_begin ] --END-- [ RunTime:0.000591s ]
SQL: SHOW COLUMNS FROM `ego_user` [ RunTime:0.0020s ]
SQL: SELECT `salt` FROM `ego_user` WHERE ( tel = '15659430523' ) LIMIT 1   [ RunTime:0.0002s ]
SQL: SELECT `hash` FROM `ego_user` WHERE ( tel = '15659430523' ) LIMIT 1   [ RunTime:0.0001s ]

[ 2016-09-12T11:03:44+08:00 ] 127.0.0.1 /coding/API/eGoServer/api/login.html
INFO: [ app_init ] --START--
INFO: Run Behavior\BuildLiteBehavior [ RunTime:0.000035s ]
INFO: [ app_init ] --END-- [ RunTime:0.000454s ]
INFO: [ app_begin ] --START--
INFO: Run Behavior\ReadHtmlCacheBehavior [ RunTime:0.000432s ]
INFO: [ app_begin ] --END-- [ RunTime:0.000486s ]
SQL: SHOW COLUMNS FROM `ego_user` [ RunTime:0.0021s ]
SQL: SELECT `salt` FROM `ego_user` WHERE ( tel = '15659430523' ) LIMIT 1   [ RunTime:0.0002s ]
SQL: SELECT `hash` FROM `ego_user` WHERE ( tel = '15659430523' ) LIMIT 1   [ RunTime:0.0001s ]
SQL: UPDATE `ego_user` SET `token`='c41aa49f7baad4a15438a7a207380687' WHERE ( tel = '15659430523' ) [ RunTime:0.0002s ]

[ 2016-09-12T11:04:32+08:00 ] ::1 /coding/API/eGoServer/index.php/api/login.html
INFO: [ app_init ] --START--
INFO: Run Behavior\BuildLiteBehavior [ RunTime:0.000017s ]
INFO: [ app_init ] --END-- [ RunTime:0.000523s ]
INFO: [ app_begin ] --START--
INFO: Run Behavior\ReadHtmlCacheBehavior [ RunTime:0.000670s ]
INFO: [ app_begin ] --END-- [ RunTime:0.000739s ]
SQL: SHOW COLUMNS FROM `ego_user` [ RunTime:0.0010s ]
SQL: SELECT `salt` FROM `ego_user` WHERE ( tel = '15659430523' ) LIMIT 1   [ RunTime:0.0002s ]
SQL: SELECT `hash` FROM `ego_user` WHERE ( tel = '15659430523' ) LIMIT 1   [ RunTime:0.0001s ]
SQL: UPDATE `ego_user` SET `token`='f9233ac30c7bd35156d4890a0d5142f2' WHERE ( tel = '15659430523' ) [ RunTime:0.0002s ]

[ 2016-09-12T11:04:32+08:00 ] ::1 /coding/API/eGoServer/index.php/api/user/f9233ac30c7bd35156d4890a0d5142f2/15659430523.html
INFO: [ app_init ] --START--
INFO: Run Behavior\BuildLiteBehavior [ RunTime:0.000016s ]
INFO: [ app_init ] --END-- [ RunTime:0.000366s ]
INFO: [ app_begin ] --START--
INFO: Run Behavior\ReadHtmlCacheBehavior [ RunTime:0.000614s ]
INFO: [ app_begin ] --END-- [ RunTime:0.000709s ]
SQL: SHOW COLUMNS FROM `ego_user` [ RunTime:0.0017s ]
SQL: SELECT * FROM `ego_user` WHERE ( token = 'f9233ac30c7bd35156d4890a0d5142f2' ) LIMIT 1   [ RunTime:0.0006s ]
SQL: SELECT `name`,`gender`,`tel`,`email`,`nickname`,`signature`,`avatar`,`school`,`college`,`major`,`stu_num` FROM `ego_user` WHERE ( tel = '15659430523' ) LIMIT 1   [ RunTime:0.0004s ]

[ 2016-09-12T11:04:32+08:00 ] ::1 /coding/API/eGoServer/index.php/api/bus.html
INFO: [ app_init ] --START--
INFO: Run Behavior\BuildLiteBehavior [ RunTime:0.000032s ]
INFO: [ app_init ] --END-- [ RunTime:0.000549s ]
INFO: [ app_begin ] --START--
INFO: Run Behavior\ReadHtmlCacheBehavior [ RunTime:0.000593s ]
INFO: [ app_begin ] --END-- [ RunTime:0.000687s ]
SQL: SHOW COLUMNS FROM `ego_bus` [ RunTime:0.0012s ]
SQL: SELECT * FROM `ego_bus`  [ RunTime:0.0003s ]

[ 2016-09-12T11:04:32+08:00 ] ::1 /coding/API/eGoServer/index.php/api/user/f9233ac30c7bd35156d4890a0d5142f2/15659430523.html
INFO: [ app_init ] --START--
INFO: Run Behavior\BuildLiteBehavior [ RunTime:0.000031s ]
INFO: [ app_init ] --END-- [ RunTime:0.000524s ]
INFO: [ app_begin ] --START--
INFO: Run Behavior\ReadHtmlCacheBehavior [ RunTime:0.000790s ]
INFO: [ app_begin ] --END-- [ RunTime:0.000886s ]
SQL: SHOW COLUMNS FROM `ego_user` [ RunTime:0.0053s ]
SQL: SELECT * FROM `ego_user` WHERE ( token = 'f9233ac30c7bd35156d4890a0d5142f2' ) LIMIT 1   [ RunTime:0.0004s ]
SQL: SELECT `name`,`gender`,`tel`,`email`,`nickname`,`signature`,`avatar`,`school`,`college`,`major`,`stu_num` FROM `ego_user` WHERE ( tel = '15659430523' ) LIMIT 1   [ RunTime:0.0003s ]

[ 2016-09-12T11:11:42+08:00 ] ::1 /coding/API/eGoServer/index.php/api/SystemImages/getBackgroundImage.html
INFO: [ app_init ] --START--
INFO: Run Behavior\BuildLiteBehavior [ RunTime:0.000024s ]
INFO: [ app_init ] --END-- [ RunTime:0.001438s ]
INFO: [ app_begin ] --START--
INFO: Run Behavior\ReadHtmlCacheBehavior [ RunTime:0.001205s ]
INFO: [ app_begin ] --END-- [ RunTime:0.001282s ]
ERR: 非法操作:getbackgroundimage

[ 2016-09-12T11:11:46+08:00 ] ::1 /coding/API/eGoServer/index.php/api/user/f9233ac30c7bd35156d4890a0d5142f2/15659430523.html
INFO: [ app_init ] --START--
INFO: Run Behavior\BuildLiteBehavior [ RunTime:0.000016s ]
INFO: [ app_init ] --END-- [ RunTime:0.000348s ]
INFO: [ app_begin ] --START--
INFO: Run Behavior\ReadHtmlCacheBehavior [ RunTime:0.000532s ]
INFO: [ app_begin ] --END-- [ RunTime:0.000599s ]
SQL: SHOW COLUMNS FROM `ego_user` [ RunTime:0.0024s ]
SQL: SELECT * FROM `ego_user` WHERE ( token = 'f9233ac30c7bd35156d4890a0d5142f2' ) LIMIT 1   [ RunTime:0.0002s ]
SQL: SELECT `name`,`gender`,`tel`,`email`,`nickname`,`signature`,`avatar`,`school`,`college`,`major`,`stu_num` FROM `ego_user` WHERE ( tel = '15659430523' ) LIMIT 1   [ RunTime:0.0002s ]

[ 2016-09-12T11:11:46+08:00 ] ::1 /coding/API/eGoServer/index.php/api/bus.html
INFO: [ app_init ] --START--
INFO: Run Behavior\BuildLiteBehavior [ RunTime:0.000017s ]
INFO: [ app_init ] --END-- [ RunTime:0.000381s ]
INFO: [ app_begin ] --START--
INFO: Run Behavior\ReadHtmlCacheBehavior [ RunTime:0.000469s ]
INFO: [ app_begin ] --END-- [ RunTime:0.000532s ]
SQL: SHOW COLUMNS FROM `ego_bus` [ RunTime:0.0009s ]
SQL: SELECT * FROM `ego_bus`  [ RunTime:0.0004s ]

[ 2016-09-12T11:11:51+08:00 ] ::1 /coding/API/eGoServer/index.php/api/bus.html
INFO: [ app_init ] --START--
INFO: Run Behavior\BuildLiteBehavior [ RunTime:0.000081s ]
INFO: [ app_init ] --END-- [ RunTime:0.000957s ]
INFO: [ app_begin ] --START--
INFO: Run Behavior\ReadHtmlCacheBehavior [ RunTime:0.000636s ]
INFO: [ app_begin ] --END-- [ RunTime:0.000794s ]
SQL: SHOW COLUMNS FROM `ego_bus` [ RunTime:0.0009s ]
SQL: SELECT * FROM `ego_bus`  [ RunTime:0.0002s ]

[ 2016-09-12T11:11:56+08:00 ] ::1 /coding/API/eGoServer/index.php/api/bus.html
INFO: [ app_init ] --START--
INFO: Run Behavior\BuildLiteBehavior [ RunTime:0.000021s ]
INFO: [ app_init ] --END-- [ RunTime:0.000481s ]
INFO: [ app_begin ] --START--
INFO: Run Behavior\ReadHtmlCacheBehavior [ RunTime:0.000632s ]
INFO: [ app_begin ] --END-- [ RunTime:0.000714s ]
SQL: SHOW COLUMNS FROM `ego_bus` [ RunTime:0.0017s ]
SQL: SELECT * FROM `ego_bus`  [ RunTime:0.0002s ]

[ 2016-09-12T11:12:01+08:00 ] ::1 /coding/API/eGoServer/index.php/api/bus.html
INFO: [ app_init ] --START--
INFO: Run Behavior\BuildLiteBehavior [ RunTime:0.000014s ]
INFO: [ app_init ] --END-- [ RunTime:0.000320s ]
INFO: [ app_begin ] --START--
INFO: Run Behavior\ReadHtmlCacheBehavior [ RunTime:0.000596s ]
INFO: [ app_begin ] --END-- [ RunTime:0.000668s ]
SQL: SHOW COLUMNS FROM `ego_bus` [ RunTime:0.0008s ]
SQL: SELECT * FROM `ego_bus`  [ RunTime:0.0002s ]

[ 2016-09-12T11:12:06+08:00 ] ::1 /coding/API/eGoServer/index.php/api/bus.html
INFO: [ app_init ] --START--
INFO: Run Behavior\BuildLiteBehavior [ RunTime:0.000013s ]
INFO: [ app_init ] --END-- [ RunTime:0.000329s ]
INFO: [ app_begin ] --START--
INFO: Run Behavior\ReadHtmlCacheBehavior [ RunTime:0.000460s ]
INFO: [ app_begin ] --END-- [ RunTime:0.000520s ]
SQL: SHOW COLUMNS FROM `ego_bus` [ RunTime:0.0018s ]
SQL: SELECT * FROM `ego_bus`  [ RunTime:0.0002s ]

[ 2016-09-12T11:12:11+08:00 ] ::1 /coding/API/eGoServer/index.php/api/bus.html
INFO: [ app_init ] --START--
INFO: Run Behavior\BuildLiteBehavior [ RunTime:0.000118s ]
INFO: [ app_init ] --END-- [ RunTime:0.001031s ]
INFO: [ app_begin ] --START--
INFO: Run Behavior\ReadHtmlCacheBehavior [ RunTime:0.000446s ]
INFO: [ app_begin ] --END-- [ RunTime:0.000501s ]
SQL: SHOW COLUMNS FROM `ego_bus` [ RunTime:0.0019s ]
SQL: SELECT * FROM `ego_bus`  [ RunTime:0.0005s ]

[ 2016-09-12T11:12:20+08:00 ] ::1 /coding/API/eGoServer/index.php/api/SystemImages/getBackgroundImage.html
INFO: [ app_init ] --START--
INFO: Run Behavior\BuildLiteBehavior [ RunTime:0.000021s ]
INFO: [ app_init ] --END-- [ RunTime:0.000462s ]
INFO: [ app_begin ] --START--
INFO: Run Behavior\ReadHtmlCacheBehavior [ RunTime:0.000633s ]
INFO: [ app_begin ] --END-- [ RunTime:0.000716s ]
ERR: 非法操作:getbackgroundimage

[ 2016-09-12T11:12:21+08:00 ] ::1 /coding/API/eGoServer/index.php/api/user/f9233ac30c7bd35156d4890a0d5142f2/15659430523.html
INFO: [ app_init ] --START--
INFO: Run Behavior\BuildLiteBehavior [ RunTime:0.000048s ]
INFO: [ app_init ] --END-- [ RunTime:0.000479s ]
INFO: [ app_begin ] --START--
INFO: Run Behavior\ReadHtmlCacheBehavior [ RunTime:0.000458s ]
INFO: [ app_begin ] --END-- [ RunTime:0.000520s ]
SQL: SHOW COLUMNS FROM `ego_user` [ RunTime:0.0021s ]
SQL: SELECT * FROM `ego_user` WHERE ( token = 'f9233ac30c7bd35156d4890a0d5142f2' ) LIMIT 1   [ RunTime:0.0003s ]
SQL: SELECT `name`,`gender`,`tel`,`email`,`nickname`,`signature`,`avatar`,`school`,`college`,`major`,`stu_num` FROM `ego_user` WHERE ( tel = '15659430523' ) LIMIT 1   [ RunTime:0.0002s ]

[ 2016-09-12T11:12:21+08:00 ] ::1 /coding/API/eGoServer/index.php/api/bus.html
INFO: [ app_init ] --START--
INFO: Run Behavior\BuildLiteBehavior [ RunTime:0.000016s ]
INFO: [ app_init ] --END-- [ RunTime:0.000363s ]
INFO: [ app_begin ] --START--
INFO: Run Behavior\ReadHtmlCacheBehavior [ RunTime:0.000498s ]
INFO: [ app_begin ] --END-- [ RunTime:0.000583s ]
SQL: SHOW COLUMNS FROM `ego_bus` [ RunTime:0.0013s ]
SQL: SELECT * FROM `ego_bus`  [ RunTime:0.0003s ]

[ 2016-09-12T11:13:03+08:00 ] ::1 /coding/API/eGoServer/index.php/api/SystemImages/getBackgroundImage.html
INFO: [ app_init ] --START--
INFO: Run Behavior\BuildLiteBehavior [ RunTime:0.000022s ]
INFO: [ app_init ] --END-- [ RunTime:0.000587s ]
INFO: [ app_begin ] --START--
INFO: Run Behavior\ReadHtmlCacheBehavior [ RunTime:0.000619s ]
INFO: [ app_begin ] --END-- [ RunTime:0.000700s ]
ERR: 非法操作:getbackgroundimage

[ 2016-09-12T11:13:05+08:00 ] ::1 /coding/API/eGoServer/index.php/api/user/f9233ac30c7bd35156d4890a0d5142f2/15659430523.html
INFO: [ app_init ] --START--
INFO: Run Behavior\BuildLiteBehavior [ RunTime:0.000015s ]
INFO: [ app_init ] --END-- [ RunTime:0.000345s ]
INFO: [ app_begin ] --START--
INFO: Run Behavior\ReadHtmlCacheBehavior [ RunTime:0.000461s ]
INFO: [ app_begin ] --END-- [ RunTime:0.000525s ]
SQL: SHOW COLUMNS FROM `ego_user` [ RunTime:0.0022s ]
SQL: SELECT * FROM `ego_user` WHERE ( token = 'f9233ac30c7bd35156d4890a0d5142f2' ) LIMIT 1   [ RunTime:0.0003s ]
SQL: SELECT `name`,`gender`,`tel`,`email`,`nickname`,`signature`,`avatar`,`school`,`college`,`major`,`stu_num` FROM `ego_user` WHERE ( tel = '15659430523' ) LIMIT 1   [ RunTime:0.0003s ]

[ 2016-09-12T11:13:05+08:00 ] ::1 /coding/API/eGoServer/index.php/api/bus.html
INFO: [ app_init ] --START--
INFO: Run Behavior\BuildLiteBehavior [ RunTime:0.000016s ]
INFO: [ app_init ] --END-- [ RunTime:0.000343s ]
INFO: [ app_begin ] --START--
INFO: Run Behavior\ReadHtmlCacheBehavior [ RunTime:0.000574s ]
INFO: [ app_begin ] --END-- [ RunTime:0.000666s ]
SQL: SHOW COLUMNS FROM `ego_bus` [ RunTime:0.0010s ]
SQL: SELECT * FROM `ego_bus`  [ RunTime:0.0002s ]

[ 2016-09-12T11:13:28+08:00 ] ::1 /coding/API/eGoServer/index.php/api/user.html
INFO: [ app_init ] --START--
INFO: Run Behavior\BuildLiteBehavior [ RunTime:0.000016s ]
INFO: [ app_init ] --END-- [ RunTime:0.000410s ]
INFO: [ app_begin ] --START--
INFO: Run Behavior\ReadHtmlCacheBehavior [ RunTime:0.000554s ]
INFO: [ app_begin ] --END-- [ RunTime:0.000629s ]
SQL: SHOW COLUMNS FROM `ego_user` [ RunTime:0.0052s ]
SQL: SELECT * FROM `ego_user` WHERE ( token = 'f9233ac30c7bd35156d4890a0d5142f2' ) LIMIT 1   [ RunTime:0.0003s ]
SQL: SELECT `salt` FROM `ego_user` WHERE ( token = 'f9233ac30c7bd35156d4890a0d5142f2' ) LIMIT 1   [ RunTime:0.0001s ]
SQL: SELECT `hash` FROM `ego_user` WHERE ( token = 'f9233ac30c7bd35156d4890a0d5142f2' ) LIMIT 1   [ RunTime:0.0001s ]

[ 2016-09-12T11:13:28+08:00 ] ::1 /coding/API/eGoServer/index.php/api/user.html
INFO: [ app_init ] --START--
INFO: Run Behavior\BuildLiteBehavior [ RunTime:0.000017s ]
INFO: [ app_init ] --END-- [ RunTime:0.000428s ]
INFO: [ app_begin ] --START--
INFO: Run Behavior\ReadHtmlCacheBehavior [ RunTime:0.000546s ]
INFO: [ app_begin ] --END-- [ RunTime:0.000616s ]
SQL: SHOW COLUMNS FROM `ego_user` [ RunTime:0.0015s ]
SQL: SELECT * FROM `ego_user` WHERE ( token = 'f9233ac30c7bd35156d4890a0d5142f2' ) LIMIT 1   [ RunTime:0.0003s ]
NOTIC: [8] Undefined index: password /Applications/MAMP/htdocs/coding/API/eGoServer/Application/Api/Model/UserModel.class.php 第 122 行.
SQL: UPDATE `ego_user` SET `email`='1060084430@qq.com',`nickname`='萧宇a',`tel`='15659430523',`token`='f9233ac30c7bd35156d4890a0d5142f2' WHERE ( token = 'f9233ac30c7bd35156d4890a0d5142f2' ) [ RunTime:0.0002s ]

[ 2016-09-12T11:13:32+08:00 ] ::1 /coding/API/eGoServer/index.php/api/user.html
INFO: [ app_init ] --START--
INFO: Run Behavior\BuildLiteBehavior [ RunTime:0.000018s ]
INFO: [ app_init ] --END-- [ RunTime:0.000451s ]
INFO: [ app_begin ] --START--
INFO: Run Behavior\ReadHtmlCacheBehavior [ RunTime:0.000616s ]
INFO: [ app_begin ] --END-- [ RunTime:0.000691s ]
SQL: SHOW COLUMNS FROM `ego_user` [ RunTime:0.0025s ]
SQL: SELECT * FROM `ego_user` WHERE ( token = 'f9233ac30c7bd35156d4890a0d5142f2' ) LIMIT 1   [ RunTime:0.0003s ]
NOTIC: [8] Undefined index: password /Applications/MAMP/htdocs/coding/API/eGoServer/Application/Api/Model/UserModel.class.php 第 122 行.
SQL: UPDATE `ego_user` SET `email`='1060084430@qq.com',`nickname`='萧宇a',`tel`='15659430523',`token`='f9233ac30c7bd35156d4890a0d5142f2' WHERE ( token = 'f9233ac30c7bd35156d4890a0d5142f2' ) [ RunTime:0.0003s ]

[ 2016-09-12T11:13:32+08:00 ] ::1 /coding/API/eGoServer/index.php/api/user.html
INFO: [ app_init ] --START--
INFO: Run Behavior\BuildLiteBehavior [ RunTime:0.000017s ]
INFO: [ app_init ] --END-- [ RunTime:0.000426s ]
INFO: [ app_begin ] --START--
INFO: Run Behavior\ReadHtmlCacheBehavior [ RunTime:0.000579s ]
INFO: [ app_begin ] --END-- [ RunTime:0.000665s ]
SQL: SHOW COLUMNS FROM `ego_user` [ RunTime:0.0025s ]
SQL: SELECT * FROM `ego_user` WHERE ( token = 'f9233ac30c7bd35156d4890a0d5142f2' ) LIMIT 1   [ RunTime:0.0011s ]
SQL: SELECT `salt` FROM `ego_user` WHERE ( token = 'f9233ac30c7bd35156d4890a0d5142f2' ) LIMIT 1   [ RunTime:0.0002s ]
SQL: SELECT `hash` FROM `ego_user` WHERE ( token = 'f9233ac30c7bd35156d4890a0d5142f2' ) LIMIT 1   [ RunTime:0.0003s ]

[ 2016-09-12T11:13:49+08:00 ] ::1 /coding/API/eGoServer/index.php/api/user.html
INFO: [ app_init ] --START--
INFO: Run Behavior\BuildLiteBehavior [ RunTime:0.000014s ]
INFO: [ app_init ] --END-- [ RunTime:0.000356s ]
INFO: [ app_begin ] --START--
INFO: Run Behavior\ReadHtmlCacheBehavior [ RunTime:0.000414s ]
INFO: [ app_begin ] --END-- [ RunTime:0.000468s ]
SQL: SHOW COLUMNS FROM `ego_user` [ RunTime:0.0021s ]
SQL: SELECT * FROM `ego_user` WHERE ( token = 'f9233ac30c7bd35156d4890a0d5142f2' ) LIMIT 1   [ RunTime:0.0004s ]
SQL: SELECT `salt` FROM `ego_user` WHERE ( token = 'f9233ac30c7bd35156d4890a0d5142f2' ) LIMIT 1   [ RunTime:0.0003s ]
SQL: SELECT `hash` FROM `ego_user` WHERE ( token = 'f9233ac30c7bd35156d4890a0d5142f2' ) LIMIT 1   [ RunTime:0.0002s ]

[ 2016-09-12T11:13:49+08:00 ] ::1 /coding/API/eGoServer/index.php/api/user.html
INFO: [ app_init ] --START--
INFO: Run Behavior\BuildLiteBehavior [ RunTime:0.000013s ]
INFO: [ app_init ] --END-- [ RunTime:0.000361s ]
INFO: [ app_begin ] --START--
INFO: Run Behavior\ReadHtmlCacheBehavior [ RunTime:0.000412s ]
INFO: [ app_begin ] --END-- [ RunTime:0.000465s ]
SQL: SHOW COLUMNS FROM `ego_user` [ RunTime:0.0027s ]
SQL: SELECT * FROM `ego_user` WHERE ( token = 'f9233ac30c7bd35156d4890a0d5142f2' ) LIMIT 1   [ RunTime:0.0003s ]
NOTIC: [8] Undefined index: password /Applications/MAMP/htdocs/coding/API/eGoServer/Application/Api/Model/UserModel.class.php 第 122 行.
SQL: UPDATE `ego_user` SET `email`='1060084430@qq.com',`nickname`='萧宇a',`tel`='15659430523',`token`='f9233ac30c7bd35156d4890a0d5142f2' WHERE ( token = 'f9233ac30c7bd35156d4890a0d5142f2' ) [ RunTime:0.0002s ]

[ 2016-09-12T11:14:21+08:00 ] ::1 /coding/API/eGoServer/index.php/api/SystemImages/getBackgroundImage.html
INFO: [ app_init ] --START--
INFO: Run Behavior\BuildLiteBehavior [ RunTime:0.000017s ]
INFO: [ app_init ] --END-- [ RunTime:0.000576s ]
INFO: [ app_begin ] --START--
INFO: Run Behavior\ReadHtmlCacheBehavior [ RunTime:0.000789s ]
INFO: [ app_begin ] --END-- [ RunTime:0.000872s ]
ERR: 非法操作:getbackgroundimage

[ 2016-09-12T11:14:23+08:00 ] ::1 /coding/API/eGoServer/index.php/api/user/f9233ac30c7bd35156d4890a0d5142f2/15659430523.html
INFO: [ app_init ] --START--
INFO: Run Behavior\BuildLiteBehavior [ RunTime:0.000016s ]
INFO: [ app_init ] --END-- [ RunTime:0.000358s ]
INFO: [ app_begin ] --START--
INFO: Run Behavior\ReadHtmlCacheBehavior [ RunTime:0.000478s ]
INFO: [ app_begin ] --END-- [ RunTime:0.000543s ]
SQL: SHOW COLUMNS FROM `ego_user` [ RunTime:0.0025s ]
SQL: SELECT * FROM `ego_user` WHERE ( token = 'f9233ac30c7bd35156d4890a0d5142f2' ) LIMIT 1   [ RunTime:0.0003s ]
SQL: SELECT `name`,`gender`,`tel`,`email`,`nickname`,`signature`,`avatar`,`school`,`college`,`major`,`stu_num` FROM `ego_user` WHERE ( tel = '15659430523' ) LIMIT 1   [ RunTime:0.0002s ]

[ 2016-09-12T11:14:23+08:00 ] ::1 /coding/API/eGoServer/index.php/api/bus.html
INFO: [ app_init ] --START--
INFO: Run Behavior\BuildLiteBehavior [ RunTime:0.000014s ]
INFO: [ app_init ] --END-- [ RunTime:0.000328s ]
INFO: [ app_begin ] --START--
INFO: Run Behavior\ReadHtmlCacheBehavior [ RunTime:0.000458s ]
INFO: [ app_begin ] --END-- [ RunTime:0.000523s ]
SQL: SHOW COLUMNS FROM `ego_bus` [ RunTime:0.0010s ]
SQL: SELECT * FROM `ego_bus`  [ RunTime:0.0003s ]

[ 2016-09-12T11:14:56+08:00 ] ::1 /coding/API/eGoServer/index.php/api/user.html
INFO: [ app_init ] --START--
INFO: Run Behavior\BuildLiteBehavior [ RunTime:0.000018s ]
INFO: [ app_init ] --END-- [ RunTime:0.000451s ]
INFO: [ app_begin ] --START--
INFO: Run Behavior\ReadHtmlCacheBehavior [ RunTime:0.000527s ]
INFO: [ app_begin ] --END-- [ RunTime:0.000607s ]
SQL: SHOW COLUMNS FROM `ego_user` [ RunTime:0.0037s ]
SQL: SELECT * FROM `ego_user` WHERE ( token = 'f9233ac30c7bd35156d4890a0d5142f2' ) LIMIT 1   [ RunTime:0.0002s ]
SQL: SELECT `salt` FROM `ego_user` WHERE ( token = 'f9233ac30c7bd35156d4890a0d5142f2' ) LIMIT 1   [ RunTime:0.0001s ]
SQL: SELECT `hash` FROM `ego_user` WHERE ( token = 'f9233ac30c7bd35156d4890a0d5142f2' ) LIMIT 1   [ RunTime:0.0001s ]

[ 2016-09-12T11:15:27+08:00 ] ::1 /coding/API/eGoServer/index.php/api/SystemImages/getBackgroundImage.html
INFO: [ app_init ] --START--
INFO: Run Behavior\BuildLiteBehavior [ RunTime:0.000015s ]
INFO: [ app_init ] --END-- [ RunTime:0.000315s ]
INFO: [ app_begin ] --START--
INFO: Run Behavior\ReadHtmlCacheBehavior [ RunTime:0.000635s ]
INFO: [ app_begin ] --END-- [ RunTime:0.000720s ]
ERR: 非法操作:getbackgroundimage

[ 2016-09-12T11:15:28+08:00 ] ::1 /coding/API/eGoServer/index.php/api/user/f9233ac30c7bd35156d4890a0d5142f2/15659430523.html
INFO: [ app_init ] --START--
INFO: Run Behavior\BuildLiteBehavior [ RunTime:0.000015s ]
INFO: [ app_init ] --END-- [ RunTime:0.000341s ]
INFO: [ app_begin ] --START--
INFO: Run Behavior\ReadHtmlCacheBehavior [ RunTime:0.000453s ]
INFO: [ app_begin ] --END-- [ RunTime:0.000517s ]
SQL: SHOW COLUMNS FROM `ego_user` [ RunTime:0.0014s ]
SQL: SELECT * FROM `ego_user` WHERE ( token = 'f9233ac30c7bd35156d4890a0d5142f2' ) LIMIT 1   [ RunTime:0.0003s ]
SQL: SELECT `name`,`gender`,`tel`,`email`,`nickname`,`signature`,`avatar`,`school`,`college`,`major`,`stu_num` FROM `ego_user` WHERE ( tel = '15659430523' ) LIMIT 1   [ RunTime:0.0003s ]

[ 2016-09-12T11:15:28+08:00 ] ::1 /coding/API/eGoServer/index.php/api/bus.html
INFO: [ app_init ] --START--
INFO: Run Behavior\BuildLiteBehavior [ RunTime:0.000016s ]
INFO: [ app_init ] --END-- [ RunTime:0.000345s ]
INFO: [ app_begin ] --START--
INFO: Run Behavior\ReadHtmlCacheBehavior [ RunTime:0.000480s ]
INFO: [ app_begin ] --END-- [ RunTime:0.000548s ]
SQL: SHOW COLUMNS FROM `ego_bus` [ RunTime:0.0010s ]
SQL: SELECT * FROM `ego_bus`  [ RunTime:0.0002s ]

[ 2016-09-12T11:16:31+08:00 ] 127.0.0.1 /coding/API/eGoServer/api/user.html
INFO: [ app_init ] --START--
INFO: Run Behavior\BuildLiteBehavior [ RunTime:0.000018s ]
INFO: [ app_init ] --END-- [ RunTime:0.000575s ]
INFO: [ app_begin ] --START--
INFO: Run Behavior\ReadHtmlCacheBehavior [ RunTime:0.000696s ]
INFO: [ app_begin ] --END-- [ RunTime:0.000773s ]
SQL: SHOW COLUMNS FROM `ego_user` [ RunTime:0.0012s ]
SQL: SELECT * FROM `ego_user` WHERE ( token = '7c8747c14a7bcd942cf1fd09fedd069c' ) LIMIT 1   [ RunTime:0.0002s ]

[ 2016-09-12T11:16:48+08:00 ] 127.0.0.1 /coding/API/eGoServer/api/user.html
INFO: [ app_init ] --START--
INFO: Run Behavior\BuildLiteBehavior [ RunTime:0.000013s ]
INFO: [ app_init ] --END-- [ RunTime:0.000311s ]
INFO: [ app_begin ] --START--
INFO: Run Behavior\ReadHtmlCacheBehavior [ RunTime:0.000545s ]
INFO: [ app_begin ] --END-- [ RunTime:0.000609s ]
SQL: SHOW COLUMNS FROM `ego_user` [ RunTime:0.0014s ]
SQL: SELECT * FROM `ego_user` WHERE ( token = 'f9233ac30c7bd35156d4890a0d5142f2' ) LIMIT 1   [ RunTime:0.0002s ]
SQL: SELECT `salt` FROM `ego_user` WHERE ( token = 'f9233ac30c7bd35156d4890a0d5142f2' ) LIMIT 1   [ RunTime:0.0001s ]
SQL: SELECT `hash` FROM `ego_user` WHERE ( token = 'f9233ac30c7bd35156d4890a0d5142f2' ) LIMIT 1   [ RunTime:0.0001s ]
NOTIC: [8] Undefined index: password /Applications/MAMP/htdocs/coding/API/eGoServer/Application/Api/Model/UserModel.class.php 第 122 行.
SQL: UPDATE `ego_user` SET `token`='f9233ac30c7bd35156d4890a0d5142f2',`hash`='e029be6a8b86b75374bc504cb52142e1' WHERE ( token = 'f9233ac30c7bd35156d4890a0d5142f2' ) [ RunTime:0.0003s ]

[ 2016-09-12T11:17:10+08:00 ] ::1 /coding/API/eGoServer/index.php/api/login.html
INFO: [ app_init ] --START--
INFO: Run Behavior\BuildLiteBehavior [ RunTime:0.000022s ]
INFO: [ app_init ] --END-- [ RunTime:0.000540s ]
INFO: [ app_begin ] --START--
INFO: Run Behavior\ReadHtmlCacheBehavior [ RunTime:0.000625s ]
INFO: [ app_begin ] --END-- [ RunTime:0.000739s ]
SQL: SHOW COLUMNS FROM `ego_user` [ RunTime:0.0041s ]
SQL: SELECT `salt` FROM `ego_user` WHERE ( tel = '15659430523' ) LIMIT 1   [ RunTime:0.0004s ]
SQL: SELECT `hash` FROM `ego_user` WHERE ( tel = '15659430523' ) LIMIT 1   [ RunTime:0.0003s ]
SQL: UPDATE `ego_user` SET `token`='88efc0f27748b787352e369131c754ad' WHERE ( tel = '15659430523' ) [ RunTime:0.0003s ]

[ 2016-09-12T11:17:10+08:00 ] ::1 /coding/API/eGoServer/index.php/api/user/88efc0f27748b787352e369131c754ad/15659430523.html
INFO: [ app_init ] --START--
INFO: Run Behavior\BuildLiteBehavior [ RunTime:0.000023s ]
INFO: [ app_init ] --END-- [ RunTime:0.000556s ]
INFO: [ app_begin ] --START--
INFO: Run Behavior\ReadHtmlCacheBehavior [ RunTime:0.000713s ]
INFO: [ app_begin ] --END-- [ RunTime:0.000807s ]
SQL: SHOW COLUMNS FROM `ego_user` [ RunTime:0.0018s ]
SQL: SELECT * FROM `ego_user` WHERE ( token = '88efc0f27748b787352e369131c754ad' ) LIMIT 1   [ RunTime:0.0003s ]
SQL: SELECT `name`,`gender`,`tel`,`email`,`nickname`,`signature`,`avatar`,`school`,`college`,`major`,`stu_num` FROM `ego_user` WHERE ( tel = '15659430523' ) LIMIT 1   [ RunTime:0.0003s ]

[ 2016-09-12T11:17:10+08:00 ] ::1 /coding/API/eGoServer/index.php/api/bus.html
INFO: [ app_init ] --START--
INFO: Run Behavior\BuildLiteBehavior [ RunTime:0.000026s ]
INFO: [ app_init ] --END-- [ RunTime:0.000725s ]
INFO: [ app_begin ] --START--
INFO: Run Behavior\ReadHtmlCacheBehavior [ RunTime:0.000606s ]
INFO: [ app_begin ] --END-- [ RunTime:0.000686s ]
SQL: SHOW COLUMNS FROM `ego_bus` [ RunTime:0.0020s ]
SQL: SELECT * FROM `ego_bus`  [ RunTime:0.0006s ]

[ 2016-09-12T11:17:10+08:00 ] ::1 /coding/API/eGoServer/index.php/api/user/88efc0f27748b787352e369131c754ad/15659430523.html
INFO: [ app_init ] --START--
INFO: Run Behavior\BuildLiteBehavior [ RunTime:0.000021s ]
INFO: [ app_init ] --END-- [ RunTime:0.000670s ]
INFO: [ app_begin ] --START--
INFO: Run Behavior\ReadHtmlCacheBehavior [ RunTime:0.000442s ]
INFO: [ app_begin ] --END-- [ RunTime:0.000503s ]
SQL: SHOW COLUMNS FROM `ego_user` [ RunTime:0.0020s ]
SQL: SELECT * FROM `ego_user` WHERE ( token = '88efc0f27748b787352e369131c754ad' ) LIMIT 1   [ RunTime:0.0002s ]
SQL: SELECT `name`,`gender`,`tel`,`email`,`nickname`,`signature`,`avatar`,`school`,`college`,`major`,`stu_num` FROM `ego_user` WHERE ( tel = '15659430523' ) LIMIT 1   [ RunTime:0.0002s ]

[ 2016-09-12T11:17:32+08:00 ] ::1 /coding/API/eGoServer/index.php/api/user.html
INFO: [ app_init ] --START--
INFO: Run Behavior\BuildLiteBehavior [ RunTime:0.000018s ]
INFO: [ app_init ] --END-- [ RunTime:0.000437s ]
INFO: [ app_begin ] --START--
INFO: Run Behavior\ReadHtmlCacheBehavior [ RunTime:0.000602s ]
INFO: [ app_begin ] --END-- [ RunTime:0.000678s ]
SQL: SHOW COLUMNS FROM `ego_user` [ RunTime:0.0023s ]
SQL: SELECT * FROM `ego_user` WHERE ( token = '88efc0f27748b787352e369131c754ad' ) LIMIT 1   [ RunTime:0.0003s ]
SQL: SELECT `salt` FROM `ego_user` WHERE ( token = '88efc0f27748b787352e369131c754ad' ) LIMIT 1   [ RunTime:0.0002s ]
SQL: SELECT `hash` FROM `ego_user` WHERE ( token = '88efc0f27748b787352e369131c754ad' ) LIMIT 1   [ RunTime:0.0002s ]
NOTIC: [8] Undefined index: password /Applications/MAMP/htdocs/coding/API/eGoServer/Application/Api/Model/UserModel.class.php 第 122 行.
SQL: UPDATE `ego_user` SET `token`='88efc0f27748b787352e369131c754ad',`hash`='7c0e3dfeea10042bbb17a778b3d03e05' WHERE ( token = '88efc0f27748b787352e369131c754ad' ) [ RunTime:0.0002s ]

[ 2016-09-12T11:17:54+08:00 ] 127.0.0.1 /coding/API/eGoServer/api/login.html
INFO: [ app_init ] --START--
INFO: Run Behavior\BuildLiteBehavior [ RunTime:0.000016s ]
INFO: [ app_init ] --END-- [ RunTime:0.000341s ]
INFO: [ app_begin ] --START--
INFO: Run Behavior\ReadHtmlCacheBehavior [ RunTime:0.000427s ]
INFO: [ app_begin ] --END-- [ RunTime:0.000484s ]
SQL: SHOW COLUMNS FROM `ego_user` [ RunTime:0.0010s ]
SQL: SELECT `salt` FROM `ego_user` WHERE ( tel = '15659430523' ) LIMIT 1   [ RunTime:0.0003s ]
SQL: SELECT `hash` FROM `ego_user` WHERE ( tel = '15659430523' ) LIMIT 1   [ RunTime:0.0002s ]

