[ 2016-09-24T16:29:08+08:00 ] ::1 /coding/API/eGoServer/index.php/api/login.html
INFO: [ app_init ] --START--
INFO: Run Behavior\BuildLiteBehavior [ RunTime:0.000022s ]
INFO: [ app_init ] --END-- [ RunTime:0.000719s ]
INFO: [ app_begin ] --START--
INFO: Run Behavior\ReadHtmlCacheBehavior [ RunTime:0.000801s ]
INFO: [ app_begin ] --END-- [ RunTime:0.000917s ]
SQL: SHOW COLUMNS FROM `ego_user` [ RunTime:0.0041s ]
SQL: SELECT `salt` FROM `ego_user` WHERE ( tel = '15659430523' ) LIMIT 1   [ RunTime:0.0030s ]
SQL: SELECT `hash` FROM `ego_user` WHERE ( tel = '15659430523' ) LIMIT 1   [ RunTime:0.0002s ]
SQL: UPDATE `ego_user` SET `token`='babc8f75bf076c94b981bcbac1a7f5d7' WHERE ( tel = '15659430523' ) [ RunTime:0.0015s ]

[ 2016-09-24T16:29:08+08:00 ] ::1 /coding/API/eGoServer/index.php/api/user/babc8f75bf076c94b981bcbac1a7f5d7/15659430523.html
INFO: [ app_init ] --START--
INFO: Run Behavior\BuildLiteBehavior [ RunTime:0.000022s ]
INFO: [ app_init ] --END-- [ RunTime:0.000478s ]
INFO: [ app_begin ] --START--
INFO: Run Behavior\ReadHtmlCacheBehavior [ RunTime:0.000567s ]
INFO: [ app_begin ] --END-- [ RunTime:0.000645s ]
SQL: SHOW COLUMNS FROM `ego_user` [ RunTime:0.0013s ]
SQL: SELECT * FROM `ego_user` WHERE ( token = 'babc8f75bf076c94b981bcbac1a7f5d7' ) LIMIT 1   [ RunTime:0.0003s ]
SQL: SELECT `name`,`gender`,`tel`,`email`,`nickname`,`signature`,`avatar`,`school`,`college`,`major`,`stu_num` FROM `ego_user` WHERE ( tel = '15659430523' ) LIMIT 1   [ RunTime:0.0002s ]

[ 2016-09-24T16:29:08+08:00 ] ::1 /coding/API/eGoServer/index.php/api/bus.html
INFO: [ app_init ] --START--
INFO: Run Behavior\BuildLiteBehavior [ RunTime:0.000030s ]
INFO: [ app_init ] --END-- [ RunTime:0.000750s ]
INFO: [ app_begin ] --START--
INFO: Run Behavior\ReadHtmlCacheBehavior [ RunTime:0.000725s ]
INFO: [ app_begin ] --END-- [ RunTime:0.000828s ]
SQL: SHOW COLUMNS FROM `ego_bus` [ RunTime:0.0040s ]
SQL: SELECT * FROM `ego_bus`  [ RunTime:0.0018s ]

[ 2016-09-24T16:29:09+08:00 ] ::1 /coding/API/eGoServer/index.php/api/user/babc8f75bf076c94b981bcbac1a7f5d7/15659430523.html
INFO: [ app_init ] --START--
INFO: Run Behavior\BuildLiteBehavior [ RunTime:0.000022s ]
INFO: [ app_init ] --END-- [ RunTime:0.000467s ]
INFO: [ app_begin ] --START--
INFO: Run Behavior\ReadHtmlCacheBehavior [ RunTime:0.000561s ]
INFO: [ app_begin ] --END-- [ RunTime:0.000639s ]
SQL: SHOW COLUMNS FROM `ego_user` [ RunTime:0.0021s ]
SQL: SELECT * FROM `ego_user` WHERE ( token = 'babc8f75bf076c94b981bcbac1a7f5d7' ) LIMIT 1   [ RunTime:0.0002s ]
SQL: SELECT `name`,`gender`,`tel`,`email`,`nickname`,`signature`,`avatar`,`school`,`college`,`major`,`stu_num` FROM `ego_user` WHERE ( tel = '15659430523' ) LIMIT 1   [ RunTime:0.0002s ]

[ 2016-09-24T16:29:13+08:00 ] ::1 /coding/API/eGoServer/index.php/api/bus.html
INFO: [ app_init ] --START--
INFO: Run Behavior\BuildLiteBehavior [ RunTime:0.000018s ]
INFO: [ app_init ] --END-- [ RunTime:0.000433s ]
INFO: [ app_begin ] --START--
INFO: Run Behavior\ReadHtmlCacheBehavior [ RunTime:0.000516s ]
INFO: [ app_begin ] --END-- [ RunTime:0.000587s ]
SQL: SHOW COLUMNS FROM `ego_bus` [ RunTime:0.0017s ]
SQL: SELECT * FROM `ego_bus`  [ RunTime:0.0002s ]

[ 2016-09-24T16:29:17+08:00 ] ::1 /coding/API/eGoServer/index.php/api/image/banner-images
INFO: [ app_init ] --START--
INFO: Run Behavior\BuildLiteBehavior [ RunTime:0.000019s ]
INFO: [ app_init ] --END-- [ RunTime:0.000575s ]
INFO: [ app_begin ] --START--
INFO: Run Behavior\ReadHtmlCacheBehavior [ RunTime:0.000625s ]
INFO: [ app_begin ] --END-- [ RunTime:0.000708s ]
SQL: SHOW COLUMNS FROM `ego_system_images` [ RunTime:0.0019s ]
SQL: SELECT `value` FROM `ego_system_images` WHERE ( property = 'banner' ) LIMIT 1   [ RunTime:0.0004s ]

[ 2016-09-24T16:29:18+08:00 ] ::1 /coding/API/eGoServer/index.php/api/bus.html
INFO: [ app_init ] --START--
INFO: Run Behavior\BuildLiteBehavior [ RunTime:0.000026s ]
INFO: [ app_init ] --END-- [ RunTime:0.000567s ]
INFO: [ app_begin ] --START--
INFO: Run Behavior\ReadHtmlCacheBehavior [ RunTime:0.000508s ]
INFO: [ app_begin ] --END-- [ RunTime:0.000579s ]
SQL: SHOW COLUMNS FROM `ego_bus` [ RunTime:0.0019s ]
SQL: SELECT * FROM `ego_bus`  [ RunTime:0.0002s ]

[ 2016-09-24T16:29:20+08:00 ] ::1 /coding/API/eGoServer/index.php/api/bus.html
INFO: [ app_init ] --START--
INFO: Run Behavior\BuildLiteBehavior [ RunTime:0.000014s ]
INFO: [ app_init ] --END-- [ RunTime:0.000333s ]
INFO: [ app_begin ] --START--
INFO: Run Behavior\ReadHtmlCacheBehavior [ RunTime:0.000440s ]
INFO: [ app_begin ] --END-- [ RunTime:0.000496s ]
SQL: SHOW COLUMNS FROM `ego_bus` [ RunTime:0.0021s ]
SQL: SELECT * FROM `ego_bus`  [ RunTime:0.0003s ]

[ 2016-09-24T16:29:25+08:00 ] ::1 /coding/API/eGoServer/index.php/api/bus.html
INFO: [ app_init ] --START--
INFO: Run Behavior\BuildLiteBehavior [ RunTime:0.000013s ]
INFO: [ app_init ] --END-- [ RunTime:0.000319s ]
INFO: [ app_begin ] --START--
INFO: Run Behavior\ReadHtmlCacheBehavior [ RunTime:0.000413s ]
INFO: [ app_begin ] --END-- [ RunTime:0.000464s ]
SQL: SHOW COLUMNS FROM `ego_bus` [ RunTime:0.0022s ]
SQL: SELECT * FROM `ego_bus`  [ RunTime:0.0003s ]

[ 2016-09-24T16:29:30+08:00 ] ::1 /coding/API/eGoServer/index.php/api/bus.html
INFO: [ app_init ] --START--
INFO: Run Behavior\BuildLiteBehavior [ RunTime:0.000047s ]
INFO: [ app_init ] --END-- [ RunTime:0.000970s ]
INFO: [ app_begin ] --START--
INFO: Run Behavior\ReadHtmlCacheBehavior [ RunTime:0.000652s ]
INFO: [ app_begin ] --END-- [ RunTime:0.000738s ]
SQL: SHOW COLUMNS FROM `ego_bus` [ RunTime:0.0013s ]
SQL: SELECT * FROM `ego_bus`  [ RunTime:0.0003s ]

[ 2016-09-24T16:29:37+08:00 ] ::1 /coding/API/eGoServer/index.php/api/SystemImages/getBackgroundImage.html
INFO: [ app_init ] --START--
INFO: Run Behavior\BuildLiteBehavior [ RunTime:0.000015s ]
INFO: [ app_init ] --END-- [ RunTime:0.000377s ]
INFO: [ app_begin ] --START--
INFO: Run Behavior\ReadHtmlCacheBehavior [ RunTime:0.000458s ]
INFO: [ app_begin ] --END-- [ RunTime:0.000519s ]
ERR: 非法操作:getbackgroundimage

[ 2016-09-24T16:29:42+08:00 ] ::1 /coding/API/eGoServer/index.php/api/user/babc8f75bf076c94b981bcbac1a7f5d7/15659430523.html
INFO: [ app_init ] --START--
INFO: Run Behavior\BuildLiteBehavior [ RunTime:0.000019s ]
INFO: [ app_init ] --END-- [ RunTime:0.000423s ]
INFO: [ app_begin ] --START--
INFO: Run Behavior\ReadHtmlCacheBehavior [ RunTime:0.000506s ]
INFO: [ app_begin ] --END-- [ RunTime:0.000585s ]
SQL: SHOW COLUMNS FROM `ego_user` [ RunTime:0.0019s ]
SQL: SELECT * FROM `ego_user` WHERE ( token = 'babc8f75bf076c94b981bcbac1a7f5d7' ) LIMIT 1   [ RunTime:0.0004s ]
SQL: SELECT `name`,`gender`,`tel`,`email`,`nickname`,`signature`,`avatar`,`school`,`college`,`major`,`stu_num` FROM `ego_user` WHERE ( tel = '15659430523' ) LIMIT 1   [ RunTime:0.0003s ]

[ 2016-09-24T16:29:42+08:00 ] ::1 /coding/API/eGoServer/index.php/api/bus.html
INFO: [ app_init ] --START--
INFO: Run Behavior\BuildLiteBehavior [ RunTime:0.000038s ]
INFO: [ app_init ] --END-- [ RunTime:0.000924s ]
INFO: [ app_begin ] --START--
INFO: Run Behavior\ReadHtmlCacheBehavior [ RunTime:0.000689s ]
INFO: [ app_begin ] --END-- [ RunTime:0.000809s ]
SQL: SHOW COLUMNS FROM `ego_bus` [ RunTime:0.0022s ]
SQL: SELECT * FROM `ego_bus`  [ RunTime:0.0003s ]

[ 2016-09-24T16:29:47+08:00 ] ::1 /coding/API/eGoServer/index.php/api/bus.html
INFO: [ app_init ] --START--
INFO: Run Behavior\BuildLiteBehavior [ RunTime:0.000020s ]
INFO: [ app_init ] --END-- [ RunTime:0.000447s ]
INFO: [ app_begin ] --START--
INFO: Run Behavior\ReadHtmlCacheBehavior [ RunTime:0.000686s ]
INFO: [ app_begin ] --END-- [ RunTime:0.000782s ]
SQL: SHOW COLUMNS FROM `ego_bus` [ RunTime:0.0011s ]
SQL: SELECT * FROM `ego_bus`  [ RunTime:0.0003s ]

[ 2016-09-24T16:29:52+08:00 ] ::1 /coding/API/eGoServer/index.php/api/bus.html
INFO: [ app_init ] --START--
INFO: Run Behavior\BuildLiteBehavior [ RunTime:0.000020s ]
INFO: [ app_init ] --END-- [ RunTime:0.000476s ]
INFO: [ app_begin ] --START--
INFO: Run Behavior\ReadHtmlCacheBehavior [ RunTime:0.000734s ]
INFO: [ app_begin ] --END-- [ RunTime:0.000842s ]
SQL: SHOW COLUMNS FROM `ego_bus` [ RunTime:0.0021s ]
SQL: SELECT * FROM `ego_bus`  [ RunTime:0.0003s ]

[ 2016-09-24T16:29:57+08:00 ] ::1 /coding/API/eGoServer/index.php/api/bus.html
INFO: [ app_init ] --START--
INFO: Run Behavior\BuildLiteBehavior [ RunTime:0.000019s ]
INFO: [ app_init ] --END-- [ RunTime:0.000537s ]
INFO: [ app_begin ] --START--
INFO: Run Behavior\ReadHtmlCacheBehavior [ RunTime:0.000599s ]
INFO: [ app_begin ] --END-- [ RunTime:0.000674s ]
SQL: SHOW COLUMNS FROM `ego_bus` [ RunTime:0.0029s ]
SQL: SELECT * FROM `ego_bus`  [ RunTime:0.0003s ]

[ 2016-09-24T16:30:02+08:00 ] ::1 /coding/API/eGoServer/index.php/api/bus.html
INFO: [ app_init ] --START--
INFO: Run Behavior\BuildLiteBehavior [ RunTime:0.000023s ]
INFO: [ app_init ] --END-- [ RunTime:0.000596s ]
INFO: [ app_begin ] --START--
INFO: Run Behavior\ReadHtmlCacheBehavior [ RunTime:0.000497s ]
INFO: [ app_begin ] --END-- [ RunTime:0.000566s ]
SQL: SHOW COLUMNS FROM `ego_bus` [ RunTime:0.0021s ]
SQL: SELECT * FROM `ego_bus`  [ RunTime:0.0002s ]

[ 2016-09-24T16:30:07+08:00 ] ::1 /coding/API/eGoServer/index.php/api/bus.html
INFO: [ app_init ] --START--
INFO: Run Behavior\BuildLiteBehavior [ RunTime:0.000026s ]
INFO: [ app_init ] --END-- [ RunTime:0.000680s ]
INFO: [ app_begin ] --START--
INFO: Run Behavior\ReadHtmlCacheBehavior [ RunTime:0.000533s ]
INFO: [ app_begin ] --END-- [ RunTime:0.000609s ]
SQL: SHOW COLUMNS FROM `ego_bus` [ RunTime:0.0024s ]
SQL: SELECT * FROM `ego_bus`  [ RunTime:0.0002s ]

[ 2016-09-24T16:30:12+08:00 ] ::1 /coding/API/eGoServer/index.php/api/bus.html
INFO: [ app_init ] --START--
INFO: Run Behavior\BuildLiteBehavior [ RunTime:0.000018s ]
INFO: [ app_init ] --END-- [ RunTime:0.000466s ]
INFO: [ app_begin ] --START--
INFO: Run Behavior\ReadHtmlCacheBehavior [ RunTime:0.000529s ]
INFO: [ app_begin ] --END-- [ RunTime:0.000601s ]
SQL: SHOW COLUMNS FROM `ego_bus` [ RunTime:0.0019s ]
SQL: SELECT * FROM `ego_bus`  [ RunTime:0.0002s ]

[ 2016-09-24T16:30:17+08:00 ] ::1 /coding/API/eGoServer/index.php/api/bus.html
INFO: [ app_init ] --START--
INFO: Run Behavior\BuildLiteBehavior [ RunTime:0.000015s ]
INFO: [ app_init ] --END-- [ RunTime:0.000342s ]
INFO: [ app_begin ] --START--
INFO: Run Behavior\ReadHtmlCacheBehavior [ RunTime:0.000467s ]
INFO: [ app_begin ] --END-- [ RunTime:0.000532s ]
SQL: SHOW COLUMNS FROM `ego_bus` [ RunTime:0.0022s ]
SQL: SELECT * FROM `ego_bus`  [ RunTime:0.0003s ]

[ 2016-09-24T16:30:22+08:00 ] ::1 /coding/API/eGoServer/index.php/api/bus.html
INFO: [ app_init ] --START--
INFO: Run Behavior\BuildLiteBehavior [ RunTime:0.000016s ]
INFO: [ app_init ] --END-- [ RunTime:0.000376s ]
INFO: [ app_begin ] --START--
INFO: Run Behavior\ReadHtmlCacheBehavior [ RunTime:0.000675s ]
INFO: [ app_begin ] --END-- [ RunTime:0.000770s ]
SQL: SHOW COLUMNS FROM `ego_bus` [ RunTime:0.0018s ]
SQL: SELECT * FROM `ego_bus`  [ RunTime:0.0002s ]

[ 2016-09-24T16:30:27+08:00 ] ::1 /coding/API/eGoServer/index.php/api/bus.html
INFO: [ app_init ] --START--
INFO: Run Behavior\BuildLiteBehavior [ RunTime:0.000014s ]
INFO: [ app_init ] --END-- [ RunTime:0.000316s ]
INFO: [ app_begin ] --START--
INFO: Run Behavior\ReadHtmlCacheBehavior [ RunTime:0.000447s ]
INFO: [ app_begin ] --END-- [ RunTime:0.000507s ]
SQL: SHOW COLUMNS FROM `ego_bus` [ RunTime:0.0020s ]
SQL: SELECT * FROM `ego_bus`  [ RunTime:0.0002s ]

[ 2016-09-24T16:31:38+08:00 ] ::1 /coding/API/eGoServer/index.php/api/SystemImages/getBackgroundImage.html
INFO: [ app_init ] --START--
INFO: Run Behavior\BuildLiteBehavior [ RunTime:0.000014s ]
INFO: [ app_init ] --END-- [ RunTime:0.000315s ]
INFO: [ app_begin ] --START--
INFO: Run Behavior\ReadHtmlCacheBehavior [ RunTime:0.000418s ]
INFO: [ app_begin ] --END-- [ RunTime:0.000471s ]
ERR: 非法操作:getbackgroundimage

[ 2016-09-24T16:31:39+08:00 ] ::1 /coding/API/eGoServer/index.php/api/user/babc8f75bf076c94b981bcbac1a7f5d7/15659430523.html
INFO: [ app_init ] --START--
INFO: Run Behavior\BuildLiteBehavior [ RunTime:0.000022s ]
INFO: [ app_init ] --END-- [ RunTime:0.000511s ]
INFO: [ app_begin ] --START--
INFO: Run Behavior\ReadHtmlCacheBehavior [ RunTime:0.000490s ]
INFO: [ app_begin ] --END-- [ RunTime:0.000561s ]
SQL: SHOW COLUMNS FROM `ego_user` [ RunTime:0.0012s ]
SQL: SELECT * FROM `ego_user` WHERE ( token = 'babc8f75bf076c94b981bcbac1a7f5d7' ) LIMIT 1   [ RunTime:0.0004s ]
SQL: SELECT `name`,`gender`,`tel`,`email`,`nickname`,`signature`,`avatar`,`school`,`college`,`major`,`stu_num` FROM `ego_user` WHERE ( tel = '15659430523' ) LIMIT 1   [ RunTime:0.0003s ]

[ 2016-09-24T16:31:39+08:00 ] ::1 /coding/API/eGoServer/index.php/api/bus.html
INFO: [ app_init ] --START--
INFO: Run Behavior\BuildLiteBehavior [ RunTime:0.000017s ]
INFO: [ app_init ] --END-- [ RunTime:0.000542s ]
INFO: [ app_begin ] --START--
INFO: Run Behavior\ReadHtmlCacheBehavior [ RunTime:0.000455s ]
INFO: [ app_begin ] --END-- [ RunTime:0.000516s ]
SQL: SHOW COLUMNS FROM `ego_bus` [ RunTime:0.0010s ]
SQL: SELECT * FROM `ego_bus`  [ RunTime:0.0002s ]

[ 2016-09-24T16:31:42+08:00 ] ::1 /coding/API/eGoServer/index.php/api/bus.html
INFO: [ app_init ] --START--
INFO: Run Behavior\BuildLiteBehavior [ RunTime:0.000015s ]
INFO: [ app_init ] --END-- [ RunTime:0.000353s ]
INFO: [ app_begin ] --START--
INFO: Run Behavior\ReadHtmlCacheBehavior [ RunTime:0.000439s ]
INFO: [ app_begin ] --END-- [ RunTime:0.000496s ]
SQL: SHOW COLUMNS FROM `ego_bus` [ RunTime:0.0019s ]
SQL: SELECT * FROM `ego_bus`  [ RunTime:0.0003s ]

[ 2016-09-24T16:31:47+08:00 ] ::1 /coding/API/eGoServer/index.php/api/bus.html
INFO: [ app_init ] --START--
INFO: Run Behavior\BuildLiteBehavior [ RunTime:0.000016s ]
INFO: [ app_init ] --END-- [ RunTime:0.000332s ]
INFO: [ app_begin ] --START--
INFO: Run Behavior\ReadHtmlCacheBehavior [ RunTime:0.000443s ]
INFO: [ app_begin ] --END-- [ RunTime:0.000508s ]
SQL: SHOW COLUMNS FROM `ego_bus` [ RunTime:0.0019s ]
SQL: SELECT * FROM `ego_bus`  [ RunTime:0.0002s ]

[ 2016-09-24T16:31:52+08:00 ] ::1 /coding/API/eGoServer/index.php/api/bus.html
INFO: [ app_init ] --START--
INFO: Run Behavior\BuildLiteBehavior [ RunTime:0.000013s ]
INFO: [ app_init ] --END-- [ RunTime:0.000316s ]
INFO: [ app_begin ] --START--
INFO: Run Behavior\ReadHtmlCacheBehavior [ RunTime:0.000416s ]
INFO: [ app_begin ] --END-- [ RunTime:0.000469s ]
SQL: SHOW COLUMNS FROM `ego_bus` [ RunTime:0.0020s ]
SQL: SELECT * FROM `ego_bus`  [ RunTime:0.0002s ]

[ 2016-09-24T16:31:57+08:00 ] ::1 /coding/API/eGoServer/index.php/api/bus.html
INFO: [ app_init ] --START--
INFO: Run Behavior\BuildLiteBehavior [ RunTime:0.000013s ]
INFO: [ app_init ] --END-- [ RunTime:0.000317s ]
INFO: [ app_begin ] --START--
INFO: Run Behavior\ReadHtmlCacheBehavior [ RunTime:0.000414s ]
INFO: [ app_begin ] --END-- [ RunTime:0.000470s ]
SQL: SHOW COLUMNS FROM `ego_bus` [ RunTime:0.0018s ]
SQL: SELECT * FROM `ego_bus`  [ RunTime:0.0002s ]

[ 2016-09-24T16:32:02+08:00 ] ::1 /coding/API/eGoServer/index.php/api/bus.html
INFO: [ app_init ] --START--
INFO: Run Behavior\BuildLiteBehavior [ RunTime:0.000014s ]
INFO: [ app_init ] --END-- [ RunTime:0.000321s ]
INFO: [ app_begin ] --START--
INFO: Run Behavior\ReadHtmlCacheBehavior [ RunTime:0.000430s ]
INFO: [ app_begin ] --END-- [ RunTime:0.000488s ]
SQL: SHOW COLUMNS FROM `ego_bus` [ RunTime:0.0020s ]
SQL: SELECT * FROM `ego_bus`  [ RunTime:0.0002s ]

[ 2016-09-24T16:32:07+08:00 ] ::1 /coding/API/eGoServer/index.php/api/bus.html
INFO: [ app_init ] --START--
INFO: Run Behavior\BuildLiteBehavior [ RunTime:0.000021s ]
INFO: [ app_init ] --END-- [ RunTime:0.000611s ]
INFO: [ app_begin ] --START--
INFO: Run Behavior\ReadHtmlCacheBehavior [ RunTime:0.000546s ]
INFO: [ app_begin ] --END-- [ RunTime:0.000616s ]
SQL: SHOW COLUMNS FROM `ego_bus` [ RunTime:0.0018s ]
SQL: SELECT * FROM `ego_bus`  [ RunTime:0.0002s ]

[ 2016-09-24T16:32:12+08:00 ] ::1 /coding/API/eGoServer/index.php/api/bus.html
INFO: [ app_init ] --START--
INFO: Run Behavior\BuildLiteBehavior [ RunTime:0.000019s ]
INFO: [ app_init ] --END-- [ RunTime:0.000604s ]
INFO: [ app_begin ] --START--
INFO: Run Behavior\ReadHtmlCacheBehavior [ RunTime:0.000521s ]
INFO: [ app_begin ] --END-- [ RunTime:0.000591s ]
SQL: SHOW COLUMNS FROM `ego_bus` [ RunTime:0.0043s ]
SQL: SELECT * FROM `ego_bus`  [ RunTime:0.0004s ]

[ 2016-09-24T16:32:21+08:00 ] ::1 /coding/API/eGoServer/index.php/api/bus.html
INFO: [ app_init ] --START--
INFO: Run Behavior\BuildLiteBehavior [ RunTime:0.000132s ]
INFO: [ app_init ] --END-- [ RunTime:0.000674s ]
INFO: [ app_begin ] --START--
INFO: Run Behavior\ReadHtmlCacheBehavior [ RunTime:0.000717s ]
INFO: [ app_begin ] --END-- [ RunTime:0.000797s ]
SQL: SHOW COLUMNS FROM `ego_bus` [ RunTime:0.0019s ]
SQL: SELECT * FROM `ego_bus`  [ RunTime:0.0004s ]

[ 2016-09-24T16:32:22+08:00 ] ::1 /coding/API/eGoServer/index.php/api/bus.html
INFO: [ app_init ] --START--
INFO: Run Behavior\BuildLiteBehavior [ RunTime:0.000015s ]
INFO: [ app_init ] --END-- [ RunTime:0.000339s ]
INFO: [ app_begin ] --START--
INFO: Run Behavior\ReadHtmlCacheBehavior [ RunTime:0.000495s ]
INFO: [ app_begin ] --END-- [ RunTime:0.000560s ]
SQL: SHOW COLUMNS FROM `ego_bus` [ RunTime:0.0017s ]
SQL: SELECT * FROM `ego_bus`  [ RunTime:0.0002s ]

[ 2016-09-24T16:32:27+08:00 ] ::1 /coding/API/eGoServer/index.php/api/bus.html
INFO: [ app_init ] --START--
INFO: Run Behavior\BuildLiteBehavior [ RunTime:0.000026s ]
INFO: [ app_init ] --END-- [ RunTime:0.000634s ]
INFO: [ app_begin ] --START--
INFO: Run Behavior\ReadHtmlCacheBehavior [ RunTime:0.000730s ]
INFO: [ app_begin ] --END-- [ RunTime:0.000834s ]
SQL: SHOW COLUMNS FROM `ego_bus` [ RunTime:0.0010s ]
SQL: SELECT * FROM `ego_bus`  [ RunTime:0.0002s ]

[ 2016-09-24T16:32:32+08:00 ] ::1 /coding/API/eGoServer/index.php/api/bus.html
INFO: [ app_init ] --START--
INFO: Run Behavior\BuildLiteBehavior [ RunTime:0.000017s ]
INFO: [ app_init ] --END-- [ RunTime:0.000442s ]
INFO: [ app_begin ] --START--
INFO: Run Behavior\ReadHtmlCacheBehavior [ RunTime:0.000631s ]
INFO: [ app_begin ] --END-- [ RunTime:0.000718s ]
SQL: SHOW COLUMNS FROM `ego_bus` [ RunTime:0.0019s ]
SQL: SELECT * FROM `ego_bus`  [ RunTime:0.0002s ]

[ 2016-09-24T16:32:37+08:00 ] ::1 /coding/API/eGoServer/index.php/api/bus.html
INFO: [ app_init ] --START--
INFO: Run Behavior\BuildLiteBehavior [ RunTime:0.000027s ]
INFO: [ app_init ] --END-- [ RunTime:0.000764s ]
INFO: [ app_begin ] --START--
INFO: Run Behavior\ReadHtmlCacheBehavior [ RunTime:0.000586s ]
INFO: [ app_begin ] --END-- [ RunTime:0.000672s ]
SQL: SHOW COLUMNS FROM `ego_bus` [ RunTime:0.0019s ]
SQL: SELECT * FROM `ego_bus`  [ RunTime:0.0002s ]

[ 2016-09-24T16:32:42+08:00 ] ::1 /coding/API/eGoServer/index.php/api/bus.html
INFO: [ app_init ] --START--
INFO: Run Behavior\BuildLiteBehavior [ RunTime:0.000012s ]
INFO: [ app_init ] --END-- [ RunTime:0.000308s ]
INFO: [ app_begin ] --START--
INFO: Run Behavior\ReadHtmlCacheBehavior [ RunTime:0.000432s ]
INFO: [ app_begin ] --END-- [ RunTime:0.000485s ]
SQL: SHOW COLUMNS FROM `ego_bus` [ RunTime:0.0020s ]
SQL: SELECT * FROM `ego_bus`  [ RunTime:0.0002s ]

[ 2016-09-24T16:32:47+08:00 ] ::1 /coding/API/eGoServer/index.php/api/bus.html
INFO: [ app_init ] --START--
INFO: Run Behavior\BuildLiteBehavior [ RunTime:0.000016s ]
INFO: [ app_init ] --END-- [ RunTime:0.000353s ]
INFO: [ app_begin ] --START--
INFO: Run Behavior\ReadHtmlCacheBehavior [ RunTime:0.000948s ]
INFO: [ app_begin ] --END-- [ RunTime:0.001068s ]
SQL: SHOW COLUMNS FROM `ego_bus` [ RunTime:0.0019s ]
SQL: SELECT * FROM `ego_bus`  [ RunTime:0.0002s ]

[ 2016-09-24T16:32:52+08:00 ] ::1 /coding/API/eGoServer/index.php/api/bus.html
INFO: [ app_init ] --START--
INFO: Run Behavior\BuildLiteBehavior [ RunTime:0.000014s ]
INFO: [ app_init ] --END-- [ RunTime:0.000315s ]
INFO: [ app_begin ] --START--
INFO: Run Behavior\ReadHtmlCacheBehavior [ RunTime:0.000411s ]
INFO: [ app_begin ] --END-- [ RunTime:0.000462s ]
SQL: SHOW COLUMNS FROM `ego_bus` [ RunTime:0.0023s ]
SQL: SELECT * FROM `ego_bus`  [ RunTime:0.0002s ]

[ 2016-09-24T16:32:57+08:00 ] ::1 /coding/API/eGoServer/index.php/api/bus.html
INFO: [ app_init ] --START--
INFO: Run Behavior\BuildLiteBehavior [ RunTime:0.000020s ]
INFO: [ app_init ] --END-- [ RunTime:0.000537s ]
INFO: [ app_begin ] --START--
INFO: Run Behavior\ReadHtmlCacheBehavior [ RunTime:0.000678s ]
INFO: [ app_begin ] --END-- [ RunTime:0.000748s ]
SQL: SHOW COLUMNS FROM `ego_bus` [ RunTime:0.0020s ]
SQL: SELECT * FROM `ego_bus`  [ RunTime:0.0003s ]

[ 2016-09-24T16:33:02+08:00 ] ::1 /coding/API/eGoServer/index.php/api/bus.html
INFO: [ app_init ] --START--
INFO: Run Behavior\BuildLiteBehavior [ RunTime:0.000016s ]
INFO: [ app_init ] --END-- [ RunTime:0.000400s ]
INFO: [ app_begin ] --START--
INFO: Run Behavior\ReadHtmlCacheBehavior [ RunTime:0.000465s ]
INFO: [ app_begin ] --END-- [ RunTime:0.000524s ]
SQL: SHOW COLUMNS FROM `ego_bus` [ RunTime:0.0019s ]
SQL: SELECT * FROM `ego_bus`  [ RunTime:0.0002s ]

[ 2016-09-24T16:33:07+08:00 ] ::1 /coding/API/eGoServer/index.php/api/bus.html
INFO: [ app_init ] --START--
INFO: Run Behavior\BuildLiteBehavior [ RunTime:0.000026s ]
INFO: [ app_init ] --END-- [ RunTime:0.000639s ]
INFO: [ app_begin ] --START--
INFO: Run Behavior\ReadHtmlCacheBehavior [ RunTime:0.000975s ]
INFO: [ app_begin ] --END-- [ RunTime:0.001106s ]
SQL: SHOW COLUMNS FROM `ego_bus` [ RunTime:0.0008s ]
SQL: SELECT * FROM `ego_bus`  [ RunTime:0.0002s ]

[ 2016-09-24T16:33:12+08:00 ] ::1 /coding/API/eGoServer/index.php/api/bus.html
INFO: [ app_init ] --START--
INFO: Run Behavior\BuildLiteBehavior [ RunTime:0.000071s ]
INFO: [ app_init ] --END-- [ RunTime:0.001259s ]
INFO: [ app_begin ] --START--
INFO: Run Behavior\ReadHtmlCacheBehavior [ RunTime:0.001268s ]
INFO: [ app_begin ] --END-- [ RunTime:0.001682s ]
SQL: SHOW COLUMNS FROM `ego_bus` [ RunTime:0.0023s ]
SQL: SELECT * FROM `ego_bus`  [ RunTime:0.0003s ]

[ 2016-09-24T16:33:17+08:00 ] ::1 /coding/API/eGoServer/index.php/api/bus.html
INFO: [ app_init ] --START--
INFO: Run Behavior\BuildLiteBehavior [ RunTime:0.000016s ]
INFO: [ app_init ] --END-- [ RunTime:0.000318s ]
INFO: [ app_begin ] --START--
INFO: Run Behavior\ReadHtmlCacheBehavior [ RunTime:0.000404s ]
INFO: [ app_begin ] --END-- [ RunTime:0.000456s ]
SQL: SHOW COLUMNS FROM `ego_bus` [ RunTime:0.0018s ]
SQL: SELECT * FROM `ego_bus`  [ RunTime:0.0003s ]

[ 2016-09-24T16:33:26+08:00 ] ::1 /coding/API/eGoServer/index.php/api/SystemImages/getBackgroundImage.html
INFO: [ app_init ] --START--
INFO: Run Behavior\BuildLiteBehavior [ RunTime:0.000018s ]
INFO: [ app_init ] --END-- [ RunTime:0.000529s ]
INFO: [ app_begin ] --START--
INFO: Run Behavior\ReadHtmlCacheBehavior [ RunTime:0.000475s ]
INFO: [ app_begin ] --END-- [ RunTime:0.000542s ]
ERR: 非法操作:getbackgroundimage

[ 2016-09-24T16:33:30+08:00 ] ::1 /coding/API/eGoServer/index.php/api/user/babc8f75bf076c94b981bcbac1a7f5d7/15659430523.html
INFO: [ app_init ] --START--
INFO: Run Behavior\BuildLiteBehavior [ RunTime:0.000016s ]
INFO: [ app_init ] --END-- [ RunTime:0.000342s ]
INFO: [ app_begin ] --START--
INFO: Run Behavior\ReadHtmlCacheBehavior [ RunTime:0.000768s ]
INFO: [ app_begin ] --END-- [ RunTime:0.000863s ]
SQL: SHOW COLUMNS FROM `ego_user` [ RunTime:0.0093s ]
SQL: SELECT * FROM `ego_user` WHERE ( token = 'babc8f75bf076c94b981bcbac1a7f5d7' ) LIMIT 1   [ RunTime:0.0004s ]
SQL: SELECT `name`,`gender`,`tel`,`email`,`nickname`,`signature`,`avatar`,`school`,`college`,`major`,`stu_num` FROM `ego_user` WHERE ( tel = '15659430523' ) LIMIT 1   [ RunTime:0.0004s ]

[ 2016-09-24T16:33:31+08:00 ] ::1 /coding/API/eGoServer/index.php/api/bus.html
INFO: [ app_init ] --START--
INFO: Run Behavior\BuildLiteBehavior [ RunTime:0.000022s ]
INFO: [ app_init ] --END-- [ RunTime:0.000468s ]
INFO: [ app_begin ] --START--
INFO: Run Behavior\ReadHtmlCacheBehavior [ RunTime:0.000571s ]
INFO: [ app_begin ] --END-- [ RunTime:0.000642s ]
SQL: SHOW COLUMNS FROM `ego_bus` [ RunTime:0.0013s ]
SQL: SELECT * FROM `ego_bus`  [ RunTime:0.0004s ]

[ 2016-09-24T16:33:37+08:00 ] ::1 /coding/API/eGoServer/index.php/api/bus.html
INFO: [ app_init ] --START--
INFO: Run Behavior\BuildLiteBehavior [ RunTime:0.000015s ]
INFO: [ app_init ] --END-- [ RunTime:0.000331s ]
INFO: [ app_begin ] --START--
INFO: Run Behavior\ReadHtmlCacheBehavior [ RunTime:0.000424s ]
INFO: [ app_begin ] --END-- [ RunTime:0.000479s ]
SQL: SHOW COLUMNS FROM `ego_bus` [ RunTime:0.0017s ]
SQL: SELECT * FROM `ego_bus`  [ RunTime:0.0002s ]

[ 2016-09-24T16:33:44+08:00 ] ::1 /coding/API/eGoServer/index.php/api/bus.html
INFO: [ app_init ] --START--
INFO: Run Behavior\BuildLiteBehavior [ RunTime:0.000013s ]
INFO: [ app_init ] --END-- [ RunTime:0.000350s ]
INFO: [ app_begin ] --START--
INFO: Run Behavior\ReadHtmlCacheBehavior [ RunTime:0.000426s ]
INFO: [ app_begin ] --END-- [ RunTime:0.000477s ]
SQL: SHOW COLUMNS FROM `ego_bus` [ RunTime:0.0023s ]
SQL: SELECT * FROM `ego_bus`  [ RunTime:0.0004s ]

[ 2016-09-24T16:33:47+08:00 ] ::1 /coding/API/eGoServer/index.php/api/bus.html
INFO: [ app_init ] --START--
INFO: Run Behavior\BuildLiteBehavior [ RunTime:0.000017s ]
INFO: [ app_init ] --END-- [ RunTime:0.000466s ]
INFO: [ app_begin ] --START--
INFO: Run Behavior\ReadHtmlCacheBehavior [ RunTime:0.000436s ]
INFO: [ app_begin ] --END-- [ RunTime:0.000492s ]
SQL: SHOW COLUMNS FROM `ego_bus` [ RunTime:0.0019s ]
SQL: SELECT * FROM `ego_bus`  [ RunTime:0.0003s ]

[ 2016-09-24T16:33:51+08:00 ] ::1 /coding/API/eGoServer/index.php/api/bus.html
INFO: [ app_init ] --START--
INFO: Run Behavior\BuildLiteBehavior [ RunTime:0.000013s ]
INFO: [ app_init ] --END-- [ RunTime:0.000315s ]
INFO: [ app_begin ] --START--
INFO: Run Behavior\ReadHtmlCacheBehavior [ RunTime:0.000447s ]
INFO: [ app_begin ] --END-- [ RunTime:0.000507s ]
SQL: SHOW COLUMNS FROM `ego_bus` [ RunTime:0.0023s ]
SQL: SELECT * FROM `ego_bus`  [ RunTime:0.0003s ]

[ 2016-09-24T16:33:51+08:00 ] ::1 /coding/API/eGoServer/index.php/api/image/banner-images
INFO: [ app_init ] --START--
INFO: Run Behavior\BuildLiteBehavior [ RunTime:0.000027s ]
INFO: [ app_init ] --END-- [ RunTime:0.000618s ]
INFO: [ app_begin ] --START--
INFO: Run Behavior\ReadHtmlCacheBehavior [ RunTime:0.000858s ]
INFO: [ app_begin ] --END-- [ RunTime:0.000958s ]
SQL: SHOW COLUMNS FROM `ego_system_images` [ RunTime:0.0029s ]
SQL: SELECT `value` FROM `ego_system_images` WHERE ( property = 'banner' ) LIMIT 1   [ RunTime:0.0004s ]

[ 2016-09-24T16:33:55+08:00 ] ::1 /coding/API/eGoServer/index.php/api/bus.html
INFO: [ app_init ] --START--
INFO: Run Behavior\BuildLiteBehavior [ RunTime:0.000015s ]
INFO: [ app_init ] --END-- [ RunTime:0.000321s ]
INFO: [ app_begin ] --START--
INFO: Run Behavior\ReadHtmlCacheBehavior [ RunTime:0.000411s ]
INFO: [ app_begin ] --END-- [ RunTime:0.000462s ]
SQL: SHOW COLUMNS FROM `ego_bus` [ RunTime:0.0018s ]
SQL: SELECT * FROM `ego_bus`  [ RunTime:0.0005s ]

[ 2016-09-24T16:33:59+08:00 ] ::1 /coding/API/eGoServer/index.php/api/bus.html
INFO: [ app_init ] --START--
INFO: Run Behavior\BuildLiteBehavior [ RunTime:0.000013s ]
INFO: [ app_init ] --END-- [ RunTime:0.000312s ]
INFO: [ app_begin ] --START--
INFO: Run Behavior\ReadHtmlCacheBehavior [ RunTime:0.000408s ]
INFO: [ app_begin ] --END-- [ RunTime:0.000461s ]
SQL: SHOW COLUMNS FROM `ego_bus` [ RunTime:0.0019s ]
SQL: SELECT * FROM `ego_bus`  [ RunTime:0.0003s ]

[ 2016-09-24T16:34:04+08:00 ] ::1 /coding/API/eGoServer/index.php/api/bus.html
INFO: [ app_init ] --START--
INFO: Run Behavior\BuildLiteBehavior [ RunTime:0.000014s ]
INFO: [ app_init ] --END-- [ RunTime:0.000317s ]
INFO: [ app_begin ] --START--
INFO: Run Behavior\ReadHtmlCacheBehavior [ RunTime:0.000464s ]
INFO: [ app_begin ] --END-- [ RunTime:0.000526s ]
SQL: SHOW COLUMNS FROM `ego_bus` [ RunTime:0.0018s ]
SQL: SELECT * FROM `ego_bus`  [ RunTime:0.0002s ]

[ 2016-09-24T16:34:09+08:00 ] ::1 /coding/API/eGoServer/index.php/api/bus.html
INFO: [ app_init ] --START--
INFO: Run Behavior\BuildLiteBehavior [ RunTime:0.000016s ]
INFO: [ app_init ] --END-- [ RunTime:0.000351s ]
INFO: [ app_begin ] --START--
INFO: Run Behavior\ReadHtmlCacheBehavior [ RunTime:0.000587s ]
INFO: [ app_begin ] --END-- [ RunTime:0.000701s ]
SQL: SHOW COLUMNS FROM `ego_bus` [ RunTime:0.0021s ]
SQL: SELECT * FROM `ego_bus`  [ RunTime:0.0003s ]

[ 2016-09-24T16:34:14+08:00 ] ::1 /coding/API/eGoServer/index.php/api/bus.html
INFO: [ app_init ] --START--
INFO: Run Behavior\BuildLiteBehavior [ RunTime:0.000017s ]
INFO: [ app_init ] --END-- [ RunTime:0.000368s ]
INFO: [ app_begin ] --START--
INFO: Run Behavior\ReadHtmlCacheBehavior [ RunTime:0.000777s ]
INFO: [ app_begin ] --END-- [ RunTime:0.000877s ]
SQL: SHOW COLUMNS FROM `ego_bus` [ RunTime:0.0019s ]
SQL: SELECT * FROM `ego_bus`  [ RunTime:0.0002s ]

[ 2016-09-24T16:34:18+08:00 ] ::1 /coding/API/eGoServer/index.php/api/bus.html
INFO: [ app_init ] --START--
INFO: Run Behavior\BuildLiteBehavior [ RunTime:0.000022s ]
INFO: [ app_init ] --END-- [ RunTime:0.000508s ]
INFO: [ app_begin ] --START--
INFO: Run Behavior\ReadHtmlCacheBehavior [ RunTime:0.000478s ]
INFO: [ app_begin ] --END-- [ RunTime:0.000548s ]
SQL: SHOW COLUMNS FROM `ego_bus` [ RunTime:0.0019s ]
SQL: SELECT * FROM `ego_bus`  [ RunTime:0.0002s ]

[ 2016-09-24T16:34:24+08:00 ] ::1 /coding/API/eGoServer/index.php/api/bus.html
INFO: [ app_init ] --START--
INFO: Run Behavior\BuildLiteBehavior [ RunTime:0.000024s ]
INFO: [ app_init ] --END-- [ RunTime:0.000728s ]
INFO: [ app_begin ] --START--
INFO: Run Behavior\ReadHtmlCacheBehavior [ RunTime:0.000810s ]
INFO: [ app_begin ] --END-- [ RunTime:0.000933s ]
SQL: SHOW COLUMNS FROM `ego_bus` [ RunTime:0.0018s ]
SQL: SELECT * FROM `ego_bus`  [ RunTime:0.0002s ]

[ 2016-09-24T16:34:29+08:00 ] ::1 /coding/API/eGoServer/index.php/api/bus.html
INFO: [ app_init ] --START--
INFO: Run Behavior\BuildLiteBehavior [ RunTime:0.000018s ]
INFO: [ app_init ] --END-- [ RunTime:0.000371s ]
INFO: [ app_begin ] --START--
INFO: Run Behavior\ReadHtmlCacheBehavior [ RunTime:0.000473s ]
INFO: [ app_begin ] --END-- [ RunTime:0.000537s ]
SQL: SHOW COLUMNS FROM `ego_bus` [ RunTime:0.0024s ]
SQL: SELECT * FROM `ego_bus`  [ RunTime:0.0003s ]

[ 2016-09-24T16:34:33+08:00 ] ::1 /coding/API/eGoServer/index.php/api/bus.html
INFO: [ app_init ] --START--
INFO: Run Behavior\BuildLiteBehavior [ RunTime:0.000014s ]
INFO: [ app_init ] --END-- [ RunTime:0.000329s ]
INFO: [ app_begin ] --START--
INFO: Run Behavior\ReadHtmlCacheBehavior [ RunTime:0.000476s ]
INFO: [ app_begin ] --END-- [ RunTime:0.000573s ]
SQL: SHOW COLUMNS FROM `ego_bus` [ RunTime:0.0008s ]
SQL: SELECT * FROM `ego_bus`  [ RunTime:0.0002s ]

[ 2016-09-24T16:34:39+08:00 ] ::1 /coding/API/eGoServer/index.php/api/bus.html
INFO: [ app_init ] --START--
INFO: Run Behavior\BuildLiteBehavior [ RunTime:0.000018s ]
INFO: [ app_init ] --END-- [ RunTime:0.000493s ]
INFO: [ app_begin ] --START--
INFO: Run Behavior\ReadHtmlCacheBehavior [ RunTime:0.001739s ]
INFO: [ app_begin ] --END-- [ RunTime:0.002112s ]
SQL: SHOW COLUMNS FROM `ego_bus` [ RunTime:0.0021s ]
SQL: SELECT * FROM `ego_bus`  [ RunTime:0.0003s ]

[ 2016-09-24T16:34:44+08:00 ] ::1 /coding/API/eGoServer/index.php/api/bus.html
INFO: [ app_init ] --START--
INFO: Run Behavior\BuildLiteBehavior [ RunTime:0.000015s ]
INFO: [ app_init ] --END-- [ RunTime:0.000319s ]
INFO: [ app_begin ] --START--
INFO: Run Behavior\ReadHtmlCacheBehavior [ RunTime:0.000597s ]
INFO: [ app_begin ] --END-- [ RunTime:0.000698s ]
SQL: SHOW COLUMNS FROM `ego_bus` [ RunTime:0.0020s ]
SQL: SELECT * FROM `ego_bus`  [ RunTime:0.0003s ]

[ 2016-09-24T16:34:48+08:00 ] ::1 /coding/API/eGoServer/index.php/api/bus.html
INFO: [ app_init ] --START--
INFO: Run Behavior\BuildLiteBehavior [ RunTime:0.000013s ]
INFO: [ app_init ] --END-- [ RunTime:0.000312s ]
INFO: [ app_begin ] --START--
INFO: Run Behavior\ReadHtmlCacheBehavior [ RunTime:0.000413s ]
INFO: [ app_begin ] --END-- [ RunTime:0.000465s ]
SQL: SHOW COLUMNS FROM `ego_bus` [ RunTime:0.0018s ]
SQL: SELECT * FROM `ego_bus`  [ RunTime:0.0002s ]

[ 2016-09-24T16:34:54+08:00 ] ::1 /coding/API/eGoServer/index.php/api/bus.html
INFO: [ app_init ] --START--
INFO: Run Behavior\BuildLiteBehavior [ RunTime:0.000014s ]
INFO: [ app_init ] --END-- [ RunTime:0.000316s ]
INFO: [ app_begin ] --START--
INFO: Run Behavior\ReadHtmlCacheBehavior [ RunTime:0.000409s ]
INFO: [ app_begin ] --END-- [ RunTime:0.000462s ]
SQL: SHOW COLUMNS FROM `ego_bus` [ RunTime:0.0023s ]
SQL: SELECT * FROM `ego_bus`  [ RunTime:0.0003s ]

[ 2016-09-24T16:34:59+08:00 ] ::1 /coding/API/eGoServer/index.php/api/bus.html
INFO: [ app_init ] --START--
INFO: Run Behavior\BuildLiteBehavior [ RunTime:0.000030s ]
INFO: [ app_init ] --END-- [ RunTime:0.000672s ]
INFO: [ app_begin ] --START--
INFO: Run Behavior\ReadHtmlCacheBehavior [ RunTime:0.000808s ]
INFO: [ app_begin ] --END-- [ RunTime:0.000924s ]
SQL: SHOW COLUMNS FROM `ego_bus` [ RunTime:0.0012s ]
SQL: SELECT * FROM `ego_bus`  [ RunTime:0.0006s ]

[ 2016-09-24T16:35:13+08:00 ] ::1 /coding/API/eGoServer/index.php/api/bus.html
INFO: [ app_init ] --START--
INFO: Run Behavior\BuildLiteBehavior [ RunTime:0.000013s ]
INFO: [ app_init ] --END-- [ RunTime:0.000316s ]
INFO: [ app_begin ] --START--
INFO: Run Behavior\ReadHtmlCacheBehavior [ RunTime:0.000518s ]
INFO: [ app_begin ] --END-- [ RunTime:0.000582s ]
SQL: SHOW COLUMNS FROM `ego_bus` [ RunTime:0.0017s ]
SQL: SELECT * FROM `ego_bus`  [ RunTime:0.0002s ]

[ 2016-09-24T16:35:15+08:00 ] ::1 /coding/API/eGoServer/index.php/api/building
INFO: [ app_init ] --START--
INFO: Run Behavior\BuildLiteBehavior [ RunTime:0.000026s ]
INFO: [ app_init ] --END-- [ RunTime:0.000453s ]
INFO: [ app_begin ] --START--
INFO: Run Behavior\ReadHtmlCacheBehavior [ RunTime:0.000604s ]
INFO: [ app_begin ] --END-- [ RunTime:0.000682s ]
SQL: SHOW COLUMNS FROM `ego_building` [ RunTime:0.0022s ]
SQL: SELECT * FROM `ego_building`  [ RunTime:0.0004s ]

[ 2016-09-24T16:35:17+08:00 ] ::1 /coding/API/eGoServer/index.php/api/building
INFO: [ app_init ] --START--
INFO: Run Behavior\BuildLiteBehavior [ RunTime:0.000036s ]
INFO: [ app_init ] --END-- [ RunTime:0.000734s ]
INFO: [ app_begin ] --START--
INFO: Run Behavior\ReadHtmlCacheBehavior [ RunTime:0.000588s ]
INFO: [ app_begin ] --END-- [ RunTime:0.000661s ]
SQL: SHOW COLUMNS FROM `ego_building` [ RunTime:0.0021s ]
SQL: SELECT * FROM `ego_building`  [ RunTime:0.0004s ]

[ 2016-09-24T16:35:26+08:00 ] ::1 /coding/API/eGoServer/index.php/api/bus.html
INFO: [ app_init ] --START--
INFO: Run Behavior\BuildLiteBehavior [ RunTime:0.000013s ]
INFO: [ app_init ] --END-- [ RunTime:0.000309s ]
INFO: [ app_begin ] --START--
INFO: Run Behavior\ReadHtmlCacheBehavior [ RunTime:0.000402s ]
INFO: [ app_begin ] --END-- [ RunTime:0.000454s ]
SQL: SHOW COLUMNS FROM `ego_bus` [ RunTime:0.0020s ]
SQL: SELECT * FROM `ego_bus`  [ RunTime:0.0002s ]

[ 2016-09-24T16:36:47+08:00 ] ::1 /coding/API/eGoServer/index.php/api/bus.html
INFO: [ app_init ] --START--
INFO: Run Behavior\BuildLiteBehavior [ RunTime:0.000016s ]
INFO: [ app_init ] --END-- [ RunTime:0.000505s ]
INFO: [ app_begin ] --START--
INFO: Run Behavior\ReadHtmlCacheBehavior [ RunTime:0.000701s ]
INFO: [ app_begin ] --END-- [ RunTime:0.000779s ]
SQL: SHOW COLUMNS FROM `ego_bus` [ RunTime:0.0011s ]
SQL: SELECT * FROM `ego_bus`  [ RunTime:0.0006s ]

[ 2016-09-24T16:36:52+08:00 ] ::1 /coding/API/eGoServer/index.php/api/bus.html
INFO: [ app_init ] --START--
INFO: Run Behavior\BuildLiteBehavior [ RunTime:0.000016s ]
INFO: [ app_init ] --END-- [ RunTime:0.000399s ]
INFO: [ app_begin ] --START--
INFO: Run Behavior\ReadHtmlCacheBehavior [ RunTime:0.000480s ]
INFO: [ app_begin ] --END-- [ RunTime:0.000539s ]
SQL: SHOW COLUMNS FROM `ego_bus` [ RunTime:0.0017s ]
SQL: SELECT * FROM `ego_bus`  [ RunTime:0.0002s ]

[ 2016-09-24T16:36:55+08:00 ] ::1 /coding/API/eGoServer/index.php/api/bus.html
INFO: [ app_init ] --START--
INFO: Run Behavior\BuildLiteBehavior [ RunTime:0.000026s ]
INFO: [ app_init ] --END-- [ RunTime:0.000623s ]
INFO: [ app_begin ] --START--
INFO: Run Behavior\ReadHtmlCacheBehavior [ RunTime:0.001254s ]
INFO: [ app_begin ] --END-- [ RunTime:0.001370s ]
SQL: SHOW COLUMNS FROM `ego_bus` [ RunTime:0.0023s ]
SQL: SELECT * FROM `ego_bus`  [ RunTime:0.0002s ]

[ 2016-09-24T16:36:59+08:00 ] ::1 /coding/API/eGoServer/index.php/api/bus.html
INFO: [ app_init ] --START--
INFO: Run Behavior\BuildLiteBehavior [ RunTime:0.000014s ]
INFO: [ app_init ] --END-- [ RunTime:0.000448s ]
INFO: [ app_begin ] --START--
INFO: Run Behavior\ReadHtmlCacheBehavior [ RunTime:0.000500s ]
INFO: [ app_begin ] --END-- [ RunTime:0.000577s ]
SQL: SHOW COLUMNS FROM `ego_bus` [ RunTime:0.0017s ]
SQL: SELECT * FROM `ego_bus`  [ RunTime:0.0002s ]

[ 2016-09-24T16:38:38+08:00 ] ::1 /coding/API/eGoServer/index.php/api/bus.html
INFO: [ app_init ] --START--
INFO: Run Behavior\BuildLiteBehavior [ RunTime:0.000013s ]
INFO: [ app_init ] --END-- [ RunTime:0.000317s ]
INFO: [ app_begin ] --START--
INFO: Run Behavior\ReadHtmlCacheBehavior [ RunTime:0.000596s ]
INFO: [ app_begin ] --END-- [ RunTime:0.000842s ]
SQL: SHOW COLUMNS FROM `ego_bus` [ RunTime:0.0019s ]
SQL: SELECT * FROM `ego_bus`  [ RunTime:0.0002s ]

[ 2016-09-24T16:41:43+08:00 ] ::1 /coding/API/eGoServer/index.php/api/SystemImages/getBackgroundImage.html
INFO: [ app_init ] --START--
INFO: Run Behavior\BuildLiteBehavior [ RunTime:0.000026s ]
INFO: [ app_init ] --END-- [ RunTime:0.000899s ]
INFO: [ app_begin ] --START--
INFO: Run Behavior\ReadHtmlCacheBehavior [ RunTime:0.000848s ]
INFO: [ app_begin ] --END-- [ RunTime:0.000937s ]
ERR: 非法操作:getbackgroundimage

[ 2016-09-24T16:41:44+08:00 ] ::1 /coding/API/eGoServer/index.php/api/user/babc8f75bf076c94b981bcbac1a7f5d7/15659430523.html
INFO: [ app_init ] --START--
INFO: Run Behavior\BuildLiteBehavior [ RunTime:0.000030s ]
INFO: [ app_init ] --END-- [ RunTime:0.000637s ]
INFO: [ app_begin ] --START--
INFO: Run Behavior\ReadHtmlCacheBehavior [ RunTime:0.000848s ]
INFO: [ app_begin ] --END-- [ RunTime:0.000974s ]
SQL: SHOW COLUMNS FROM `ego_user` [ RunTime:0.0020s ]
SQL: SELECT * FROM `ego_user` WHERE ( token = 'babc8f75bf076c94b981bcbac1a7f5d7' ) LIMIT 1   [ RunTime:0.0005s ]
SQL: SELECT `name`,`gender`,`tel`,`email`,`nickname`,`signature`,`avatar`,`school`,`college`,`major`,`stu_num` FROM `ego_user` WHERE ( tel = '15659430523' ) LIMIT 1   [ RunTime:0.0004s ]

[ 2016-09-24T16:41:44+08:00 ] ::1 /coding/API/eGoServer/index.php/api/bus.html
INFO: [ app_init ] --START--
INFO: Run Behavior\BuildLiteBehavior [ RunTime:0.000026s ]
INFO: [ app_init ] --END-- [ RunTime:0.000555s ]
INFO: [ app_begin ] --START--
INFO: Run Behavior\ReadHtmlCacheBehavior [ RunTime:0.000774s ]
INFO: [ app_begin ] --END-- [ RunTime:0.000891s ]
SQL: SHOW COLUMNS FROM `ego_bus` [ RunTime:0.0011s ]
SQL: SELECT * FROM `ego_bus`  [ RunTime:0.0003s ]

[ 2016-09-24T16:42:51+08:00 ] ::1 /coding/API/eGoServer/index.php/api/SystemImages/getBackgroundImage.html
INFO: [ app_init ] --START--
INFO: Run Behavior\BuildLiteBehavior [ RunTime:0.000018s ]
INFO: [ app_init ] --END-- [ RunTime:0.000646s ]
INFO: [ app_begin ] --START--
INFO: Run Behavior\ReadHtmlCacheBehavior [ RunTime:0.000749s ]
INFO: [ app_begin ] --END-- [ RunTime:0.000828s ]
ERR: 非法操作:getbackgroundimage

[ 2016-09-24T16:42:52+08:00 ] ::1 /coding/API/eGoServer/index.php/api/user/babc8f75bf076c94b981bcbac1a7f5d7/15659430523.html
INFO: [ app_init ] --START--
INFO: Run Behavior\BuildLiteBehavior [ RunTime:0.000017s ]
INFO: [ app_init ] --END-- [ RunTime:0.000496s ]
INFO: [ app_begin ] --START--
INFO: Run Behavior\ReadHtmlCacheBehavior [ RunTime:0.000472s ]
INFO: [ app_begin ] --END-- [ RunTime:0.000539s ]
SQL: SHOW COLUMNS FROM `ego_user` [ RunTime:0.0014s ]
SQL: SELECT * FROM `ego_user` WHERE ( token = 'babc8f75bf076c94b981bcbac1a7f5d7' ) LIMIT 1   [ RunTime:0.0003s ]
SQL: SELECT `name`,`gender`,`tel`,`email`,`nickname`,`signature`,`avatar`,`school`,`college`,`major`,`stu_num` FROM `ego_user` WHERE ( tel = '15659430523' ) LIMIT 1   [ RunTime:0.0003s ]

[ 2016-09-24T16:42:52+08:00 ] ::1 /coding/API/eGoServer/index.php/api/bus.html
INFO: [ app_init ] --START--
INFO: Run Behavior\BuildLiteBehavior [ RunTime:0.000022s ]
INFO: [ app_init ] --END-- [ RunTime:0.000557s ]
INFO: [ app_begin ] --START--
INFO: Run Behavior\ReadHtmlCacheBehavior [ RunTime:0.000682s ]
INFO: [ app_begin ] --END-- [ RunTime:0.000778s ]
SQL: SHOW COLUMNS FROM `ego_bus` [ RunTime:0.0012s ]
SQL: SELECT * FROM `ego_bus`  [ RunTime:0.0002s ]

[ 2016-09-24T16:50:57+08:00 ] ::1 /coding/API/eGoServer/index.php/api/SystemImages/getBackgroundImage.html
INFO: [ app_init ] --START--
INFO: Run Behavior\BuildLiteBehavior [ RunTime:0.000023s ]
INFO: [ app_init ] --END-- [ RunTime:0.000880s ]
INFO: [ app_begin ] --START--
INFO: Run Behavior\ReadHtmlCacheBehavior [ RunTime:0.001019s ]
INFO: [ app_begin ] --END-- [ RunTime:0.001122s ]
ERR: 非法操作:getbackgroundimage

[ 2016-09-24T16:50:58+08:00 ] ::1 /coding/API/eGoServer/index.php/api/user/babc8f75bf076c94b981bcbac1a7f5d7/15659430523.html
INFO: [ app_init ] --START--
INFO: Run Behavior\BuildLiteBehavior [ RunTime:0.000029s ]
INFO: [ app_init ] --END-- [ RunTime:0.000834s ]
INFO: [ app_begin ] --START--
INFO: Run Behavior\ReadHtmlCacheBehavior [ RunTime:0.000799s ]
INFO: [ app_begin ] --END-- [ RunTime:0.000923s ]
SQL: SHOW COLUMNS FROM `ego_user` [ RunTime:0.0014s ]
SQL: SELECT * FROM `ego_user` WHERE ( token = 'babc8f75bf076c94b981bcbac1a7f5d7' ) LIMIT 1   [ RunTime:0.0003s ]
SQL: SELECT `name`,`gender`,`tel`,`email`,`nickname`,`signature`,`avatar`,`school`,`college`,`major`,`stu_num` FROM `ego_user` WHERE ( tel = '15659430523' ) LIMIT 1   [ RunTime:0.0003s ]

[ 2016-09-24T16:50:58+08:00 ] ::1 /coding/API/eGoServer/index.php/api/bus.html
INFO: [ app_init ] --START--
INFO: Run Behavior\BuildLiteBehavior [ RunTime:0.000017s ]
INFO: [ app_init ] --END-- [ RunTime:0.000369s ]
INFO: [ app_begin ] --START--
INFO: Run Behavior\ReadHtmlCacheBehavior [ RunTime:0.000801s ]
INFO: [ app_begin ] --END-- [ RunTime:0.000918s ]
SQL: SHOW COLUMNS FROM `ego_bus` [ RunTime:0.0014s ]
SQL: SELECT * FROM `ego_bus`  [ RunTime:0.0003s ]

[ 2016-09-24T16:51:03+08:00 ] ::1 /coding/API/eGoServer/index.php/api/bus.html
INFO: [ app_init ] --START--
INFO: Run Behavior\BuildLiteBehavior [ RunTime:0.000021s ]
INFO: [ app_init ] --END-- [ RunTime:0.000473s ]
INFO: [ app_begin ] --START--
INFO: Run Behavior\ReadHtmlCacheBehavior [ RunTime:0.000637s ]
INFO: [ app_begin ] --END-- [ RunTime:0.000725s ]
SQL: SHOW COLUMNS FROM `ego_bus` [ RunTime:0.0013s ]
SQL: SELECT * FROM `ego_bus`  [ RunTime:0.0003s ]

[ 2016-09-24T16:51:08+08:00 ] ::1 /coding/API/eGoServer/index.php/api/bus.html
INFO: [ app_init ] --START--
INFO: Run Behavior\BuildLiteBehavior [ RunTime:0.000020s ]
INFO: [ app_init ] --END-- [ RunTime:0.000521s ]
INFO: [ app_begin ] --START--
INFO: Run Behavior\ReadHtmlCacheBehavior [ RunTime:0.000680s ]
INFO: [ app_begin ] --END-- [ RunTime:0.000779s ]
SQL: SHOW COLUMNS FROM `ego_bus` [ RunTime:0.0009s ]
SQL: SELECT * FROM `ego_bus`  [ RunTime:0.0002s ]

[ 2016-09-24T16:51:10+08:00 ] ::1 /coding/API/eGoServer/index.php/api/image/banner-images
INFO: [ app_init ] --START--
INFO: Run Behavior\BuildLiteBehavior [ RunTime:0.000030s ]
INFO: [ app_init ] --END-- [ RunTime:0.000712s ]
INFO: [ app_begin ] --START--
INFO: Run Behavior\ReadHtmlCacheBehavior [ RunTime:0.000833s ]
INFO: [ app_begin ] --END-- [ RunTime:0.001010s ]
SQL: SHOW COLUMNS FROM `ego_system_images` [ RunTime:0.0053s ]
SQL: SELECT `value` FROM `ego_system_images` WHERE ( property = 'banner' ) LIMIT 1   [ RunTime:0.0008s ]

[ 2016-09-24T16:51:51+08:00 ] ::1 /coding/API/eGoServer/index.php/api/SystemImages/getBackgroundImage.html
INFO: [ app_init ] --START--
INFO: Run Behavior\BuildLiteBehavior [ RunTime:0.000026s ]
INFO: [ app_init ] --END-- [ RunTime:0.000673s ]
INFO: [ app_begin ] --START--
INFO: Run Behavior\ReadHtmlCacheBehavior [ RunTime:0.000940s ]
INFO: [ app_begin ] --END-- [ RunTime:0.001047s ]
ERR: 非法操作:getbackgroundimage

[ 2016-09-24T16:51:54+08:00 ] ::1 /coding/API/eGoServer/index.php/api/user/babc8f75bf076c94b981bcbac1a7f5d7/15659430523.html
INFO: [ app_init ] --START--
INFO: Run Behavior\BuildLiteBehavior [ RunTime:0.000022s ]
INFO: [ app_init ] --END-- [ RunTime:0.000456s ]
INFO: [ app_begin ] --START--
INFO: Run Behavior\ReadHtmlCacheBehavior [ RunTime:0.000627s ]
INFO: [ app_begin ] --END-- [ RunTime:0.000712s ]
SQL: SHOW COLUMNS FROM `ego_user` [ RunTime:0.0018s ]
SQL: SELECT * FROM `ego_user` WHERE ( token = 'babc8f75bf076c94b981bcbac1a7f5d7' ) LIMIT 1   [ RunTime:0.0004s ]
SQL: SELECT `name`,`gender`,`tel`,`email`,`nickname`,`signature`,`avatar`,`school`,`college`,`major`,`stu_num` FROM `ego_user` WHERE ( tel = '15659430523' ) LIMIT 1   [ RunTime:0.0004s ]

[ 2016-09-24T16:51:54+08:00 ] ::1 /coding/API/eGoServer/index.php/api/bus.html
INFO: [ app_init ] --START--
INFO: Run Behavior\BuildLiteBehavior [ RunTime:0.000031s ]
INFO: [ app_init ] --END-- [ RunTime:0.000918s ]
INFO: [ app_begin ] --START--
INFO: Run Behavior\ReadHtmlCacheBehavior [ RunTime:0.000958s ]
INFO: [ app_begin ] --END-- [ RunTime:0.001060s ]
SQL: SHOW COLUMNS FROM `ego_bus` [ RunTime:0.0018s ]
SQL: SELECT * FROM `ego_bus`  [ RunTime:0.0003s ]

[ 2016-09-24T17:12:18+08:00 ] ::1 /coding/API/eGoServer/index.php/api/SystemImages/getBackgroundImage.html
INFO: [ app_init ] --START--
INFO: Run Behavior\BuildLiteBehavior [ RunTime:0.000022s ]
INFO: [ app_init ] --END-- [ RunTime:0.000781s ]
INFO: [ app_begin ] --START--
INFO: Run Behavior\ReadHtmlCacheBehavior [ RunTime:0.000967s ]
INFO: [ app_begin ] --END-- [ RunTime:0.001068s ]
ERR: 非法操作:getbackgroundimage

[ 2016-09-24T17:12:20+08:00 ] ::1 /coding/API/eGoServer/index.php/api/user/babc8f75bf076c94b981bcbac1a7f5d7/15659430523.html
INFO: [ app_init ] --START--
INFO: Run Behavior\BuildLiteBehavior [ RunTime:0.000024s ]
INFO: [ app_init ] --END-- [ RunTime:0.000511s ]
INFO: [ app_begin ] --START--
INFO: Run Behavior\ReadHtmlCacheBehavior [ RunTime:0.000763s ]
INFO: [ app_begin ] --END-- [ RunTime:0.000953s ]
SQL: SHOW COLUMNS FROM `ego_user` [ RunTime:0.0017s ]
SQL: SELECT * FROM `ego_user` WHERE ( token = 'babc8f75bf076c94b981bcbac1a7f5d7' ) LIMIT 1   [ RunTime:0.0004s ]
SQL: SELECT `name`,`gender`,`tel`,`email`,`nickname`,`signature`,`avatar`,`school`,`college`,`major`,`stu_num` FROM `ego_user` WHERE ( tel = '15659430523' ) LIMIT 1   [ RunTime:0.0004s ]

[ 2016-09-24T17:12:20+08:00 ] ::1 /coding/API/eGoServer/index.php/api/bus.html
INFO: [ app_init ] --START--
INFO: Run Behavior\BuildLiteBehavior [ RunTime:0.000045s ]
INFO: [ app_init ] --END-- [ RunTime:0.000882s ]
INFO: [ app_begin ] --START--
INFO: Run Behavior\ReadHtmlCacheBehavior [ RunTime:0.000793s ]
INFO: [ app_begin ] --END-- [ RunTime:0.000895s ]
SQL: SHOW COLUMNS FROM `ego_bus` [ RunTime:0.0014s ]
SQL: SELECT * FROM `ego_bus`  [ RunTime:0.0003s ]

[ 2016-09-24T17:12:25+08:00 ] ::1 /coding/API/eGoServer/index.php/api/bus.html
INFO: [ app_init ] --START--
INFO: Run Behavior\BuildLiteBehavior [ RunTime:0.000021s ]
INFO: [ app_init ] --END-- [ RunTime:0.000543s ]
INFO: [ app_begin ] --START--
INFO: Run Behavior\ReadHtmlCacheBehavior [ RunTime:0.000753s ]
INFO: [ app_begin ] --END-- [ RunTime:0.000889s ]
SQL: SHOW COLUMNS FROM `ego_bus` [ RunTime:0.0015s ]
SQL: SELECT * FROM `ego_bus`  [ RunTime:0.0003s ]

[ 2016-09-24T17:12:27+08:00 ] ::1 /coding/API/eGoServer/index.php/api/image/banner-images
INFO: [ app_init ] --START--
INFO: Run Behavior\BuildLiteBehavior [ RunTime:0.000022s ]
INFO: [ app_init ] --END-- [ RunTime:0.000532s ]
INFO: [ app_begin ] --START--
INFO: Run Behavior\ReadHtmlCacheBehavior [ RunTime:0.000463s ]
INFO: [ app_begin ] --END-- [ RunTime:0.000527s ]
SQL: SHOW COLUMNS FROM `ego_system_images` [ RunTime:0.0008s ]
SQL: SELECT `value` FROM `ego_system_images` WHERE ( property = 'banner' ) LIMIT 1   [ RunTime:0.0003s ]

[ 2016-09-24T17:12:42+08:00 ] ::1 /coding/API/eGoServer/index.php/api/bus.html
INFO: [ app_init ] --START--
INFO: Run Behavior\BuildLiteBehavior [ RunTime:0.000018s ]
INFO: [ app_init ] --END-- [ RunTime:0.000447s ]
INFO: [ app_begin ] --START--
INFO: Run Behavior\ReadHtmlCacheBehavior [ RunTime:0.000603s ]
INFO: [ app_begin ] --END-- [ RunTime:0.000672s ]
SQL: SHOW COLUMNS FROM `ego_bus` [ RunTime:0.0026s ]
SQL: SELECT * FROM `ego_bus`  [ RunTime:0.0003s ]

[ 2016-09-24T17:12:45+08:00 ] ::1 /coding/API/eGoServer/index.php/api/bus.html
INFO: [ app_init ] --START--
INFO: Run Behavior\BuildLiteBehavior [ RunTime:0.000017s ]
INFO: [ app_init ] --END-- [ RunTime:0.000370s ]
INFO: [ app_begin ] --START--
INFO: Run Behavior\ReadHtmlCacheBehavior [ RunTime:0.000497s ]
INFO: [ app_begin ] --END-- [ RunTime:0.000567s ]
SQL: SHOW COLUMNS FROM `ego_bus` [ RunTime:0.0021s ]
SQL: SELECT * FROM `ego_bus`  [ RunTime:0.0002s ]

[ 2016-09-24T17:12:50+08:00 ] ::1 /coding/API/eGoServer/index.php/api/bus.html
INFO: [ app_init ] --START--
INFO: Run Behavior\BuildLiteBehavior [ RunTime:0.000015s ]
INFO: [ app_init ] --END-- [ RunTime:0.000340s ]
INFO: [ app_begin ] --START--
INFO: Run Behavior\ReadHtmlCacheBehavior [ RunTime:0.000509s ]
INFO: [ app_begin ] --END-- [ RunTime:0.000580s ]
SQL: SHOW COLUMNS FROM `ego_bus` [ RunTime:0.0018s ]
SQL: SELECT * FROM `ego_bus`  [ RunTime:0.0002s ]

[ 2016-09-24T17:12:55+08:00 ] ::1 /coding/API/eGoServer/index.php/api/bus.html
INFO: [ app_init ] --START--
INFO: Run Behavior\BuildLiteBehavior [ RunTime:0.000013s ]
INFO: [ app_init ] --END-- [ RunTime:0.000380s ]
INFO: [ app_begin ] --START--
INFO: Run Behavior\ReadHtmlCacheBehavior [ RunTime:0.000790s ]
INFO: [ app_begin ] --END-- [ RunTime:0.000891s ]
SQL: SHOW COLUMNS FROM `ego_bus` [ RunTime:0.0025s ]
SQL: SELECT * FROM `ego_bus`  [ RunTime:0.0003s ]

[ 2016-09-24T17:13:00+08:00 ] ::1 /coding/API/eGoServer/index.php/api/bus.html
INFO: [ app_init ] --START--
INFO: Run Behavior\BuildLiteBehavior [ RunTime:0.000016s ]
INFO: [ app_init ] --END-- [ RunTime:0.000353s ]
INFO: [ app_begin ] --START--
INFO: Run Behavior\ReadHtmlCacheBehavior [ RunTime:0.000533s ]
INFO: [ app_begin ] --END-- [ RunTime:0.000609s ]
SQL: SHOW COLUMNS FROM `ego_bus` [ RunTime:0.0020s ]
SQL: SELECT * FROM `ego_bus`  [ RunTime:0.0003s ]

[ 2016-09-24T17:13:05+08:00 ] ::1 /coding/API/eGoServer/index.php/api/bus.html
INFO: [ app_init ] --START--
INFO: Run Behavior\BuildLiteBehavior [ RunTime:0.000017s ]
INFO: [ app_init ] --END-- [ RunTime:0.000380s ]
INFO: [ app_begin ] --START--
INFO: Run Behavior\ReadHtmlCacheBehavior [ RunTime:0.000539s ]
INFO: [ app_begin ] --END-- [ RunTime:0.000607s ]
SQL: SHOW COLUMNS FROM `ego_bus` [ RunTime:0.0008s ]
SQL: SELECT * FROM `ego_bus`  [ RunTime:0.0002s ]

[ 2016-09-24T17:13:10+08:00 ] ::1 /coding/API/eGoServer/index.php/api/bus.html
INFO: [ app_init ] --START--
INFO: Run Behavior\BuildLiteBehavior [ RunTime:0.000013s ]
INFO: [ app_init ] --END-- [ RunTime:0.000311s ]
INFO: [ app_begin ] --START--
INFO: Run Behavior\ReadHtmlCacheBehavior [ RunTime:0.000436s ]
INFO: [ app_begin ] --END-- [ RunTime:0.000495s ]
SQL: SHOW COLUMNS FROM `ego_bus` [ RunTime:0.0019s ]
SQL: SELECT * FROM `ego_bus`  [ RunTime:0.0003s ]

[ 2016-09-24T17:13:15+08:00 ] ::1 /coding/API/eGoServer/index.php/api/bus.html
INFO: [ app_init ] --START--
INFO: Run Behavior\BuildLiteBehavior [ RunTime:0.000024s ]
INFO: [ app_init ] --END-- [ RunTime:0.000564s ]
INFO: [ app_begin ] --START--
INFO: Run Behavior\ReadHtmlCacheBehavior [ RunTime:0.000803s ]
INFO: [ app_begin ] --END-- [ RunTime:0.000928s ]
SQL: SHOW COLUMNS FROM `ego_bus` [ RunTime:0.0021s ]
SQL: SELECT * FROM `ego_bus`  [ RunTime:0.0003s ]

[ 2016-09-24T17:13:20+08:00 ] ::1 /coding/API/eGoServer/index.php/api/bus.html
INFO: [ app_init ] --START--
INFO: Run Behavior\BuildLiteBehavior [ RunTime:0.000014s ]
INFO: [ app_init ] --END-- [ RunTime:0.000313s ]
INFO: [ app_begin ] --START--
INFO: Run Behavior\ReadHtmlCacheBehavior [ RunTime:0.000453s ]
INFO: [ app_begin ] --END-- [ RunTime:0.000515s ]
SQL: SHOW COLUMNS FROM `ego_bus` [ RunTime:0.0020s ]
SQL: SELECT * FROM `ego_bus`  [ RunTime:0.0002s ]

[ 2016-09-24T17:13:25+08:00 ] ::1 /coding/API/eGoServer/index.php/api/bus.html
INFO: [ app_init ] --START--
INFO: Run Behavior\BuildLiteBehavior [ RunTime:0.000014s ]
INFO: [ app_init ] --END-- [ RunTime:0.000313s ]
INFO: [ app_begin ] --START--
INFO: Run Behavior\ReadHtmlCacheBehavior [ RunTime:0.000945s ]
INFO: [ app_begin ] --END-- [ RunTime:0.001034s ]
SQL: SHOW COLUMNS FROM `ego_bus` [ RunTime:0.0019s ]
SQL: SELECT * FROM `ego_bus`  [ RunTime:0.0002s ]

[ 2016-09-24T17:13:30+08:00 ] ::1 /coding/API/eGoServer/index.php/api/bus.html
INFO: [ app_init ] --START--
INFO: Run Behavior\BuildLiteBehavior [ RunTime:0.000015s ]
INFO: [ app_init ] --END-- [ RunTime:0.000314s ]
INFO: [ app_begin ] --START--
INFO: Run Behavior\ReadHtmlCacheBehavior [ RunTime:0.000407s ]
INFO: [ app_begin ] --END-- [ RunTime:0.000459s ]
SQL: SHOW COLUMNS FROM `ego_bus` [ RunTime:0.0013s ]
SQL: SELECT * FROM `ego_bus`  [ RunTime:0.0002s ]

[ 2016-09-24T17:13:35+08:00 ] ::1 /coding/API/eGoServer/index.php/api/bus.html
INFO: [ app_init ] --START--
INFO: Run Behavior\BuildLiteBehavior [ RunTime:0.000027s ]
INFO: [ app_init ] --END-- [ RunTime:0.000812s ]
INFO: [ app_begin ] --START--
INFO: Run Behavior\ReadHtmlCacheBehavior [ RunTime:0.000807s ]
INFO: [ app_begin ] --END-- [ RunTime:0.000927s ]
SQL: SHOW COLUMNS FROM `ego_bus` [ RunTime:0.0020s ]
SQL: SELECT * FROM `ego_bus`  [ RunTime:0.0003s ]

[ 2016-09-24T17:13:40+08:00 ] ::1 /coding/API/eGoServer/index.php/api/bus.html
INFO: [ app_init ] --START--
INFO: Run Behavior\BuildLiteBehavior [ RunTime:0.000016s ]
INFO: [ app_init ] --END-- [ RunTime:0.000366s ]
INFO: [ app_begin ] --START--
INFO: Run Behavior\ReadHtmlCacheBehavior [ RunTime:0.000579s ]
INFO: [ app_begin ] --END-- [ RunTime:0.000657s ]
SQL: SHOW COLUMNS FROM `ego_bus` [ RunTime:0.0021s ]
SQL: SELECT * FROM `ego_bus`  [ RunTime:0.0003s ]

[ 2016-09-24T17:13:45+08:00 ] ::1 /coding/API/eGoServer/index.php/api/bus.html
INFO: [ app_init ] --START--
INFO: Run Behavior\BuildLiteBehavior [ RunTime:0.000015s ]
INFO: [ app_init ] --END-- [ RunTime:0.000338s ]
INFO: [ app_begin ] --START--
INFO: Run Behavior\ReadHtmlCacheBehavior [ RunTime:0.000425s ]
INFO: [ app_begin ] --END-- [ RunTime:0.000479s ]
SQL: SHOW COLUMNS FROM `ego_bus` [ RunTime:0.0020s ]
SQL: SELECT * FROM `ego_bus`  [ RunTime:0.0002s ]

[ 2016-09-24T17:13:50+08:00 ] ::1 /coding/API/eGoServer/index.php/api/bus.html
INFO: [ app_init ] --START--
INFO: Run Behavior\BuildLiteBehavior [ RunTime:0.000014s ]
INFO: [ app_init ] --END-- [ RunTime:0.000314s ]
INFO: [ app_begin ] --START--
INFO: Run Behavior\ReadHtmlCacheBehavior [ RunTime:0.000445s ]
INFO: [ app_begin ] --END-- [ RunTime:0.000500s ]
SQL: SHOW COLUMNS FROM `ego_bus` [ RunTime:0.0027s ]
SQL: SELECT * FROM `ego_bus`  [ RunTime:0.0003s ]

[ 2016-09-24T17:13:55+08:00 ] ::1 /coding/API/eGoServer/index.php/api/bus.html
INFO: [ app_init ] --START--
INFO: Run Behavior\BuildLiteBehavior [ RunTime:0.000016s ]
INFO: [ app_init ] --END-- [ RunTime:0.000353s ]
INFO: [ app_begin ] --START--
INFO: Run Behavior\ReadHtmlCacheBehavior [ RunTime:0.000478s ]
INFO: [ app_begin ] --END-- [ RunTime:0.000544s ]
SQL: SHOW COLUMNS FROM `ego_bus` [ RunTime:0.0019s ]
SQL: SELECT * FROM `ego_bus`  [ RunTime:0.0002s ]

[ 2016-09-24T17:14:00+08:00 ] ::1 /coding/API/eGoServer/index.php/api/bus.html
INFO: [ app_init ] --START--
INFO: Run Behavior\BuildLiteBehavior [ RunTime:0.000016s ]
INFO: [ app_init ] --END-- [ RunTime:0.000422s ]
INFO: [ app_begin ] --START--
INFO: Run Behavior\ReadHtmlCacheBehavior [ RunTime:0.000455s ]
INFO: [ app_begin ] --END-- [ RunTime:0.000517s ]
SQL: SHOW COLUMNS FROM `ego_bus` [ RunTime:0.0022s ]
SQL: SELECT * FROM `ego_bus`  [ RunTime:0.0017s ]

