[ 2016-09-01T13:27:14+08:00 ] ::1 /coding/API/eGoServer/index.php/api/bus.html
INFO: [ app_init ] --START--
INFO: Run Behavior\BuildLiteBehavior [ RunTime:0.000023s ]
INFO: [ app_init ] --END-- [ RunTime:0.000738s ]
INFO: [ app_begin ] --START--
INFO: Run Behavior\ReadHtmlCacheBehavior [ RunTime:0.000980s ]
INFO: [ app_begin ] --END-- [ RunTime:0.001092s ]
SQL: SHOW COLUMNS FROM `ego_bus` [ RunTime:0.0062s ]
SQL: SELECT * FROM `ego_bus`  [ RunTime:0.0027s ]

[ 2016-09-01T13:27:17+08:00 ] ::1 /coding/API/eGoServer/index.php/api/bus.html
INFO: [ app_init ] --START--
INFO: Run Behavior\BuildLiteBehavior [ RunTime:0.000020s ]
INFO: [ app_init ] --END-- [ RunTime:0.000427s ]
INFO: [ app_begin ] --START--
INFO: Run Behavior\ReadHtmlCacheBehavior [ RunTime:0.000449s ]
INFO: [ app_begin ] --END-- [ RunTime:0.000511s ]
SQL: SHOW COLUMNS FROM `ego_bus` [ RunTime:0.0017s ]
SQL: SELECT * FROM `ego_bus`  [ RunTime:0.0002s ]

[ 2016-09-01T13:27:20+08:00 ] ::1 /coding/API/eGoServer/index.php/api/bus.html
INFO: [ app_init ] --START--
INFO: Run Behavior\BuildLiteBehavior [ RunTime:0.000022s ]
INFO: [ app_init ] --END-- [ RunTime:0.000449s ]
INFO: [ app_begin ] --START--
INFO: Run Behavior\ReadHtmlCacheBehavior [ RunTime:0.000484s ]
INFO: [ app_begin ] --END-- [ RunTime:0.000552s ]
SQL: SHOW COLUMNS FROM `ego_bus` [ RunTime:0.0010s ]
SQL: SELECT * FROM `ego_bus`  [ RunTime:0.0002s ]

[ 2016-09-01T13:27:23+08:00 ] ::1 /coding/API/eGoServer/index.php/api/bus.html
INFO: [ app_init ] --START--
INFO: Run Behavior\BuildLiteBehavior [ RunTime:0.000021s ]
INFO: [ app_init ] --END-- [ RunTime:0.000448s ]
INFO: [ app_begin ] --START--
INFO: Run Behavior\ReadHtmlCacheBehavior [ RunTime:0.002595s ]
INFO: [ app_begin ] --END-- [ RunTime:0.002987s ]
SQL: SHOW COLUMNS FROM `ego_bus` [ RunTime:0.0023s ]
SQL: SELECT * FROM `ego_bus`  [ RunTime:0.0002s ]

[ 2016-09-01T13:27:26+08:00 ] ::1 /coding/API/eGoServer/index.php/api/bus.html
INFO: [ app_init ] --START--
INFO: Run Behavior\BuildLiteBehavior [ RunTime:0.000019s ]
INFO: [ app_init ] --END-- [ RunTime:0.000413s ]
INFO: [ app_begin ] --START--
INFO: Run Behavior\ReadHtmlCacheBehavior [ RunTime:0.000438s ]
INFO: [ app_begin ] --END-- [ RunTime:0.000498s ]
SQL: SHOW COLUMNS FROM `ego_bus` [ RunTime:0.0021s ]
SQL: SELECT * FROM `ego_bus`  [ RunTime:0.0002s ]

[ 2016-09-01T13:27:29+08:00 ] ::1 /coding/API/eGoServer/index.php/api/bus.html
INFO: [ app_init ] --START--
INFO: Run Behavior\BuildLiteBehavior [ RunTime:0.000020s ]
INFO: [ app_init ] --END-- [ RunTime:0.000432s ]
INFO: [ app_begin ] --START--
INFO: Run Behavior\ReadHtmlCacheBehavior [ RunTime:0.000446s ]
INFO: [ app_begin ] --END-- [ RunTime:0.000507s ]
SQL: SHOW COLUMNS FROM `ego_bus` [ RunTime:0.0018s ]
SQL: SELECT * FROM `ego_bus`  [ RunTime:0.0002s ]

[ 2016-09-01T13:27:32+08:00 ] ::1 /coding/API/eGoServer/index.php/api/bus.html
INFO: [ app_init ] --START--
INFO: Run Behavior\BuildLiteBehavior [ RunTime:0.000021s ]
INFO: [ app_init ] --END-- [ RunTime:0.000552s ]
INFO: [ app_begin ] --START--
INFO: Run Behavior\ReadHtmlCacheBehavior [ RunTime:0.000461s ]
INFO: [ app_begin ] --END-- [ RunTime:0.000523s ]
SQL: SHOW COLUMNS FROM `ego_bus` [ RunTime:0.0031s ]
SQL: SELECT * FROM `ego_bus`  [ RunTime:0.0002s ]

[ 2016-09-01T13:27:35+08:00 ] ::1 /coding/API/eGoServer/index.php/api/bus.html
INFO: [ app_init ] --START--
INFO: Run Behavior\BuildLiteBehavior [ RunTime:0.000021s ]
INFO: [ app_init ] --END-- [ RunTime:0.000443s ]
INFO: [ app_begin ] --START--
INFO: Run Behavior\ReadHtmlCacheBehavior [ RunTime:0.000595s ]
INFO: [ app_begin ] --END-- [ RunTime:0.000676s ]
SQL: SHOW COLUMNS FROM `ego_bus` [ RunTime:0.0020s ]
SQL: SELECT * FROM `ego_bus`  [ RunTime:0.0002s ]

[ 2016-09-01T13:27:38+08:00 ] ::1 /coding/API/eGoServer/index.php/api/bus.html
INFO: [ app_init ] --START--
INFO: Run Behavior\BuildLiteBehavior [ RunTime:0.000057s ]
INFO: [ app_init ] --END-- [ RunTime:0.001821s ]
INFO: [ app_begin ] --START--
INFO: Run Behavior\ReadHtmlCacheBehavior [ RunTime:0.000699s ]
INFO: [ app_begin ] --END-- [ RunTime:0.000796s ]
SQL: SHOW COLUMNS FROM `ego_bus` [ RunTime:0.0035s ]
SQL: SELECT * FROM `ego_bus`  [ RunTime:0.0002s ]

[ 2016-09-01T13:27:44+08:00 ] ::1 /coding/API/eGoServer/index.php/api/bus.html
INFO: [ app_init ] --START--
INFO: Run Behavior\BuildLiteBehavior [ RunTime:0.000014s ]
INFO: [ app_init ] --END-- [ RunTime:0.000311s ]
INFO: [ app_begin ] --START--
INFO: Run Behavior\ReadHtmlCacheBehavior [ RunTime:0.000405s ]
INFO: [ app_begin ] --END-- [ RunTime:0.000457s ]
SQL: SHOW COLUMNS FROM `ego_bus` [ RunTime:0.0032s ]
SQL: SELECT * FROM `ego_bus`  [ RunTime:0.0003s ]

[ 2016-09-01T13:27:47+08:00 ] ::1 /coding/API/eGoServer/index.php/api/bus.html
INFO: [ app_init ] --START--
INFO: Run Behavior\BuildLiteBehavior [ RunTime:0.000018s ]
INFO: [ app_init ] --END-- [ RunTime:0.000442s ]
INFO: [ app_begin ] --START--
INFO: Run Behavior\ReadHtmlCacheBehavior [ RunTime:0.000689s ]
INFO: [ app_begin ] --END-- [ RunTime:0.000825s ]
SQL: SHOW COLUMNS FROM `ego_bus` [ RunTime:0.0017s ]
SQL: SELECT * FROM `ego_bus`  [ RunTime:0.0002s ]

[ 2016-09-01T13:27:50+08:00 ] ::1 /coding/API/eGoServer/index.php/api/bus.html
INFO: [ app_init ] --START--
INFO: Run Behavior\BuildLiteBehavior [ RunTime:0.000015s ]
INFO: [ app_init ] --END-- [ RunTime:0.000354s ]
INFO: [ app_begin ] --START--
INFO: Run Behavior\ReadHtmlCacheBehavior [ RunTime:0.000462s ]
INFO: [ app_begin ] --END-- [ RunTime:0.000524s ]
SQL: SHOW COLUMNS FROM `ego_bus` [ RunTime:0.0020s ]
SQL: SELECT * FROM `ego_bus`  [ RunTime:0.0002s ]

[ 2016-09-01T13:27:53+08:00 ] ::1 /coding/API/eGoServer/index.php/api/bus.html
INFO: [ app_init ] --START--
INFO: Run Behavior\BuildLiteBehavior [ RunTime:0.000014s ]
INFO: [ app_init ] --END-- [ RunTime:0.000310s ]
INFO: [ app_begin ] --START--
INFO: Run Behavior\ReadHtmlCacheBehavior [ RunTime:0.000410s ]
INFO: [ app_begin ] --END-- [ RunTime:0.000462s ]
SQL: SHOW COLUMNS FROM `ego_bus` [ RunTime:0.0019s ]
SQL: SELECT * FROM `ego_bus`  [ RunTime:0.0002s ]

[ 2016-09-01T13:27:56+08:00 ] ::1 /coding/API/eGoServer/index.php/api/bus.html
INFO: [ app_init ] --START--
INFO: Run Behavior\BuildLiteBehavior [ RunTime:0.000028s ]
INFO: [ app_init ] --END-- [ RunTime:0.000597s ]
INFO: [ app_begin ] --START--
INFO: Run Behavior\ReadHtmlCacheBehavior [ RunTime:0.001057s ]
INFO: [ app_begin ] --END-- [ RunTime:0.001143s ]
SQL: SHOW COLUMNS FROM `ego_bus` [ RunTime:0.0016s ]
SQL: SELECT * FROM `ego_bus`  [ RunTime:0.0002s ]

[ 2016-09-01T13:27:59+08:00 ] ::1 /coding/API/eGoServer/index.php/api/bus.html
INFO: [ app_init ] --START--
INFO: Run Behavior\BuildLiteBehavior [ RunTime:0.000064s ]
INFO: [ app_init ] --END-- [ RunTime:0.000547s ]
INFO: [ app_begin ] --START--
INFO: Run Behavior\ReadHtmlCacheBehavior [ RunTime:0.001119s ]
INFO: [ app_begin ] --END-- [ RunTime:0.001226s ]
SQL: SHOW COLUMNS FROM `ego_bus` [ RunTime:0.0018s ]
SQL: SELECT * FROM `ego_bus`  [ RunTime:0.0002s ]

[ 2016-09-01T13:28:02+08:00 ] ::1 /coding/API/eGoServer/index.php/api/bus.html
INFO: [ app_init ] --START--
INFO: Run Behavior\BuildLiteBehavior [ RunTime:0.000018s ]
INFO: [ app_init ] --END-- [ RunTime:0.000843s ]
INFO: [ app_begin ] --START--
INFO: Run Behavior\ReadHtmlCacheBehavior [ RunTime:0.000423s ]
INFO: [ app_begin ] --END-- [ RunTime:0.000475s ]
SQL: SHOW COLUMNS FROM `ego_bus` [ RunTime:0.0019s ]
SQL: SELECT * FROM `ego_bus`  [ RunTime:0.0002s ]

[ 2016-09-01T13:28:05+08:00 ] ::1 /coding/API/eGoServer/index.php/api/bus.html
INFO: [ app_init ] --START--
INFO: Run Behavior\BuildLiteBehavior [ RunTime:0.000014s ]
INFO: [ app_init ] --END-- [ RunTime:0.000313s ]
INFO: [ app_begin ] --START--
INFO: Run Behavior\ReadHtmlCacheBehavior [ RunTime:0.000401s ]
INFO: [ app_begin ] --END-- [ RunTime:0.000452s ]
SQL: SHOW COLUMNS FROM `ego_bus` [ RunTime:0.0018s ]
SQL: SELECT * FROM `ego_bus`  [ RunTime:0.0002s ]

[ 2016-09-01T13:28:40+08:00 ] ::1 /coding/API/eGoServer/index.php/api/bus.html
INFO: [ app_init ] --START--
INFO: Run Behavior\BuildLiteBehavior [ RunTime:0.000016s ]
INFO: [ app_init ] --END-- [ RunTime:0.000515s ]
INFO: [ app_begin ] --START--
INFO: Run Behavior\ReadHtmlCacheBehavior [ RunTime:0.000664s ]
INFO: [ app_begin ] --END-- [ RunTime:0.000725s ]
SQL: SHOW COLUMNS FROM `ego_bus` [ RunTime:0.0014s ]
SQL: SELECT * FROM `ego_bus`  [ RunTime:0.0004s ]

