[ 2016-08-29T14:46:21+08:00 ] ::1 /coding/API/eGoServer/index.php/api/bus.html
INFO: [ app_init ] --START--
INFO: Run Behavior\BuildLiteBehavior [ RunTime:0.000027s ]
INFO: [ app_init ] --END-- [ RunTime:0.000908s ]
INFO: [ app_begin ] --START--
INFO: Run Behavior\ReadHtmlCacheBehavior [ RunTime:0.000734s ]
INFO: [ app_begin ] --END-- [ RunTime:0.000822s ]
SQL: SHOW COLUMNS FROM `ego_bus` [ RunTime:0.0040s ]
SQL: SELECT * FROM `ego_bus`  [ RunTime:0.0006s ]

[ 2016-08-29T14:46:24+08:00 ] ::1 /coding/API/eGoServer/index.php/api/bus.html
INFO: [ app_init ] --START--
INFO: Run Behavior\BuildLiteBehavior [ RunTime:0.000022s ]
INFO: [ app_init ] --END-- [ RunTime:0.000473s ]
INFO: [ app_begin ] --START--
INFO: Run Behavior\ReadHtmlCacheBehavior [ RunTime:0.000488s ]
INFO: [ app_begin ] --END-- [ RunTime:0.000560s ]
SQL: SHOW COLUMNS FROM `ego_bus` [ RunTime:0.0020s ]
SQL: SELECT * FROM `ego_bus`  [ RunTime:0.0003s ]

[ 2016-08-29T14:46:27+08:00 ] ::1 /coding/API/eGoServer/index.php/api/bus.html
INFO: [ app_init ] --START--
INFO: Run Behavior\BuildLiteBehavior [ RunTime:0.000029s ]
INFO: [ app_init ] --END-- [ RunTime:0.000649s ]
INFO: [ app_begin ] --START--
INFO: Run Behavior\ReadHtmlCacheBehavior [ RunTime:0.000713s ]
INFO: [ app_begin ] --END-- [ RunTime:0.000824s ]
SQL: SHOW COLUMNS FROM `ego_bus` [ RunTime:0.0019s ]
SQL: SELECT * FROM `ego_bus`  [ RunTime:0.0002s ]

[ 2016-08-29T14:46:30+08:00 ] ::1 /coding/API/eGoServer/index.php/api/bus.html
INFO: [ app_init ] --START--
INFO: Run Behavior\BuildLiteBehavior [ RunTime:0.000020s ]
INFO: [ app_init ] --END-- [ RunTime:0.000433s ]
INFO: [ app_begin ] --START--
INFO: Run Behavior\ReadHtmlCacheBehavior [ RunTime:0.000476s ]
INFO: [ app_begin ] --END-- [ RunTime:0.000545s ]
SQL: SHOW COLUMNS FROM `ego_bus` [ RunTime:0.0022s ]
SQL: SELECT * FROM `ego_bus`  [ RunTime:0.0003s ]

[ 2016-08-29T14:46:33+08:00 ] ::1 /coding/API/eGoServer/index.php/api/bus.html
INFO: [ app_init ] --START--
INFO: Run Behavior\BuildLiteBehavior [ RunTime:0.000015s ]
INFO: [ app_init ] --END-- [ RunTime:0.000622s ]
INFO: [ app_begin ] --START--
INFO: Run Behavior\ReadHtmlCacheBehavior [ RunTime:0.000514s ]
INFO: [ app_begin ] --END-- [ RunTime:0.000584s ]
SQL: SHOW COLUMNS FROM `ego_bus` [ RunTime:0.0018s ]
SQL: SELECT * FROM `ego_bus`  [ RunTime:0.0002s ]

[ 2016-08-29T14:46:36+08:00 ] ::1 /coding/API/eGoServer/index.php/api/bus.html
INFO: [ app_init ] --START--
INFO: Run Behavior\BuildLiteBehavior [ RunTime:0.000014s ]
INFO: [ app_init ] --END-- [ RunTime:0.000398s ]
INFO: [ app_begin ] --START--
INFO: Run Behavior\ReadHtmlCacheBehavior [ RunTime:0.000457s ]
INFO: [ app_begin ] --END-- [ RunTime:0.000517s ]
SQL: SHOW COLUMNS FROM `ego_bus` [ RunTime:0.0019s ]
SQL: SELECT * FROM `ego_bus`  [ RunTime:0.0002s ]

[ 2016-08-29T14:46:39+08:00 ] ::1 /coding/API/eGoServer/index.php/api/bus.html
INFO: [ app_init ] --START--
INFO: Run Behavior\BuildLiteBehavior [ RunTime:0.000019s ]
INFO: [ app_init ] --END-- [ RunTime:0.000415s ]
INFO: [ app_begin ] --START--
INFO: Run Behavior\ReadHtmlCacheBehavior [ RunTime:0.000451s ]
INFO: [ app_begin ] --END-- [ RunTime:0.000511s ]
SQL: SHOW COLUMNS FROM `ego_bus` [ RunTime:0.0019s ]
SQL: SELECT * FROM `ego_bus`  [ RunTime:0.0002s ]

[ 2016-08-29T14:46:42+08:00 ] ::1 /coding/API/eGoServer/index.php/api/bus.html
INFO: [ app_init ] --START--
INFO: Run Behavior\BuildLiteBehavior [ RunTime:0.000014s ]
INFO: [ app_init ] --END-- [ RunTime:0.000307s ]
INFO: [ app_begin ] --START--
INFO: Run Behavior\ReadHtmlCacheBehavior [ RunTime:0.000417s ]
INFO: [ app_begin ] --END-- [ RunTime:0.000471s ]
SQL: SHOW COLUMNS FROM `ego_bus` [ RunTime:0.0019s ]
SQL: SELECT * FROM `ego_bus`  [ RunTime:0.0002s ]

[ 2016-08-29T14:46:45+08:00 ] ::1 /coding/API/eGoServer/index.php/api/bus.html
INFO: [ app_init ] --START--
INFO: Run Behavior\BuildLiteBehavior [ RunTime:0.000014s ]
INFO: [ app_init ] --END-- [ RunTime:0.000333s ]
INFO: [ app_begin ] --START--
INFO: Run Behavior\ReadHtmlCacheBehavior [ RunTime:0.000543s ]
INFO: [ app_begin ] --END-- [ RunTime:0.000601s ]
SQL: SHOW COLUMNS FROM `ego_bus` [ RunTime:0.0019s ]
SQL: SELECT * FROM `ego_bus`  [ RunTime:0.0002s ]

[ 2016-08-29T14:46:48+08:00 ] ::1 /coding/API/eGoServer/index.php/api/bus.html
INFO: [ app_init ] --START--
INFO: Run Behavior\BuildLiteBehavior [ RunTime:0.000020s ]
INFO: [ app_init ] --END-- [ RunTime:0.000413s ]
INFO: [ app_begin ] --START--
INFO: Run Behavior\ReadHtmlCacheBehavior [ RunTime:0.000614s ]
INFO: [ app_begin ] --END-- [ RunTime:0.000698s ]
SQL: SHOW COLUMNS FROM `ego_bus` [ RunTime:0.0030s ]
SQL: SELECT * FROM `ego_bus`  [ RunTime:0.0002s ]

[ 2016-08-29T14:46:51+08:00 ] ::1 /coding/API/eGoServer/index.php/api/bus.html
INFO: [ app_init ] --START--
INFO: Run Behavior\BuildLiteBehavior [ RunTime:0.000014s ]
INFO: [ app_init ] --END-- [ RunTime:0.000312s ]
INFO: [ app_begin ] --START--
INFO: Run Behavior\ReadHtmlCacheBehavior [ RunTime:0.000401s ]
INFO: [ app_begin ] --END-- [ RunTime:0.000455s ]
SQL: SHOW COLUMNS FROM `ego_bus` [ RunTime:0.0018s ]
SQL: SELECT * FROM `ego_bus`  [ RunTime:0.0002s ]

[ 2016-08-29T14:49:58+08:00 ] ::1 /coding/API/eGoServer/index.php/api/bus.html
INFO: [ app_init ] --START--
INFO: Run Behavior\BuildLiteBehavior [ RunTime:0.000013s ]
INFO: [ app_init ] --END-- [ RunTime:0.000315s ]
INFO: [ app_begin ] --START--
INFO: Run Behavior\ReadHtmlCacheBehavior [ RunTime:0.000412s ]
INFO: [ app_begin ] --END-- [ RunTime:0.000466s ]
SQL: SHOW COLUMNS FROM `ego_bus` [ RunTime:0.0022s ]
SQL: SELECT * FROM `ego_bus`  [ RunTime:0.0002s ]

[ 2016-08-29T14:50:00+08:00 ] ::1 /coding/API/eGoServer/index.php/api/bus.html
INFO: [ app_init ] --START--
INFO: Run Behavior\BuildLiteBehavior [ RunTime:0.000014s ]
INFO: [ app_init ] --END-- [ RunTime:0.000336s ]
INFO: [ app_begin ] --START--
INFO: Run Behavior\ReadHtmlCacheBehavior [ RunTime:0.000440s ]
INFO: [ app_begin ] --END-- [ RunTime:0.000497s ]
SQL: SHOW COLUMNS FROM `ego_bus` [ RunTime:0.0023s ]
SQL: SELECT * FROM `ego_bus`  [ RunTime:0.0004s ]

[ 2016-08-29T14:50:03+08:00 ] ::1 /coding/API/eGoServer/index.php/api/bus.html
INFO: [ app_init ] --START--
INFO: Run Behavior\BuildLiteBehavior [ RunTime:0.000022s ]
INFO: [ app_init ] --END-- [ RunTime:0.000599s ]
INFO: [ app_begin ] --START--
INFO: Run Behavior\ReadHtmlCacheBehavior [ RunTime:0.000585s ]
INFO: [ app_begin ] --END-- [ RunTime:0.000663s ]
SQL: SHOW COLUMNS FROM `ego_bus` [ RunTime:0.0017s ]
SQL: SELECT * FROM `ego_bus`  [ RunTime:0.0002s ]

[ 2016-08-29T14:50:54+08:00 ] ::1 /coding/API/eGoServer/index.php/api/bus.html
INFO: [ app_init ] --START--
INFO: Run Behavior\BuildLiteBehavior [ RunTime:0.000015s ]
INFO: [ app_init ] --END-- [ RunTime:0.000355s ]
INFO: [ app_begin ] --START--
INFO: Run Behavior\ReadHtmlCacheBehavior [ RunTime:0.000503s ]
INFO: [ app_begin ] --END-- [ RunTime:0.000576s ]
SQL: SHOW COLUMNS FROM `ego_bus` [ RunTime:0.0016s ]
SQL: SELECT * FROM `ego_bus`  [ RunTime:0.0003s ]

[ 2016-08-29T14:51:45+08:00 ] ::1 /coding/API/eGoServer/index.php/api/bus.html
INFO: [ app_init ] --START--
INFO: Run Behavior\BuildLiteBehavior [ RunTime:0.000015s ]
INFO: [ app_init ] --END-- [ RunTime:0.000347s ]
INFO: [ app_begin ] --START--
INFO: Run Behavior\ReadHtmlCacheBehavior [ RunTime:0.000453s ]
INFO: [ app_begin ] --END-- [ RunTime:0.000516s ]
SQL: SHOW COLUMNS FROM `ego_bus` [ RunTime:0.0013s ]
SQL: SELECT * FROM `ego_bus`  [ RunTime:0.0005s ]

[ 2016-08-29T14:52:30+08:00 ] ::1 /coding/API/eGoServer/index.php/api/bus.html
INFO: [ app_init ] --START--
INFO: Run Behavior\BuildLiteBehavior [ RunTime:0.000015s ]
INFO: [ app_init ] --END-- [ RunTime:0.000359s ]
INFO: [ app_begin ] --START--
INFO: Run Behavior\ReadHtmlCacheBehavior [ RunTime:0.000488s ]
INFO: [ app_begin ] --END-- [ RunTime:0.000554s ]
SQL: SHOW COLUMNS FROM `ego_bus` [ RunTime:0.0030s ]
SQL: SELECT * FROM `ego_bus`  [ RunTime:0.0003s ]

[ 2016-08-29T14:58:43+08:00 ] ::1 /coding/API/eGoServer/index.php/api/bus.html
INFO: [ app_init ] --START--
INFO: Run Behavior\BuildLiteBehavior [ RunTime:0.000016s ]
INFO: [ app_init ] --END-- [ RunTime:0.000351s ]
INFO: [ app_begin ] --START--
INFO: Run Behavior\ReadHtmlCacheBehavior [ RunTime:0.000455s ]
INFO: [ app_begin ] --END-- [ RunTime:0.000518s ]
SQL: SHOW COLUMNS FROM `ego_bus` [ RunTime:0.0015s ]
SQL: SELECT * FROM `ego_bus`  [ RunTime:0.0005s ]

[ 2016-08-29T14:59:21+08:00 ] ::1 /coding/API/eGoServer/index.php/api/bus.html
INFO: [ app_init ] --START--
INFO: Run Behavior\BuildLiteBehavior [ RunTime:0.000023s ]
INFO: [ app_init ] --END-- [ RunTime:0.000499s ]
INFO: [ app_begin ] --START--
INFO: Run Behavior\ReadHtmlCacheBehavior [ RunTime:0.000753s ]
INFO: [ app_begin ] --END-- [ RunTime:0.000866s ]
SQL: SHOW COLUMNS FROM `ego_bus` [ RunTime:0.0033s ]
SQL: SELECT * FROM `ego_bus`  [ RunTime:0.0009s ]

[ 2016-08-29T15:00:55+08:00 ] ::1 /coding/API/eGoServer/index.php/api/bus.html
INFO: [ app_init ] --START--
INFO: Run Behavior\BuildLiteBehavior [ RunTime:0.000015s ]
INFO: [ app_init ] --END-- [ RunTime:0.000349s ]
INFO: [ app_begin ] --START--
INFO: Run Behavior\ReadHtmlCacheBehavior [ RunTime:0.000454s ]
INFO: [ app_begin ] --END-- [ RunTime:0.000517s ]
SQL: SHOW COLUMNS FROM `ego_bus` [ RunTime:0.0012s ]
SQL: SELECT * FROM `ego_bus`  [ RunTime:0.0008s ]

[ 2016-08-29T15:01:43+08:00 ] ::1 /coding/API/eGoServer/index.php/api/bus.html
INFO: [ app_init ] --START--
INFO: Run Behavior\BuildLiteBehavior [ RunTime:0.000019s ]
INFO: [ app_init ] --END-- [ RunTime:0.000392s ]
INFO: [ app_begin ] --START--
INFO: Run Behavior\ReadHtmlCacheBehavior [ RunTime:0.001612s ]
INFO: [ app_begin ] --END-- [ RunTime:0.001690s ]
SQL: SHOW COLUMNS FROM `ego_bus` [ RunTime:0.0024s ]
SQL: SELECT * FROM `ego_bus`  [ RunTime:0.0003s ]

[ 2016-08-29T15:01:46+08:00 ] ::1 /coding/API/eGoServer/index.php/api/bus.html
INFO: [ app_init ] --START--
INFO: Run Behavior\BuildLiteBehavior [ RunTime:0.000019s ]
INFO: [ app_init ] --END-- [ RunTime:0.000435s ]
INFO: [ app_begin ] --START--
INFO: Run Behavior\ReadHtmlCacheBehavior [ RunTime:0.000660s ]
INFO: [ app_begin ] --END-- [ RunTime:0.000764s ]
SQL: SHOW COLUMNS FROM `ego_bus` [ RunTime:0.0027s ]
SQL: SELECT * FROM `ego_bus`  [ RunTime:0.0003s ]

[ 2016-08-29T15:01:49+08:00 ] ::1 /coding/API/eGoServer/index.php/api/bus.html
INFO: [ app_init ] --START--
INFO: Run Behavior\BuildLiteBehavior [ RunTime:0.000023s ]
INFO: [ app_init ] --END-- [ RunTime:0.000640s ]
INFO: [ app_begin ] --START--
INFO: Run Behavior\ReadHtmlCacheBehavior [ RunTime:0.000666s ]
INFO: [ app_begin ] --END-- [ RunTime:0.000760s ]
SQL: SHOW COLUMNS FROM `ego_bus` [ RunTime:0.0021s ]
SQL: SELECT * FROM `ego_bus`  [ RunTime:0.0002s ]

[ 2016-08-29T15:02:25+08:00 ] ::1 /coding/API/eGoServer/index.php/api/bus.html
INFO: [ app_init ] --START--
INFO: Run Behavior\BuildLiteBehavior [ RunTime:0.000015s ]
INFO: [ app_init ] --END-- [ RunTime:0.000337s ]
INFO: [ app_begin ] --START--
INFO: Run Behavior\ReadHtmlCacheBehavior [ RunTime:0.001168s ]
INFO: [ app_begin ] --END-- [ RunTime:0.001451s ]
SQL: SHOW COLUMNS FROM `ego_bus` [ RunTime:0.0014s ]
SQL: SELECT * FROM `ego_bus`  [ RunTime:0.0003s ]

[ 2016-08-29T15:02:28+08:00 ] ::1 /coding/API/eGoServer/index.php/api/bus.html
INFO: [ app_init ] --START--
INFO: Run Behavior\BuildLiteBehavior [ RunTime:0.000022s ]
INFO: [ app_init ] --END-- [ RunTime:0.000514s ]
INFO: [ app_begin ] --START--
INFO: Run Behavior\ReadHtmlCacheBehavior [ RunTime:0.000603s ]
INFO: [ app_begin ] --END-- [ RunTime:0.000679s ]
SQL: SHOW COLUMNS FROM `ego_bus` [ RunTime:0.0016s ]
SQL: SELECT * FROM `ego_bus`  [ RunTime:0.0002s ]

[ 2016-08-29T15:02:31+08:00 ] ::1 /coding/API/eGoServer/index.php/api/bus.html
INFO: [ app_init ] --START--
INFO: Run Behavior\BuildLiteBehavior [ RunTime:0.000018s ]
INFO: [ app_init ] --END-- [ RunTime:0.000435s ]
INFO: [ app_begin ] --START--
INFO: Run Behavior\ReadHtmlCacheBehavior [ RunTime:0.000634s ]
INFO: [ app_begin ] --END-- [ RunTime:0.000707s ]
SQL: SHOW COLUMNS FROM `ego_bus` [ RunTime:0.0023s ]
SQL: SELECT * FROM `ego_bus`  [ RunTime:0.0004s ]

[ 2016-08-29T15:02:34+08:00 ] ::1 /coding/API/eGoServer/index.php/api/bus.html
INFO: [ app_init ] --START--
INFO: Run Behavior\BuildLiteBehavior [ RunTime:0.000016s ]
INFO: [ app_init ] --END-- [ RunTime:0.000467s ]
INFO: [ app_begin ] --START--
INFO: Run Behavior\ReadHtmlCacheBehavior [ RunTime:0.000604s ]
INFO: [ app_begin ] --END-- [ RunTime:0.000681s ]
SQL: SHOW COLUMNS FROM `ego_bus` [ RunTime:0.0020s ]
SQL: SELECT * FROM `ego_bus`  [ RunTime:0.0006s ]

[ 2016-08-29T15:02:37+08:00 ] ::1 /coding/API/eGoServer/index.php/api/bus.html
INFO: [ app_init ] --START--
INFO: Run Behavior\BuildLiteBehavior [ RunTime:0.000014s ]
INFO: [ app_init ] --END-- [ RunTime:0.000309s ]
INFO: [ app_begin ] --START--
INFO: Run Behavior\ReadHtmlCacheBehavior [ RunTime:0.000414s ]
INFO: [ app_begin ] --END-- [ RunTime:0.000466s ]
SQL: SHOW COLUMNS FROM `ego_bus` [ RunTime:0.0020s ]
SQL: SELECT * FROM `ego_bus`  [ RunTime:0.0002s ]

[ 2016-08-29T15:02:47+08:00 ] ::1 /coding/API/eGoServer/index.php/api/bus.html
INFO: [ app_init ] --START--
INFO: Run Behavior\BuildLiteBehavior [ RunTime:0.000017s ]
INFO: [ app_init ] --END-- [ RunTime:0.000350s ]
INFO: [ app_begin ] --START--
INFO: Run Behavior\ReadHtmlCacheBehavior [ RunTime:0.001109s ]
INFO: [ app_begin ] --END-- [ RunTime:0.001233s ]
SQL: SHOW COLUMNS FROM `ego_bus` [ RunTime:0.0012s ]
SQL: SELECT * FROM `ego_bus`  [ RunTime:0.0003s ]

[ 2016-08-29T15:33:55+08:00 ] ::1 /coding/API/eGoServer/index.php/api/bus.html
INFO: [ app_init ] --START--
INFO: Run Behavior\BuildLiteBehavior [ RunTime:0.000019s ]
INFO: [ app_init ] --END-- [ RunTime:0.000584s ]
INFO: [ app_begin ] --START--
INFO: Run Behavior\ReadHtmlCacheBehavior [ RunTime:0.000748s ]
INFO: [ app_begin ] --END-- [ RunTime:0.000837s ]
SQL: SHOW COLUMNS FROM `ego_bus` [ RunTime:0.0012s ]
SQL: SELECT * FROM `ego_bus`  [ RunTime:0.0002s ]

[ 2016-08-29T15:34:56+08:00 ] ::1 /coding/API/eGoServer/index.php/api/bus.html
INFO: [ app_init ] --START--
INFO: Run Behavior\BuildLiteBehavior [ RunTime:0.000016s ]
INFO: [ app_init ] --END-- [ RunTime:0.000343s ]
INFO: [ app_begin ] --START--
INFO: Run Behavior\ReadHtmlCacheBehavior [ RunTime:0.000617s ]
INFO: [ app_begin ] --END-- [ RunTime:0.000710s ]
SQL: SHOW COLUMNS FROM `ego_bus` [ RunTime:0.0023s ]
SQL: SELECT * FROM `ego_bus`  [ RunTime:0.0003s ]

[ 2016-08-29T15:37:59+08:00 ] ::1 /coding/API/eGoServer/index.php/api/bus.html
INFO: [ app_init ] --START--
INFO: Run Behavior\BuildLiteBehavior [ RunTime:0.000015s ]
INFO: [ app_init ] --END-- [ RunTime:0.000354s ]
INFO: [ app_begin ] --START--
INFO: Run Behavior\ReadHtmlCacheBehavior [ RunTime:0.000454s ]
INFO: [ app_begin ] --END-- [ RunTime:0.000517s ]
SQL: SHOW COLUMNS FROM `ego_bus` [ RunTime:0.0011s ]
SQL: SELECT * FROM `ego_bus`  [ RunTime:0.0003s ]

[ 2016-08-29T15:38:02+08:00 ] ::1 /coding/API/eGoServer/index.php/api/bus.html
INFO: [ app_init ] --START--
INFO: Run Behavior\BuildLiteBehavior [ RunTime:0.000020s ]
INFO: [ app_init ] --END-- [ RunTime:0.000438s ]
INFO: [ app_begin ] --START--
INFO: Run Behavior\ReadHtmlCacheBehavior [ RunTime:0.000667s ]
INFO: [ app_begin ] --END-- [ RunTime:0.000777s ]
SQL: SHOW COLUMNS FROM `ego_bus` [ RunTime:0.0018s ]
SQL: SELECT * FROM `ego_bus`  [ RunTime:0.0002s ]

[ 2016-08-29T15:38:05+08:00 ] ::1 /coding/API/eGoServer/index.php/api/bus.html
INFO: [ app_init ] --START--
INFO: Run Behavior\BuildLiteBehavior [ RunTime:0.000014s ]
INFO: [ app_init ] --END-- [ RunTime:0.000326s ]
INFO: [ app_begin ] --START--
INFO: Run Behavior\ReadHtmlCacheBehavior [ RunTime:0.000414s ]
INFO: [ app_begin ] --END-- [ RunTime:0.000466s ]
SQL: SHOW COLUMNS FROM `ego_bus` [ RunTime:0.0025s ]
SQL: SELECT * FROM `ego_bus`  [ RunTime:0.0003s ]

[ 2016-08-29T15:38:08+08:00 ] ::1 /coding/API/eGoServer/index.php/api/bus.html
INFO: [ app_init ] --START--
INFO: Run Behavior\BuildLiteBehavior [ RunTime:0.000020s ]
INFO: [ app_init ] --END-- [ RunTime:0.000447s ]
INFO: [ app_begin ] --START--
INFO: Run Behavior\ReadHtmlCacheBehavior [ RunTime:0.000587s ]
INFO: [ app_begin ] --END-- [ RunTime:0.000663s ]
SQL: SHOW COLUMNS FROM `ego_bus` [ RunTime:0.0019s ]
SQL: SELECT * FROM `ego_bus`  [ RunTime:0.0002s ]

[ 2016-08-29T15:38:11+08:00 ] ::1 /coding/API/eGoServer/index.php/api/bus.html
INFO: [ app_init ] --START--
INFO: Run Behavior\BuildLiteBehavior [ RunTime:0.000014s ]
INFO: [ app_init ] --END-- [ RunTime:0.000312s ]
INFO: [ app_begin ] --START--
INFO: Run Behavior\ReadHtmlCacheBehavior [ RunTime:0.000414s ]
INFO: [ app_begin ] --END-- [ RunTime:0.000466s ]
SQL: SHOW COLUMNS FROM `ego_bus` [ RunTime:0.0021s ]
SQL: SELECT * FROM `ego_bus`  [ RunTime:0.0002s ]

[ 2016-08-29T15:38:14+08:00 ] ::1 /coding/API/eGoServer/index.php/api/bus.html
INFO: [ app_init ] --START--
INFO: Run Behavior\BuildLiteBehavior [ RunTime:0.000014s ]
INFO: [ app_init ] --END-- [ RunTime:0.000322s ]
INFO: [ app_begin ] --START--
INFO: Run Behavior\ReadHtmlCacheBehavior [ RunTime:0.000558s ]
INFO: [ app_begin ] --END-- [ RunTime:0.000621s ]
SQL: SHOW COLUMNS FROM `ego_bus` [ RunTime:0.0020s ]
SQL: SELECT * FROM `ego_bus`  [ RunTime:0.0002s ]

[ 2016-08-29T15:38:17+08:00 ] ::1 /coding/API/eGoServer/index.php/api/bus.html
INFO: [ app_init ] --START--
INFO: Run Behavior\BuildLiteBehavior [ RunTime:0.000013s ]
INFO: [ app_init ] --END-- [ RunTime:0.000307s ]
INFO: [ app_begin ] --START--
INFO: Run Behavior\ReadHtmlCacheBehavior [ RunTime:0.000408s ]
INFO: [ app_begin ] --END-- [ RunTime:0.000460s ]
SQL: SHOW COLUMNS FROM `ego_bus` [ RunTime:0.0024s ]
SQL: SELECT * FROM `ego_bus`  [ RunTime:0.0002s ]

[ 2016-08-29T15:38:20+08:00 ] ::1 /coding/API/eGoServer/index.php/api/bus.html
INFO: [ app_init ] --START--
INFO: Run Behavior\BuildLiteBehavior [ RunTime:0.000013s ]
INFO: [ app_init ] --END-- [ RunTime:0.000306s ]
INFO: [ app_begin ] --START--
INFO: Run Behavior\ReadHtmlCacheBehavior [ RunTime:0.000401s ]
INFO: [ app_begin ] --END-- [ RunTime:0.000453s ]
SQL: SHOW COLUMNS FROM `ego_bus` [ RunTime:0.0019s ]
SQL: SELECT * FROM `ego_bus`  [ RunTime:0.0002s ]

[ 2016-08-29T15:38:23+08:00 ] ::1 /coding/API/eGoServer/index.php/api/bus.html
INFO: [ app_init ] --START--
INFO: Run Behavior\BuildLiteBehavior [ RunTime:0.000014s ]
INFO: [ app_init ] --END-- [ RunTime:0.000328s ]
INFO: [ app_begin ] --START--
INFO: Run Behavior\ReadHtmlCacheBehavior [ RunTime:0.000434s ]
INFO: [ app_begin ] --END-- [ RunTime:0.000488s ]
SQL: SHOW COLUMNS FROM `ego_bus` [ RunTime:0.0017s ]
SQL: SELECT * FROM `ego_bus`  [ RunTime:0.0002s ]

[ 2016-08-29T15:38:26+08:00 ] ::1 /coding/API/eGoServer/index.php/api/bus.html
INFO: [ app_init ] --START--
INFO: Run Behavior\BuildLiteBehavior [ RunTime:0.000018s ]
INFO: [ app_init ] --END-- [ RunTime:0.000432s ]
INFO: [ app_begin ] --START--
INFO: Run Behavior\ReadHtmlCacheBehavior [ RunTime:0.000589s ]
INFO: [ app_begin ] --END-- [ RunTime:0.000668s ]
SQL: SHOW COLUMNS FROM `ego_bus` [ RunTime:0.0022s ]
SQL: SELECT * FROM `ego_bus`  [ RunTime:0.0002s ]

[ 2016-08-29T15:38:29+08:00 ] ::1 /coding/API/eGoServer/index.php/api/bus.html
INFO: [ app_init ] --START--
INFO: Run Behavior\BuildLiteBehavior [ RunTime:0.000013s ]
INFO: [ app_init ] --END-- [ RunTime:0.000310s ]
INFO: [ app_begin ] --START--
INFO: Run Behavior\ReadHtmlCacheBehavior [ RunTime:0.000399s ]
INFO: [ app_begin ] --END-- [ RunTime:0.000451s ]
SQL: SHOW COLUMNS FROM `ego_bus` [ RunTime:0.0021s ]
SQL: SELECT * FROM `ego_bus`  [ RunTime:0.0002s ]

[ 2016-08-29T15:38:32+08:00 ] ::1 /coding/API/eGoServer/index.php/api/bus.html
INFO: [ app_init ] --START--
INFO: Run Behavior\BuildLiteBehavior [ RunTime:0.000013s ]
INFO: [ app_init ] --END-- [ RunTime:0.000305s ]
INFO: [ app_begin ] --START--
INFO: Run Behavior\ReadHtmlCacheBehavior [ RunTime:0.000399s ]
INFO: [ app_begin ] --END-- [ RunTime:0.000451s ]
SQL: SHOW COLUMNS FROM `ego_bus` [ RunTime:0.0020s ]
SQL: SELECT * FROM `ego_bus`  [ RunTime:0.0002s ]

[ 2016-08-29T15:38:35+08:00 ] ::1 /coding/API/eGoServer/index.php/api/bus.html
INFO: [ app_init ] --START--
INFO: Run Behavior\BuildLiteBehavior [ RunTime:0.000013s ]
INFO: [ app_init ] --END-- [ RunTime:0.000309s ]
INFO: [ app_begin ] --START--
INFO: Run Behavior\ReadHtmlCacheBehavior [ RunTime:0.000404s ]
INFO: [ app_begin ] --END-- [ RunTime:0.000457s ]
SQL: SHOW COLUMNS FROM `ego_bus` [ RunTime:0.0021s ]
SQL: SELECT * FROM `ego_bus`  [ RunTime:0.0002s ]

[ 2016-08-29T15:38:38+08:00 ] ::1 /coding/API/eGoServer/index.php/api/bus.html
INFO: [ app_init ] --START--
INFO: Run Behavior\BuildLiteBehavior [ RunTime:0.000013s ]
INFO: [ app_init ] --END-- [ RunTime:0.000308s ]
INFO: [ app_begin ] --START--
INFO: Run Behavior\ReadHtmlCacheBehavior [ RunTime:0.000406s ]
INFO: [ app_begin ] --END-- [ RunTime:0.000458s ]
SQL: SHOW COLUMNS FROM `ego_bus` [ RunTime:0.0011s ]
SQL: SELECT * FROM `ego_bus`  [ RunTime:0.0002s ]

[ 2016-08-29T15:38:41+08:00 ] ::1 /coding/API/eGoServer/index.php/api/bus.html
INFO: [ app_init ] --START--
INFO: Run Behavior\BuildLiteBehavior [ RunTime:0.000013s ]
INFO: [ app_init ] --END-- [ RunTime:0.000315s ]
INFO: [ app_begin ] --START--
INFO: Run Behavior\ReadHtmlCacheBehavior [ RunTime:0.000408s ]
INFO: [ app_begin ] --END-- [ RunTime:0.000460s ]
SQL: SHOW COLUMNS FROM `ego_bus` [ RunTime:0.0021s ]
SQL: SELECT * FROM `ego_bus`  [ RunTime:0.0003s ]

[ 2016-08-29T15:38:44+08:00 ] ::1 /coding/API/eGoServer/index.php/api/bus.html
INFO: [ app_init ] --START--
INFO: Run Behavior\BuildLiteBehavior [ RunTime:0.000013s ]
INFO: [ app_init ] --END-- [ RunTime:0.000306s ]
INFO: [ app_begin ] --START--
INFO: Run Behavior\ReadHtmlCacheBehavior [ RunTime:0.000400s ]
INFO: [ app_begin ] --END-- [ RunTime:0.000450s ]
SQL: SHOW COLUMNS FROM `ego_bus` [ RunTime:0.0018s ]
SQL: SELECT * FROM `ego_bus`  [ RunTime:0.0002s ]

[ 2016-08-29T15:38:47+08:00 ] ::1 /coding/API/eGoServer/index.php/api/bus.html
INFO: [ app_init ] --START--
INFO: Run Behavior\BuildLiteBehavior [ RunTime:0.000022s ]
INFO: [ app_init ] --END-- [ RunTime:0.000858s ]
INFO: [ app_begin ] --START--
INFO: Run Behavior\ReadHtmlCacheBehavior [ RunTime:0.000592s ]
INFO: [ app_begin ] --END-- [ RunTime:0.000665s ]
SQL: SHOW COLUMNS FROM `ego_bus` [ RunTime:0.0018s ]
SQL: SELECT * FROM `ego_bus`  [ RunTime:0.0002s ]

[ 2016-08-29T15:38:50+08:00 ] ::1 /coding/API/eGoServer/index.php/api/bus.html
INFO: [ app_init ] --START--
INFO: Run Behavior\BuildLiteBehavior [ RunTime:0.000016s ]
INFO: [ app_init ] --END-- [ RunTime:0.000325s ]
INFO: [ app_begin ] --START--
INFO: Run Behavior\ReadHtmlCacheBehavior [ RunTime:0.000435s ]
INFO: [ app_begin ] --END-- [ RunTime:0.000491s ]
SQL: SHOW COLUMNS FROM `ego_bus` [ RunTime:0.0019s ]
SQL: SELECT * FROM `ego_bus`  [ RunTime:0.0002s ]

[ 2016-08-29T15:38:53+08:00 ] ::1 /coding/API/eGoServer/index.php/api/bus.html
INFO: [ app_init ] --START--
INFO: Run Behavior\BuildLiteBehavior [ RunTime:0.000013s ]
INFO: [ app_init ] --END-- [ RunTime:0.000330s ]
INFO: [ app_begin ] --START--
INFO: Run Behavior\ReadHtmlCacheBehavior [ RunTime:0.000403s ]
INFO: [ app_begin ] --END-- [ RunTime:0.000454s ]
SQL: SHOW COLUMNS FROM `ego_bus` [ RunTime:0.0019s ]
SQL: SELECT * FROM `ego_bus`  [ RunTime:0.0002s ]

[ 2016-08-29T15:38:56+08:00 ] ::1 /coding/API/eGoServer/index.php/api/bus.html
INFO: [ app_init ] --START--
INFO: Run Behavior\BuildLiteBehavior [ RunTime:0.000014s ]
INFO: [ app_init ] --END-- [ RunTime:0.000323s ]
INFO: [ app_begin ] --START--
INFO: Run Behavior\ReadHtmlCacheBehavior [ RunTime:0.000445s ]
INFO: [ app_begin ] --END-- [ RunTime:0.000497s ]
SQL: SHOW COLUMNS FROM `ego_bus` [ RunTime:0.0029s ]
SQL: SELECT * FROM `ego_bus`  [ RunTime:0.0002s ]

[ 2016-08-29T15:38:59+08:00 ] ::1 /coding/API/eGoServer/index.php/api/bus.html
INFO: [ app_init ] --START--
INFO: Run Behavior\BuildLiteBehavior [ RunTime:0.000015s ]
INFO: [ app_init ] --END-- [ RunTime:0.000330s ]
INFO: [ app_begin ] --START--
INFO: Run Behavior\ReadHtmlCacheBehavior [ RunTime:0.000449s ]
INFO: [ app_begin ] --END-- [ RunTime:0.000508s ]
SQL: SHOW COLUMNS FROM `ego_bus` [ RunTime:0.0010s ]
SQL: SELECT * FROM `ego_bus`  [ RunTime:0.0002s ]

[ 2016-08-29T15:39:02+08:00 ] ::1 /coding/API/eGoServer/index.php/api/bus.html
INFO: [ app_init ] --START--
INFO: Run Behavior\BuildLiteBehavior [ RunTime:0.000013s ]
INFO: [ app_init ] --END-- [ RunTime:0.000323s ]
INFO: [ app_begin ] --START--
INFO: Run Behavior\ReadHtmlCacheBehavior [ RunTime:0.000430s ]
INFO: [ app_begin ] --END-- [ RunTime:0.000484s ]
SQL: SHOW COLUMNS FROM `ego_bus` [ RunTime:0.0020s ]
SQL: SELECT * FROM `ego_bus`  [ RunTime:0.0002s ]

[ 2016-08-29T15:39:05+08:00 ] ::1 /coding/API/eGoServer/index.php/api/bus.html
INFO: [ app_init ] --START--
INFO: Run Behavior\BuildLiteBehavior [ RunTime:0.000013s ]
INFO: [ app_init ] --END-- [ RunTime:0.000398s ]
INFO: [ app_begin ] --START--
INFO: Run Behavior\ReadHtmlCacheBehavior [ RunTime:0.000405s ]
INFO: [ app_begin ] --END-- [ RunTime:0.000456s ]
SQL: SHOW COLUMNS FROM `ego_bus` [ RunTime:0.0017s ]
SQL: SELECT * FROM `ego_bus`  [ RunTime:0.0002s ]

[ 2016-08-29T15:39:08+08:00 ] ::1 /coding/API/eGoServer/index.php/api/bus.html
INFO: [ app_init ] --START--
INFO: Run Behavior\BuildLiteBehavior [ RunTime:0.000014s ]
INFO: [ app_init ] --END-- [ RunTime:0.000310s ]
INFO: [ app_begin ] --START--
INFO: Run Behavior\ReadHtmlCacheBehavior [ RunTime:0.000418s ]
INFO: [ app_begin ] --END-- [ RunTime:0.000471s ]
SQL: SHOW COLUMNS FROM `ego_bus` [ RunTime:0.0017s ]
SQL: SELECT * FROM `ego_bus`  [ RunTime:0.0002s ]

[ 2016-08-29T15:39:11+08:00 ] ::1 /coding/API/eGoServer/index.php/api/bus.html
INFO: [ app_init ] --START--
INFO: Run Behavior\BuildLiteBehavior [ RunTime:0.000019s ]
INFO: [ app_init ] --END-- [ RunTime:0.000458s ]
INFO: [ app_begin ] --START--
INFO: Run Behavior\ReadHtmlCacheBehavior [ RunTime:0.000597s ]
INFO: [ app_begin ] --END-- [ RunTime:0.000674s ]
SQL: SHOW COLUMNS FROM `ego_bus` [ RunTime:0.0023s ]
SQL: SELECT * FROM `ego_bus`  [ RunTime:0.0003s ]

[ 2016-08-29T15:39:14+08:00 ] ::1 /coding/API/eGoServer/index.php/api/bus.html
INFO: [ app_init ] --START--
INFO: Run Behavior\BuildLiteBehavior [ RunTime:0.000013s ]
INFO: [ app_init ] --END-- [ RunTime:0.000306s ]
INFO: [ app_begin ] --START--
INFO: Run Behavior\ReadHtmlCacheBehavior [ RunTime:0.000400s ]
INFO: [ app_begin ] --END-- [ RunTime:0.000452s ]
SQL: SHOW COLUMNS FROM `ego_bus` [ RunTime:0.0026s ]
SQL: SELECT * FROM `ego_bus`  [ RunTime:0.0002s ]

[ 2016-08-29T15:39:17+08:00 ] ::1 /coding/API/eGoServer/index.php/api/bus.html
INFO: [ app_init ] --START--
INFO: Run Behavior\BuildLiteBehavior [ RunTime:0.000013s ]
INFO: [ app_init ] --END-- [ RunTime:0.000301s ]
INFO: [ app_begin ] --START--
INFO: Run Behavior\ReadHtmlCacheBehavior [ RunTime:0.000400s ]
INFO: [ app_begin ] --END-- [ RunTime:0.000453s ]
SQL: SHOW COLUMNS FROM `ego_bus` [ RunTime:0.0024s ]
SQL: SELECT * FROM `ego_bus`  [ RunTime:0.0002s ]

[ 2016-08-29T15:39:20+08:00 ] ::1 /coding/API/eGoServer/index.php/api/bus.html
INFO: [ app_init ] --START--
INFO: Run Behavior\BuildLiteBehavior [ RunTime:0.000014s ]
INFO: [ app_init ] --END-- [ RunTime:0.000311s ]
INFO: [ app_begin ] --START--
INFO: Run Behavior\ReadHtmlCacheBehavior [ RunTime:0.000419s ]
INFO: [ app_begin ] --END-- [ RunTime:0.000469s ]
SQL: SHOW COLUMNS FROM `ego_bus` [ RunTime:0.0020s ]
SQL: SELECT * FROM `ego_bus`  [ RunTime:0.0002s ]

[ 2016-08-29T15:39:23+08:00 ] ::1 /coding/API/eGoServer/index.php/api/bus.html
INFO: [ app_init ] --START--
INFO: Run Behavior\BuildLiteBehavior [ RunTime:0.000014s ]
INFO: [ app_init ] --END-- [ RunTime:0.000324s ]
INFO: [ app_begin ] --START--
INFO: Run Behavior\ReadHtmlCacheBehavior [ RunTime:0.000426s ]
INFO: [ app_begin ] --END-- [ RunTime:0.000478s ]
SQL: SHOW COLUMNS FROM `ego_bus` [ RunTime:0.0018s ]
SQL: SELECT * FROM `ego_bus`  [ RunTime:0.0002s ]

[ 2016-08-29T15:39:26+08:00 ] ::1 /coding/API/eGoServer/index.php/api/bus.html
INFO: [ app_init ] --START--
INFO: Run Behavior\BuildLiteBehavior [ RunTime:0.000014s ]
INFO: [ app_init ] --END-- [ RunTime:0.000324s ]
INFO: [ app_begin ] --START--
INFO: Run Behavior\ReadHtmlCacheBehavior [ RunTime:0.000425s ]
INFO: [ app_begin ] --END-- [ RunTime:0.000480s ]
SQL: SHOW COLUMNS FROM `ego_bus` [ RunTime:0.0018s ]
SQL: SELECT * FROM `ego_bus`  [ RunTime:0.0002s ]

[ 2016-08-29T15:39:29+08:00 ] ::1 /coding/API/eGoServer/index.php/api/bus.html
INFO: [ app_init ] --START--
INFO: Run Behavior\BuildLiteBehavior [ RunTime:0.000015s ]
INFO: [ app_init ] --END-- [ RunTime:0.000317s ]
INFO: [ app_begin ] --START--
INFO: Run Behavior\ReadHtmlCacheBehavior [ RunTime:0.000406s ]
INFO: [ app_begin ] --END-- [ RunTime:0.000457s ]
SQL: SHOW COLUMNS FROM `ego_bus` [ RunTime:0.0020s ]
SQL: SELECT * FROM `ego_bus`  [ RunTime:0.0002s ]

[ 2016-08-29T15:39:32+08:00 ] ::1 /coding/API/eGoServer/index.php/api/bus.html
INFO: [ app_init ] --START--
INFO: Run Behavior\BuildLiteBehavior [ RunTime:0.000068s ]
INFO: [ app_init ] --END-- [ RunTime:0.000548s ]
INFO: [ app_begin ] --START--
INFO: Run Behavior\ReadHtmlCacheBehavior [ RunTime:0.000691s ]
INFO: [ app_begin ] --END-- [ RunTime:0.000937s ]
SQL: SHOW COLUMNS FROM `ego_bus` [ RunTime:0.0019s ]
SQL: SELECT * FROM `ego_bus`  [ RunTime:0.0002s ]

[ 2016-08-29T15:39:35+08:00 ] ::1 /coding/API/eGoServer/index.php/api/bus.html
INFO: [ app_init ] --START--
INFO: Run Behavior\BuildLiteBehavior [ RunTime:0.000013s ]
INFO: [ app_init ] --END-- [ RunTime:0.000336s ]
INFO: [ app_begin ] --START--
INFO: Run Behavior\ReadHtmlCacheBehavior [ RunTime:0.000503s ]
INFO: [ app_begin ] --END-- [ RunTime:0.000556s ]
SQL: SHOW COLUMNS FROM `ego_bus` [ RunTime:0.0021s ]
SQL: SELECT * FROM `ego_bus`  [ RunTime:0.0002s ]

[ 2016-08-29T15:39:38+08:00 ] ::1 /coding/API/eGoServer/index.php/api/bus.html
INFO: [ app_init ] --START--
INFO: Run Behavior\BuildLiteBehavior [ RunTime:0.000014s ]
INFO: [ app_init ] --END-- [ RunTime:0.000313s ]
INFO: [ app_begin ] --START--
INFO: Run Behavior\ReadHtmlCacheBehavior [ RunTime:0.000405s ]
INFO: [ app_begin ] --END-- [ RunTime:0.000457s ]
SQL: SHOW COLUMNS FROM `ego_bus` [ RunTime:0.0019s ]
SQL: SELECT * FROM `ego_bus`  [ RunTime:0.0002s ]

[ 2016-08-29T15:39:41+08:00 ] ::1 /coding/API/eGoServer/index.php/api/bus.html
INFO: [ app_init ] --START--
INFO: Run Behavior\BuildLiteBehavior [ RunTime:0.000017s ]
INFO: [ app_init ] --END-- [ RunTime:0.000433s ]
INFO: [ app_begin ] --START--
INFO: Run Behavior\ReadHtmlCacheBehavior [ RunTime:0.000668s ]
INFO: [ app_begin ] --END-- [ RunTime:0.000743s ]
SQL: SHOW COLUMNS FROM `ego_bus` [ RunTime:0.0018s ]
SQL: SELECT * FROM `ego_bus`  [ RunTime:0.0002s ]

[ 2016-08-29T15:39:44+08:00 ] ::1 /coding/API/eGoServer/index.php/api/bus.html
INFO: [ app_init ] --START--
INFO: Run Behavior\BuildLiteBehavior [ RunTime:0.000014s ]
INFO: [ app_init ] --END-- [ RunTime:0.000310s ]
INFO: [ app_begin ] --START--
INFO: Run Behavior\ReadHtmlCacheBehavior [ RunTime:0.000408s ]
INFO: [ app_begin ] --END-- [ RunTime:0.000458s ]
SQL: SHOW COLUMNS FROM `ego_bus` [ RunTime:0.0019s ]
SQL: SELECT * FROM `ego_bus`  [ RunTime:0.0002s ]

[ 2016-08-29T15:39:47+08:00 ] ::1 /coding/API/eGoServer/index.php/api/bus.html
INFO: [ app_init ] --START--
INFO: Run Behavior\BuildLiteBehavior [ RunTime:0.000013s ]
INFO: [ app_init ] --END-- [ RunTime:0.000303s ]
INFO: [ app_begin ] --START--
INFO: Run Behavior\ReadHtmlCacheBehavior [ RunTime:0.000399s ]
INFO: [ app_begin ] --END-- [ RunTime:0.000451s ]
SQL: SHOW COLUMNS FROM `ego_bus` [ RunTime:0.0022s ]
SQL: SELECT * FROM `ego_bus`  [ RunTime:0.0002s ]

[ 2016-08-29T15:39:50+08:00 ] ::1 /coding/API/eGoServer/index.php/api/bus.html
INFO: [ app_init ] --START--
INFO: Run Behavior\BuildLiteBehavior [ RunTime:0.000018s ]
INFO: [ app_init ] --END-- [ RunTime:0.000494s ]
INFO: [ app_begin ] --START--
INFO: Run Behavior\ReadHtmlCacheBehavior [ RunTime:0.000434s ]
INFO: [ app_begin ] --END-- [ RunTime:0.000487s ]
SQL: SHOW COLUMNS FROM `ego_bus` [ RunTime:0.0021s ]
SQL: SELECT * FROM `ego_bus`  [ RunTime:0.0002s ]

[ 2016-08-29T15:39:53+08:00 ] ::1 /coding/API/eGoServer/index.php/api/bus.html
INFO: [ app_init ] --START--
INFO: Run Behavior\BuildLiteBehavior [ RunTime:0.000013s ]
INFO: [ app_init ] --END-- [ RunTime:0.000303s ]
INFO: [ app_begin ] --START--
INFO: Run Behavior\ReadHtmlCacheBehavior [ RunTime:0.000951s ]
INFO: [ app_begin ] --END-- [ RunTime:0.001057s ]
SQL: SHOW COLUMNS FROM `ego_bus` [ RunTime:0.0026s ]
SQL: SELECT * FROM `ego_bus`  [ RunTime:0.0002s ]

[ 2016-08-29T15:39:56+08:00 ] ::1 /coding/API/eGoServer/index.php/api/bus.html
INFO: [ app_init ] --START--
INFO: Run Behavior\BuildLiteBehavior [ RunTime:0.000019s ]
INFO: [ app_init ] --END-- [ RunTime:0.000449s ]
INFO: [ app_begin ] --START--
INFO: Run Behavior\ReadHtmlCacheBehavior [ RunTime:0.000598s ]
INFO: [ app_begin ] --END-- [ RunTime:0.000676s ]
SQL: SHOW COLUMNS FROM `ego_bus` [ RunTime:0.0018s ]
SQL: SELECT * FROM `ego_bus`  [ RunTime:0.0002s ]

[ 2016-08-29T15:39:59+08:00 ] ::1 /coding/API/eGoServer/index.php/api/bus.html
INFO: [ app_init ] --START--
INFO: Run Behavior\BuildLiteBehavior [ RunTime:0.000015s ]
INFO: [ app_init ] --END-- [ RunTime:0.000333s ]
INFO: [ app_begin ] --START--
INFO: Run Behavior\ReadHtmlCacheBehavior [ RunTime:0.000426s ]
INFO: [ app_begin ] --END-- [ RunTime:0.000487s ]
SQL: SHOW COLUMNS FROM `ego_bus` [ RunTime:0.0025s ]
SQL: SELECT * FROM `ego_bus`  [ RunTime:0.0002s ]

[ 2016-08-29T15:40:02+08:00 ] ::1 /coding/API/eGoServer/index.php/api/bus.html
INFO: [ app_init ] --START--
INFO: Run Behavior\BuildLiteBehavior [ RunTime:0.000013s ]
INFO: [ app_init ] --END-- [ RunTime:0.000305s ]
INFO: [ app_begin ] --START--
INFO: Run Behavior\ReadHtmlCacheBehavior [ RunTime:0.000463s ]
INFO: [ app_begin ] --END-- [ RunTime:0.000526s ]
SQL: SHOW COLUMNS FROM `ego_bus` [ RunTime:0.0018s ]
SQL: SELECT * FROM `ego_bus`  [ RunTime:0.0002s ]

[ 2016-08-29T15:40:05+08:00 ] ::1 /coding/API/eGoServer/index.php/api/bus.html
INFO: [ app_init ] --START--
INFO: Run Behavior\BuildLiteBehavior [ RunTime:0.000013s ]
INFO: [ app_init ] --END-- [ RunTime:0.000310s ]
INFO: [ app_begin ] --START--
INFO: Run Behavior\ReadHtmlCacheBehavior [ RunTime:0.000418s ]
INFO: [ app_begin ] --END-- [ RunTime:0.000470s ]
SQL: SHOW COLUMNS FROM `ego_bus` [ RunTime:0.0022s ]
SQL: SELECT * FROM `ego_bus`  [ RunTime:0.0002s ]

[ 2016-08-29T15:40:08+08:00 ] ::1 /coding/API/eGoServer/index.php/api/bus.html
INFO: [ app_init ] --START--
INFO: Run Behavior\BuildLiteBehavior [ RunTime:0.000014s ]
INFO: [ app_init ] --END-- [ RunTime:0.000334s ]
INFO: [ app_begin ] --START--
INFO: Run Behavior\ReadHtmlCacheBehavior [ RunTime:0.000432s ]
INFO: [ app_begin ] --END-- [ RunTime:0.000487s ]
SQL: SHOW COLUMNS FROM `ego_bus` [ RunTime:0.0022s ]
SQL: SELECT * FROM `ego_bus`  [ RunTime:0.0002s ]

[ 2016-08-29T15:40:18+08:00 ] ::1 /coding/API/eGoServer/index.php/api/bus.html
INFO: [ app_init ] --START--
INFO: Run Behavior\BuildLiteBehavior [ RunTime:0.000027s ]
INFO: [ app_init ] --END-- [ RunTime:0.001021s ]
INFO: [ app_begin ] --START--
INFO: Run Behavior\ReadHtmlCacheBehavior [ RunTime:0.000501s ]
INFO: [ app_begin ] --END-- [ RunTime:0.000575s ]
SQL: SHOW COLUMNS FROM `ego_bus` [ RunTime:0.0011s ]
SQL: SELECT * FROM `ego_bus`  [ RunTime:0.0003s ]

[ 2016-08-29T15:40:21+08:00 ] ::1 /coding/API/eGoServer/index.php/api/bus.html
INFO: [ app_init ] --START--
INFO: Run Behavior\BuildLiteBehavior [ RunTime:0.000014s ]
INFO: [ app_init ] --END-- [ RunTime:0.000326s ]
INFO: [ app_begin ] --START--
INFO: Run Behavior\ReadHtmlCacheBehavior [ RunTime:0.000412s ]
INFO: [ app_begin ] --END-- [ RunTime:0.000463s ]
SQL: SHOW COLUMNS FROM `ego_bus` [ RunTime:0.0021s ]
SQL: SELECT * FROM `ego_bus`  [ RunTime:0.0003s ]

[ 2016-08-29T15:40:24+08:00 ] ::1 /coding/API/eGoServer/index.php/api/bus.html
INFO: [ app_init ] --START--
INFO: Run Behavior\BuildLiteBehavior [ RunTime:0.000013s ]
INFO: [ app_init ] --END-- [ RunTime:0.000319s ]
INFO: [ app_begin ] --START--
INFO: Run Behavior\ReadHtmlCacheBehavior [ RunTime:0.000416s ]
INFO: [ app_begin ] --END-- [ RunTime:0.000469s ]
SQL: SHOW COLUMNS FROM `ego_bus` [ RunTime:0.0024s ]
SQL: SELECT * FROM `ego_bus`  [ RunTime:0.0003s ]

[ 2016-08-29T15:40:27+08:00 ] ::1 /coding/API/eGoServer/index.php/api/bus.html
INFO: [ app_init ] --START--
INFO: Run Behavior\BuildLiteBehavior [ RunTime:0.000101s ]
INFO: [ app_init ] --END-- [ RunTime:0.001500s ]
INFO: [ app_begin ] --START--
INFO: Run Behavior\ReadHtmlCacheBehavior [ RunTime:0.001259s ]
INFO: [ app_begin ] --END-- [ RunTime:0.001848s ]
SQL: SHOW COLUMNS FROM `ego_bus` [ RunTime:0.0019s ]
SQL: SELECT * FROM `ego_bus`  [ RunTime:0.0007s ]

[ 2016-08-29T15:40:30+08:00 ] ::1 /coding/API/eGoServer/index.php/api/bus.html
INFO: [ app_init ] --START--
INFO: Run Behavior\BuildLiteBehavior [ RunTime:0.000016s ]
INFO: [ app_init ] --END-- [ RunTime:0.000345s ]
INFO: [ app_begin ] --START--
INFO: Run Behavior\ReadHtmlCacheBehavior [ RunTime:0.000469s ]
INFO: [ app_begin ] --END-- [ RunTime:0.000534s ]
SQL: SHOW COLUMNS FROM `ego_bus` [ RunTime:0.0022s ]
SQL: SELECT * FROM `ego_bus`  [ RunTime:0.0003s ]

[ 2016-08-29T15:40:33+08:00 ] ::1 /coding/API/eGoServer/index.php/api/bus.html
INFO: [ app_init ] --START--
INFO: Run Behavior\BuildLiteBehavior [ RunTime:0.000013s ]
INFO: [ app_init ] --END-- [ RunTime:0.000304s ]
INFO: [ app_begin ] --START--
INFO: Run Behavior\ReadHtmlCacheBehavior [ RunTime:0.000404s ]
INFO: [ app_begin ] --END-- [ RunTime:0.000455s ]
SQL: SHOW COLUMNS FROM `ego_bus` [ RunTime:0.0019s ]
SQL: SELECT * FROM `ego_bus`  [ RunTime:0.0002s ]

[ 2016-08-29T15:40:36+08:00 ] ::1 /coding/API/eGoServer/index.php/api/bus.html
INFO: [ app_init ] --START--
INFO: Run Behavior\BuildLiteBehavior [ RunTime:0.000014s ]
INFO: [ app_init ] --END-- [ RunTime:0.000315s ]
INFO: [ app_begin ] --START--
INFO: Run Behavior\ReadHtmlCacheBehavior [ RunTime:0.000408s ]
INFO: [ app_begin ] --END-- [ RunTime:0.000460s ]
SQL: SHOW COLUMNS FROM `ego_bus` [ RunTime:0.0019s ]
SQL: SELECT * FROM `ego_bus`  [ RunTime:0.0002s ]

[ 2016-08-29T15:40:39+08:00 ] ::1 /coding/API/eGoServer/index.php/api/bus.html
INFO: [ app_init ] --START--
INFO: Run Behavior\BuildLiteBehavior [ RunTime:0.000012s ]
INFO: [ app_init ] --END-- [ RunTime:0.000308s ]
INFO: [ app_begin ] --START--
INFO: Run Behavior\ReadHtmlCacheBehavior [ RunTime:0.000407s ]
INFO: [ app_begin ] --END-- [ RunTime:0.000458s ]
SQL: SHOW COLUMNS FROM `ego_bus` [ RunTime:0.0020s ]
SQL: SELECT * FROM `ego_bus`  [ RunTime:0.0002s ]

[ 2016-08-29T15:40:42+08:00 ] ::1 /coding/API/eGoServer/index.php/api/bus.html
INFO: [ app_init ] --START--
INFO: Run Behavior\BuildLiteBehavior [ RunTime:0.000015s ]
INFO: [ app_init ] --END-- [ RunTime:0.000360s ]
INFO: [ app_begin ] --START--
INFO: Run Behavior\ReadHtmlCacheBehavior [ RunTime:0.000579s ]
INFO: [ app_begin ] --END-- [ RunTime:0.000648s ]
SQL: SHOW COLUMNS FROM `ego_bus` [ RunTime:0.0019s ]
SQL: SELECT * FROM `ego_bus`  [ RunTime:0.0002s ]

[ 2016-08-29T15:40:45+08:00 ] ::1 /coding/API/eGoServer/index.php/api/bus.html
INFO: [ app_init ] --START--
INFO: Run Behavior\BuildLiteBehavior [ RunTime:0.000013s ]
INFO: [ app_init ] --END-- [ RunTime:0.000308s ]
INFO: [ app_begin ] --START--
INFO: Run Behavior\ReadHtmlCacheBehavior [ RunTime:0.000412s ]
INFO: [ app_begin ] --END-- [ RunTime:0.000463s ]
SQL: SHOW COLUMNS FROM `ego_bus` [ RunTime:0.0016s ]
SQL: SELECT * FROM `ego_bus`  [ RunTime:0.0002s ]

[ 2016-08-29T15:40:48+08:00 ] ::1 /coding/API/eGoServer/index.php/api/bus.html
INFO: [ app_init ] --START--
INFO: Run Behavior\BuildLiteBehavior [ RunTime:0.000021s ]
INFO: [ app_init ] --END-- [ RunTime:0.000514s ]
INFO: [ app_begin ] --START--
INFO: Run Behavior\ReadHtmlCacheBehavior [ RunTime:0.000590s ]
INFO: [ app_begin ] --END-- [ RunTime:0.000666s ]
SQL: SHOW COLUMNS FROM `ego_bus` [ RunTime:0.0029s ]
SQL: SELECT * FROM `ego_bus`  [ RunTime:0.0002s ]

[ 2016-08-29T15:40:51+08:00 ] ::1 /coding/API/eGoServer/index.php/api/bus.html
INFO: [ app_init ] --START--
INFO: Run Behavior\BuildLiteBehavior [ RunTime:0.000013s ]
INFO: [ app_init ] --END-- [ RunTime:0.000312s ]
INFO: [ app_begin ] --START--
INFO: Run Behavior\ReadHtmlCacheBehavior [ RunTime:0.000405s ]
INFO: [ app_begin ] --END-- [ RunTime:0.000458s ]
SQL: SHOW COLUMNS FROM `ego_bus` [ RunTime:0.0020s ]
SQL: SELECT * FROM `ego_bus`  [ RunTime:0.0002s ]

[ 2016-08-29T15:40:54+08:00 ] ::1 /coding/API/eGoServer/index.php/api/bus.html
INFO: [ app_init ] --START--
INFO: Run Behavior\BuildLiteBehavior [ RunTime:0.000013s ]
INFO: [ app_init ] --END-- [ RunTime:0.000305s ]
INFO: [ app_begin ] --START--
INFO: Run Behavior\ReadHtmlCacheBehavior [ RunTime:0.000450s ]
INFO: [ app_begin ] --END-- [ RunTime:0.000510s ]
SQL: SHOW COLUMNS FROM `ego_bus` [ RunTime:0.0018s ]
SQL: SELECT * FROM `ego_bus`  [ RunTime:0.0002s ]

[ 2016-08-29T15:40:57+08:00 ] ::1 /coding/API/eGoServer/index.php/api/bus.html
INFO: [ app_init ] --START--
INFO: Run Behavior\BuildLiteBehavior [ RunTime:0.000013s ]
INFO: [ app_init ] --END-- [ RunTime:0.000307s ]
INFO: [ app_begin ] --START--
INFO: Run Behavior\ReadHtmlCacheBehavior [ RunTime:0.000425s ]
INFO: [ app_begin ] --END-- [ RunTime:0.000478s ]
SQL: SHOW COLUMNS FROM `ego_bus` [ RunTime:0.0017s ]
SQL: SELECT * FROM `ego_bus`  [ RunTime:0.0002s ]

[ 2016-08-29T15:41:00+08:00 ] ::1 /coding/API/eGoServer/index.php/api/bus.html
INFO: [ app_init ] --START--
INFO: Run Behavior\BuildLiteBehavior [ RunTime:0.000013s ]
INFO: [ app_init ] --END-- [ RunTime:0.000309s ]
INFO: [ app_begin ] --START--
INFO: Run Behavior\ReadHtmlCacheBehavior [ RunTime:0.000491s ]
INFO: [ app_begin ] --END-- [ RunTime:0.000557s ]
SQL: SHOW COLUMNS FROM `ego_bus` [ RunTime:0.0019s ]
SQL: SELECT * FROM `ego_bus`  [ RunTime:0.0002s ]

[ 2016-08-29T15:41:03+08:00 ] ::1 /coding/API/eGoServer/index.php/api/bus.html
INFO: [ app_init ] --START--
INFO: Run Behavior\BuildLiteBehavior [ RunTime:0.000012s ]
INFO: [ app_init ] --END-- [ RunTime:0.000305s ]
INFO: [ app_begin ] --START--
INFO: Run Behavior\ReadHtmlCacheBehavior [ RunTime:0.000862s ]
INFO: [ app_begin ] --END-- [ RunTime:0.000972s ]
SQL: SHOW COLUMNS FROM `ego_bus` [ RunTime:0.0018s ]
SQL: SELECT * FROM `ego_bus`  [ RunTime:0.0002s ]

[ 2016-08-29T15:41:06+08:00 ] ::1 /coding/API/eGoServer/index.php/api/bus.html
INFO: [ app_init ] --START--
INFO: Run Behavior\BuildLiteBehavior [ RunTime:0.000014s ]
INFO: [ app_init ] --END-- [ RunTime:0.000327s ]
INFO: [ app_begin ] --START--
INFO: Run Behavior\ReadHtmlCacheBehavior [ RunTime:0.000441s ]
INFO: [ app_begin ] --END-- [ RunTime:0.000503s ]
SQL: SHOW COLUMNS FROM `ego_bus` [ RunTime:0.0018s ]
SQL: SELECT * FROM `ego_bus`  [ RunTime:0.0002s ]

[ 2016-08-29T15:41:09+08:00 ] ::1 /coding/API/eGoServer/index.php/api/bus.html
INFO: [ app_init ] --START--
INFO: Run Behavior\BuildLiteBehavior [ RunTime:0.000014s ]
INFO: [ app_init ] --END-- [ RunTime:0.000310s ]
INFO: [ app_begin ] --START--
INFO: Run Behavior\ReadHtmlCacheBehavior [ RunTime:0.000411s ]
INFO: [ app_begin ] --END-- [ RunTime:0.000465s ]
SQL: SHOW COLUMNS FROM `ego_bus` [ RunTime:0.0024s ]
SQL: SELECT * FROM `ego_bus`  [ RunTime:0.0002s ]

[ 2016-08-29T15:41:12+08:00 ] ::1 /coding/API/eGoServer/index.php/api/bus.html
INFO: [ app_init ] --START--
INFO: Run Behavior\BuildLiteBehavior [ RunTime:0.000014s ]
INFO: [ app_init ] --END-- [ RunTime:0.000304s ]
INFO: [ app_begin ] --START--
INFO: Run Behavior\ReadHtmlCacheBehavior [ RunTime:0.000407s ]
INFO: [ app_begin ] --END-- [ RunTime:0.000459s ]
SQL: SHOW COLUMNS FROM `ego_bus` [ RunTime:0.0019s ]
SQL: SELECT * FROM `ego_bus`  [ RunTime:0.0002s ]

[ 2016-08-29T15:41:15+08:00 ] ::1 /coding/API/eGoServer/index.php/api/bus.html
INFO: [ app_init ] --START--
INFO: Run Behavior\BuildLiteBehavior [ RunTime:0.000013s ]
INFO: [ app_init ] --END-- [ RunTime:0.000313s ]
INFO: [ app_begin ] --START--
INFO: Run Behavior\ReadHtmlCacheBehavior [ RunTime:0.000406s ]
INFO: [ app_begin ] --END-- [ RunTime:0.000458s ]
SQL: SHOW COLUMNS FROM `ego_bus` [ RunTime:0.0019s ]
SQL: SELECT * FROM `ego_bus`  [ RunTime:0.0002s ]

[ 2016-08-29T15:41:18+08:00 ] ::1 /coding/API/eGoServer/index.php/api/bus.html
INFO: [ app_init ] --START--
INFO: Run Behavior\BuildLiteBehavior [ RunTime:0.000021s ]
INFO: [ app_init ] --END-- [ RunTime:0.000502s ]
INFO: [ app_begin ] --START--
INFO: Run Behavior\ReadHtmlCacheBehavior [ RunTime:0.001161s ]
INFO: [ app_begin ] --END-- [ RunTime:0.001262s ]
SQL: SHOW COLUMNS FROM `ego_bus` [ RunTime:0.0008s ]
SQL: SELECT * FROM `ego_bus`  [ RunTime:0.0002s ]

[ 2016-08-29T15:41:21+08:00 ] ::1 /coding/API/eGoServer/index.php/api/bus.html
INFO: [ app_init ] --START--
INFO: Run Behavior\BuildLiteBehavior [ RunTime:0.000020s ]
INFO: [ app_init ] --END-- [ RunTime:0.000447s ]
INFO: [ app_begin ] --START--
INFO: Run Behavior\ReadHtmlCacheBehavior [ RunTime:0.000581s ]
INFO: [ app_begin ] --END-- [ RunTime:0.000654s ]
SQL: SHOW COLUMNS FROM `ego_bus` [ RunTime:0.0021s ]
SQL: SELECT * FROM `ego_bus`  [ RunTime:0.0002s ]

[ 2016-08-29T15:41:24+08:00 ] ::1 /coding/API/eGoServer/index.php/api/bus.html
INFO: [ app_init ] --START--
INFO: Run Behavior\BuildLiteBehavior [ RunTime:0.000013s ]
INFO: [ app_init ] --END-- [ RunTime:0.000305s ]
INFO: [ app_begin ] --START--
INFO: Run Behavior\ReadHtmlCacheBehavior [ RunTime:0.000481s ]
INFO: [ app_begin ] --END-- [ RunTime:0.000533s ]
SQL: SHOW COLUMNS FROM `ego_bus` [ RunTime:0.0021s ]
SQL: SELECT * FROM `ego_bus`  [ RunTime:0.0002s ]

[ 2016-08-29T15:41:27+08:00 ] ::1 /coding/API/eGoServer/index.php/api/bus.html
INFO: [ app_init ] --START--
INFO: Run Behavior\BuildLiteBehavior [ RunTime:0.000015s ]
INFO: [ app_init ] --END-- [ RunTime:0.000314s ]
INFO: [ app_begin ] --START--
INFO: Run Behavior\ReadHtmlCacheBehavior [ RunTime:0.000403s ]
INFO: [ app_begin ] --END-- [ RunTime:0.000455s ]
SQL: SHOW COLUMNS FROM `ego_bus` [ RunTime:0.0020s ]
SQL: SELECT * FROM `ego_bus`  [ RunTime:0.0002s ]

[ 2016-08-29T15:41:30+08:00 ] ::1 /coding/API/eGoServer/index.php/api/bus.html
INFO: [ app_init ] --START--
INFO: Run Behavior\BuildLiteBehavior [ RunTime:0.000013s ]
INFO: [ app_init ] --END-- [ RunTime:0.000325s ]
INFO: [ app_begin ] --START--
INFO: Run Behavior\ReadHtmlCacheBehavior [ RunTime:0.000428s ]
INFO: [ app_begin ] --END-- [ RunTime:0.000483s ]
SQL: SHOW COLUMNS FROM `ego_bus` [ RunTime:0.0020s ]
SQL: SELECT * FROM `ego_bus`  [ RunTime:0.0002s ]

[ 2016-08-29T15:41:33+08:00 ] ::1 /coding/API/eGoServer/index.php/api/bus.html
INFO: [ app_init ] --START--
INFO: Run Behavior\BuildLiteBehavior [ RunTime:0.000013s ]
INFO: [ app_init ] --END-- [ RunTime:0.000304s ]
INFO: [ app_begin ] --START--
INFO: Run Behavior\ReadHtmlCacheBehavior [ RunTime:0.000405s ]
INFO: [ app_begin ] --END-- [ RunTime:0.000457s ]
SQL: SHOW COLUMNS FROM `ego_bus` [ RunTime:0.0018s ]
SQL: SELECT * FROM `ego_bus`  [ RunTime:0.0002s ]

[ 2016-08-29T15:41:36+08:00 ] ::1 /coding/API/eGoServer/index.php/api/bus.html
INFO: [ app_init ] --START--
INFO: Run Behavior\BuildLiteBehavior [ RunTime:0.000013s ]
INFO: [ app_init ] --END-- [ RunTime:0.000315s ]
INFO: [ app_begin ] --START--
INFO: Run Behavior\ReadHtmlCacheBehavior [ RunTime:0.000406s ]
INFO: [ app_begin ] --END-- [ RunTime:0.000457s ]
SQL: SHOW COLUMNS FROM `ego_bus` [ RunTime:0.0021s ]
SQL: SELECT * FROM `ego_bus`  [ RunTime:0.0002s ]

[ 2016-08-29T15:41:39+08:00 ] ::1 /coding/API/eGoServer/index.php/api/bus.html
INFO: [ app_init ] --START--
INFO: Run Behavior\BuildLiteBehavior [ RunTime:0.000014s ]
INFO: [ app_init ] --END-- [ RunTime:0.000313s ]
INFO: [ app_begin ] --START--
INFO: Run Behavior\ReadHtmlCacheBehavior [ RunTime:0.000407s ]
INFO: [ app_begin ] --END-- [ RunTime:0.000458s ]
SQL: SHOW COLUMNS FROM `ego_bus` [ RunTime:0.0018s ]
SQL: SELECT * FROM `ego_bus`  [ RunTime:0.0002s ]

[ 2016-08-29T15:41:42+08:00 ] ::1 /coding/API/eGoServer/index.php/api/bus.html
INFO: [ app_init ] --START--
INFO: Run Behavior\BuildLiteBehavior [ RunTime:0.000013s ]
INFO: [ app_init ] --END-- [ RunTime:0.000305s ]
INFO: [ app_begin ] --START--
INFO: Run Behavior\ReadHtmlCacheBehavior [ RunTime:0.000403s ]
INFO: [ app_begin ] --END-- [ RunTime:0.000454s ]
SQL: SHOW COLUMNS FROM `ego_bus` [ RunTime:0.0017s ]
SQL: SELECT * FROM `ego_bus`  [ RunTime:0.0002s ]

[ 2016-08-29T15:41:45+08:00 ] ::1 /coding/API/eGoServer/index.php/api/bus.html
INFO: [ app_init ] --START--
INFO: Run Behavior\BuildLiteBehavior [ RunTime:0.000018s ]
INFO: [ app_init ] --END-- [ RunTime:0.000488s ]
INFO: [ app_begin ] --START--
INFO: Run Behavior\ReadHtmlCacheBehavior [ RunTime:0.000617s ]
INFO: [ app_begin ] --END-- [ RunTime:0.000698s ]
SQL: SHOW COLUMNS FROM `ego_bus` [ RunTime:0.0024s ]
SQL: SELECT * FROM `ego_bus`  [ RunTime:0.0002s ]

[ 2016-08-29T15:41:48+08:00 ] ::1 /coding/API/eGoServer/index.php/api/bus.html
INFO: [ app_init ] --START--
INFO: Run Behavior\BuildLiteBehavior [ RunTime:0.000013s ]
INFO: [ app_init ] --END-- [ RunTime:0.000306s ]
INFO: [ app_begin ] --START--
INFO: Run Behavior\ReadHtmlCacheBehavior [ RunTime:0.000401s ]
INFO: [ app_begin ] --END-- [ RunTime:0.000452s ]
SQL: SHOW COLUMNS FROM `ego_bus` [ RunTime:0.0022s ]
SQL: SELECT * FROM `ego_bus`  [ RunTime:0.0002s ]

[ 2016-08-29T15:41:51+08:00 ] ::1 /coding/API/eGoServer/index.php/api/bus.html
INFO: [ app_init ] --START--
INFO: Run Behavior\BuildLiteBehavior [ RunTime:0.000012s ]
INFO: [ app_init ] --END-- [ RunTime:0.000306s ]
INFO: [ app_begin ] --START--
INFO: Run Behavior\ReadHtmlCacheBehavior [ RunTime:0.000408s ]
INFO: [ app_begin ] --END-- [ RunTime:0.000461s ]
SQL: SHOW COLUMNS FROM `ego_bus` [ RunTime:0.0021s ]
SQL: SELECT * FROM `ego_bus`  [ RunTime:0.0002s ]

[ 2016-08-29T15:41:54+08:00 ] ::1 /coding/API/eGoServer/index.php/api/bus.html
INFO: [ app_init ] --START--
INFO: Run Behavior\BuildLiteBehavior [ RunTime:0.000014s ]
INFO: [ app_init ] --END-- [ RunTime:0.000336s ]
INFO: [ app_begin ] --START--
INFO: Run Behavior\ReadHtmlCacheBehavior [ RunTime:0.000406s ]
INFO: [ app_begin ] --END-- [ RunTime:0.000458s ]
SQL: SHOW COLUMNS FROM `ego_bus` [ RunTime:0.0021s ]
SQL: SELECT * FROM `ego_bus`  [ RunTime:0.0002s ]

[ 2016-08-29T15:41:57+08:00 ] ::1 /coding/API/eGoServer/index.php/api/bus.html
INFO: [ app_init ] --START--
INFO: Run Behavior\BuildLiteBehavior [ RunTime:0.000013s ]
INFO: [ app_init ] --END-- [ RunTime:0.000304s ]
INFO: [ app_begin ] --START--
INFO: Run Behavior\ReadHtmlCacheBehavior [ RunTime:0.000399s ]
INFO: [ app_begin ] --END-- [ RunTime:0.000451s ]
SQL: SHOW COLUMNS FROM `ego_bus` [ RunTime:0.0018s ]
SQL: SELECT * FROM `ego_bus`  [ RunTime:0.0002s ]

[ 2016-08-29T15:42:00+08:00 ] ::1 /coding/API/eGoServer/index.php/api/bus.html
INFO: [ app_init ] --START--
INFO: Run Behavior\BuildLiteBehavior [ RunTime:0.000014s ]
INFO: [ app_init ] --END-- [ RunTime:0.000321s ]
INFO: [ app_begin ] --START--
INFO: Run Behavior\ReadHtmlCacheBehavior [ RunTime:0.000428s ]
INFO: [ app_begin ] --END-- [ RunTime:0.000485s ]
SQL: SHOW COLUMNS FROM `ego_bus` [ RunTime:0.0020s ]
SQL: SELECT * FROM `ego_bus`  [ RunTime:0.0002s ]

[ 2016-08-29T15:42:03+08:00 ] ::1 /coding/API/eGoServer/index.php/api/bus.html
INFO: [ app_init ] --START--
INFO: Run Behavior\BuildLiteBehavior [ RunTime:0.000016s ]
INFO: [ app_init ] --END-- [ RunTime:0.000370s ]
INFO: [ app_begin ] --START--
INFO: Run Behavior\ReadHtmlCacheBehavior [ RunTime:0.000594s ]
INFO: [ app_begin ] --END-- [ RunTime:0.000665s ]
SQL: SHOW COLUMNS FROM `ego_bus` [ RunTime:0.0020s ]
SQL: SELECT * FROM `ego_bus`  [ RunTime:0.0003s ]

[ 2016-08-29T15:42:06+08:00 ] ::1 /coding/API/eGoServer/index.php/api/bus.html
INFO: [ app_init ] --START--
INFO: Run Behavior\BuildLiteBehavior [ RunTime:0.000015s ]
INFO: [ app_init ] --END-- [ RunTime:0.000312s ]
INFO: [ app_begin ] --START--
INFO: Run Behavior\ReadHtmlCacheBehavior [ RunTime:0.000404s ]
INFO: [ app_begin ] --END-- [ RunTime:0.000456s ]
SQL: SHOW COLUMNS FROM `ego_bus` [ RunTime:0.0017s ]
SQL: SELECT * FROM `ego_bus`  [ RunTime:0.0002s ]

[ 2016-08-29T15:42:09+08:00 ] ::1 /coding/API/eGoServer/index.php/api/bus.html
INFO: [ app_init ] --START--
INFO: Run Behavior\BuildLiteBehavior [ RunTime:0.000021s ]
INFO: [ app_init ] --END-- [ RunTime:0.000752s ]
INFO: [ app_begin ] --START--
INFO: Run Behavior\ReadHtmlCacheBehavior [ RunTime:0.001016s ]
INFO: [ app_begin ] --END-- [ RunTime:0.001141s ]
SQL: SHOW COLUMNS FROM `ego_bus` [ RunTime:0.0018s ]
SQL: SELECT * FROM `ego_bus`  [ RunTime:0.0002s ]

[ 2016-08-29T15:42:12+08:00 ] ::1 /coding/API/eGoServer/index.php/api/bus.html
INFO: [ app_init ] --START--
INFO: Run Behavior\BuildLiteBehavior [ RunTime:0.000015s ]
INFO: [ app_init ] --END-- [ RunTime:0.000431s ]
INFO: [ app_begin ] --START--
INFO: Run Behavior\ReadHtmlCacheBehavior [ RunTime:0.000465s ]
INFO: [ app_begin ] --END-- [ RunTime:0.000524s ]
SQL: SHOW COLUMNS FROM `ego_bus` [ RunTime:0.0018s ]
SQL: SELECT * FROM `ego_bus`  [ RunTime:0.0007s ]

[ 2016-08-29T15:42:15+08:00 ] ::1 /coding/API/eGoServer/index.php/api/bus.html
INFO: [ app_init ] --START--
INFO: Run Behavior\BuildLiteBehavior [ RunTime:0.000032s ]
INFO: [ app_init ] --END-- [ RunTime:0.000492s ]
INFO: [ app_begin ] --START--
INFO: Run Behavior\ReadHtmlCacheBehavior [ RunTime:0.000442s ]
INFO: [ app_begin ] --END-- [ RunTime:0.000502s ]
SQL: SHOW COLUMNS FROM `ego_bus` [ RunTime:0.0021s ]
SQL: SELECT * FROM `ego_bus`  [ RunTime:0.0002s ]

[ 2016-08-29T15:42:18+08:00 ] ::1 /coding/API/eGoServer/index.php/api/bus.html
INFO: [ app_init ] --START--
INFO: Run Behavior\BuildLiteBehavior [ RunTime:0.000012s ]
INFO: [ app_init ] --END-- [ RunTime:0.000307s ]
INFO: [ app_begin ] --START--
INFO: Run Behavior\ReadHtmlCacheBehavior [ RunTime:0.000413s ]
INFO: [ app_begin ] --END-- [ RunTime:0.000466s ]
SQL: SHOW COLUMNS FROM `ego_bus` [ RunTime:0.0019s ]
SQL: SELECT * FROM `ego_bus`  [ RunTime:0.0002s ]

[ 2016-08-29T15:42:21+08:00 ] ::1 /coding/API/eGoServer/index.php/api/bus.html
INFO: [ app_init ] --START--
INFO: Run Behavior\BuildLiteBehavior [ RunTime:0.000015s ]
INFO: [ app_init ] --END-- [ RunTime:0.000363s ]
INFO: [ app_begin ] --START--
INFO: Run Behavior\ReadHtmlCacheBehavior [ RunTime:0.000436s ]
INFO: [ app_begin ] --END-- [ RunTime:0.000491s ]
SQL: SHOW COLUMNS FROM `ego_bus` [ RunTime:0.0019s ]
SQL: SELECT * FROM `ego_bus`  [ RunTime:0.0003s ]

[ 2016-08-29T15:42:24+08:00 ] ::1 /coding/API/eGoServer/index.php/api/bus.html
INFO: [ app_init ] --START--
INFO: Run Behavior\BuildLiteBehavior [ RunTime:0.000014s ]
INFO: [ app_init ] --END-- [ RunTime:0.000341s ]
INFO: [ app_begin ] --START--
INFO: Run Behavior\ReadHtmlCacheBehavior [ RunTime:0.000432s ]
INFO: [ app_begin ] --END-- [ RunTime:0.000487s ]
SQL: SHOW COLUMNS FROM `ego_bus` [ RunTime:0.0029s ]
SQL: SELECT * FROM `ego_bus`  [ RunTime:0.0005s ]

[ 2016-08-29T15:42:27+08:00 ] ::1 /coding/API/eGoServer/index.php/api/bus.html
INFO: [ app_init ] --START--
INFO: Run Behavior\BuildLiteBehavior [ RunTime:0.000013s ]
INFO: [ app_init ] --END-- [ RunTime:0.000309s ]
INFO: [ app_begin ] --START--
INFO: Run Behavior\ReadHtmlCacheBehavior [ RunTime:0.000446s ]
INFO: [ app_begin ] --END-- [ RunTime:0.000503s ]
SQL: SHOW COLUMNS FROM `ego_bus` [ RunTime:0.0021s ]
SQL: SELECT * FROM `ego_bus`  [ RunTime:0.0002s ]

[ 2016-08-29T15:42:30+08:00 ] ::1 /coding/API/eGoServer/index.php/api/bus.html
INFO: [ app_init ] --START--
INFO: Run Behavior\BuildLiteBehavior [ RunTime:0.000045s ]
INFO: [ app_init ] --END-- [ RunTime:0.000991s ]
INFO: [ app_begin ] --START--
INFO: Run Behavior\ReadHtmlCacheBehavior [ RunTime:0.001185s ]
INFO: [ app_begin ] --END-- [ RunTime:0.001455s ]
SQL: SHOW COLUMNS FROM `ego_bus` [ RunTime:0.0031s ]
SQL: SELECT * FROM `ego_bus`  [ RunTime:0.0002s ]

[ 2016-08-29T15:42:33+08:00 ] ::1 /coding/API/eGoServer/index.php/api/bus.html
INFO: [ app_init ] --START--
INFO: Run Behavior\BuildLiteBehavior [ RunTime:0.000019s ]
INFO: [ app_init ] --END-- [ RunTime:0.000456s ]
INFO: [ app_begin ] --START--
INFO: Run Behavior\ReadHtmlCacheBehavior [ RunTime:0.000596s ]
INFO: [ app_begin ] --END-- [ RunTime:0.000674s ]
SQL: SHOW COLUMNS FROM `ego_bus` [ RunTime:0.0020s ]
SQL: SELECT * FROM `ego_bus`  [ RunTime:0.0004s ]

[ 2016-08-29T15:42:36+08:00 ] ::1 /coding/API/eGoServer/index.php/api/bus.html
INFO: [ app_init ] --START--
INFO: Run Behavior\BuildLiteBehavior [ RunTime:0.000020s ]
INFO: [ app_init ] --END-- [ RunTime:0.000447s ]
INFO: [ app_begin ] --START--
INFO: Run Behavior\ReadHtmlCacheBehavior [ RunTime:0.000583s ]
INFO: [ app_begin ] --END-- [ RunTime:0.000659s ]
SQL: SHOW COLUMNS FROM `ego_bus` [ RunTime:0.0019s ]
SQL: SELECT * FROM `ego_bus`  [ RunTime:0.0002s ]

[ 2016-08-29T15:42:39+08:00 ] ::1 /coding/API/eGoServer/index.php/api/bus.html
INFO: [ app_init ] --START--
INFO: Run Behavior\BuildLiteBehavior [ RunTime:0.000015s ]
INFO: [ app_init ] --END-- [ RunTime:0.000339s ]
INFO: [ app_begin ] --START--
INFO: Run Behavior\ReadHtmlCacheBehavior [ RunTime:0.000440s ]
INFO: [ app_begin ] --END-- [ RunTime:0.000499s ]
SQL: SHOW COLUMNS FROM `ego_bus` [ RunTime:0.0021s ]
SQL: SELECT * FROM `ego_bus`  [ RunTime:0.0002s ]

[ 2016-08-29T15:42:42+08:00 ] ::1 /coding/API/eGoServer/index.php/api/bus.html
INFO: [ app_init ] --START--
INFO: Run Behavior\BuildLiteBehavior [ RunTime:0.000014s ]
INFO: [ app_init ] --END-- [ RunTime:0.000309s ]
INFO: [ app_begin ] --START--
INFO: Run Behavior\ReadHtmlCacheBehavior [ RunTime:0.000404s ]
INFO: [ app_begin ] --END-- [ RunTime:0.000455s ]
SQL: SHOW COLUMNS FROM `ego_bus` [ RunTime:0.0022s ]
SQL: SELECT * FROM `ego_bus`  [ RunTime:0.0003s ]

[ 2016-08-29T15:42:45+08:00 ] ::1 /coding/API/eGoServer/index.php/api/bus.html
INFO: [ app_init ] --START--
INFO: Run Behavior\BuildLiteBehavior [ RunTime:0.000013s ]
INFO: [ app_init ] --END-- [ RunTime:0.000302s ]
INFO: [ app_begin ] --START--
INFO: Run Behavior\ReadHtmlCacheBehavior [ RunTime:0.000402s ]
INFO: [ app_begin ] --END-- [ RunTime:0.000453s ]
SQL: SHOW COLUMNS FROM `ego_bus` [ RunTime:0.0017s ]
SQL: SELECT * FROM `ego_bus`  [ RunTime:0.0002s ]

[ 2016-08-29T15:42:48+08:00 ] ::1 /coding/API/eGoServer/index.php/api/bus.html
INFO: [ app_init ] --START--
INFO: Run Behavior\BuildLiteBehavior [ RunTime:0.000014s ]
INFO: [ app_init ] --END-- [ RunTime:0.000331s ]
INFO: [ app_begin ] --START--
INFO: Run Behavior\ReadHtmlCacheBehavior [ RunTime:0.000401s ]
INFO: [ app_begin ] --END-- [ RunTime:0.000451s ]
SQL: SHOW COLUMNS FROM `ego_bus` [ RunTime:0.0027s ]
SQL: SELECT * FROM `ego_bus`  [ RunTime:0.0002s ]

[ 2016-08-29T15:42:51+08:00 ] ::1 /coding/API/eGoServer/index.php/api/bus.html
INFO: [ app_init ] --START--
INFO: Run Behavior\BuildLiteBehavior [ RunTime:0.000013s ]
INFO: [ app_init ] --END-- [ RunTime:0.000306s ]
INFO: [ app_begin ] --START--
INFO: Run Behavior\ReadHtmlCacheBehavior [ RunTime:0.000405s ]
INFO: [ app_begin ] --END-- [ RunTime:0.000458s ]
SQL: SHOW COLUMNS FROM `ego_bus` [ RunTime:0.0021s ]
SQL: SELECT * FROM `ego_bus`  [ RunTime:0.0002s ]

[ 2016-08-29T15:42:54+08:00 ] ::1 /coding/API/eGoServer/index.php/api/bus.html
INFO: [ app_init ] --START--
INFO: Run Behavior\BuildLiteBehavior [ RunTime:0.000014s ]
INFO: [ app_init ] --END-- [ RunTime:0.000312s ]
INFO: [ app_begin ] --START--
INFO: Run Behavior\ReadHtmlCacheBehavior [ RunTime:0.000414s ]
INFO: [ app_begin ] --END-- [ RunTime:0.000467s ]
SQL: SHOW COLUMNS FROM `ego_bus` [ RunTime:0.0017s ]
SQL: SELECT * FROM `ego_bus`  [ RunTime:0.0002s ]

[ 2016-08-29T15:42:57+08:00 ] ::1 /coding/API/eGoServer/index.php/api/bus.html
INFO: [ app_init ] --START--
INFO: Run Behavior\BuildLiteBehavior [ RunTime:0.000018s ]
INFO: [ app_init ] --END-- [ RunTime:0.000446s ]
INFO: [ app_begin ] --START--
INFO: Run Behavior\ReadHtmlCacheBehavior [ RunTime:0.000592s ]
INFO: [ app_begin ] --END-- [ RunTime:0.000666s ]
SQL: SHOW COLUMNS FROM `ego_bus` [ RunTime:0.0018s ]
SQL: SELECT * FROM `ego_bus`  [ RunTime:0.0002s ]

[ 2016-08-29T15:43:00+08:00 ] ::1 /coding/API/eGoServer/index.php/api/bus.html
INFO: [ app_init ] --START--
INFO: Run Behavior\BuildLiteBehavior [ RunTime:0.000014s ]
INFO: [ app_init ] --END-- [ RunTime:0.000312s ]
INFO: [ app_begin ] --START--
INFO: Run Behavior\ReadHtmlCacheBehavior [ RunTime:0.000399s ]
INFO: [ app_begin ] --END-- [ RunTime:0.000451s ]
SQL: SHOW COLUMNS FROM `ego_bus` [ RunTime:0.0020s ]
SQL: SELECT * FROM `ego_bus`  [ RunTime:0.0002s ]

[ 2016-08-29T15:43:03+08:00 ] ::1 /coding/API/eGoServer/index.php/api/bus.html
INFO: [ app_init ] --START--
INFO: Run Behavior\BuildLiteBehavior [ RunTime:0.000012s ]
INFO: [ app_init ] --END-- [ RunTime:0.000306s ]
INFO: [ app_begin ] --START--
INFO: Run Behavior\ReadHtmlCacheBehavior [ RunTime:0.000403s ]
INFO: [ app_begin ] --END-- [ RunTime:0.000454s ]
SQL: SHOW COLUMNS FROM `ego_bus` [ RunTime:0.0018s ]
SQL: SELECT * FROM `ego_bus`  [ RunTime:0.0002s ]

[ 2016-08-29T15:43:06+08:00 ] ::1 /coding/API/eGoServer/index.php/api/bus.html
INFO: [ app_init ] --START--
INFO: Run Behavior\BuildLiteBehavior [ RunTime:0.000013s ]
INFO: [ app_init ] --END-- [ RunTime:0.000301s ]
INFO: [ app_begin ] --START--
INFO: Run Behavior\ReadHtmlCacheBehavior [ RunTime:0.000404s ]
INFO: [ app_begin ] --END-- [ RunTime:0.000454s ]
SQL: SHOW COLUMNS FROM `ego_bus` [ RunTime:0.0021s ]
SQL: SELECT * FROM `ego_bus`  [ RunTime:0.0002s ]

[ 2016-08-29T15:43:09+08:00 ] ::1 /coding/API/eGoServer/index.php/api/bus.html
INFO: [ app_init ] --START--
INFO: Run Behavior\BuildLiteBehavior [ RunTime:0.000014s ]
INFO: [ app_init ] --END-- [ RunTime:0.000309s ]
INFO: [ app_begin ] --START--
INFO: Run Behavior\ReadHtmlCacheBehavior [ RunTime:0.000400s ]
INFO: [ app_begin ] --END-- [ RunTime:0.000452s ]
SQL: SHOW COLUMNS FROM `ego_bus` [ RunTime:0.0022s ]
SQL: SELECT * FROM `ego_bus`  [ RunTime:0.0002s ]

[ 2016-08-29T15:43:12+08:00 ] ::1 /coding/API/eGoServer/index.php/api/bus.html
INFO: [ app_init ] --START--
INFO: Run Behavior\BuildLiteBehavior [ RunTime:0.000013s ]
INFO: [ app_init ] --END-- [ RunTime:0.000324s ]
INFO: [ app_begin ] --START--
INFO: Run Behavior\ReadHtmlCacheBehavior [ RunTime:0.000424s ]
INFO: [ app_begin ] --END-- [ RunTime:0.000478s ]
SQL: SHOW COLUMNS FROM `ego_bus` [ RunTime:0.0023s ]
SQL: SELECT * FROM `ego_bus`  [ RunTime:0.0002s ]

[ 2016-08-29T15:43:15+08:00 ] ::1 /coding/API/eGoServer/index.php/api/bus.html
INFO: [ app_init ] --START--
INFO: Run Behavior\BuildLiteBehavior [ RunTime:0.000014s ]
INFO: [ app_init ] --END-- [ RunTime:0.000311s ]
INFO: [ app_begin ] --START--
INFO: Run Behavior\ReadHtmlCacheBehavior [ RunTime:0.000410s ]
INFO: [ app_begin ] --END-- [ RunTime:0.000462s ]
SQL: SHOW COLUMNS FROM `ego_bus` [ RunTime:0.0018s ]
SQL: SELECT * FROM `ego_bus`  [ RunTime:0.0002s ]

[ 2016-08-29T15:43:18+08:00 ] ::1 /coding/API/eGoServer/index.php/api/bus.html
INFO: [ app_init ] --START--
INFO: Run Behavior\BuildLiteBehavior [ RunTime:0.000020s ]
INFO: [ app_init ] --END-- [ RunTime:0.000447s ]
INFO: [ app_begin ] --START--
INFO: Run Behavior\ReadHtmlCacheBehavior [ RunTime:0.000589s ]
INFO: [ app_begin ] --END-- [ RunTime:0.000664s ]
SQL: SHOW COLUMNS FROM `ego_bus` [ RunTime:0.0018s ]
SQL: SELECT * FROM `ego_bus`  [ RunTime:0.0003s ]

[ 2016-08-29T15:43:21+08:00 ] ::1 /coding/API/eGoServer/index.php/api/bus.html
INFO: [ app_init ] --START--
INFO: Run Behavior\BuildLiteBehavior [ RunTime:0.000012s ]
INFO: [ app_init ] --END-- [ RunTime:0.000311s ]
INFO: [ app_begin ] --START--
INFO: Run Behavior\ReadHtmlCacheBehavior [ RunTime:0.000805s ]
INFO: [ app_begin ] --END-- [ RunTime:0.000905s ]
SQL: SHOW COLUMNS FROM `ego_bus` [ RunTime:0.0019s ]
SQL: SELECT * FROM `ego_bus`  [ RunTime:0.0002s ]

[ 2016-08-29T15:43:24+08:00 ] ::1 /coding/API/eGoServer/index.php/api/bus.html
INFO: [ app_init ] --START--
INFO: Run Behavior\BuildLiteBehavior [ RunTime:0.000014s ]
INFO: [ app_init ] --END-- [ RunTime:0.000325s ]
INFO: [ app_begin ] --START--
INFO: Run Behavior\ReadHtmlCacheBehavior [ RunTime:0.000429s ]
INFO: [ app_begin ] --END-- [ RunTime:0.000483s ]
SQL: SHOW COLUMNS FROM `ego_bus` [ RunTime:0.0018s ]
SQL: SELECT * FROM `ego_bus`  [ RunTime:0.0002s ]

[ 2016-08-29T15:43:27+08:00 ] ::1 /coding/API/eGoServer/index.php/api/bus.html
INFO: [ app_init ] --START--
INFO: Run Behavior\BuildLiteBehavior [ RunTime:0.000014s ]
INFO: [ app_init ] --END-- [ RunTime:0.000310s ]
INFO: [ app_begin ] --START--
INFO: Run Behavior\ReadHtmlCacheBehavior [ RunTime:0.000402s ]
INFO: [ app_begin ] --END-- [ RunTime:0.000454s ]
SQL: SHOW COLUMNS FROM `ego_bus` [ RunTime:0.0020s ]
SQL: SELECT * FROM `ego_bus`  [ RunTime:0.0002s ]

[ 2016-08-29T15:43:30+08:00 ] ::1 /coding/API/eGoServer/index.php/api/bus.html
INFO: [ app_init ] --START--
INFO: Run Behavior\BuildLiteBehavior [ RunTime:0.000015s ]
INFO: [ app_init ] --END-- [ RunTime:0.000329s ]
INFO: [ app_begin ] --START--
INFO: Run Behavior\ReadHtmlCacheBehavior [ RunTime:0.000431s ]
INFO: [ app_begin ] --END-- [ RunTime:0.000484s ]
SQL: SHOW COLUMNS FROM `ego_bus` [ RunTime:0.0020s ]
SQL: SELECT * FROM `ego_bus`  [ RunTime:0.0002s ]

[ 2016-08-29T15:43:33+08:00 ] ::1 /coding/API/eGoServer/index.php/api/bus.html
INFO: [ app_init ] --START--
INFO: Run Behavior\BuildLiteBehavior [ RunTime:0.000014s ]
INFO: [ app_init ] --END-- [ RunTime:0.000325s ]
INFO: [ app_begin ] --START--
INFO: Run Behavior\ReadHtmlCacheBehavior [ RunTime:0.000501s ]
INFO: [ app_begin ] --END-- [ RunTime:0.000559s ]
SQL: SHOW COLUMNS FROM `ego_bus` [ RunTime:0.0018s ]
SQL: SELECT * FROM `ego_bus`  [ RunTime:0.0002s ]

[ 2016-08-29T15:43:36+08:00 ] ::1 /coding/API/eGoServer/index.php/api/bus.html
INFO: [ app_init ] --START--
INFO: Run Behavior\BuildLiteBehavior [ RunTime:0.000014s ]
INFO: [ app_init ] --END-- [ RunTime:0.000333s ]
INFO: [ app_begin ] --START--
INFO: Run Behavior\ReadHtmlCacheBehavior [ RunTime:0.000442s ]
INFO: [ app_begin ] --END-- [ RunTime:0.000499s ]
SQL: SHOW COLUMNS FROM `ego_bus` [ RunTime:0.0020s ]
SQL: SELECT * FROM `ego_bus`  [ RunTime:0.0002s ]

[ 2016-08-29T15:43:39+08:00 ] ::1 /coding/API/eGoServer/index.php/api/bus.html
INFO: [ app_init ] --START--
INFO: Run Behavior\BuildLiteBehavior [ RunTime:0.000014s ]
INFO: [ app_init ] --END-- [ RunTime:0.000321s ]
INFO: [ app_begin ] --START--
INFO: Run Behavior\ReadHtmlCacheBehavior [ RunTime:0.000410s ]
INFO: [ app_begin ] --END-- [ RunTime:0.000460s ]
SQL: SHOW COLUMNS FROM `ego_bus` [ RunTime:0.0019s ]
SQL: SELECT * FROM `ego_bus`  [ RunTime:0.0002s ]

[ 2016-08-29T15:43:42+08:00 ] ::1 /coding/API/eGoServer/index.php/api/bus.html
INFO: [ app_init ] --START--
INFO: Run Behavior\BuildLiteBehavior [ RunTime:0.000022s ]
INFO: [ app_init ] --END-- [ RunTime:0.001029s ]
INFO: [ app_begin ] --START--
INFO: Run Behavior\ReadHtmlCacheBehavior [ RunTime:0.000942s ]
INFO: [ app_begin ] --END-- [ RunTime:0.001020s ]
SQL: SHOW COLUMNS FROM `ego_bus` [ RunTime:0.0018s ]
SQL: SELECT * FROM `ego_bus`  [ RunTime:0.0002s ]

[ 2016-08-29T15:43:45+08:00 ] ::1 /coding/API/eGoServer/index.php/api/bus.html
INFO: [ app_init ] --START--
INFO: Run Behavior\BuildLiteBehavior [ RunTime:0.000014s ]
INFO: [ app_init ] --END-- [ RunTime:0.000371s ]
INFO: [ app_begin ] --START--
INFO: Run Behavior\ReadHtmlCacheBehavior [ RunTime:0.000413s ]
INFO: [ app_begin ] --END-- [ RunTime:0.000465s ]
SQL: SHOW COLUMNS FROM `ego_bus` [ RunTime:0.0019s ]
SQL: SELECT * FROM `ego_bus`  [ RunTime:0.0002s ]

[ 2016-08-29T15:43:48+08:00 ] ::1 /coding/API/eGoServer/index.php/api/bus.html
INFO: [ app_init ] --START--
INFO: Run Behavior\BuildLiteBehavior [ RunTime:0.000013s ]
INFO: [ app_init ] --END-- [ RunTime:0.000305s ]
INFO: [ app_begin ] --START--
INFO: Run Behavior\ReadHtmlCacheBehavior [ RunTime:0.000403s ]
INFO: [ app_begin ] --END-- [ RunTime:0.000454s ]
SQL: SHOW COLUMNS FROM `ego_bus` [ RunTime:0.0017s ]
SQL: SELECT * FROM `ego_bus`  [ RunTime:0.0002s ]

[ 2016-08-29T15:43:51+08:00 ] ::1 /coding/API/eGoServer/index.php/api/bus.html
INFO: [ app_init ] --START--
INFO: Run Behavior\BuildLiteBehavior [ RunTime:0.000014s ]
INFO: [ app_init ] --END-- [ RunTime:0.000328s ]
INFO: [ app_begin ] --START--
INFO: Run Behavior\ReadHtmlCacheBehavior [ RunTime:0.000441s ]
INFO: [ app_begin ] --END-- [ RunTime:0.000495s ]
SQL: SHOW COLUMNS FROM `ego_bus` [ RunTime:0.0019s ]
SQL: SELECT * FROM `ego_bus`  [ RunTime:0.0002s ]

[ 2016-08-29T15:43:54+08:00 ] ::1 /coding/API/eGoServer/index.php/api/bus.html
INFO: [ app_init ] --START--
INFO: Run Behavior\BuildLiteBehavior [ RunTime:0.000013s ]
INFO: [ app_init ] --END-- [ RunTime:0.000307s ]
INFO: [ app_begin ] --START--
INFO: Run Behavior\ReadHtmlCacheBehavior [ RunTime:0.000683s ]
INFO: [ app_begin ] --END-- [ RunTime:0.000763s ]
SQL: SHOW COLUMNS FROM `ego_bus` [ RunTime:0.0019s ]
SQL: SELECT * FROM `ego_bus`  [ RunTime:0.0002s ]

[ 2016-08-29T15:43:57+08:00 ] ::1 /coding/API/eGoServer/index.php/api/bus.html
INFO: [ app_init ] --START--
INFO: Run Behavior\BuildLiteBehavior [ RunTime:0.000012s ]
INFO: [ app_init ] --END-- [ RunTime:0.000306s ]
INFO: [ app_begin ] --START--
INFO: Run Behavior\ReadHtmlCacheBehavior [ RunTime:0.000406s ]
INFO: [ app_begin ] --END-- [ RunTime:0.000460s ]
SQL: SHOW COLUMNS FROM `ego_bus` [ RunTime:0.0018s ]
SQL: SELECT * FROM `ego_bus`  [ RunTime:0.0002s ]

[ 2016-08-29T15:44:00+08:00 ] ::1 /coding/API/eGoServer/index.php/api/bus.html
INFO: [ app_init ] --START--
INFO: Run Behavior\BuildLiteBehavior [ RunTime:0.000014s ]
INFO: [ app_init ] --END-- [ RunTime:0.000328s ]
INFO: [ app_begin ] --START--
INFO: Run Behavior\ReadHtmlCacheBehavior [ RunTime:0.000514s ]
INFO: [ app_begin ] --END-- [ RunTime:0.000569s ]
SQL: SHOW COLUMNS FROM `ego_bus` [ RunTime:0.0018s ]
SQL: SELECT * FROM `ego_bus`  [ RunTime:0.0002s ]

[ 2016-08-29T15:44:03+08:00 ] ::1 /coding/API/eGoServer/index.php/api/bus.html
INFO: [ app_init ] --START--
INFO: Run Behavior\BuildLiteBehavior [ RunTime:0.000014s ]
INFO: [ app_init ] --END-- [ RunTime:0.000348s ]
INFO: [ app_begin ] --START--
INFO: Run Behavior\ReadHtmlCacheBehavior [ RunTime:0.000459s ]
INFO: [ app_begin ] --END-- [ RunTime:0.000519s ]
SQL: SHOW COLUMNS FROM `ego_bus` [ RunTime:0.0016s ]
SQL: SELECT * FROM `ego_bus`  [ RunTime:0.0002s ]

[ 2016-08-29T15:44:06+08:00 ] ::1 /coding/API/eGoServer/index.php/api/bus.html
INFO: [ app_init ] --START--
INFO: Run Behavior\BuildLiteBehavior [ RunTime:0.000013s ]
INFO: [ app_init ] --END-- [ RunTime:0.000307s ]
INFO: [ app_begin ] --START--
INFO: Run Behavior\ReadHtmlCacheBehavior [ RunTime:0.000417s ]
INFO: [ app_begin ] --END-- [ RunTime:0.000471s ]
SQL: SHOW COLUMNS FROM `ego_bus` [ RunTime:0.0018s ]
SQL: SELECT * FROM `ego_bus`  [ RunTime:0.0002s ]

[ 2016-08-29T15:44:09+08:00 ] ::1 /coding/API/eGoServer/index.php/api/bus.html
INFO: [ app_init ] --START--
INFO: Run Behavior\BuildLiteBehavior [ RunTime:0.000019s ]
INFO: [ app_init ] --END-- [ RunTime:0.000435s ]
INFO: [ app_begin ] --START--
INFO: Run Behavior\ReadHtmlCacheBehavior [ RunTime:0.000761s ]
INFO: [ app_begin ] --END-- [ RunTime:0.000887s ]
SQL: SHOW COLUMNS FROM `ego_bus` [ RunTime:0.0009s ]
SQL: SELECT * FROM `ego_bus`  [ RunTime:0.0003s ]

[ 2016-08-29T15:44:12+08:00 ] ::1 /coding/API/eGoServer/index.php/api/bus.html
INFO: [ app_init ] --START--
INFO: Run Behavior\BuildLiteBehavior [ RunTime:0.000013s ]
INFO: [ app_init ] --END-- [ RunTime:0.000306s ]
INFO: [ app_begin ] --START--
INFO: Run Behavior\ReadHtmlCacheBehavior [ RunTime:0.000420s ]
INFO: [ app_begin ] --END-- [ RunTime:0.000475s ]
SQL: SHOW COLUMNS FROM `ego_bus` [ RunTime:0.0019s ]
SQL: SELECT * FROM `ego_bus`  [ RunTime:0.0002s ]

[ 2016-08-29T15:44:15+08:00 ] ::1 /coding/API/eGoServer/index.php/api/bus.html
INFO: [ app_init ] --START--
INFO: Run Behavior\BuildLiteBehavior [ RunTime:0.000014s ]
INFO: [ app_init ] --END-- [ RunTime:0.000515s ]
INFO: [ app_begin ] --START--
INFO: Run Behavior\ReadHtmlCacheBehavior [ RunTime:0.000449s ]
INFO: [ app_begin ] --END-- [ RunTime:0.000525s ]
SQL: SHOW COLUMNS FROM `ego_bus` [ RunTime:0.0021s ]
SQL: SELECT * FROM `ego_bus`  [ RunTime:0.0002s ]

[ 2016-08-29T15:44:18+08:00 ] ::1 /coding/API/eGoServer/index.php/api/bus.html
INFO: [ app_init ] --START--
INFO: Run Behavior\BuildLiteBehavior [ RunTime:0.000014s ]
INFO: [ app_init ] --END-- [ RunTime:0.000333s ]
INFO: [ app_begin ] --START--
INFO: Run Behavior\ReadHtmlCacheBehavior [ RunTime:0.000535s ]
INFO: [ app_begin ] --END-- [ RunTime:0.000596s ]
SQL: SHOW COLUMNS FROM `ego_bus` [ RunTime:0.0021s ]
SQL: SELECT * FROM `ego_bus`  [ RunTime:0.0002s ]

[ 2016-08-29T15:44:21+08:00 ] ::1 /coding/API/eGoServer/index.php/api/bus.html
INFO: [ app_init ] --START--
INFO: Run Behavior\BuildLiteBehavior [ RunTime:0.000013s ]
INFO: [ app_init ] --END-- [ RunTime:0.000309s ]
INFO: [ app_begin ] --START--
INFO: Run Behavior\ReadHtmlCacheBehavior [ RunTime:0.000847s ]
INFO: [ app_begin ] --END-- [ RunTime:0.000939s ]
SQL: SHOW COLUMNS FROM `ego_bus` [ RunTime:0.0019s ]
SQL: SELECT * FROM `ego_bus`  [ RunTime:0.0002s ]

[ 2016-08-29T15:44:24+08:00 ] ::1 /coding/API/eGoServer/index.php/api/bus.html
INFO: [ app_init ] --START--
INFO: Run Behavior\BuildLiteBehavior [ RunTime:0.000015s ]
INFO: [ app_init ] --END-- [ RunTime:0.000341s ]
INFO: [ app_begin ] --START--
INFO: Run Behavior\ReadHtmlCacheBehavior [ RunTime:0.000542s ]
INFO: [ app_begin ] --END-- [ RunTime:0.000598s ]
SQL: SHOW COLUMNS FROM `ego_bus` [ RunTime:0.0020s ]
SQL: SELECT * FROM `ego_bus`  [ RunTime:0.0002s ]

[ 2016-08-29T15:44:27+08:00 ] ::1 /coding/API/eGoServer/index.php/api/bus.html
INFO: [ app_init ] --START--
INFO: Run Behavior\BuildLiteBehavior [ RunTime:0.000015s ]
INFO: [ app_init ] --END-- [ RunTime:0.000344s ]
INFO: [ app_begin ] --START--
INFO: Run Behavior\ReadHtmlCacheBehavior [ RunTime:0.000486s ]
INFO: [ app_begin ] --END-- [ RunTime:0.000555s ]
SQL: SHOW COLUMNS FROM `ego_bus` [ RunTime:0.0021s ]
SQL: SELECT * FROM `ego_bus`  [ RunTime:0.0002s ]

[ 2016-08-29T15:44:30+08:00 ] ::1 /coding/API/eGoServer/index.php/api/bus.html
INFO: [ app_init ] --START--
INFO: Run Behavior\BuildLiteBehavior [ RunTime:0.000013s ]
INFO: [ app_init ] --END-- [ RunTime:0.000306s ]
INFO: [ app_begin ] --START--
INFO: Run Behavior\ReadHtmlCacheBehavior [ RunTime:0.000409s ]
INFO: [ app_begin ] --END-- [ RunTime:0.000460s ]
SQL: SHOW COLUMNS FROM `ego_bus` [ RunTime:0.0018s ]
SQL: SELECT * FROM `ego_bus`  [ RunTime:0.0002s ]

[ 2016-08-29T15:44:33+08:00 ] ::1 /coding/API/eGoServer/index.php/api/bus.html
INFO: [ app_init ] --START--
INFO: Run Behavior\BuildLiteBehavior [ RunTime:0.000014s ]
INFO: [ app_init ] --END-- [ RunTime:0.000310s ]
INFO: [ app_begin ] --START--
INFO: Run Behavior\ReadHtmlCacheBehavior [ RunTime:0.000403s ]
INFO: [ app_begin ] --END-- [ RunTime:0.000454s ]
SQL: SHOW COLUMNS FROM `ego_bus` [ RunTime:0.0017s ]
SQL: SELECT * FROM `ego_bus`  [ RunTime:0.0002s ]

[ 2016-08-29T15:44:36+08:00 ] ::1 /coding/API/eGoServer/index.php/api/bus.html
INFO: [ app_init ] --START--
INFO: Run Behavior\BuildLiteBehavior [ RunTime:0.000019s ]
INFO: [ app_init ] --END-- [ RunTime:0.000454s ]
INFO: [ app_begin ] --START--
INFO: Run Behavior\ReadHtmlCacheBehavior [ RunTime:0.000674s ]
INFO: [ app_begin ] --END-- [ RunTime:0.000949s ]
SQL: SHOW COLUMNS FROM `ego_bus` [ RunTime:0.0017s ]
SQL: SELECT * FROM `ego_bus`  [ RunTime:0.0002s ]

[ 2016-08-29T16:10:58+08:00 ] ::1 /coding/API/eGoServer/index.php/api/bus.html
INFO: [ app_init ] --START--
INFO: Run Behavior\BuildLiteBehavior [ RunTime:0.000024s ]
INFO: [ app_init ] --END-- [ RunTime:0.000466s ]
INFO: [ app_begin ] --START--
INFO: Run Behavior\ReadHtmlCacheBehavior [ RunTime:0.000478s ]
INFO: [ app_begin ] --END-- [ RunTime:0.000545s ]
SQL: SHOW COLUMNS FROM `ego_bus` [ RunTime:0.0013s ]
SQL: SELECT * FROM `ego_bus`  [ RunTime:0.0002s ]

[ 2016-08-29T16:12:36+08:00 ] ::1 /coding/API/eGoServer/index.php/api/bus.html
INFO: [ app_init ] --START--
INFO: Run Behavior\BuildLiteBehavior [ RunTime:0.000030s ]
INFO: [ app_init ] --END-- [ RunTime:0.000791s ]
INFO: [ app_begin ] --START--
INFO: Run Behavior\ReadHtmlCacheBehavior [ RunTime:0.000477s ]
INFO: [ app_begin ] --END-- [ RunTime:0.000545s ]
SQL: SHOW COLUMNS FROM `ego_bus` [ RunTime:0.0010s ]
SQL: SELECT * FROM `ego_bus`  [ RunTime:0.0003s ]

[ 2016-08-29T16:12:39+08:00 ] ::1 /coding/API/eGoServer/index.php/api/bus.html
INFO: [ app_init ] --START--
INFO: Run Behavior\BuildLiteBehavior [ RunTime:0.000024s ]
INFO: [ app_init ] --END-- [ RunTime:0.000486s ]
INFO: [ app_begin ] --START--
INFO: Run Behavior\ReadHtmlCacheBehavior [ RunTime:0.000713s ]
INFO: [ app_begin ] --END-- [ RunTime:0.000819s ]
SQL: SHOW COLUMNS FROM `ego_bus` [ RunTime:0.0033s ]
SQL: SELECT * FROM `ego_bus`  [ RunTime:0.0003s ]

[ 2016-08-29T16:12:42+08:00 ] ::1 /coding/API/eGoServer/index.php/api/bus.html
INFO: [ app_init ] --START--
INFO: Run Behavior\BuildLiteBehavior [ RunTime:0.000017s ]
INFO: [ app_init ] --END-- [ RunTime:0.000429s ]
INFO: [ app_begin ] --START--
INFO: Run Behavior\ReadHtmlCacheBehavior [ RunTime:0.000733s ]
INFO: [ app_begin ] --END-- [ RunTime:0.000807s ]
SQL: SHOW COLUMNS FROM `ego_bus` [ RunTime:0.0020s ]
SQL: SELECT * FROM `ego_bus`  [ RunTime:0.0004s ]

[ 2016-08-29T16:12:45+08:00 ] ::1 /coding/API/eGoServer/index.php/api/bus.html
INFO: [ app_init ] --START--
INFO: Run Behavior\BuildLiteBehavior [ RunTime:0.000019s ]
INFO: [ app_init ] --END-- [ RunTime:0.000447s ]
INFO: [ app_begin ] --START--
INFO: Run Behavior\ReadHtmlCacheBehavior [ RunTime:0.000506s ]
INFO: [ app_begin ] --END-- [ RunTime:0.000583s ]
SQL: SHOW COLUMNS FROM `ego_bus` [ RunTime:0.0017s ]
SQL: SELECT * FROM `ego_bus`  [ RunTime:0.0002s ]

[ 2016-08-29T16:12:48+08:00 ] ::1 /coding/API/eGoServer/index.php/api/bus.html
INFO: [ app_init ] --START--
INFO: Run Behavior\BuildLiteBehavior [ RunTime:0.000013s ]
INFO: [ app_init ] --END-- [ RunTime:0.000333s ]
INFO: [ app_begin ] --START--
INFO: Run Behavior\ReadHtmlCacheBehavior [ RunTime:0.000404s ]
INFO: [ app_begin ] --END-- [ RunTime:0.000456s ]
SQL: SHOW COLUMNS FROM `ego_bus` [ RunTime:0.0020s ]
SQL: SELECT * FROM `ego_bus`  [ RunTime:0.0002s ]

[ 2016-08-29T16:12:51+08:00 ] ::1 /coding/API/eGoServer/index.php/api/bus.html
INFO: [ app_init ] --START--
INFO: Run Behavior\BuildLiteBehavior [ RunTime:0.000013s ]
INFO: [ app_init ] --END-- [ RunTime:0.000314s ]
INFO: [ app_begin ] --START--
INFO: Run Behavior\ReadHtmlCacheBehavior [ RunTime:0.000409s ]
INFO: [ app_begin ] --END-- [ RunTime:0.000460s ]
SQL: SHOW COLUMNS FROM `ego_bus` [ RunTime:0.0019s ]
SQL: SELECT * FROM `ego_bus`  [ RunTime:0.0003s ]

[ 2016-08-29T16:13:00+08:00 ] ::1 /coding/API/eGoServer/index.php/api/bus.html
INFO: [ app_init ] --START--
INFO: Run Behavior\BuildLiteBehavior [ RunTime:0.000065s ]
INFO: [ app_init ] --END-- [ RunTime:0.000651s ]
INFO: [ app_begin ] --START--
INFO: Run Behavior\ReadHtmlCacheBehavior [ RunTime:0.000551s ]
INFO: [ app_begin ] --END-- [ RunTime:0.000628s ]
SQL: SHOW COLUMNS FROM `ego_bus` [ RunTime:0.0025s ]
SQL: SELECT * FROM `ego_bus`  [ RunTime:0.0003s ]

[ 2016-08-29T16:13:20+08:00 ] ::1 /coding/API/eGoServer/index.php/api/bus.html
INFO: [ app_init ] --START--
INFO: Run Behavior\BuildLiteBehavior [ RunTime:0.000027s ]
INFO: [ app_init ] --END-- [ RunTime:0.000684s ]
INFO: [ app_begin ] --START--
INFO: Run Behavior\ReadHtmlCacheBehavior [ RunTime:0.000506s ]
INFO: [ app_begin ] --END-- [ RunTime:0.000575s ]
SQL: SHOW COLUMNS FROM `ego_bus` [ RunTime:0.0014s ]
SQL: SELECT * FROM `ego_bus`  [ RunTime:0.0004s ]

[ 2016-08-29T16:13:37+08:00 ] ::1 /coding/API/eGoServer/index.php/api/bus.html
INFO: [ app_init ] --START--
INFO: Run Behavior\BuildLiteBehavior [ RunTime:0.000015s ]
INFO: [ app_init ] --END-- [ RunTime:0.000337s ]
INFO: [ app_begin ] --START--
INFO: Run Behavior\ReadHtmlCacheBehavior [ RunTime:0.000459s ]
INFO: [ app_begin ] --END-- [ RunTime:0.000520s ]
SQL: SHOW COLUMNS FROM `ego_bus` [ RunTime:0.0019s ]
SQL: SELECT * FROM `ego_bus`  [ RunTime:0.0003s ]

[ 2016-08-29T16:14:02+08:00 ] ::1 /coding/API/eGoServer/index.php/api/bus.html
INFO: [ app_init ] --START--
INFO: Run Behavior\BuildLiteBehavior [ RunTime:0.000015s ]
INFO: [ app_init ] --END-- [ RunTime:0.000343s ]
INFO: [ app_begin ] --START--
INFO: Run Behavior\ReadHtmlCacheBehavior [ RunTime:0.000482s ]
INFO: [ app_begin ] --END-- [ RunTime:0.000546s ]
SQL: SHOW COLUMNS FROM `ego_bus` [ RunTime:0.0011s ]
SQL: SELECT * FROM `ego_bus`  [ RunTime:0.0003s ]

[ 2016-08-29T16:15:23+08:00 ] ::1 /coding/API/eGoServer/index.php/api/bus.html
INFO: [ app_init ] --START--
INFO: Run Behavior\BuildLiteBehavior [ RunTime:0.000015s ]
INFO: [ app_init ] --END-- [ RunTime:0.000367s ]
INFO: [ app_begin ] --START--
INFO: Run Behavior\ReadHtmlCacheBehavior [ RunTime:0.000479s ]
INFO: [ app_begin ] --END-- [ RunTime:0.000548s ]
SQL: SHOW COLUMNS FROM `ego_bus` [ RunTime:0.0018s ]
SQL: SELECT * FROM `ego_bus`  [ RunTime:0.0003s ]

[ 2016-08-29T16:16:35+08:00 ] ::1 /coding/API/eGoServer/index.php/api/bus.html
INFO: [ app_init ] --START--
INFO: Run Behavior\BuildLiteBehavior [ RunTime:0.000051s ]
INFO: [ app_init ] --END-- [ RunTime:0.000435s ]
INFO: [ app_begin ] --START--
INFO: Run Behavior\ReadHtmlCacheBehavior [ RunTime:0.001105s ]
INFO: [ app_begin ] --END-- [ RunTime:0.001274s ]
SQL: SHOW COLUMNS FROM `ego_bus` [ RunTime:0.0012s ]
SQL: SELECT * FROM `ego_bus`  [ RunTime:0.0002s ]

[ 2016-08-29T16:17:06+08:00 ] ::1 /coding/API/eGoServer/index.php/api/bus.html
INFO: [ app_init ] --START--
INFO: Run Behavior\BuildLiteBehavior [ RunTime:0.000017s ]
INFO: [ app_init ] --END-- [ RunTime:0.000347s ]
INFO: [ app_begin ] --START--
INFO: Run Behavior\ReadHtmlCacheBehavior [ RunTime:0.000820s ]
INFO: [ app_begin ] --END-- [ RunTime:0.000913s ]
SQL: SHOW COLUMNS FROM `ego_bus` [ RunTime:0.0012s ]
SQL: SELECT * FROM `ego_bus`  [ RunTime:0.0003s ]

[ 2016-08-29T16:18:55+08:00 ] ::1 /coding/API/eGoServer/index.php/api/bus.html
INFO: [ app_init ] --START--
INFO: Run Behavior\BuildLiteBehavior [ RunTime:0.000025s ]
INFO: [ app_init ] --END-- [ RunTime:0.000565s ]
INFO: [ app_begin ] --START--
INFO: Run Behavior\ReadHtmlCacheBehavior [ RunTime:0.000679s ]
INFO: [ app_begin ] --END-- [ RunTime:0.000757s ]
SQL: SHOW COLUMNS FROM `ego_bus` [ RunTime:0.0014s ]
SQL: SELECT * FROM `ego_bus`  [ RunTime:0.0003s ]

[ 2016-08-29T16:20:01+08:00 ] ::1 /coding/API/eGoServer/index.php/api/bus.html
INFO: [ app_init ] --START--
INFO: Run Behavior\BuildLiteBehavior [ RunTime:0.000016s ]
INFO: [ app_init ] --END-- [ RunTime:0.000372s ]
INFO: [ app_begin ] --START--
INFO: Run Behavior\ReadHtmlCacheBehavior [ RunTime:0.000552s ]
INFO: [ app_begin ] --END-- [ RunTime:0.000630s ]
SQL: SHOW COLUMNS FROM `ego_bus` [ RunTime:0.0021s ]
SQL: SELECT * FROM `ego_bus`  [ RunTime:0.0003s ]

[ 2016-08-29T16:20:04+08:00 ] ::1 /coding/API/eGoServer/index.php/api/bus.html
INFO: [ app_init ] --START--
INFO: Run Behavior\BuildLiteBehavior [ RunTime:0.000024s ]
INFO: [ app_init ] --END-- [ RunTime:0.000584s ]
INFO: [ app_begin ] --START--
INFO: Run Behavior\ReadHtmlCacheBehavior [ RunTime:0.002072s ]
INFO: [ app_begin ] --END-- [ RunTime:0.002248s ]
SQL: SHOW COLUMNS FROM `ego_bus` [ RunTime:0.0020s ]
SQL: SELECT * FROM `ego_bus`  [ RunTime:0.0003s ]

[ 2016-08-29T16:20:07+08:00 ] ::1 /coding/API/eGoServer/index.php/api/bus.html
INFO: [ app_init ] --START--
INFO: Run Behavior\BuildLiteBehavior [ RunTime:0.000019s ]
INFO: [ app_init ] --END-- [ RunTime:0.000539s ]
INFO: [ app_begin ] --START--
INFO: Run Behavior\ReadHtmlCacheBehavior [ RunTime:0.000746s ]
INFO: [ app_begin ] --END-- [ RunTime:0.000857s ]
SQL: SHOW COLUMNS FROM `ego_bus` [ RunTime:0.0017s ]
SQL: SELECT * FROM `ego_bus`  [ RunTime:0.0002s ]

[ 2016-08-29T16:20:10+08:00 ] ::1 /coding/API/eGoServer/index.php/api/bus.html
INFO: [ app_init ] --START--
INFO: Run Behavior\BuildLiteBehavior [ RunTime:0.000017s ]
INFO: [ app_init ] --END-- [ RunTime:0.000419s ]
INFO: [ app_begin ] --START--
INFO: Run Behavior\ReadHtmlCacheBehavior [ RunTime:0.000514s ]
INFO: [ app_begin ] --END-- [ RunTime:0.000588s ]
SQL: SHOW COLUMNS FROM `ego_bus` [ RunTime:0.0020s ]
SQL: SELECT * FROM `ego_bus`  [ RunTime:0.0003s ]

[ 2016-08-29T16:20:13+08:00 ] ::1 /coding/API/eGoServer/index.php/api/bus.html
INFO: [ app_init ] --START--
INFO: Run Behavior\BuildLiteBehavior [ RunTime:0.000013s ]
INFO: [ app_init ] --END-- [ RunTime:0.000311s ]
INFO: [ app_begin ] --START--
INFO: Run Behavior\ReadHtmlCacheBehavior [ RunTime:0.000563s ]
INFO: [ app_begin ] --END-- [ RunTime:0.000642s ]
SQL: SHOW COLUMNS FROM `ego_bus` [ RunTime:0.0019s ]
SQL: SELECT * FROM `ego_bus`  [ RunTime:0.0002s ]

[ 2016-08-29T16:20:16+08:00 ] ::1 /coding/API/eGoServer/index.php/api/bus.html
INFO: [ app_init ] --START--
INFO: Run Behavior\BuildLiteBehavior [ RunTime:0.000014s ]
INFO: [ app_init ] --END-- [ RunTime:0.000316s ]
INFO: [ app_begin ] --START--
INFO: Run Behavior\ReadHtmlCacheBehavior [ RunTime:0.000405s ]
INFO: [ app_begin ] --END-- [ RunTime:0.000457s ]
SQL: SHOW COLUMNS FROM `ego_bus` [ RunTime:0.0021s ]
SQL: SELECT * FROM `ego_bus`  [ RunTime:0.0003s ]

[ 2016-08-29T16:20:19+08:00 ] ::1 /coding/API/eGoServer/index.php/api/bus.html
INFO: [ app_init ] --START--
INFO: Run Behavior\BuildLiteBehavior [ RunTime:0.000013s ]
INFO: [ app_init ] --END-- [ RunTime:0.000303s ]
INFO: [ app_begin ] --START--
INFO: Run Behavior\ReadHtmlCacheBehavior [ RunTime:0.000407s ]
INFO: [ app_begin ] --END-- [ RunTime:0.000459s ]
SQL: SHOW COLUMNS FROM `ego_bus` [ RunTime:0.0023s ]
SQL: SELECT * FROM `ego_bus`  [ RunTime:0.0002s ]

[ 2016-08-29T16:20:22+08:00 ] ::1 /coding/API/eGoServer/index.php/api/bus.html
INFO: [ app_init ] --START--
INFO: Run Behavior\BuildLiteBehavior [ RunTime:0.000014s ]
INFO: [ app_init ] --END-- [ RunTime:0.000310s ]
INFO: [ app_begin ] --START--
INFO: Run Behavior\ReadHtmlCacheBehavior [ RunTime:0.000402s ]
INFO: [ app_begin ] --END-- [ RunTime:0.000453s ]
SQL: SHOW COLUMNS FROM `ego_bus` [ RunTime:0.0017s ]
SQL: SELECT * FROM `ego_bus`  [ RunTime:0.0002s ]

[ 2016-08-29T16:20:25+08:00 ] ::1 /coding/API/eGoServer/index.php/api/bus.html
INFO: [ app_init ] --START--
INFO: Run Behavior\BuildLiteBehavior [ RunTime:0.000014s ]
INFO: [ app_init ] --END-- [ RunTime:0.000339s ]
INFO: [ app_begin ] --START--
INFO: Run Behavior\ReadHtmlCacheBehavior [ RunTime:0.000407s ]
INFO: [ app_begin ] --END-- [ RunTime:0.000460s ]
SQL: SHOW COLUMNS FROM `ego_bus` [ RunTime:0.0019s ]
SQL: SELECT * FROM `ego_bus`  [ RunTime:0.0003s ]

[ 2016-08-29T16:20:28+08:00 ] ::1 /coding/API/eGoServer/index.php/api/bus.html
INFO: [ app_init ] --START--
INFO: Run Behavior\BuildLiteBehavior [ RunTime:0.000014s ]
INFO: [ app_init ] --END-- [ RunTime:0.000315s ]
INFO: [ app_begin ] --START--
INFO: Run Behavior\ReadHtmlCacheBehavior [ RunTime:0.000414s ]
INFO: [ app_begin ] --END-- [ RunTime:0.000467s ]
SQL: SHOW COLUMNS FROM `ego_bus` [ RunTime:0.0017s ]
SQL: SELECT * FROM `ego_bus`  [ RunTime:0.0002s ]

[ 2016-08-29T16:20:31+08:00 ] ::1 /coding/API/eGoServer/index.php/api/bus.html
INFO: [ app_init ] --START--
INFO: Run Behavior\BuildLiteBehavior [ RunTime:0.000015s ]
INFO: [ app_init ] --END-- [ RunTime:0.000345s ]
INFO: [ app_begin ] --START--
INFO: Run Behavior\ReadHtmlCacheBehavior [ RunTime:0.000436s ]
INFO: [ app_begin ] --END-- [ RunTime:0.000492s ]
SQL: SHOW COLUMNS FROM `ego_bus` [ RunTime:0.0019s ]
SQL: SELECT * FROM `ego_bus`  [ RunTime:0.0002s ]

[ 2016-08-29T16:20:34+08:00 ] ::1 /coding/API/eGoServer/index.php/api/bus.html
INFO: [ app_init ] --START--
INFO: Run Behavior\BuildLiteBehavior [ RunTime:0.000017s ]
INFO: [ app_init ] --END-- [ RunTime:0.000390s ]
INFO: [ app_begin ] --START--
INFO: Run Behavior\ReadHtmlCacheBehavior [ RunTime:0.000564s ]
INFO: [ app_begin ] --END-- [ RunTime:0.000629s ]
SQL: SHOW COLUMNS FROM `ego_bus` [ RunTime:0.0020s ]
SQL: SELECT * FROM `ego_bus`  [ RunTime:0.0002s ]

[ 2016-08-29T16:20:37+08:00 ] ::1 /coding/API/eGoServer/index.php/api/bus.html
INFO: [ app_init ] --START--
INFO: Run Behavior\BuildLiteBehavior [ RunTime:0.000021s ]
INFO: [ app_init ] --END-- [ RunTime:0.000447s ]
INFO: [ app_begin ] --START--
INFO: Run Behavior\ReadHtmlCacheBehavior [ RunTime:0.000440s ]
INFO: [ app_begin ] --END-- [ RunTime:0.000498s ]
SQL: SHOW COLUMNS FROM `ego_bus` [ RunTime:0.0022s ]
SQL: SELECT * FROM `ego_bus`  [ RunTime:0.0002s ]

[ 2016-08-29T16:20:40+08:00 ] ::1 /coding/API/eGoServer/index.php/api/bus.html
INFO: [ app_init ] --START--
INFO: Run Behavior\BuildLiteBehavior [ RunTime:0.000025s ]
INFO: [ app_init ] --END-- [ RunTime:0.000583s ]
INFO: [ app_begin ] --START--
INFO: Run Behavior\ReadHtmlCacheBehavior [ RunTime:0.000463s ]
INFO: [ app_begin ] --END-- [ RunTime:0.000522s ]
SQL: SHOW COLUMNS FROM `ego_bus` [ RunTime:0.0018s ]
SQL: SELECT * FROM `ego_bus`  [ RunTime:0.0002s ]

[ 2016-08-29T16:20:43+08:00 ] ::1 /coding/API/eGoServer/index.php/api/bus.html
INFO: [ app_init ] --START--
INFO: Run Behavior\BuildLiteBehavior [ RunTime:0.000014s ]
INFO: [ app_init ] --END-- [ RunTime:0.000316s ]
INFO: [ app_begin ] --START--
INFO: Run Behavior\ReadHtmlCacheBehavior [ RunTime:0.000406s ]
INFO: [ app_begin ] --END-- [ RunTime:0.000459s ]
SQL: SHOW COLUMNS FROM `ego_bus` [ RunTime:0.0020s ]
SQL: SELECT * FROM `ego_bus`  [ RunTime:0.0003s ]

[ 2016-08-29T16:20:46+08:00 ] ::1 /coding/API/eGoServer/index.php/api/bus.html
INFO: [ app_init ] --START--
INFO: Run Behavior\BuildLiteBehavior [ RunTime:0.000018s ]
INFO: [ app_init ] --END-- [ RunTime:0.000357s ]
INFO: [ app_begin ] --START--
INFO: Run Behavior\ReadHtmlCacheBehavior [ RunTime:0.000500s ]
INFO: [ app_begin ] --END-- [ RunTime:0.000565s ]
SQL: SHOW COLUMNS FROM `ego_bus` [ RunTime:0.0019s ]
SQL: SELECT * FROM `ego_bus`  [ RunTime:0.0002s ]

[ 2016-08-29T16:20:56+08:00 ] ::1 /coding/API/eGoServer/index.php/api/bus.html
INFO: [ app_init ] --START--
INFO: Run Behavior\BuildLiteBehavior [ RunTime:0.000015s ]
INFO: [ app_init ] --END-- [ RunTime:0.000348s ]
INFO: [ app_begin ] --START--
INFO: Run Behavior\ReadHtmlCacheBehavior [ RunTime:0.000450s ]
INFO: [ app_begin ] --END-- [ RunTime:0.000513s ]
SQL: SHOW COLUMNS FROM `ego_bus` [ RunTime:0.0011s ]
SQL: SELECT * FROM `ego_bus`  [ RunTime:0.0003s ]

[ 2016-08-29T16:20:59+08:00 ] ::1 /coding/API/eGoServer/index.php/api/bus.html
INFO: [ app_init ] --START--
INFO: Run Behavior\BuildLiteBehavior [ RunTime:0.000020s ]
INFO: [ app_init ] --END-- [ RunTime:0.000454s ]
INFO: [ app_begin ] --START--
INFO: Run Behavior\ReadHtmlCacheBehavior [ RunTime:0.000595s ]
INFO: [ app_begin ] --END-- [ RunTime:0.000669s ]
SQL: SHOW COLUMNS FROM `ego_bus` [ RunTime:0.0020s ]
SQL: SELECT * FROM `ego_bus`  [ RunTime:0.0002s ]

[ 2016-08-29T16:22:23+08:00 ] ::1 /coding/API/eGoServer/index.php/api/bus.html
INFO: [ app_init ] --START--
INFO: Run Behavior\BuildLiteBehavior [ RunTime:0.000016s ]
INFO: [ app_init ] --END-- [ RunTime:0.000356s ]
INFO: [ app_begin ] --START--
INFO: Run Behavior\ReadHtmlCacheBehavior [ RunTime:0.000496s ]
INFO: [ app_begin ] --END-- [ RunTime:0.000586s ]
SQL: SHOW COLUMNS FROM `ego_bus` [ RunTime:0.0011s ]
SQL: SELECT * FROM `ego_bus`  [ RunTime:0.0003s ]

[ 2016-08-29T16:24:49+08:00 ] ::1 /coding/API/eGoServer/index.php/api/bus.html
INFO: [ app_init ] --START--
INFO: Run Behavior\BuildLiteBehavior [ RunTime:0.000017s ]
INFO: [ app_init ] --END-- [ RunTime:0.000351s ]
INFO: [ app_begin ] --START--
INFO: Run Behavior\ReadHtmlCacheBehavior [ RunTime:0.000439s ]
INFO: [ app_begin ] --END-- [ RunTime:0.000498s ]
SQL: SHOW COLUMNS FROM `ego_bus` [ RunTime:0.0020s ]
SQL: SELECT * FROM `ego_bus`  [ RunTime:0.0005s ]

[ 2016-08-29T16:24:52+08:00 ] ::1 /coding/API/eGoServer/index.php/api/bus.html
INFO: [ app_init ] --START--
INFO: Run Behavior\BuildLiteBehavior [ RunTime:0.000014s ]
INFO: [ app_init ] --END-- [ RunTime:0.000313s ]
INFO: [ app_begin ] --START--
INFO: Run Behavior\ReadHtmlCacheBehavior [ RunTime:0.000415s ]
INFO: [ app_begin ] --END-- [ RunTime:0.000468s ]
SQL: SHOW COLUMNS FROM `ego_bus` [ RunTime:0.0020s ]
SQL: SELECT * FROM `ego_bus`  [ RunTime:0.0003s ]

[ 2016-08-29T16:24:55+08:00 ] ::1 /coding/API/eGoServer/index.php/api/bus.html
INFO: [ app_init ] --START--
INFO: Run Behavior\BuildLiteBehavior [ RunTime:0.000018s ]
INFO: [ app_init ] --END-- [ RunTime:0.000422s ]
INFO: [ app_begin ] --START--
INFO: Run Behavior\ReadHtmlCacheBehavior [ RunTime:0.000563s ]
INFO: [ app_begin ] --END-- [ RunTime:0.000625s ]
SQL: SHOW COLUMNS FROM `ego_bus` [ RunTime:0.0020s ]
SQL: SELECT * FROM `ego_bus`  [ RunTime:0.0003s ]

[ 2016-08-29T16:24:58+08:00 ] ::1 /coding/API/eGoServer/index.php/api/bus.html
INFO: [ app_init ] --START--
INFO: Run Behavior\BuildLiteBehavior [ RunTime:0.000014s ]
INFO: [ app_init ] --END-- [ RunTime:0.000318s ]
INFO: [ app_begin ] --START--
INFO: Run Behavior\ReadHtmlCacheBehavior [ RunTime:0.000415s ]
INFO: [ app_begin ] --END-- [ RunTime:0.000467s ]
SQL: SHOW COLUMNS FROM `ego_bus` [ RunTime:0.0021s ]
SQL: SELECT * FROM `ego_bus`  [ RunTime:0.0003s ]

[ 2016-08-29T16:25:01+08:00 ] ::1 /coding/API/eGoServer/index.php/api/bus.html
INFO: [ app_init ] --START--
INFO: Run Behavior\BuildLiteBehavior [ RunTime:0.000013s ]
INFO: [ app_init ] --END-- [ RunTime:0.000318s ]
INFO: [ app_begin ] --START--
INFO: Run Behavior\ReadHtmlCacheBehavior [ RunTime:0.000406s ]
INFO: [ app_begin ] --END-- [ RunTime:0.000456s ]
SQL: SHOW COLUMNS FROM `ego_bus` [ RunTime:0.0019s ]
SQL: SELECT * FROM `ego_bus`  [ RunTime:0.0002s ]

[ 2016-08-29T16:25:04+08:00 ] ::1 /coding/API/eGoServer/index.php/api/bus.html
INFO: [ app_init ] --START--
INFO: Run Behavior\BuildLiteBehavior [ RunTime:0.000018s ]
INFO: [ app_init ] --END-- [ RunTime:0.000413s ]
INFO: [ app_begin ] --START--
INFO: Run Behavior\ReadHtmlCacheBehavior [ RunTime:0.000901s ]
INFO: [ app_begin ] --END-- [ RunTime:0.001014s ]
SQL: SHOW COLUMNS FROM `ego_bus` [ RunTime:0.0018s ]
SQL: SELECT * FROM `ego_bus`  [ RunTime:0.0002s ]

[ 2016-08-29T16:26:27+08:00 ] ::1 /coding/API/eGoServer/index.php/api/bus.html
INFO: [ app_init ] --START--
INFO: Run Behavior\BuildLiteBehavior [ RunTime:0.000015s ]
INFO: [ app_init ] --END-- [ RunTime:0.000373s ]
INFO: [ app_begin ] --START--
INFO: Run Behavior\ReadHtmlCacheBehavior [ RunTime:0.000420s ]
INFO: [ app_begin ] --END-- [ RunTime:0.000473s ]
SQL: SHOW COLUMNS FROM `ego_bus` [ RunTime:0.0021s ]
SQL: SELECT * FROM `ego_bus`  [ RunTime:0.0003s ]

[ 2016-08-29T16:26:30+08:00 ] ::1 /coding/API/eGoServer/index.php/api/bus.html
INFO: [ app_init ] --START--
INFO: Run Behavior\BuildLiteBehavior [ RunTime:0.000018s ]
INFO: [ app_init ] --END-- [ RunTime:0.000436s ]
INFO: [ app_begin ] --START--
INFO: Run Behavior\ReadHtmlCacheBehavior [ RunTime:0.000599s ]
INFO: [ app_begin ] --END-- [ RunTime:0.000677s ]
SQL: SHOW COLUMNS FROM `ego_bus` [ RunTime:0.0026s ]
SQL: SELECT * FROM `ego_bus`  [ RunTime:0.0002s ]

[ 2016-08-29T16:26:33+08:00 ] ::1 /coding/API/eGoServer/index.php/api/bus.html
INFO: [ app_init ] --START--
INFO: Run Behavior\BuildLiteBehavior [ RunTime:0.000021s ]
INFO: [ app_init ] --END-- [ RunTime:0.000488s ]
INFO: [ app_begin ] --START--
INFO: Run Behavior\ReadHtmlCacheBehavior [ RunTime:0.000835s ]
INFO: [ app_begin ] --END-- [ RunTime:0.000951s ]
SQL: SHOW COLUMNS FROM `ego_bus` [ RunTime:0.0019s ]
SQL: SELECT * FROM `ego_bus`  [ RunTime:0.0002s ]

[ 2016-08-29T16:26:36+08:00 ] ::1 /coding/API/eGoServer/index.php/api/bus.html
INFO: [ app_init ] --START--
INFO: Run Behavior\BuildLiteBehavior [ RunTime:0.000021s ]
INFO: [ app_init ] --END-- [ RunTime:0.000587s ]
INFO: [ app_begin ] --START--
INFO: Run Behavior\ReadHtmlCacheBehavior [ RunTime:0.000584s ]
INFO: [ app_begin ] --END-- [ RunTime:0.000657s ]
SQL: SHOW COLUMNS FROM `ego_bus` [ RunTime:0.0018s ]
SQL: SELECT * FROM `ego_bus`  [ RunTime:0.0002s ]

[ 2016-08-29T16:26:38+08:00 ] ::1 /coding/API/eGoServer/index.php/api/bus.html
INFO: [ app_init ] --START--
INFO: Run Behavior\BuildLiteBehavior [ RunTime:0.000015s ]
INFO: [ app_init ] --END-- [ RunTime:0.000431s ]
INFO: [ app_begin ] --START--
INFO: Run Behavior\ReadHtmlCacheBehavior [ RunTime:0.000427s ]
INFO: [ app_begin ] --END-- [ RunTime:0.000480s ]
SQL: SHOW COLUMNS FROM `ego_bus` [ RunTime:0.0018s ]
SQL: SELECT * FROM `ego_bus`  [ RunTime:0.0002s ]

[ 2016-08-29T16:28:04+08:00 ] ::1 /coding/API/eGoServer/index.php/api/bus.html
INFO: [ app_init ] --START--
INFO: Run Behavior\BuildLiteBehavior [ RunTime:0.000017s ]
INFO: [ app_init ] --END-- [ RunTime:0.000352s ]
INFO: [ app_begin ] --START--
INFO: Run Behavior\ReadHtmlCacheBehavior [ RunTime:0.000471s ]
INFO: [ app_begin ] --END-- [ RunTime:0.000536s ]
SQL: SHOW COLUMNS FROM `ego_bus` [ RunTime:0.0014s ]
SQL: SELECT * FROM `ego_bus`  [ RunTime:0.0003s ]

