[ 2016-08-15T16:01:35+08:00 ] ::1 /coding/API/eGoServer/index.php/api/article.html
INFO: [ app_init ] --START--
INFO: Run Behavior\BuildLiteBehavior [ RunTime:0.000067s ]
INFO: [ app_init ] --END-- [ RunTime:0.000849s ]
INFO: [ app_begin ] --START--
INFO: Run Behavior\ReadHtmlCacheBehavior [ RunTime:0.000887s ]
INFO: [ app_begin ] --END-- [ RunTime:0.000995s ]
ERR: 无法加载控制器:Article

[ 2016-08-15T16:02:37+08:00 ] ::1 /coding/API/eGoServer/index.php/api/article.html
INFO: [ app_init ] --START--
INFO: Run Behavior\BuildLiteBehavior [ RunTime:0.000017s ]
INFO: [ app_init ] --END-- [ RunTime:0.000514s ]
INFO: [ app_begin ] --START--
INFO: Run Behavior\ReadHtmlCacheBehavior [ RunTime:0.000439s ]
INFO: [ app_begin ] --END-- [ RunTime:0.000496s ]

[ 2016-08-15T16:03:39+08:00 ] ::1 /coding/API/eGoServer/index.php/api/verify-code/123.html
INFO: [ app_init ] --START--
INFO: Run Behavior\BuildLiteBehavior [ RunTime:0.000016s ]
INFO: [ app_init ] --END-- [ RunTime:0.000451s ]
INFO: [ app_begin ] --START--
INFO: Run Behavior\ReadHtmlCacheBehavior [ RunTime:0.000483s ]
INFO: [ app_begin ] --END-- [ RunTime:0.000546s ]

[ 2016-08-15T16:03:52+08:00 ] 127.0.0.1 /coding/API/eGoServer/index.php/api/cerify-code/123.html%5C
INFO: [ app_init ] --START--
INFO: Run Behavior\BuildLiteBehavior [ RunTime:0.000014s ]
INFO: [ app_init ] --END-- [ RunTime:0.000312s ]
INFO: [ app_begin ] --START--
INFO: Run Behavior\ReadHtmlCacheBehavior [ RunTime:0.000409s ]
INFO: [ app_begin ] --END-- [ RunTime:0.000460s ]
ERR: 无法加载控制器:Cerify-code

[ 2016-08-15T16:03:57+08:00 ] 127.0.0.1 /coding/API/eGoServer/index.php/api/verify-code/123.html%5C
INFO: [ app_init ] --START--
INFO: Run Behavior\BuildLiteBehavior [ RunTime:0.000023s ]
INFO: [ app_init ] --END-- [ RunTime:0.001019s ]
INFO: [ app_begin ] --START--
INFO: Run Behavior\ReadHtmlCacheBehavior [ RunTime:0.000483s ]
INFO: [ app_begin ] --END-- [ RunTime:0.000543s ]

[ 2016-08-15T16:04:03+08:00 ] 127.0.0.1 /coding/API/eGoServer/index.php/api/verify-code/123.html
INFO: [ app_init ] --START--
INFO: Run Behavior\BuildLiteBehavior [ RunTime:0.000023s ]
INFO: [ app_init ] --END-- [ RunTime:0.000600s ]
INFO: [ app_begin ] --START--
INFO: Run Behavior\ReadHtmlCacheBehavior [ RunTime:0.000437s ]
INFO: [ app_begin ] --END-- [ RunTime:0.000492s ]

[ 2016-08-15T16:21:56+08:00 ] 127.0.0.1 /coding/API/eGoServer/index.php/api/verify-code/15659430523.html
INFO: [ app_init ] --START--
INFO: Run Behavior\BuildLiteBehavior [ RunTime:0.000018s ]
INFO: [ app_init ] --END-- [ RunTime:0.000805s ]
INFO: [ app_begin ] --START--
INFO: Run Behavior\ReadHtmlCacheBehavior [ RunTime:0.000714s ]
INFO: [ app_begin ] --END-- [ RunTime:0.000781s ]
SQL: SHOW COLUMNS FROM `ego_user` [ RunTime:0.0058s ]
SQL: SELECT * FROM `ego_user` WHERE ( tel = '15659430523' ) LIMIT 1   [ RunTime:0.0039s ]

[ 2016-08-15T16:22:03+08:00 ] 127.0.0.1 /coding/API/eGoServer/index.php/api/verify-code/15659430511.html
INFO: [ app_init ] --START--
INFO: Run Behavior\BuildLiteBehavior [ RunTime:0.000015s ]
INFO: [ app_init ] --END-- [ RunTime:0.000339s ]
INFO: [ app_begin ] --START--
INFO: Run Behavior\ReadHtmlCacheBehavior [ RunTime:0.000435s ]
INFO: [ app_begin ] --END-- [ RunTime:0.000491s ]
SQL: SHOW COLUMNS FROM `ego_user` [ RunTime:0.0019s ]
SQL: SELECT * FROM `ego_user` WHERE ( tel = '15659430511' ) LIMIT 1   [ RunTime:0.0002s ]
NOTIC: [8] Array to string conversion /Applications/MAMP/htdocs/coding/API/eGoServer/ThinkPHP/Library/Think/Controller/RestController.class.php 第 232 行.

[ 2016-08-15T16:22:24+08:00 ] 127.0.0.1 /coding/API/eGoServer/index.php/api/verify-code/15659430511.html
INFO: [ app_init ] --START--
INFO: Run Behavior\BuildLiteBehavior [ RunTime:0.000016s ]
INFO: [ app_init ] --END-- [ RunTime:0.000360s ]
INFO: [ app_begin ] --START--
INFO: Run Behavior\ReadHtmlCacheBehavior [ RunTime:0.000466s ]
INFO: [ app_begin ] --END-- [ RunTime:0.000524s ]
SQL: SHOW COLUMNS FROM `ego_user` [ RunTime:0.0026s ]
SQL: SELECT * FROM `ego_user` WHERE ( tel = '15659430511' ) LIMIT 1   [ RunTime:0.0003s ]

[ 2016-08-15T16:22:27+08:00 ] 127.0.0.1 /coding/API/eGoServer/index.php/api/verify-code/15659430511.html
INFO: [ app_init ] --START--
INFO: Run Behavior\BuildLiteBehavior [ RunTime:0.000014s ]
INFO: [ app_init ] --END-- [ RunTime:0.000338s ]
INFO: [ app_begin ] --START--
INFO: Run Behavior\ReadHtmlCacheBehavior [ RunTime:0.000414s ]
INFO: [ app_begin ] --END-- [ RunTime:0.000465s ]
SQL: SHOW COLUMNS FROM `ego_user` [ RunTime:0.0009s ]
SQL: SELECT * FROM `ego_user` WHERE ( tel = '15659430511' ) LIMIT 1   [ RunTime:0.0002s ]

[ 2016-08-15T16:22:28+08:00 ] 127.0.0.1 /coding/API/eGoServer/index.php/api/verify-code/15659430511.html
INFO: [ app_init ] --START--
INFO: Run Behavior\BuildLiteBehavior [ RunTime:0.000014s ]
INFO: [ app_init ] --END-- [ RunTime:0.000323s ]
INFO: [ app_begin ] --START--
INFO: Run Behavior\ReadHtmlCacheBehavior [ RunTime:0.000416s ]
INFO: [ app_begin ] --END-- [ RunTime:0.000469s ]
SQL: SHOW COLUMNS FROM `ego_user` [ RunTime:0.0011s ]
SQL: SELECT * FROM `ego_user` WHERE ( tel = '15659430511' ) LIMIT 1   [ RunTime:0.0002s ]

[ 2016-08-15T16:22:29+08:00 ] 127.0.0.1 /coding/API/eGoServer/index.php/api/verify-code/15659430511.html
INFO: [ app_init ] --START--
INFO: Run Behavior\BuildLiteBehavior [ RunTime:0.000013s ]
INFO: [ app_init ] --END-- [ RunTime:0.000310s ]
INFO: [ app_begin ] --START--
INFO: Run Behavior\ReadHtmlCacheBehavior [ RunTime:0.000405s ]
INFO: [ app_begin ] --END-- [ RunTime:0.000457s ]
SQL: SHOW COLUMNS FROM `ego_user` [ RunTime:0.0034s ]
SQL: SELECT * FROM `ego_user` WHERE ( tel = '15659430511' ) LIMIT 1   [ RunTime:0.0002s ]

[ 2016-08-15T16:22:29+08:00 ] 127.0.0.1 /coding/API/eGoServer/index.php/api/verify-code/15659430511.html
INFO: [ app_init ] --START--
INFO: Run Behavior\BuildLiteBehavior [ RunTime:0.000014s ]
INFO: [ app_init ] --END-- [ RunTime:0.000304s ]
INFO: [ app_begin ] --START--
INFO: Run Behavior\ReadHtmlCacheBehavior [ RunTime:0.000536s ]
INFO: [ app_begin ] --END-- [ RunTime:0.000634s ]
SQL: SHOW COLUMNS FROM `ego_user` [ RunTime:0.0022s ]
SQL: SELECT * FROM `ego_user` WHERE ( tel = '15659430511' ) LIMIT 1   [ RunTime:0.0002s ]

[ 2016-08-15T16:22:44+08:00 ] 127.0.0.1 /coding/API/eGoServer/index.php/api/verify-code/15659430511.html
INFO: [ app_init ] --START--
INFO: Run Behavior\BuildLiteBehavior [ RunTime:0.000013s ]
INFO: [ app_init ] --END-- [ RunTime:0.000308s ]
INFO: [ app_begin ] --START--
INFO: Run Behavior\ReadHtmlCacheBehavior [ RunTime:0.000407s ]
INFO: [ app_begin ] --END-- [ RunTime:0.000459s ]
SQL: SHOW COLUMNS FROM `ego_user` [ RunTime:0.0021s ]
SQL: SELECT * FROM `ego_user` WHERE ( tel = '15659430511' ) LIMIT 1   [ RunTime:0.0002s ]

[ 2016-08-15T16:22:53+08:00 ] 127.0.0.1 /coding/API/eGoServer/index.php/api/verify-code/15659430511
INFO: [ app_init ] --START--
INFO: Run Behavior\BuildLiteBehavior [ RunTime:0.000013s ]
INFO: [ app_init ] --END-- [ RunTime:0.000313s ]
INFO: [ app_begin ] --START--
INFO: Run Behavior\ReadHtmlCacheBehavior [ RunTime:0.000410s ]
INFO: [ app_begin ] --END-- [ RunTime:0.000461s ]
NOTIC: [8] Undefined index: HTTP_ACCEPT /Applications/MAMP/htdocs/coding/API/eGoServer/ThinkPHP/Library/Think/Controller/RestController.class.php 第 118 行.
NOTIC: [8] Undefined index: HTTP_ACCEPT /Applications/MAMP/htdocs/coding/API/eGoServer/ThinkPHP/Library/Think/Controller/RestController.class.php 第 118 行.
NOTIC: [8] Undefined index: HTTP_ACCEPT /Applications/MAMP/htdocs/coding/API/eGoServer/ThinkPHP/Library/Think/Controller/RestController.class.php 第 118 行.
NOTIC: [8] Undefined index: HTTP_ACCEPT /Applications/MAMP/htdocs/coding/API/eGoServer/ThinkPHP/Library/Think/Controller/RestController.class.php 第 118 行.
NOTIC: [8] Undefined index: HTTP_ACCEPT /Applications/MAMP/htdocs/coding/API/eGoServer/ThinkPHP/Library/Think/Controller/RestController.class.php 第 118 行.
NOTIC: [8] Undefined index: HTTP_ACCEPT /Applications/MAMP/htdocs/coding/API/eGoServer/ThinkPHP/Library/Think/Controller/RestController.class.php 第 118 行.
NOTIC: [8] Undefined index: HTTP_ACCEPT /Applications/MAMP/htdocs/coding/API/eGoServer/ThinkPHP/Library/Think/Controller/RestController.class.php 第 118 行.
NOTIC: [8] Undefined index: HTTP_ACCEPT /Applications/MAMP/htdocs/coding/API/eGoServer/ThinkPHP/Library/Think/Controller/RestController.class.php 第 118 行.
NOTIC: [8] Undefined index: HTTP_ACCEPT /Applications/MAMP/htdocs/coding/API/eGoServer/ThinkPHP/Library/Think/Controller/RestController.class.php 第 118 行.
NOTIC: [8] Undefined index: HTTP_ACCEPT /Applications/MAMP/htdocs/coding/API/eGoServer/ThinkPHP/Library/Think/Controller/RestController.class.php 第 118 行.
NOTIC: [8] Undefined index: HTTP_ACCEPT /Applications/MAMP/htdocs/coding/API/eGoServer/ThinkPHP/Library/Think/Controller/RestController.class.php 第 118 行.
NOTIC: [8] Undefined index: HTTP_ACCEPT /Applications/MAMP/htdocs/coding/API/eGoServer/ThinkPHP/Library/Think/Controller/RestController.class.php 第 118 行.
NOTIC: [8] Undefined index: HTTP_ACCEPT /Applications/MAMP/htdocs/coding/API/eGoServer/ThinkPHP/Library/Think/Controller/RestController.class.php 第 118 行.
NOTIC: [8] Undefined index: HTTP_ACCEPT /Applications/MAMP/htdocs/coding/API/eGoServer/ThinkPHP/Library/Think/Controller/RestController.class.php 第 118 行.
NOTIC: [8] Undefined index: HTTP_ACCEPT /Applications/MAMP/htdocs/coding/API/eGoServer/ThinkPHP/Library/Think/Controller/RestController.class.php 第 118 行.
NOTIC: [8] Undefined index: HTTP_ACCEPT /Applications/MAMP/htdocs/coding/API/eGoServer/ThinkPHP/Library/Think/Controller/RestController.class.php 第 118 行.
NOTIC: [8] Undefined index: HTTP_ACCEPT /Applications/MAMP/htdocs/coding/API/eGoServer/ThinkPHP/Library/Think/Controller/RestController.class.php 第 118 行.
NOTIC: [8] Undefined index: HTTP_ACCEPT /Applications/MAMP/htdocs/coding/API/eGoServer/ThinkPHP/Library/Think/Controller/RestController.class.php 第 118 行.
NOTIC: [8] Undefined index: HTTP_ACCEPT /Applications/MAMP/htdocs/coding/API/eGoServer/ThinkPHP/Library/Think/Controller/RestController.class.php 第 118 行.
NOTIC: [8] Undefined index: HTTP_ACCEPT /Applications/MAMP/htdocs/coding/API/eGoServer/ThinkPHP/Library/Think/Controller/RestController.class.php 第 118 行.
NOTIC: [8] Undefined index: HTTP_ACCEPT /Applications/MAMP/htdocs/coding/API/eGoServer/ThinkPHP/Library/Think/Controller/RestController.class.php 第 118 行.
NOTIC: [8] Undefined index: HTTP_ACCEPT /Applications/MAMP/htdocs/coding/API/eGoServer/ThinkPHP/Library/Think/Controller/RestController.class.php 第 118 行.
NOTIC: [8] Undefined index: HTTP_ACCEPT /Applications/MAMP/htdocs/coding/API/eGoServer/ThinkPHP/Library/Think/Controller/RestController.class.php 第 118 行.
NOTIC: [8] Undefined index: HTTP_ACCEPT /Applications/MAMP/htdocs/coding/API/eGoServer/ThinkPHP/Library/Think/Controller/RestController.class.php 第 118 行.
NOTIC: [8] Undefined index: HTTP_ACCEPT /Applications/MAMP/htdocs/coding/API/eGoServer/ThinkPHP/Library/Think/Controller/RestController.class.php 第 118 行.
NOTIC: [8] Undefined index: HTTP_ACCEPT /Applications/MAMP/htdocs/coding/API/eGoServer/ThinkPHP/Library/Think/Controller/RestController.class.php 第 118 行.
ERR: 非法操作:verifycode

[ 2016-08-15T16:22:57+08:00 ] 127.0.0.1 /coding/API/eGoServer/index.php/api/verify-code/15659430511.html
INFO: [ app_init ] --START--
INFO: Run Behavior\BuildLiteBehavior [ RunTime:0.000016s ]
INFO: [ app_init ] --END-- [ RunTime:0.000353s ]
INFO: [ app_begin ] --START--
INFO: Run Behavior\ReadHtmlCacheBehavior [ RunTime:0.000424s ]
INFO: [ app_begin ] --END-- [ RunTime:0.000476s ]
SQL: SHOW COLUMNS FROM `ego_user` [ RunTime:0.0019s ]
SQL: SELECT * FROM `ego_user` WHERE ( tel = '15659430511' ) LIMIT 1   [ RunTime:0.0004s ]

[ 2016-08-15T16:44:46+08:00 ] 127.0.0.1 /coding/API/eGoServer/index.php/api/register.html
INFO: [ app_init ] --START--
INFO: Run Behavior\BuildLiteBehavior [ RunTime:0.000018s ]
INFO: [ app_init ] --END-- [ RunTime:0.000561s ]
INFO: [ app_begin ] --START--
INFO: Run Behavior\ReadHtmlCacheBehavior [ RunTime:0.000760s ]
INFO: [ app_begin ] --END-- [ RunTime:0.000827s ]
ERR: 非法操作:register$

[ 2016-08-15T16:44:55+08:00 ] 127.0.0.1 /coding/API/eGoServer/index.php/api/register.html
INFO: [ app_init ] --START--
INFO: Run Behavior\BuildLiteBehavior [ RunTime:0.000016s ]
INFO: [ app_init ] --END-- [ RunTime:0.000366s ]
INFO: [ app_begin ] --START--
INFO: Run Behavior\ReadHtmlCacheBehavior [ RunTime:0.000457s ]
INFO: [ app_begin ] --END-- [ RunTime:0.000517s ]

[ 2016-08-15T16:44:55+08:00 ] 127.0.0.1 /coding/API/eGoServer/index.php/api/register.html
INFO: [ app_init ] --START--
INFO: Run Behavior\BuildLiteBehavior [ RunTime:0.000026s ]
INFO: [ app_init ] --END-- [ RunTime:0.000655s ]
INFO: [ app_begin ] --START--
INFO: Run Behavior\ReadHtmlCacheBehavior [ RunTime:0.000525s ]
INFO: [ app_begin ] --END-- [ RunTime:0.000598s ]

[ 2016-08-15T16:44:57+08:00 ] 127.0.0.1 /coding/API/eGoServer/index.php/api/register.html
INFO: [ app_init ] --START--
INFO: Run Behavior\BuildLiteBehavior [ RunTime:0.000014s ]
INFO: [ app_init ] --END-- [ RunTime:0.000354s ]
INFO: [ app_begin ] --START--
INFO: Run Behavior\ReadHtmlCacheBehavior [ RunTime:0.000433s ]
INFO: [ app_begin ] --END-- [ RunTime:0.000488s ]

[ 2016-08-15T16:44:58+08:00 ] 127.0.0.1 /coding/API/eGoServer/index.php/api/register.html
INFO: [ app_init ] --START--
INFO: Run Behavior\BuildLiteBehavior [ RunTime:0.000013s ]
INFO: [ app_init ] --END-- [ RunTime:0.000342s ]
INFO: [ app_begin ] --START--
INFO: Run Behavior\ReadHtmlCacheBehavior [ RunTime:0.000548s ]
INFO: [ app_begin ] --END-- [ RunTime:0.000651s ]

[ 2016-08-15T16:44:59+08:00 ] 127.0.0.1 /coding/API/eGoServer/index.php/api/register.html
INFO: [ app_init ] --START--
INFO: Run Behavior\BuildLiteBehavior [ RunTime:0.000033s ]
INFO: [ app_init ] --END-- [ RunTime:0.000705s ]
INFO: [ app_begin ] --START--
INFO: Run Behavior\ReadHtmlCacheBehavior [ RunTime:0.000685s ]
INFO: [ app_begin ] --END-- [ RunTime:0.000784s ]

[ 2016-08-15T16:45:00+08:00 ] 127.0.0.1 /coding/API/eGoServer/index.php/api/register.html
INFO: [ app_init ] --START--
INFO: Run Behavior\BuildLiteBehavior [ RunTime:0.000013s ]
INFO: [ app_init ] --END-- [ RunTime:0.000334s ]
INFO: [ app_begin ] --START--
INFO: Run Behavior\ReadHtmlCacheBehavior [ RunTime:0.000429s ]
INFO: [ app_begin ] --END-- [ RunTime:0.000530s ]

[ 2016-08-15T16:45:01+08:00 ] 127.0.0.1 /coding/API/eGoServer/index.php/api/register.html
INFO: [ app_init ] --START--
INFO: Run Behavior\BuildLiteBehavior [ RunTime:0.000014s ]
INFO: [ app_init ] --END-- [ RunTime:0.000360s ]
INFO: [ app_begin ] --START--
INFO: Run Behavior\ReadHtmlCacheBehavior [ RunTime:0.000473s ]
INFO: [ app_begin ] --END-- [ RunTime:0.000564s ]

[ 2016-08-15T16:45:03+08:00 ] 127.0.0.1 /coding/API/eGoServer/index.php/api/register.html
INFO: [ app_init ] --START--
INFO: Run Behavior\BuildLiteBehavior [ RunTime:0.000015s ]
INFO: [ app_init ] --END-- [ RunTime:0.000341s ]
INFO: [ app_begin ] --START--
INFO: Run Behavior\ReadHtmlCacheBehavior [ RunTime:0.000424s ]
INFO: [ app_begin ] --END-- [ RunTime:0.000477s ]

[ 2016-08-15T16:45:04+08:00 ] 127.0.0.1 /coding/API/eGoServer/index.php/api/register.html
INFO: [ app_init ] --START--
INFO: Run Behavior\BuildLiteBehavior [ RunTime:0.000013s ]
INFO: [ app_init ] --END-- [ RunTime:0.000330s ]
INFO: [ app_begin ] --START--
INFO: Run Behavior\ReadHtmlCacheBehavior [ RunTime:0.000420s ]
INFO: [ app_begin ] --END-- [ RunTime:0.000473s ]
NOTIC: [8] Uninitialized string offset: 62 /Applications/MAMP/htdocs/coding/API/eGoServer/Application/Api/Common/functions.php 第 28 行.

[ 2016-08-15T16:45:05+08:00 ] 127.0.0.1 /coding/API/eGoServer/index.php/api/register.html
INFO: [ app_init ] --START--
INFO: Run Behavior\BuildLiteBehavior [ RunTime:0.000013s ]
INFO: [ app_init ] --END-- [ RunTime:0.000309s ]
INFO: [ app_begin ] --START--
INFO: Run Behavior\ReadHtmlCacheBehavior [ RunTime:0.000396s ]
INFO: [ app_begin ] --END-- [ RunTime:0.000449s ]

[ 2016-08-15T16:45:58+08:00 ] 127.0.0.1 /coding/API/eGoServer/index.php/api/register.html
INFO: [ app_init ] --START--
INFO: Run Behavior\BuildLiteBehavior [ RunTime:0.000019s ]
INFO: [ app_init ] --END-- [ RunTime:0.000585s ]
INFO: [ app_begin ] --START--
INFO: Run Behavior\ReadHtmlCacheBehavior [ RunTime:0.000870s ]
INFO: [ app_begin ] --END-- [ RunTime:0.000949s ]

[ 2016-08-15T16:45:59+08:00 ] 127.0.0.1 /coding/API/eGoServer/index.php/api/register.html
INFO: [ app_init ] --START--
INFO: Run Behavior\BuildLiteBehavior [ RunTime:0.000017s ]
INFO: [ app_init ] --END-- [ RunTime:0.000361s ]
INFO: [ app_begin ] --START--
INFO: Run Behavior\ReadHtmlCacheBehavior [ RunTime:0.000471s ]
INFO: [ app_begin ] --END-- [ RunTime:0.000530s ]

[ 2016-08-15T16:46:00+08:00 ] 127.0.0.1 /coding/API/eGoServer/index.php/api/register.html
INFO: [ app_init ] --START--
INFO: Run Behavior\BuildLiteBehavior [ RunTime:0.000014s ]
INFO: [ app_init ] --END-- [ RunTime:0.000318s ]
INFO: [ app_begin ] --START--
INFO: Run Behavior\ReadHtmlCacheBehavior [ RunTime:0.000396s ]
INFO: [ app_begin ] --END-- [ RunTime:0.000447s ]

[ 2016-08-15T16:46:01+08:00 ] 127.0.0.1 /coding/API/eGoServer/index.php/api/register.html
INFO: [ app_init ] --START--
INFO: Run Behavior\BuildLiteBehavior [ RunTime:0.000015s ]
INFO: [ app_init ] --END-- [ RunTime:0.000335s ]
INFO: [ app_begin ] --START--
INFO: Run Behavior\ReadHtmlCacheBehavior [ RunTime:0.000403s ]
INFO: [ app_begin ] --END-- [ RunTime:0.000455s ]

[ 2016-08-15T16:46:02+08:00 ] 127.0.0.1 /coding/API/eGoServer/index.php/api/register.html
INFO: [ app_init ] --START--
INFO: Run Behavior\BuildLiteBehavior [ RunTime:0.000013s ]
INFO: [ app_init ] --END-- [ RunTime:0.000314s ]
INFO: [ app_begin ] --START--
INFO: Run Behavior\ReadHtmlCacheBehavior [ RunTime:0.000397s ]
INFO: [ app_begin ] --END-- [ RunTime:0.000448s ]

[ 2016-08-15T16:46:03+08:00 ] 127.0.0.1 /coding/API/eGoServer/index.php/api/register.html
INFO: [ app_init ] --START--
INFO: Run Behavior\BuildLiteBehavior [ RunTime:0.000021s ]
INFO: [ app_init ] --END-- [ RunTime:0.000795s ]
INFO: [ app_begin ] --START--
INFO: Run Behavior\ReadHtmlCacheBehavior [ RunTime:0.000438s ]
INFO: [ app_begin ] --END-- [ RunTime:0.000494s ]

[ 2016-08-15T16:46:04+08:00 ] 127.0.0.1 /coding/API/eGoServer/index.php/api/register.html
INFO: [ app_init ] --START--
INFO: Run Behavior\BuildLiteBehavior [ RunTime:0.000015s ]
INFO: [ app_init ] --END-- [ RunTime:0.000344s ]
INFO: [ app_begin ] --START--
INFO: Run Behavior\ReadHtmlCacheBehavior [ RunTime:0.000413s ]
INFO: [ app_begin ] --END-- [ RunTime:0.000468s ]

[ 2016-08-15T16:46:05+08:00 ] 127.0.0.1 /coding/API/eGoServer/index.php/api/register.html
INFO: [ app_init ] --START--
INFO: Run Behavior\BuildLiteBehavior [ RunTime:0.000013s ]
INFO: [ app_init ] --END-- [ RunTime:0.000324s ]
INFO: [ app_begin ] --START--
INFO: Run Behavior\ReadHtmlCacheBehavior [ RunTime:0.000402s ]
INFO: [ app_begin ] --END-- [ RunTime:0.000454s ]

[ 2016-08-15T16:46:06+08:00 ] 127.0.0.1 /coding/API/eGoServer/index.php/api/register.html
INFO: [ app_init ] --START--
INFO: Run Behavior\BuildLiteBehavior [ RunTime:0.000018s ]
INFO: [ app_init ] --END-- [ RunTime:0.000400s ]
INFO: [ app_begin ] --START--
INFO: Run Behavior\ReadHtmlCacheBehavior [ RunTime:0.000468s ]
INFO: [ app_begin ] --END-- [ RunTime:0.000528s ]

[ 2016-08-15T16:46:09+08:00 ] 127.0.0.1 /coding/API/eGoServer/index.php/api/register.html
INFO: [ app_init ] --START--
INFO: Run Behavior\BuildLiteBehavior [ RunTime:0.000014s ]
INFO: [ app_init ] --END-- [ RunTime:0.000335s ]
INFO: [ app_begin ] --START--
INFO: Run Behavior\ReadHtmlCacheBehavior [ RunTime:0.000541s ]
INFO: [ app_begin ] --END-- [ RunTime:0.000611s ]

[ 2016-08-15T16:46:11+08:00 ] 127.0.0.1 /coding/API/eGoServer/index.php/api/register.html
INFO: [ app_init ] --START--
INFO: Run Behavior\BuildLiteBehavior [ RunTime:0.000014s ]
INFO: [ app_init ] --END-- [ RunTime:0.000310s ]
INFO: [ app_begin ] --START--
INFO: Run Behavior\ReadHtmlCacheBehavior [ RunTime:0.000401s ]
INFO: [ app_begin ] --END-- [ RunTime:0.000454s ]

[ 2016-08-15T16:46:23+08:00 ] 127.0.0.1 /coding/API/eGoServer/index.php/api/register.html
INFO: [ app_init ] --START--
INFO: Run Behavior\BuildLiteBehavior [ RunTime:0.000018s ]
INFO: [ app_init ] --END-- [ RunTime:0.000680s ]
INFO: [ app_begin ] --START--
INFO: Run Behavior\ReadHtmlCacheBehavior [ RunTime:0.000440s ]
INFO: [ app_begin ] --END-- [ RunTime:0.000495s ]

[ 2016-08-15T16:46:24+08:00 ] 127.0.0.1 /coding/API/eGoServer/index.php/api/register.html
INFO: [ app_init ] --START--
INFO: Run Behavior\BuildLiteBehavior [ RunTime:0.000015s ]
INFO: [ app_init ] --END-- [ RunTime:0.000325s ]
INFO: [ app_begin ] --START--
INFO: Run Behavior\ReadHtmlCacheBehavior [ RunTime:0.000397s ]
INFO: [ app_begin ] --END-- [ RunTime:0.000448s ]

[ 2016-08-15T16:46:25+08:00 ] 127.0.0.1 /coding/API/eGoServer/index.php/api/register.html
INFO: [ app_init ] --START--
INFO: Run Behavior\BuildLiteBehavior [ RunTime:0.000016s ]
INFO: [ app_init ] --END-- [ RunTime:0.000337s ]
INFO: [ app_begin ] --START--
INFO: Run Behavior\ReadHtmlCacheBehavior [ RunTime:0.000463s ]
INFO: [ app_begin ] --END-- [ RunTime:0.000527s ]

[ 2016-08-15T16:46:26+08:00 ] 127.0.0.1 /coding/API/eGoServer/index.php/api/register.html
INFO: [ app_init ] --START--
INFO: Run Behavior\BuildLiteBehavior [ RunTime:0.000015s ]
INFO: [ app_init ] --END-- [ RunTime:0.000348s ]
INFO: [ app_begin ] --START--
INFO: Run Behavior\ReadHtmlCacheBehavior [ RunTime:0.000419s ]
INFO: [ app_begin ] --END-- [ RunTime:0.000470s ]

[ 2016-08-15T16:46:33+08:00 ] 127.0.0.1 /coding/API/eGoServer/index.php/api/register.html
INFO: [ app_init ] --START--
INFO: Run Behavior\BuildLiteBehavior [ RunTime:0.000014s ]
INFO: [ app_init ] --END-- [ RunTime:0.000343s ]
INFO: [ app_begin ] --START--
INFO: Run Behavior\ReadHtmlCacheBehavior [ RunTime:0.000416s ]
INFO: [ app_begin ] --END-- [ RunTime:0.000470s ]

[ 2016-08-15T16:46:34+08:00 ] 127.0.0.1 /coding/API/eGoServer/index.php/api/register.html
INFO: [ app_init ] --START--
INFO: Run Behavior\BuildLiteBehavior [ RunTime:0.000015s ]
INFO: [ app_init ] --END-- [ RunTime:0.000328s ]
INFO: [ app_begin ] --START--
INFO: Run Behavior\ReadHtmlCacheBehavior [ RunTime:0.000408s ]
INFO: [ app_begin ] --END-- [ RunTime:0.000460s ]

[ 2016-08-15T16:46:35+08:00 ] 127.0.0.1 /coding/API/eGoServer/index.php/api/register.html
INFO: [ app_init ] --START--
INFO: Run Behavior\BuildLiteBehavior [ RunTime:0.000013s ]
INFO: [ app_init ] --END-- [ RunTime:0.000314s ]
INFO: [ app_begin ] --START--
INFO: Run Behavior\ReadHtmlCacheBehavior [ RunTime:0.000398s ]
INFO: [ app_begin ] --END-- [ RunTime:0.000451s ]

[ 2016-08-15T16:46:36+08:00 ] 127.0.0.1 /coding/API/eGoServer/index.php/api/register.html
INFO: [ app_init ] --START--
INFO: Run Behavior\BuildLiteBehavior [ RunTime:0.000014s ]
INFO: [ app_init ] --END-- [ RunTime:0.000314s ]
INFO: [ app_begin ] --START--
INFO: Run Behavior\ReadHtmlCacheBehavior [ RunTime:0.000403s ]
INFO: [ app_begin ] --END-- [ RunTime:0.000457s ]

[ 2016-08-15T16:46:36+08:00 ] 127.0.0.1 /coding/API/eGoServer/index.php/api/register.html
INFO: [ app_init ] --START--
INFO: Run Behavior\BuildLiteBehavior [ RunTime:0.000013s ]
INFO: [ app_init ] --END-- [ RunTime:0.000308s ]
INFO: [ app_begin ] --START--
INFO: Run Behavior\ReadHtmlCacheBehavior [ RunTime:0.000398s ]
INFO: [ app_begin ] --END-- [ RunTime:0.000451s ]

[ 2016-08-15T16:48:32+08:00 ] 127.0.0.1 /coding/API/eGoServer/index.php/api/register.html
INFO: [ app_init ] --START--
INFO: Run Behavior\BuildLiteBehavior [ RunTime:0.000014s ]
INFO: [ app_init ] --END-- [ RunTime:0.000318s ]
INFO: [ app_begin ] --START--
INFO: Run Behavior\ReadHtmlCacheBehavior [ RunTime:0.000407s ]
INFO: [ app_begin ] --END-- [ RunTime:0.000460s ]

[ 2016-08-15T16:48:32+08:00 ] 127.0.0.1 /coding/API/eGoServer/index.php/api/register.html
INFO: [ app_init ] --START--
INFO: Run Behavior\BuildLiteBehavior [ RunTime:0.000014s ]
INFO: [ app_init ] --END-- [ RunTime:0.000316s ]
INFO: [ app_begin ] --START--
INFO: Run Behavior\ReadHtmlCacheBehavior [ RunTime:0.000402s ]
INFO: [ app_begin ] --END-- [ RunTime:0.000454s ]

[ 2016-08-15T16:48:33+08:00 ] 127.0.0.1 /coding/API/eGoServer/index.php/api/register.html
INFO: [ app_init ] --START--
INFO: Run Behavior\BuildLiteBehavior [ RunTime:0.000013s ]
INFO: [ app_init ] --END-- [ RunTime:0.000317s ]
INFO: [ app_begin ] --START--
INFO: Run Behavior\ReadHtmlCacheBehavior [ RunTime:0.000399s ]
INFO: [ app_begin ] --END-- [ RunTime:0.000451s ]

[ 2016-08-15T17:07:56+08:00 ] 127.0.0.1 /coding/API/eGoServer/index.php/api/register.html
INFO: [ app_init ] --START--
INFO: Run Behavior\BuildLiteBehavior [ RunTime:0.000016s ]
INFO: [ app_init ] --END-- [ RunTime:0.000541s ]
INFO: [ app_begin ] --START--
INFO: Run Behavior\ReadHtmlCacheBehavior [ RunTime:0.000687s ]
INFO: [ app_begin ] --END-- [ RunTime:0.000758s ]

[ 2016-08-15T17:12:36+08:00 ] 127.0.0.1 /coding/API/eGoServer/index.php/api/register.html
INFO: [ app_init ] --START--
INFO: Run Behavior\BuildLiteBehavior [ RunTime:0.000013s ]
INFO: [ app_init ] --END-- [ RunTime:0.000310s ]
INFO: [ app_begin ] --START--
INFO: Run Behavior\ReadHtmlCacheBehavior [ RunTime:0.000396s ]
INFO: [ app_begin ] --END-- [ RunTime:0.000449s ]
SQL: SHOW COLUMNS FROM `ego_user` [ RunTime:0.0012s ]
SQL: INSERT INTO `ego_user` (`tel`,`salt`,`hash`,`token`) VALUES ('15600000000','mSESdo0j','dbec349ff5887feec2948bc7b444c705','023f5663aa8e5c3f2ac19d70c128fea8') [ RunTime:0.0022s ]

[ 2016-08-15T17:12:38+08:00 ] 127.0.0.1 /coding/API/eGoServer/index.php/api/register.html
INFO: [ app_init ] --START--
INFO: Run Behavior\BuildLiteBehavior [ RunTime:0.000014s ]
INFO: [ app_init ] --END-- [ RunTime:0.000326s ]
INFO: [ app_begin ] --START--
INFO: Run Behavior\ReadHtmlCacheBehavior [ RunTime:0.000405s ]
INFO: [ app_begin ] --END-- [ RunTime:0.000457s ]
SQL: SHOW COLUMNS FROM `ego_user` [ RunTime:0.0020s ]
ERR: 1062:Duplicate entry '' for key 'stu_num'
 [ SQL语句 ] : INSERT INTO `ego_user` (`tel`,`salt`,`hash`,`token`) VALUES ('15600000000','BRgWUYK1','d659eaa51048fce4b1aee38fbbc75ce2','f94ab494cd7a938139dac4f23028f3ed')
ERR: 1062:Duplicate entry '' for key 'stu_num'
 [ SQL语句 ] : INSERT INTO `ego_user` (`tel`,`salt`,`hash`,`token`) VALUES ('15600000000','BRgWUYK1','d659eaa51048fce4b1aee38fbbc75ce2','f94ab494cd7a938139dac4f23028f3ed')

[ 2016-08-15T17:13:17+08:00 ] 127.0.0.1 /coding/API/eGoServer/index.php/api/register.html
INFO: [ app_init ] --START--
INFO: Run Behavior\BuildLiteBehavior [ RunTime:0.000014s ]
INFO: [ app_init ] --END-- [ RunTime:0.000325s ]
INFO: [ app_begin ] --START--
INFO: Run Behavior\ReadHtmlCacheBehavior [ RunTime:0.000408s ]
INFO: [ app_begin ] --END-- [ RunTime:0.000503s ]
SQL: SHOW COLUMNS FROM `ego_user` [ RunTime:0.0019s ]
ERR: 1062:Duplicate entry '' for key 'stu_num'
 [ SQL语句 ] : INSERT INTO `ego_user` (`tel`,`salt`,`hash`,`token`) VALUES ('15600000000','vumAD16L','5d0e9cda2ef7cc143c6a60c9fbfeb057','323ea5f35c887348f43af4681f25fc8a')
ERR: 1062:Duplicate entry '' for key 'stu_num'
 [ SQL语句 ] : INSERT INTO `ego_user` (`tel`,`salt`,`hash`,`token`) VALUES ('15600000000','vumAD16L','5d0e9cda2ef7cc143c6a60c9fbfeb057','323ea5f35c887348f43af4681f25fc8a')

[ 2016-08-15T17:14:10+08:00 ] 127.0.0.1 /coding/API/eGoServer/index.php/api/register.html
INFO: [ app_init ] --START--
INFO: Run Behavior\BuildLiteBehavior [ RunTime:0.000014s ]
INFO: [ app_init ] --END-- [ RunTime:0.000331s ]
INFO: [ app_begin ] --START--
INFO: Run Behavior\ReadHtmlCacheBehavior [ RunTime:0.000560s ]
INFO: [ app_begin ] --END-- [ RunTime:0.000629s ]
SQL: SHOW COLUMNS FROM `ego_user` [ RunTime:0.0029s ]
ERR: 1062:Duplicate entry '' for key 'stu_num'
 [ SQL语句 ] : INSERT INTO `ego_user` (`tel`,`salt`,`hash`,`token`) VALUES ('15600000001','3CRCCH7O','90bb81b76b71fe0cddc5e17a02b4d5ac','c8166d1011e73d5e82a0fbdc070206b3')
ERR: 1062:Duplicate entry '' for key 'stu_num'
 [ SQL语句 ] : INSERT INTO `ego_user` (`tel`,`salt`,`hash`,`token`) VALUES ('15600000001','3CRCCH7O','90bb81b76b71fe0cddc5e17a02b4d5ac','c8166d1011e73d5e82a0fbdc070206b3')

[ 2016-08-15T17:16:37+08:00 ] 127.0.0.1 /coding/API/eGoServer/index.php/api/register.html
INFO: [ app_init ] --START--
INFO: Run Behavior\BuildLiteBehavior [ RunTime:0.000019s ]
INFO: [ app_init ] --END-- [ RunTime:0.000703s ]
INFO: [ app_begin ] --START--
INFO: Run Behavior\ReadHtmlCacheBehavior [ RunTime:0.000709s ]
INFO: [ app_begin ] --END-- [ RunTime:0.000783s ]
SQL: SHOW COLUMNS FROM `ego_user` [ RunTime:0.0014s ]
SQL: INSERT INTO `ego_user` (`tel`,`salt`,`hash`,`token`) VALUES ('15600000000','6PV5HTzq','6e060ce22491145b0ed83868c6474952','a1a6aa834562ccceebe22a8c0105e1b3') [ RunTime:0.0002s ]

[ 2016-08-15T17:17:07+08:00 ] 127.0.0.1 /coding/API/eGoServer/index.php/api/register.html
INFO: [ app_init ] --START--
INFO: Run Behavior\BuildLiteBehavior [ RunTime:0.000014s ]
INFO: [ app_init ] --END-- [ RunTime:0.000312s ]
INFO: [ app_begin ] --START--
INFO: Run Behavior\ReadHtmlCacheBehavior [ RunTime:0.000399s ]
INFO: [ app_begin ] --END-- [ RunTime:0.000450s ]
SQL: SHOW COLUMNS FROM `ego_user` [ RunTime:0.0022s ]
ERR: 1062:Duplicate entry '15600000000' for key 'tel'
 [ SQL语句 ] : INSERT INTO `ego_user` (`tel`,`salt`,`hash`,`token`) VALUES ('15600000000','XDDtMtV8','ab363c3bb7a12a9b08489e6d1a385f91','227db987897f02a1c221de211d8429f4')
ERR: 1062:Duplicate entry '15600000000' for key 'tel'
 [ SQL语句 ] : INSERT INTO `ego_user` (`tel`,`salt`,`hash`,`token`) VALUES ('15600000000','XDDtMtV8','ab363c3bb7a12a9b08489e6d1a385f91','227db987897f02a1c221de211d8429f4')

[ 2016-08-15T17:17:18+08:00 ] 127.0.0.1 /coding/API/eGoServer/index.php/api/register.html
INFO: [ app_init ] --START--
INFO: Run Behavior\BuildLiteBehavior [ RunTime:0.000014s ]
INFO: [ app_init ] --END-- [ RunTime:0.000309s ]
INFO: [ app_begin ] --START--
INFO: Run Behavior\ReadHtmlCacheBehavior [ RunTime:0.000398s ]
INFO: [ app_begin ] --END-- [ RunTime:0.000450s ]
SQL: SHOW COLUMNS FROM `ego_user` [ RunTime:0.0013s ]
SQL: INSERT INTO `ego_user` (`tel`,`salt`,`hash`,`token`) VALUES ('15600000001','NjTQsBUD','dc3bf90113fcc65872524edbd8a12887','90112cd7f0cc8521a08c5be4d36ec2f3') [ RunTime:0.0004s ]

[ 2016-08-15T17:17:22+08:00 ] 127.0.0.1 /coding/API/eGoServer/index.php/api/register.html
INFO: [ app_init ] --START--
INFO: Run Behavior\BuildLiteBehavior [ RunTime:0.000014s ]
INFO: [ app_init ] --END-- [ RunTime:0.000330s ]
INFO: [ app_begin ] --START--
INFO: Run Behavior\ReadHtmlCacheBehavior [ RunTime:0.000413s ]
INFO: [ app_begin ] --END-- [ RunTime:0.000466s ]
SQL: SHOW COLUMNS FROM `ego_user` [ RunTime:0.0023s ]
ERR: 1062:Duplicate entry '15600000001' for key 'tel'
 [ SQL语句 ] : INSERT INTO `ego_user` (`tel`,`salt`,`hash`,`token`) VALUES ('15600000001','KvRvLKFB','3a4595856db289979a98df11f0fc1bdd','77e17b0c42ab8047f1e84bd6659ec8d6')
ERR: 1062:Duplicate entry '15600000001' for key 'tel'
 [ SQL语句 ] : INSERT INTO `ego_user` (`tel`,`salt`,`hash`,`token`) VALUES ('15600000001','KvRvLKFB','3a4595856db289979a98df11f0fc1bdd','77e17b0c42ab8047f1e84bd6659ec8d6')

[ 2016-08-15T17:17:41+08:00 ] 127.0.0.1 /coding/API/eGoServer/index.php/api/register.html
INFO: [ app_init ] --START--
INFO: Run Behavior\BuildLiteBehavior [ RunTime:0.000019s ]
INFO: [ app_init ] --END-- [ RunTime:0.000553s ]
INFO: [ app_begin ] --START--
INFO: Run Behavior\ReadHtmlCacheBehavior [ RunTime:0.000865s ]
INFO: [ app_begin ] --END-- [ RunTime:0.000951s ]
SQL: SHOW COLUMNS FROM `ego_user` [ RunTime:0.0009s ]
SQL: INSERT INTO `ego_user` (`tel`,`salt`,`hash`,`token`) VALUES ('15659430523','RPRKAjoI','cd9262ee661145b82b87bede7da95ab6','91229ed52d31238e22c4fe4da60a668c') [ RunTime:0.0002s ]

