[ 2016-10-02T15:04:52+08:00 ] ::1 /coding/API/eGoServer/index.php/api/bus.html
INFO: [ app_init ] --START--
INFO: Run Behavior\BuildLiteBehavior [ RunTime:0.000024s ]
INFO: [ app_init ] --END-- [ RunTime:0.000784s ]
INFO: [ app_begin ] --START--
INFO: Run Behavior\ReadHtmlCacheBehavior [ RunTime:0.001038s ]
INFO: [ app_begin ] --END-- [ RunTime:0.001184s ]
SQL: SHOW COLUMNS FROM `ego_bus` [ RunTime:0.0036s ]
SQL: SELECT * FROM `ego_bus`  [ RunTime:0.0009s ]

[ 2016-10-02T15:04:54+08:00 ] ::1 /coding/API/eGoServer/index.php/api/chat-center.html
INFO: [ app_init ] --START--
INFO: Run Behavior\BuildLiteBehavior [ RunTime:0.000029s ]
INFO: [ app_init ] --END-- [ RunTime:0.000590s ]
INFO: [ app_begin ] --START--
INFO: Run Behavior\ReadHtmlCacheBehavior [ RunTime:0.000526s ]
INFO: [ app_begin ] --END-- [ RunTime:0.000600s ]
SQL: SHOW COLUMNS FROM `ego_chat_center` [ RunTime:0.0021s ]
SQL: SELECT * FROM `ego_chat_center` ORDER BY time desc  [ RunTime:0.0005s ]
SQL: SHOW COLUMNS FROM `ego_user` [ RunTime:0.0023s ]
SQL: SELECT `name`,`gender`,`avatar` FROM `ego_user` WHERE ( id = 1 ) LIMIT 1   [ RunTime:0.0021s ]
SQL: SELECT `name`,`gender`,`avatar` FROM `ego_user` WHERE ( id = 1 ) LIMIT 1   [ RunTime:0.0001s ]
SQL: SELECT `name`,`gender`,`avatar` FROM `ego_user` WHERE ( id = 1 ) LIMIT 1   [ RunTime:0.0001s ]

[ 2016-10-02T15:05:08+08:00 ] ::1 /coding/API/eGoServer/index.php/api/chat-center.html
INFO: [ app_init ] --START--
INFO: Run Behavior\BuildLiteBehavior [ RunTime:0.000030s ]
INFO: [ app_init ] --END-- [ RunTime:0.000669s ]
INFO: [ app_begin ] --START--
INFO: Run Behavior\ReadHtmlCacheBehavior [ RunTime:0.000517s ]
INFO: [ app_begin ] --END-- [ RunTime:0.000588s ]
SQL: SHOW COLUMNS FROM `ego_chat_center` [ RunTime:0.0011s ]
SQL: SELECT * FROM `ego_chat_center` ORDER BY time desc  [ RunTime:0.0003s ]
SQL: SHOW COLUMNS FROM `ego_user` [ RunTime:0.0011s ]
SQL: SELECT `name`,`gender`,`avatar` FROM `ego_user` WHERE ( id = 1 ) LIMIT 1   [ RunTime:0.0002s ]
SQL: SELECT `name`,`gender`,`avatar` FROM `ego_user` WHERE ( id = 1 ) LIMIT 1   [ RunTime:0.0001s ]
SQL: SELECT `name`,`gender`,`avatar` FROM `ego_user` WHERE ( id = 1 ) LIMIT 1   [ RunTime:0.0001s ]

[ 2016-10-02T15:05:20+08:00 ] ::1 /coding/API/eGoServer/index.php/api/chat-center.html
INFO: [ app_init ] --START--
INFO: Run Behavior\BuildLiteBehavior [ RunTime:0.000022s ]
INFO: [ app_init ] --END-- [ RunTime:0.000489s ]
INFO: [ app_begin ] --START--
INFO: Run Behavior\ReadHtmlCacheBehavior [ RunTime:0.000502s ]
INFO: [ app_begin ] --END-- [ RunTime:0.000574s ]
SQL: SHOW COLUMNS FROM `ego_chat_center` [ RunTime:0.0020s ]
SQL: SELECT * FROM `ego_chat_center` ORDER BY time desc  [ RunTime:0.0003s ]
SQL: SHOW COLUMNS FROM `ego_user` [ RunTime:0.0018s ]
SQL: SELECT `name`,`gender`,`avatar` FROM `ego_user` WHERE ( id = 1 ) LIMIT 1   [ RunTime:0.0003s ]
SQL: SELECT `name`,`gender`,`avatar` FROM `ego_user` WHERE ( id = 1 ) LIMIT 1   [ RunTime:0.0001s ]
SQL: SELECT `name`,`gender`,`avatar` FROM `ego_user` WHERE ( id = 1 ) LIMIT 1   [ RunTime:0.0001s ]

[ 2016-10-02T15:05:22+08:00 ] ::1 /coding/API/eGoServer/index.php/api/bus.html
INFO: [ app_init ] --START--
INFO: Run Behavior\BuildLiteBehavior [ RunTime:0.000052s ]
INFO: [ app_init ] --END-- [ RunTime:0.001097s ]
INFO: [ app_begin ] --START--
INFO: Run Behavior\ReadHtmlCacheBehavior [ RunTime:0.000583s ]
INFO: [ app_begin ] --END-- [ RunTime:0.000808s ]
SQL: SHOW COLUMNS FROM `ego_bus` [ RunTime:0.0021s ]
SQL: SELECT * FROM `ego_bus`  [ RunTime:0.0003s ]

[ 2016-10-02T15:05:38+08:00 ] ::1 /coding/API/eGoServer/index.php/api/SystemImages/getBackgroundImage.html
INFO: [ app_init ] --START--
INFO: Run Behavior\BuildLiteBehavior [ RunTime:0.000020s ]
INFO: [ app_init ] --END-- [ RunTime:0.000442s ]
INFO: [ app_begin ] --START--
INFO: Run Behavior\ReadHtmlCacheBehavior [ RunTime:0.000469s ]
INFO: [ app_begin ] --END-- [ RunTime:0.000529s ]
ERR: 非法操作:getbackgroundimage

[ 2016-10-02T15:05:41+08:00 ] ::1 /coding/API/eGoServer/index.php/api/user/babc8f75bf076c94b981bcbac1a7f5d7/15659430523.html
INFO: [ app_init ] --START--
INFO: Run Behavior\BuildLiteBehavior [ RunTime:0.000028s ]
INFO: [ app_init ] --END-- [ RunTime:0.000787s ]
INFO: [ app_begin ] --START--
INFO: Run Behavior\ReadHtmlCacheBehavior [ RunTime:0.000841s ]
INFO: [ app_begin ] --END-- [ RunTime:0.000969s ]
SQL: SHOW COLUMNS FROM `ego_user` [ RunTime:0.0020s ]
SQL: SELECT * FROM `ego_user` WHERE ( token = 'babc8f75bf076c94b981bcbac1a7f5d7' ) LIMIT 1   [ RunTime:0.0010s ]
SQL: SELECT `name`,`gender`,`tel`,`email`,`nickname`,`signature`,`avatar`,`school`,`college`,`major`,`stu_num` FROM `ego_user` WHERE ( tel = '15659430523' ) LIMIT 1   [ RunTime:0.0004s ]

[ 2016-10-02T15:05:41+08:00 ] ::1 /coding/API/eGoServer/index.php/api/bus.html
INFO: [ app_init ] --START--
INFO: Run Behavior\BuildLiteBehavior [ RunTime:0.000025s ]
INFO: [ app_init ] --END-- [ RunTime:0.000595s ]
INFO: [ app_begin ] --START--
INFO: Run Behavior\ReadHtmlCacheBehavior [ RunTime:0.000490s ]
INFO: [ app_begin ] --END-- [ RunTime:0.000569s ]
SQL: SHOW COLUMNS FROM `ego_bus` [ RunTime:0.0020s ]
SQL: SELECT * FROM `ego_bus`  [ RunTime:0.0003s ]

[ 2016-10-02T15:05:43+08:00 ] ::1 /coding/API/eGoServer/index.php/api/image/banner-images
INFO: [ app_init ] --START--
INFO: Run Behavior\BuildLiteBehavior [ RunTime:0.000018s ]
INFO: [ app_init ] --END-- [ RunTime:0.000362s ]
INFO: [ app_begin ] --START--
INFO: Run Behavior\ReadHtmlCacheBehavior [ RunTime:0.000488s ]
INFO: [ app_begin ] --END-- [ RunTime:0.000555s ]
SQL: SHOW COLUMNS FROM `ego_system_images` [ RunTime:0.0029s ]
SQL: SELECT `value` FROM `ego_system_images` WHERE ( property = 'banner' ) LIMIT 1   [ RunTime:0.0004s ]

[ 2016-10-02T15:18:44+08:00 ] ::1 /coding/API/eGoServer/index.php/api/chat-center.html
INFO: [ app_init ] --START--
INFO: Run Behavior\BuildLiteBehavior [ RunTime:0.000024s ]
INFO: [ app_init ] --END-- [ RunTime:0.000662s ]
INFO: [ app_begin ] --START--
INFO: Run Behavior\ReadHtmlCacheBehavior [ RunTime:0.001090s ]
INFO: [ app_begin ] --END-- [ RunTime:0.001234s ]
SQL: SHOW COLUMNS FROM `ego_chat_center` [ RunTime:0.0012s ]
SQL: SELECT * FROM `ego_chat_center` ORDER BY time desc  [ RunTime:0.0002s ]
SQL: SHOW COLUMNS FROM `ego_user` [ RunTime:0.0011s ]
SQL: SELECT `name`,`gender`,`avatar` FROM `ego_user` WHERE ( id = 1 ) LIMIT 1   [ RunTime:0.0002s ]
SQL: SELECT `name`,`gender`,`avatar` FROM `ego_user` WHERE ( id = 1 ) LIMIT 1   [ RunTime:0.0002s ]
SQL: SELECT `name`,`gender`,`avatar` FROM `ego_user` WHERE ( id = 1 ) LIMIT 1   [ RunTime:0.0001s ]

[ 2016-10-02T15:18:51+08:00 ] ::1 /coding/API/eGoServer/index.php/api/chat-center.html
INFO: [ app_init ] --START--
INFO: Run Behavior\BuildLiteBehavior [ RunTime:0.000032s ]
INFO: [ app_init ] --END-- [ RunTime:0.000982s ]
INFO: [ app_begin ] --START--
INFO: Run Behavior\ReadHtmlCacheBehavior [ RunTime:0.000683s ]
INFO: [ app_begin ] --END-- [ RunTime:0.000795s ]
SQL: SHOW COLUMNS FROM `ego_chat_center` [ RunTime:0.0022s ]
SQL: SELECT * FROM `ego_chat_center` ORDER BY time desc  [ RunTime:0.0006s ]
SQL: SHOW COLUMNS FROM `ego_user` [ RunTime:0.0019s ]
SQL: SELECT `name`,`gender`,`avatar` FROM `ego_user` WHERE ( id = 1 ) LIMIT 1   [ RunTime:0.0004s ]
SQL: SELECT `name`,`gender`,`avatar` FROM `ego_user` WHERE ( id = 1 ) LIMIT 1   [ RunTime:0.0005s ]
SQL: SELECT `name`,`gender`,`avatar` FROM `ego_user` WHERE ( id = 1 ) LIMIT 1   [ RunTime:0.0002s ]

[ 2016-10-02T15:18:54+08:00 ] ::1 /coding/API/eGoServer/index.php/api/chat-center.html
INFO: [ app_init ] --START--
INFO: Run Behavior\BuildLiteBehavior [ RunTime:0.000035s ]
INFO: [ app_init ] --END-- [ RunTime:0.000788s ]
INFO: [ app_begin ] --START--
INFO: Run Behavior\ReadHtmlCacheBehavior [ RunTime:0.000891s ]
INFO: [ app_begin ] --END-- [ RunTime:0.001025s ]
SQL: SHOW COLUMNS FROM `ego_chat_center` [ RunTime:0.0024s ]
SQL: SELECT * FROM `ego_chat_center` ORDER BY time desc  [ RunTime:0.0005s ]
SQL: SHOW COLUMNS FROM `ego_user` [ RunTime:0.0014s ]
SQL: SELECT `name`,`gender`,`avatar` FROM `ego_user` WHERE ( id = 1 ) LIMIT 1   [ RunTime:0.0002s ]
SQL: SELECT `name`,`gender`,`avatar` FROM `ego_user` WHERE ( id = 1 ) LIMIT 1   [ RunTime:0.0003s ]
SQL: SELECT `name`,`gender`,`avatar` FROM `ego_user` WHERE ( id = 1 ) LIMIT 1   [ RunTime:0.0002s ]

[ 2016-10-02T15:19:02+08:00 ] ::1 /coding/API/eGoServer/index.php/api/chat-center.html
INFO: [ app_init ] --START--
INFO: Run Behavior\BuildLiteBehavior [ RunTime:0.000014s ]
INFO: [ app_init ] --END-- [ RunTime:0.000319s ]
INFO: [ app_begin ] --START--
INFO: Run Behavior\ReadHtmlCacheBehavior [ RunTime:0.000464s ]
INFO: [ app_begin ] --END-- [ RunTime:0.000528s ]
SQL: SHOW COLUMNS FROM `ego_chat_center` [ RunTime:0.0031s ]
SQL: SELECT * FROM `ego_chat_center` ORDER BY time desc  [ RunTime:0.0008s ]
SQL: SHOW COLUMNS FROM `ego_user` [ RunTime:0.0013s ]
SQL: SELECT `name`,`gender`,`avatar` FROM `ego_user` WHERE ( id = 1 ) LIMIT 1   [ RunTime:0.0004s ]
SQL: SELECT `name`,`gender`,`avatar` FROM `ego_user` WHERE ( id = 1 ) LIMIT 1   [ RunTime:0.0004s ]
SQL: SELECT `name`,`gender`,`avatar` FROM `ego_user` WHERE ( id = 1 ) LIMIT 1   [ RunTime:0.0002s ]

[ 2016-10-02T15:19:10+08:00 ] ::1 /coding/API/eGoServer/index.php/api/chat-center.html
INFO: [ app_init ] --START--
INFO: Run Behavior\BuildLiteBehavior [ RunTime:0.000014s ]
INFO: [ app_init ] --END-- [ RunTime:0.000313s ]
INFO: [ app_begin ] --START--
INFO: Run Behavior\ReadHtmlCacheBehavior [ RunTime:0.000469s ]
INFO: [ app_begin ] --END-- [ RunTime:0.000533s ]
SQL: SHOW COLUMNS FROM `ego_chat_center` [ RunTime:0.0016s ]
SQL: SELECT * FROM `ego_chat_center` ORDER BY time desc  [ RunTime:0.0002s ]
SQL: SHOW COLUMNS FROM `ego_user` [ RunTime:0.0013s ]
SQL: SELECT `name`,`gender`,`avatar` FROM `ego_user` WHERE ( id = 1 ) LIMIT 1   [ RunTime:0.0004s ]
SQL: SELECT `name`,`gender`,`avatar` FROM `ego_user` WHERE ( id = 1 ) LIMIT 1   [ RunTime:0.0014s ]
SQL: SELECT `name`,`gender`,`avatar` FROM `ego_user` WHERE ( id = 1 ) LIMIT 1   [ RunTime:0.0004s ]

[ 2016-10-02T15:19:29+08:00 ] ::1 /coding/API/eGoServer/index.php/api/chat-center.html
INFO: [ app_init ] --START--
INFO: Run Behavior\BuildLiteBehavior [ RunTime:0.000016s ]
INFO: [ app_init ] --END-- [ RunTime:0.000373s ]
INFO: [ app_begin ] --START--
INFO: Run Behavior\ReadHtmlCacheBehavior [ RunTime:0.000438s ]
INFO: [ app_begin ] --END-- [ RunTime:0.000492s ]
SQL: SHOW COLUMNS FROM `ego_chat_center` [ RunTime:0.0032s ]
SQL: SELECT * FROM `ego_chat_center` ORDER BY time desc  [ RunTime:0.0003s ]
SQL: SHOW COLUMNS FROM `ego_user` [ RunTime:0.0013s ]
SQL: SELECT `name`,`gender`,`avatar` FROM `ego_user` WHERE ( id = 1 ) LIMIT 1   [ RunTime:0.0002s ]
SQL: SELECT `name`,`gender`,`avatar` FROM `ego_user` WHERE ( id = 1 ) LIMIT 1   [ RunTime:0.0001s ]
SQL: SELECT `name`,`gender`,`avatar` FROM `ego_user` WHERE ( id = 1 ) LIMIT 1   [ RunTime:0.0002s ]

[ 2016-10-02T15:27:04+08:00 ] ::1 /coding/API/eGoServer/index.php/api/SystemImages/getBackgroundImage.html
INFO: [ app_init ] --START--
INFO: Run Behavior\BuildLiteBehavior [ RunTime:0.000019s ]
INFO: [ app_init ] --END-- [ RunTime:0.000752s ]
INFO: [ app_begin ] --START--
INFO: Run Behavior\ReadHtmlCacheBehavior [ RunTime:0.001619s ]
INFO: [ app_begin ] --END-- [ RunTime:0.001743s ]
ERR: 非法操作:getbackgroundimage

[ 2016-10-02T15:27:05+08:00 ] ::1 /coding/API/eGoServer/index.php/api/user/babc8f75bf076c94b981bcbac1a7f5d7/15659430523.html
INFO: [ app_init ] --START--
INFO: Run Behavior\BuildLiteBehavior [ RunTime:0.000026s ]
INFO: [ app_init ] --END-- [ RunTime:0.000620s ]
INFO: [ app_begin ] --START--
INFO: Run Behavior\ReadHtmlCacheBehavior [ RunTime:0.000898s ]
INFO: [ app_begin ] --END-- [ RunTime:0.001026s ]
SQL: SHOW COLUMNS FROM `ego_user` [ RunTime:0.0016s ]
SQL: SELECT * FROM `ego_user` WHERE ( token = 'babc8f75bf076c94b981bcbac1a7f5d7' ) LIMIT 1   [ RunTime:0.0004s ]
SQL: SELECT `name`,`gender`,`tel`,`email`,`nickname`,`signature`,`avatar`,`school`,`college`,`major`,`stu_num` FROM `ego_user` WHERE ( tel = '15659430523' ) LIMIT 1   [ RunTime:0.0003s ]

[ 2016-10-02T15:27:05+08:00 ] ::1 /coding/API/eGoServer/index.php/api/bus.html
INFO: [ app_init ] --START--
INFO: Run Behavior\BuildLiteBehavior [ RunTime:0.000027s ]
INFO: [ app_init ] --END-- [ RunTime:0.000758s ]
INFO: [ app_begin ] --START--
INFO: Run Behavior\ReadHtmlCacheBehavior [ RunTime:0.000930s ]
INFO: [ app_begin ] --END-- [ RunTime:0.001082s ]
SQL: SHOW COLUMNS FROM `ego_bus` [ RunTime:0.0011s ]
SQL: SELECT * FROM `ego_bus`  [ RunTime:0.0003s ]

[ 2016-10-02T15:27:06+08:00 ] ::1 /coding/API/eGoServer/index.php/api/image/banner-images
INFO: [ app_init ] --START--
INFO: Run Behavior\BuildLiteBehavior [ RunTime:0.000025s ]
INFO: [ app_init ] --END-- [ RunTime:0.000680s ]
INFO: [ app_begin ] --START--
INFO: Run Behavior\ReadHtmlCacheBehavior [ RunTime:0.000856s ]
INFO: [ app_begin ] --END-- [ RunTime:0.000986s ]
SQL: SHOW COLUMNS FROM `ego_system_images` [ RunTime:0.0013s ]
SQL: SELECT `value` FROM `ego_system_images` WHERE ( property = 'banner' ) LIMIT 1   [ RunTime:0.0004s ]

[ 2016-10-02T15:28:44+08:00 ] ::1 /coding/API/eGoServer/index.php/api/bus.html
INFO: [ app_init ] --START--
INFO: Run Behavior\BuildLiteBehavior [ RunTime:0.000015s ]
INFO: [ app_init ] --END-- [ RunTime:0.000479s ]
INFO: [ app_begin ] --START--
INFO: Run Behavior\ReadHtmlCacheBehavior [ RunTime:0.000643s ]
INFO: [ app_begin ] --END-- [ RunTime:0.000707s ]
SQL: SHOW COLUMNS FROM `ego_bus` [ RunTime:0.0010s ]
SQL: SELECT * FROM `ego_bus`  [ RunTime:0.0002s ]

[ 2016-10-02T15:28:47+08:00 ] ::1 /coding/API/eGoServer/index.php/api/chat-center.html
INFO: [ app_init ] --START--
INFO: Run Behavior\BuildLiteBehavior [ RunTime:0.000030s ]
INFO: [ app_init ] --END-- [ RunTime:0.000660s ]
INFO: [ app_begin ] --START--
INFO: Run Behavior\ReadHtmlCacheBehavior [ RunTime:0.000617s ]
INFO: [ app_begin ] --END-- [ RunTime:0.000704s ]
SQL: SHOW COLUMNS FROM `ego_chat_center` [ RunTime:0.0008s ]
SQL: SELECT * FROM `ego_chat_center` ORDER BY time desc  [ RunTime:0.0002s ]
SQL: SHOW COLUMNS FROM `ego_user` [ RunTime:0.0010s ]
SQL: SELECT `name`,`gender`,`avatar` FROM `ego_user` WHERE ( id = 1 ) LIMIT 1   [ RunTime:0.0002s ]
SQL: SELECT `name`,`gender`,`avatar` FROM `ego_user` WHERE ( id = 1 ) LIMIT 1   [ RunTime:0.0001s ]
SQL: SELECT `name`,`gender`,`avatar` FROM `ego_user` WHERE ( id = 1 ) LIMIT 1   [ RunTime:0.0001s ]

[ 2016-10-02T15:28:52+08:00 ] ::1 /coding/API/eGoServer/index.php/api/chat-center.html
INFO: [ app_init ] --START--
INFO: Run Behavior\BuildLiteBehavior [ RunTime:0.000016s ]
INFO: [ app_init ] --END-- [ RunTime:0.000418s ]
INFO: [ app_begin ] --START--
INFO: Run Behavior\ReadHtmlCacheBehavior [ RunTime:0.000480s ]
INFO: [ app_begin ] --END-- [ RunTime:0.000549s ]
SQL: SHOW COLUMNS FROM `ego_chat_center` [ RunTime:0.0019s ]
SQL: SELECT * FROM `ego_chat_center` ORDER BY time desc  [ RunTime:0.0002s ]
SQL: SHOW COLUMNS FROM `ego_user` [ RunTime:0.0009s ]
SQL: SELECT `name`,`gender`,`avatar` FROM `ego_user` WHERE ( id = 1 ) LIMIT 1   [ RunTime:0.0002s ]
SQL: SELECT `name`,`gender`,`avatar` FROM `ego_user` WHERE ( id = 1 ) LIMIT 1   [ RunTime:0.0001s ]
SQL: SELECT `name`,`gender`,`avatar` FROM `ego_user` WHERE ( id = 1 ) LIMIT 1   [ RunTime:0.0001s ]

[ 2016-10-02T16:16:04+08:00 ] ::1 /coding/API/eGoServer/index.php/api/SystemImages/getBackgroundImage.html
INFO: [ app_init ] --START--
INFO: Run Behavior\BuildLiteBehavior [ RunTime:0.000026s ]
INFO: [ app_init ] --END-- [ RunTime:0.000900s ]
INFO: [ app_begin ] --START--
INFO: Run Behavior\ReadHtmlCacheBehavior [ RunTime:0.000999s ]
INFO: [ app_begin ] --END-- [ RunTime:0.001115s ]
ERR: 非法操作:getbackgroundimage

[ 2016-10-02T16:16:08+08:00 ] ::1 /coding/API/eGoServer/index.php/api/user/babc8f75bf076c94b981bcbac1a7f5d7/15659430523.html
INFO: [ app_init ] --START--
INFO: Run Behavior\BuildLiteBehavior [ RunTime:0.000017s ]
INFO: [ app_init ] --END-- [ RunTime:0.000441s ]
INFO: [ app_begin ] --START--
INFO: Run Behavior\ReadHtmlCacheBehavior [ RunTime:0.000449s ]
INFO: [ app_begin ] --END-- [ RunTime:0.000511s ]
SQL: SHOW COLUMNS FROM `ego_user` [ RunTime:0.0013s ]
SQL: SELECT * FROM `ego_user` WHERE ( token = 'babc8f75bf076c94b981bcbac1a7f5d7' ) LIMIT 1   [ RunTime:0.0003s ]
SQL: SELECT `name`,`gender`,`tel`,`email`,`nickname`,`signature`,`avatar`,`school`,`college`,`major`,`stu_num` FROM `ego_user` WHERE ( tel = '15659430523' ) LIMIT 1   [ RunTime:0.0002s ]

[ 2016-10-02T16:16:09+08:00 ] ::1 /coding/API/eGoServer/index.php/api/bus.html
INFO: [ app_init ] --START--
INFO: Run Behavior\BuildLiteBehavior [ RunTime:0.000022s ]
INFO: [ app_init ] --END-- [ RunTime:0.000548s ]
INFO: [ app_begin ] --START--
INFO: Run Behavior\ReadHtmlCacheBehavior [ RunTime:0.000710s ]
INFO: [ app_begin ] --END-- [ RunTime:0.000808s ]
SQL: SHOW COLUMNS FROM `ego_bus` [ RunTime:0.0013s ]
SQL: SELECT * FROM `ego_bus`  [ RunTime:0.0003s ]

[ 2016-10-02T16:17:32+08:00 ] ::1 /coding/API/eGoServer/index.php/api/login.html
INFO: [ app_init ] --START--
INFO: Run Behavior\BuildLiteBehavior [ RunTime:0.000015s ]
INFO: [ app_init ] --END-- [ RunTime:0.000549s ]
INFO: [ app_begin ] --START--
INFO: Run Behavior\ReadHtmlCacheBehavior [ RunTime:0.000713s ]
INFO: [ app_begin ] --END-- [ RunTime:0.000789s ]
SQL: SHOW COLUMNS FROM `ego_user` [ RunTime:0.0011s ]
SQL: SELECT `salt` FROM `ego_user` WHERE ( tel = '15659430523' ) LIMIT 1   [ RunTime:0.0003s ]
SQL: SELECT `hash` FROM `ego_user` WHERE ( tel = '15659430523' ) LIMIT 1   [ RunTime:0.0002s ]
SQL: UPDATE `ego_user` SET `token`='884cad0ff6ff5117b571dc9d02a4fe23' WHERE ( tel = '15659430523' ) [ RunTime:0.0045s ]

[ 2016-10-02T16:17:32+08:00 ] ::1 /coding/API/eGoServer/index.php/api/user/884cad0ff6ff5117b571dc9d02a4fe23/15659430523.html
INFO: [ app_init ] --START--
INFO: Run Behavior\BuildLiteBehavior [ RunTime:0.000018s ]
INFO: [ app_init ] --END-- [ RunTime:0.000373s ]
INFO: [ app_begin ] --START--
INFO: Run Behavior\ReadHtmlCacheBehavior [ RunTime:0.000465s ]
INFO: [ app_begin ] --END-- [ RunTime:0.000531s ]
SQL: SHOW COLUMNS FROM `ego_user` [ RunTime:0.0012s ]
SQL: SELECT * FROM `ego_user` WHERE ( token = '884cad0ff6ff5117b571dc9d02a4fe23' ) LIMIT 1   [ RunTime:0.0003s ]
SQL: SELECT `name`,`gender`,`tel`,`email`,`nickname`,`signature`,`avatar`,`school`,`college`,`major`,`stu_num` FROM `ego_user` WHERE ( tel = '15659430523' ) LIMIT 1   [ RunTime:0.0003s ]

[ 2016-10-02T16:17:32+08:00 ] ::1 /coding/API/eGoServer/index.php/api/bus.html
INFO: [ app_init ] --START--
INFO: Run Behavior\BuildLiteBehavior [ RunTime:0.000015s ]
INFO: [ app_init ] --END-- [ RunTime:0.000467s ]
INFO: [ app_begin ] --START--
INFO: Run Behavior\ReadHtmlCacheBehavior [ RunTime:0.000620s ]
INFO: [ app_begin ] --END-- [ RunTime:0.000697s ]
SQL: SHOW COLUMNS FROM `ego_bus` [ RunTime:0.0010s ]
SQL: SELECT * FROM `ego_bus`  [ RunTime:0.0002s ]

[ 2016-10-02T16:17:32+08:00 ] ::1 /coding/API/eGoServer/index.php/api/user/884cad0ff6ff5117b571dc9d02a4fe23/15659430523.html
INFO: [ app_init ] --START--
INFO: Run Behavior\BuildLiteBehavior [ RunTime:0.000037s ]
INFO: [ app_init ] --END-- [ RunTime:0.001032s ]
INFO: [ app_begin ] --START--
INFO: Run Behavior\ReadHtmlCacheBehavior [ RunTime:0.000678s ]
INFO: [ app_begin ] --END-- [ RunTime:0.000767s ]
SQL: SHOW COLUMNS FROM `ego_user` [ RunTime:0.0025s ]
SQL: SELECT * FROM `ego_user` WHERE ( token = '884cad0ff6ff5117b571dc9d02a4fe23' ) LIMIT 1   [ RunTime:0.0003s ]
SQL: SELECT `name`,`gender`,`tel`,`email`,`nickname`,`signature`,`avatar`,`school`,`college`,`major`,`stu_num` FROM `ego_user` WHERE ( tel = '15659430523' ) LIMIT 1   [ RunTime:0.0002s ]

[ 2016-10-02T16:17:57+08:00 ] ::1 /coding/API/eGoServer/index.php/api/chat-center.html
INFO: [ app_init ] --START--
INFO: Run Behavior\BuildLiteBehavior [ RunTime:0.000015s ]
INFO: [ app_init ] --END-- [ RunTime:0.000462s ]
INFO: [ app_begin ] --START--
INFO: Run Behavior\ReadHtmlCacheBehavior [ RunTime:0.000651s ]
INFO: [ app_begin ] --END-- [ RunTime:0.000726s ]
SQL: SHOW COLUMNS FROM `ego_chat_center` [ RunTime:0.0009s ]
SQL: SELECT * FROM `ego_chat_center` ORDER BY time desc  [ RunTime:0.0002s ]
SQL: SHOW COLUMNS FROM `ego_user` [ RunTime:0.0013s ]
SQL: SELECT `name`,`gender`,`avatar` FROM `ego_user` WHERE ( id = 1 ) LIMIT 1   [ RunTime:0.0002s ]
SQL: SELECT `name`,`gender`,`avatar` FROM `ego_user` WHERE ( id = 1 ) LIMIT 1   [ RunTime:0.0001s ]
SQL: SELECT `name`,`gender`,`avatar` FROM `ego_user` WHERE ( id = 1 ) LIMIT 1   [ RunTime:0.0001s ]

[ 2016-10-02T16:17:58+08:00 ] ::1 /coding/API/eGoServer/index.php/api/chat-center.html
INFO: [ app_init ] --START--
INFO: Run Behavior\BuildLiteBehavior [ RunTime:0.000014s ]
INFO: [ app_init ] --END-- [ RunTime:0.000322s ]
INFO: [ app_begin ] --START--
INFO: Run Behavior\ReadHtmlCacheBehavior [ RunTime:0.000446s ]
INFO: [ app_begin ] --END-- [ RunTime:0.000508s ]
SQL: SHOW COLUMNS FROM `ego_chat_center` [ RunTime:0.0019s ]
SQL: SELECT * FROM `ego_chat_center` ORDER BY time desc  [ RunTime:0.0002s ]
SQL: SHOW COLUMNS FROM `ego_user` [ RunTime:0.0017s ]
SQL: SELECT `name`,`gender`,`avatar` FROM `ego_user` WHERE ( id = 1 ) LIMIT 1   [ RunTime:0.0003s ]
SQL: SELECT `name`,`gender`,`avatar` FROM `ego_user` WHERE ( id = 1 ) LIMIT 1   [ RunTime:0.0001s ]
SQL: SELECT `name`,`gender`,`avatar` FROM `ego_user` WHERE ( id = 1 ) LIMIT 1   [ RunTime:0.0001s ]

