[ 2016-10-04T23:01:10+08:00 ] 127.0.0.1 /coding/API/eGoServer/index.php/api/chat-center.html
INFO: [ app_init ] --START--
INFO: Run Behavior\BuildLiteBehavior [ RunTime:0.000017s ]
INFO: [ app_init ] --END-- [ RunTime:0.000573s ]
INFO: [ app_begin ] --START--
INFO: Run Behavior\ReadHtmlCacheBehavior [ RunTime:0.000670s ]
INFO: [ app_begin ] --END-- [ RunTime:0.000743s ]
SQL: SHOW COLUMNS FROM `ego_chat_center` [ RunTime:0.0009s ]
SQL: SELECT * FROM `ego_chat_center` ORDER BY time desc  [ RunTime:0.0002s ]
SQL: SHOW COLUMNS FROM `ego_user` [ RunTime:0.0011s ]
SQL: SELECT `name`,`gender`,`avatar` FROM `ego_user` WHERE ( id = 1 ) LIMIT 1   [ RunTime:0.0002s ]
SQL: SHOW COLUMNS FROM `ego_chat_liked` [ RunTime:0.0011s ]
SQL: SELECT * FROM `ego_chat_liked` WHERE ( chat_id = 1 )  [ RunTime:0.0002s ]
SQL: SHOW COLUMNS FROM `ego_chat_comment` [ RunTime:0.0009s ]
SQL: SELECT * FROM `ego_chat_comment` WHERE ( chat_id = 1 )  [ RunTime:0.0002s ]
SQL: SELECT `name`,`gender`,`avatar` FROM `ego_user` WHERE ( id = 1 ) LIMIT 1   [ RunTime:0.0001s ]
SQL: SELECT * FROM `ego_chat_liked` WHERE ( chat_id = 3 )  [ RunTime:0.0001s ]
SQL: SELECT * FROM `ego_chat_comment` WHERE ( chat_id = 3 )  [ RunTime:0.0001s ]
SQL: SELECT `name`,`gender`,`avatar` FROM `ego_user` WHERE ( id = 1 ) LIMIT 1   [ RunTime:0.0001s ]
SQL: SELECT * FROM `ego_chat_liked` WHERE ( chat_id = 2 )  [ RunTime:0.0001s ]
SQL: SELECT * FROM `ego_chat_comment` WHERE ( chat_id = 2 )  [ RunTime:0.0001s ]

[ 2016-10-04T23:04:36+08:00 ] ::1 /coding/API/eGoServer/index.php/api/SystemImages/getBackgroundImage.html
INFO: [ app_init ] --START--
INFO: Run Behavior\BuildLiteBehavior [ RunTime:0.000023s ]
INFO: [ app_init ] --END-- [ RunTime:0.000699s ]
INFO: [ app_begin ] --START--
INFO: Run Behavior\ReadHtmlCacheBehavior [ RunTime:0.001037s ]
INFO: [ app_begin ] --END-- [ RunTime:0.001147s ]
ERR: 非法操作:getbackgroundimage

[ 2016-10-04T23:04:37+08:00 ] ::1 /coding/API/eGoServer/index.php/api/user/884cad0ff6ff5117b571dc9d02a4fe23/15659430523.html
INFO: [ app_init ] --START--
INFO: Run Behavior\BuildLiteBehavior [ RunTime:0.000026s ]
INFO: [ app_init ] --END-- [ RunTime:0.000419s ]
INFO: [ app_begin ] --START--
INFO: Run Behavior\ReadHtmlCacheBehavior [ RunTime:0.000662s ]
INFO: [ app_begin ] --END-- [ RunTime:0.000741s ]
SQL: SHOW COLUMNS FROM `ego_user` [ RunTime:0.0013s ]
SQL: SELECT * FROM `ego_user` WHERE ( token = '884cad0ff6ff5117b571dc9d02a4fe23' ) LIMIT 1   [ RunTime:0.0002s ]
SQL: SELECT `name`,`gender`,`tel`,`email`,`nickname`,`signature`,`avatar`,`school`,`college`,`major`,`stu_num` FROM `ego_user` WHERE ( tel = '15659430523' ) LIMIT 1   [ RunTime:0.0001s ]

[ 2016-10-04T23:04:38+08:00 ] ::1 /coding/API/eGoServer/index.php/api/bus.html
INFO: [ app_init ] --START--
INFO: Run Behavior\BuildLiteBehavior [ RunTime:0.000031s ]
INFO: [ app_init ] --END-- [ RunTime:0.000538s ]
INFO: [ app_begin ] --START--
INFO: Run Behavior\ReadHtmlCacheBehavior [ RunTime:0.000747s ]
INFO: [ app_begin ] --END-- [ RunTime:0.000850s ]
SQL: SHOW COLUMNS FROM `ego_bus` [ RunTime:0.0010s ]
SQL: SELECT * FROM `ego_bus`  [ RunTime:0.0002s ]

[ 2016-10-04T23:04:38+08:00 ] ::1 /coding/API/eGoServer/index.php/api/chat-center.html
INFO: [ app_init ] --START--
INFO: Run Behavior\BuildLiteBehavior [ RunTime:0.000030s ]
INFO: [ app_init ] --END-- [ RunTime:0.000613s ]
INFO: [ app_begin ] --START--
INFO: Run Behavior\ReadHtmlCacheBehavior [ RunTime:0.000793s ]
INFO: [ app_begin ] --END-- [ RunTime:0.000936s ]
SQL: SHOW COLUMNS FROM `ego_chat_center` [ RunTime:0.0012s ]
SQL: SELECT * FROM `ego_chat_center` ORDER BY time desc  [ RunTime:0.0003s ]
SQL: SHOW COLUMNS FROM `ego_user` [ RunTime:0.0011s ]
SQL: SELECT `name`,`gender`,`avatar` FROM `ego_user` WHERE ( id = 1 ) LIMIT 1   [ RunTime:0.0002s ]
SQL: SHOW COLUMNS FROM `ego_chat_liked` [ RunTime:0.0010s ]
SQL: SELECT * FROM `ego_chat_liked` WHERE ( chat_id = 1 )  [ RunTime:0.0002s ]
SQL: SHOW COLUMNS FROM `ego_chat_comment` [ RunTime:0.0012s ]
SQL: SELECT * FROM `ego_chat_comment` WHERE ( chat_id = 1 )  [ RunTime:0.0002s ]
SQL: SELECT `name`,`gender`,`avatar` FROM `ego_user` WHERE ( id = 1 ) LIMIT 1   [ RunTime:0.0001s ]
SQL: SELECT * FROM `ego_chat_liked` WHERE ( chat_id = 3 )  [ RunTime:0.0001s ]
SQL: SELECT * FROM `ego_chat_comment` WHERE ( chat_id = 3 )  [ RunTime:0.0001s ]
SQL: SELECT `name`,`gender`,`avatar` FROM `ego_user` WHERE ( id = 1 ) LIMIT 1   [ RunTime:0.0001s ]
SQL: SELECT * FROM `ego_chat_liked` WHERE ( chat_id = 2 )  [ RunTime:0.0001s ]
SQL: SELECT * FROM `ego_chat_comment` WHERE ( chat_id = 2 )  [ RunTime:0.0001s ]

[ 2016-10-04T23:04:47+08:00 ] ::1 /coding/API/eGoServer/index.php/api/chat-center/comments/1.html
INFO: [ app_init ] --START--
INFO: Run Behavior\BuildLiteBehavior [ RunTime:0.000015s ]
INFO: [ app_init ] --END-- [ RunTime:0.000367s ]
INFO: [ app_begin ] --START--
INFO: Run Behavior\ReadHtmlCacheBehavior [ RunTime:0.000484s ]
INFO: [ app_begin ] --END-- [ RunTime:0.000552s ]
SQL: SHOW COLUMNS FROM `ego_chat_comment` [ RunTime:0.0012s ]
SQL: SELECT * FROM `ego_chat_comment` WHERE ( chat_id = 1 ) ORDER BY floor desc  [ RunTime:0.0003s ]
SQL: SHOW COLUMNS FROM `ego_user` [ RunTime:0.0017s ]
SQL: SELECT `name`,`gender`,`avatar` FROM `ego_user` WHERE ( id = 1 ) LIMIT 1   [ RunTime:0.0002s ]
SQL: SELECT `name`,`gender`,`avatar` FROM `ego_user` WHERE ( id = 1 ) LIMIT 1   [ RunTime:0.0001s ]

[ 2016-10-04T23:04:51+08:00 ] ::1 /coding/API/eGoServer/index.php/api/chat-center.html
INFO: [ app_init ] --START--
INFO: Run Behavior\BuildLiteBehavior [ RunTime:0.000018s ]
INFO: [ app_init ] --END-- [ RunTime:0.000360s ]
INFO: [ app_begin ] --START--
INFO: Run Behavior\ReadHtmlCacheBehavior [ RunTime:0.000529s ]
INFO: [ app_begin ] --END-- [ RunTime:0.000595s ]
SQL: SHOW COLUMNS FROM `ego_chat_center` [ RunTime:0.0015s ]
SQL: SELECT * FROM `ego_chat_center` ORDER BY time desc  [ RunTime:0.0003s ]
SQL: SHOW COLUMNS FROM `ego_user` [ RunTime:0.0029s ]
SQL: SELECT `name`,`gender`,`avatar` FROM `ego_user` WHERE ( id = 1 ) LIMIT 1   [ RunTime:0.0003s ]
SQL: SHOW COLUMNS FROM `ego_chat_liked` [ RunTime:0.0021s ]
SQL: SELECT * FROM `ego_chat_liked` WHERE ( chat_id = 1 )  [ RunTime:0.0003s ]
SQL: SHOW COLUMNS FROM `ego_chat_comment` [ RunTime:0.0020s ]
SQL: SELECT * FROM `ego_chat_comment` WHERE ( chat_id = 1 )  [ RunTime:0.0003s ]
SQL: SELECT `name`,`gender`,`avatar` FROM `ego_user` WHERE ( id = 1 ) LIMIT 1   [ RunTime:0.0003s ]
SQL: SELECT * FROM `ego_chat_liked` WHERE ( chat_id = 3 )  [ RunTime:0.0002s ]
SQL: SELECT * FROM `ego_chat_comment` WHERE ( chat_id = 3 )  [ RunTime:0.0003s ]
SQL: SELECT `name`,`gender`,`avatar` FROM `ego_user` WHERE ( id = 1 ) LIMIT 1   [ RunTime:0.0008s ]
SQL: SELECT * FROM `ego_chat_liked` WHERE ( chat_id = 2 )  [ RunTime:0.0003s ]
SQL: SELECT * FROM `ego_chat_comment` WHERE ( chat_id = 2 )  [ RunTime:0.0002s ]

[ 2016-10-04T23:21:35+08:00 ] ::1 /coding/API/eGoServer/index.php/api/SystemImages/getBackgroundImage.html
INFO: [ app_init ] --START--
INFO: Run Behavior\BuildLiteBehavior [ RunTime:0.000035s ]
INFO: [ app_init ] --END-- [ RunTime:0.000997s ]
INFO: [ app_begin ] --START--
INFO: Run Behavior\ReadHtmlCacheBehavior [ RunTime:0.000817s ]
INFO: [ app_begin ] --END-- [ RunTime:0.000913s ]
ERR: 非法操作:getbackgroundimage

[ 2016-10-04T23:21:40+08:00 ] ::1 /coding/API/eGoServer/index.php/api/user/884cad0ff6ff5117b571dc9d02a4fe23/15659430523.html
INFO: [ app_init ] --START--
INFO: Run Behavior\BuildLiteBehavior [ RunTime:0.000045s ]
INFO: [ app_init ] --END-- [ RunTime:0.000937s ]
INFO: [ app_begin ] --START--
INFO: Run Behavior\ReadHtmlCacheBehavior [ RunTime:0.000906s ]
INFO: [ app_begin ] --END-- [ RunTime:0.001045s ]
SQL: SHOW COLUMNS FROM `ego_user` [ RunTime:0.0062s ]
SQL: SELECT * FROM `ego_user` WHERE ( token = '884cad0ff6ff5117b571dc9d02a4fe23' ) LIMIT 1   [ RunTime:0.0007s ]
SQL: SELECT `name`,`gender`,`tel`,`email`,`nickname`,`signature`,`avatar`,`school`,`college`,`major`,`stu_num` FROM `ego_user` WHERE ( tel = '15659430523' ) LIMIT 1   [ RunTime:0.0005s ]

[ 2016-10-04T23:21:40+08:00 ] ::1 /coding/API/eGoServer/index.php/api/bus.html
INFO: [ app_init ] --START--
INFO: Run Behavior\BuildLiteBehavior [ RunTime:0.000029s ]
INFO: [ app_init ] --END-- [ RunTime:0.000516s ]
INFO: [ app_begin ] --START--
INFO: Run Behavior\ReadHtmlCacheBehavior [ RunTime:0.000680s ]
INFO: [ app_begin ] --END-- [ RunTime:0.000782s ]
SQL: SHOW COLUMNS FROM `ego_bus` [ RunTime:0.0022s ]
SQL: SELECT * FROM `ego_bus`  [ RunTime:0.0004s ]

[ 2016-10-04T23:21:45+08:00 ] ::1 /coding/API/eGoServer/index.php/api/bus.html
INFO: [ app_init ] --START--
INFO: Run Behavior\BuildLiteBehavior [ RunTime:0.000038s ]
INFO: [ app_init ] --END-- [ RunTime:0.000747s ]
INFO: [ app_begin ] --START--
INFO: Run Behavior\ReadHtmlCacheBehavior [ RunTime:0.000835s ]
INFO: [ app_begin ] --END-- [ RunTime:0.000953s ]
SQL: SHOW COLUMNS FROM `ego_bus` [ RunTime:0.0015s ]
SQL: SELECT * FROM `ego_bus`  [ RunTime:0.0004s ]

[ 2016-10-04T23:21:50+08:00 ] ::1 /coding/API/eGoServer/index.php/api/bus.html
INFO: [ app_init ] --START--
INFO: Run Behavior\BuildLiteBehavior [ RunTime:0.000025s ]
INFO: [ app_init ] --END-- [ RunTime:0.000465s ]
INFO: [ app_begin ] --START--
INFO: Run Behavior\ReadHtmlCacheBehavior [ RunTime:0.000629s ]
INFO: [ app_begin ] --END-- [ RunTime:0.000713s ]
SQL: SHOW COLUMNS FROM `ego_bus` [ RunTime:0.0013s ]
SQL: SELECT * FROM `ego_bus`  [ RunTime:0.0002s ]

[ 2016-10-04T23:21:55+08:00 ] ::1 /coding/API/eGoServer/index.php/api/bus.html
INFO: [ app_init ] --START--
INFO: Run Behavior\BuildLiteBehavior [ RunTime:0.000022s ]
INFO: [ app_init ] --END-- [ RunTime:0.000443s ]
INFO: [ app_begin ] --START--
INFO: Run Behavior\ReadHtmlCacheBehavior [ RunTime:0.000607s ]
INFO: [ app_begin ] --END-- [ RunTime:0.000681s ]
SQL: SHOW COLUMNS FROM `ego_bus` [ RunTime:0.0020s ]
SQL: SELECT * FROM `ego_bus`  [ RunTime:0.0002s ]

[ 2016-10-04T23:22:10+08:00 ] ::1 /coding/API/eGoServer/index.php/api/SystemImages/getBackgroundImage.html
INFO: [ app_init ] --START--
INFO: Run Behavior\BuildLiteBehavior [ RunTime:0.000027s ]
INFO: [ app_init ] --END-- [ RunTime:0.000779s ]
INFO: [ app_begin ] --START--
INFO: Run Behavior\ReadHtmlCacheBehavior [ RunTime:0.000835s ]
INFO: [ app_begin ] --END-- [ RunTime:0.000926s ]
ERR: 非法操作:getbackgroundimage

[ 2016-10-04T23:22:14+08:00 ] ::1 /coding/API/eGoServer/index.php/api/user/884cad0ff6ff5117b571dc9d02a4fe23/15659430523.html
INFO: [ app_init ] --START--
INFO: Run Behavior\BuildLiteBehavior [ RunTime:0.000041s ]
INFO: [ app_init ] --END-- [ RunTime:0.000671s ]
INFO: [ app_begin ] --START--
INFO: Run Behavior\ReadHtmlCacheBehavior [ RunTime:0.000617s ]
INFO: [ app_begin ] --END-- [ RunTime:0.000708s ]
SQL: SHOW COLUMNS FROM `ego_user` [ RunTime:0.0020s ]
SQL: SELECT * FROM `ego_user` WHERE ( token = '884cad0ff6ff5117b571dc9d02a4fe23' ) LIMIT 1   [ RunTime:0.0004s ]
SQL: SELECT `name`,`gender`,`tel`,`email`,`nickname`,`signature`,`avatar`,`school`,`college`,`major`,`stu_num` FROM `ego_user` WHERE ( tel = '15659430523' ) LIMIT 1   [ RunTime:0.0002s ]

[ 2016-10-04T23:22:14+08:00 ] ::1 /coding/API/eGoServer/index.php/api/bus.html
INFO: [ app_init ] --START--
INFO: Run Behavior\BuildLiteBehavior [ RunTime:0.000017s ]
INFO: [ app_init ] --END-- [ RunTime:0.000384s ]
INFO: [ app_begin ] --START--
INFO: Run Behavior\ReadHtmlCacheBehavior [ RunTime:0.000780s ]
INFO: [ app_begin ] --END-- [ RunTime:0.000894s ]
SQL: SHOW COLUMNS FROM `ego_bus` [ RunTime:0.0017s ]
SQL: SELECT * FROM `ego_bus`  [ RunTime:0.0003s ]

[ 2016-10-04T23:22:19+08:00 ] ::1 /coding/API/eGoServer/index.php/api/bus.html
INFO: [ app_init ] --START--
INFO: Run Behavior\BuildLiteBehavior [ RunTime:0.000019s ]
INFO: [ app_init ] --END-- [ RunTime:0.000434s ]
INFO: [ app_begin ] --START--
INFO: Run Behavior\ReadHtmlCacheBehavior [ RunTime:0.000952s ]
INFO: [ app_begin ] --END-- [ RunTime:0.001130s ]
SQL: SHOW COLUMNS FROM `ego_bus` [ RunTime:0.0026s ]
SQL: SELECT * FROM `ego_bus`  [ RunTime:0.0002s ]

[ 2016-10-04T23:22:24+08:00 ] ::1 /coding/API/eGoServer/index.php/api/bus.html
INFO: [ app_init ] --START--
INFO: Run Behavior\BuildLiteBehavior [ RunTime:0.000014s ]
INFO: [ app_init ] --END-- [ RunTime:0.000331s ]
INFO: [ app_begin ] --START--
INFO: Run Behavior\ReadHtmlCacheBehavior [ RunTime:0.000429s ]
INFO: [ app_begin ] --END-- [ RunTime:0.000483s ]
SQL: SHOW COLUMNS FROM `ego_bus` [ RunTime:0.0029s ]
SQL: SELECT * FROM `ego_bus`  [ RunTime:0.0002s ]

[ 2016-10-04T23:22:29+08:00 ] ::1 /coding/API/eGoServer/index.php/api/bus.html
INFO: [ app_init ] --START--
INFO: Run Behavior\BuildLiteBehavior [ RunTime:0.000017s ]
INFO: [ app_init ] --END-- [ RunTime:0.000411s ]
INFO: [ app_begin ] --START--
INFO: Run Behavior\ReadHtmlCacheBehavior [ RunTime:0.000431s ]
INFO: [ app_begin ] --END-- [ RunTime:0.000487s ]
SQL: SHOW COLUMNS FROM `ego_bus` [ RunTime:0.0018s ]
SQL: SELECT * FROM `ego_bus`  [ RunTime:0.0002s ]

[ 2016-10-04T23:22:34+08:00 ] ::1 /coding/API/eGoServer/index.php/api/bus.html
INFO: [ app_init ] --START--
INFO: Run Behavior\BuildLiteBehavior [ RunTime:0.000016s ]
INFO: [ app_init ] --END-- [ RunTime:0.000551s ]
INFO: [ app_begin ] --START--
INFO: Run Behavior\ReadHtmlCacheBehavior [ RunTime:0.000422s ]
INFO: [ app_begin ] --END-- [ RunTime:0.000474s ]
SQL: SHOW COLUMNS FROM `ego_bus` [ RunTime:0.0019s ]
SQL: SELECT * FROM `ego_bus`  [ RunTime:0.0002s ]

[ 2016-10-04T23:22:39+08:00 ] ::1 /coding/API/eGoServer/index.php/api/bus.html
INFO: [ app_init ] --START--
INFO: Run Behavior\BuildLiteBehavior [ RunTime:0.000060s ]
INFO: [ app_init ] --END-- [ RunTime:0.000824s ]
INFO: [ app_begin ] --START--
INFO: Run Behavior\ReadHtmlCacheBehavior [ RunTime:0.000435s ]
INFO: [ app_begin ] --END-- [ RunTime:0.000490s ]
SQL: SHOW COLUMNS FROM `ego_bus` [ RunTime:0.0010s ]
SQL: SELECT * FROM `ego_bus`  [ RunTime:0.0003s ]

[ 2016-10-04T23:22:44+08:00 ] ::1 /coding/API/eGoServer/index.php/api/bus.html
INFO: [ app_init ] --START--
INFO: Run Behavior\BuildLiteBehavior [ RunTime:0.000014s ]
INFO: [ app_init ] --END-- [ RunTime:0.000368s ]
INFO: [ app_begin ] --START--
INFO: Run Behavior\ReadHtmlCacheBehavior [ RunTime:0.000613s ]
INFO: [ app_begin ] --END-- [ RunTime:0.000676s ]
SQL: SHOW COLUMNS FROM `ego_bus` [ RunTime:0.0020s ]
SQL: SELECT * FROM `ego_bus`  [ RunTime:0.0002s ]

[ 2016-10-04T23:22:49+08:00 ] ::1 /coding/API/eGoServer/index.php/api/bus.html
INFO: [ app_init ] --START--
INFO: Run Behavior\BuildLiteBehavior [ RunTime:0.000027s ]
INFO: [ app_init ] --END-- [ RunTime:0.000709s ]
INFO: [ app_begin ] --START--
INFO: Run Behavior\ReadHtmlCacheBehavior [ RunTime:0.000513s ]
INFO: [ app_begin ] --END-- [ RunTime:0.000584s ]
SQL: SHOW COLUMNS FROM `ego_bus` [ RunTime:0.0022s ]
SQL: SELECT * FROM `ego_bus`  [ RunTime:0.0003s ]

[ 2016-10-04T23:22:54+08:00 ] ::1 /coding/API/eGoServer/index.php/api/bus.html
INFO: [ app_init ] --START--
INFO: Run Behavior\BuildLiteBehavior [ RunTime:0.000014s ]
INFO: [ app_init ] --END-- [ RunTime:0.000326s ]
INFO: [ app_begin ] --START--
INFO: Run Behavior\ReadHtmlCacheBehavior [ RunTime:0.000601s ]
INFO: [ app_begin ] --END-- [ RunTime:0.000697s ]
SQL: SHOW COLUMNS FROM `ego_bus` [ RunTime:0.0027s ]
SQL: SELECT * FROM `ego_bus`  [ RunTime:0.0003s ]

[ 2016-10-04T23:22:59+08:00 ] ::1 /coding/API/eGoServer/index.php/api/bus.html
INFO: [ app_init ] --START--
INFO: Run Behavior\BuildLiteBehavior [ RunTime:0.000013s ]
INFO: [ app_init ] --END-- [ RunTime:0.000323s ]
INFO: [ app_begin ] --START--
INFO: Run Behavior\ReadHtmlCacheBehavior [ RunTime:0.000471s ]
INFO: [ app_begin ] --END-- [ RunTime:0.000532s ]
SQL: SHOW COLUMNS FROM `ego_bus` [ RunTime:0.0009s ]
SQL: SELECT * FROM `ego_bus`  [ RunTime:0.0002s ]

[ 2016-10-04T23:23:04+08:00 ] ::1 /coding/API/eGoServer/index.php/api/bus.html
INFO: [ app_init ] --START--
INFO: Run Behavior\BuildLiteBehavior [ RunTime:0.000027s ]
INFO: [ app_init ] --END-- [ RunTime:0.000366s ]
INFO: [ app_begin ] --START--
INFO: Run Behavior\ReadHtmlCacheBehavior [ RunTime:0.000573s ]
INFO: [ app_begin ] --END-- [ RunTime:0.000644s ]
SQL: SHOW COLUMNS FROM `ego_bus` [ RunTime:0.0018s ]
SQL: SELECT * FROM `ego_bus`  [ RunTime:0.0002s ]

[ 2016-10-04T23:23:09+08:00 ] ::1 /coding/API/eGoServer/index.php/api/bus.html
INFO: [ app_init ] --START--
INFO: Run Behavior\BuildLiteBehavior [ RunTime:0.000013s ]
INFO: [ app_init ] --END-- [ RunTime:0.000308s ]
INFO: [ app_begin ] --START--
INFO: Run Behavior\ReadHtmlCacheBehavior [ RunTime:0.000410s ]
INFO: [ app_begin ] --END-- [ RunTime:0.000461s ]
SQL: SHOW COLUMNS FROM `ego_bus` [ RunTime:0.0018s ]
SQL: SELECT * FROM `ego_bus`  [ RunTime:0.0002s ]

[ 2016-10-04T23:23:14+08:00 ] ::1 /coding/API/eGoServer/index.php/api/bus.html
INFO: [ app_init ] --START--
INFO: Run Behavior\BuildLiteBehavior [ RunTime:0.000021s ]
INFO: [ app_init ] --END-- [ RunTime:0.000359s ]
INFO: [ app_begin ] --START--
INFO: Run Behavior\ReadHtmlCacheBehavior [ RunTime:0.000565s ]
INFO: [ app_begin ] --END-- [ RunTime:0.000640s ]
SQL: SHOW COLUMNS FROM `ego_bus` [ RunTime:0.0019s ]
SQL: SELECT * FROM `ego_bus`  [ RunTime:0.0002s ]

[ 2016-10-04T23:23:19+08:00 ] ::1 /coding/API/eGoServer/index.php/api/bus.html
INFO: [ app_init ] --START--
INFO: Run Behavior\BuildLiteBehavior [ RunTime:0.000015s ]
INFO: [ app_init ] --END-- [ RunTime:0.000348s ]
INFO: [ app_begin ] --START--
INFO: Run Behavior\ReadHtmlCacheBehavior [ RunTime:0.000475s ]
INFO: [ app_begin ] --END-- [ RunTime:0.000536s ]
SQL: SHOW COLUMNS FROM `ego_bus` [ RunTime:0.0020s ]
SQL: SELECT * FROM `ego_bus`  [ RunTime:0.0003s ]

[ 2016-10-04T23:23:24+08:00 ] ::1 /coding/API/eGoServer/index.php/api/bus.html
INFO: [ app_init ] --START--
INFO: Run Behavior\BuildLiteBehavior [ RunTime:0.000023s ]
INFO: [ app_init ] --END-- [ RunTime:0.000502s ]
INFO: [ app_begin ] --START--
INFO: Run Behavior\ReadHtmlCacheBehavior [ RunTime:0.000431s ]
INFO: [ app_begin ] --END-- [ RunTime:0.000491s ]
SQL: SHOW COLUMNS FROM `ego_bus` [ RunTime:0.0030s ]
SQL: SELECT * FROM `ego_bus`  [ RunTime:0.0002s ]

[ 2016-10-04T23:23:29+08:00 ] ::1 /coding/API/eGoServer/index.php/api/bus.html
INFO: [ app_init ] --START--
INFO: Run Behavior\BuildLiteBehavior [ RunTime:0.000015s ]
INFO: [ app_init ] --END-- [ RunTime:0.000328s ]
INFO: [ app_begin ] --START--
INFO: Run Behavior\ReadHtmlCacheBehavior [ RunTime:0.000417s ]
INFO: [ app_begin ] --END-- [ RunTime:0.000470s ]
SQL: SHOW COLUMNS FROM `ego_bus` [ RunTime:0.0019s ]
SQL: SELECT * FROM `ego_bus`  [ RunTime:0.0002s ]

[ 2016-10-04T23:23:34+08:00 ] ::1 /coding/API/eGoServer/index.php/api/bus.html
INFO: [ app_init ] --START--
INFO: Run Behavior\BuildLiteBehavior [ RunTime:0.000016s ]
INFO: [ app_init ] --END-- [ RunTime:0.000397s ]
INFO: [ app_begin ] --START--
INFO: Run Behavior\ReadHtmlCacheBehavior [ RunTime:0.000455s ]
INFO: [ app_begin ] --END-- [ RunTime:0.000516s ]
SQL: SHOW COLUMNS FROM `ego_bus` [ RunTime:0.0015s ]
SQL: SELECT * FROM `ego_bus`  [ RunTime:0.0003s ]

[ 2016-10-04T23:23:39+08:00 ] ::1 /coding/API/eGoServer/index.php/api/bus.html
INFO: [ app_init ] --START--
INFO: Run Behavior\BuildLiteBehavior [ RunTime:0.000015s ]
INFO: [ app_init ] --END-- [ RunTime:0.000359s ]
INFO: [ app_begin ] --START--
INFO: Run Behavior\ReadHtmlCacheBehavior [ RunTime:0.000459s ]
INFO: [ app_begin ] --END-- [ RunTime:0.000522s ]
SQL: SHOW COLUMNS FROM `ego_bus` [ RunTime:0.0021s ]
SQL: SELECT * FROM `ego_bus`  [ RunTime:0.0002s ]

[ 2016-10-04T23:23:44+08:00 ] ::1 /coding/API/eGoServer/index.php/api/bus.html
INFO: [ app_init ] --START--
INFO: Run Behavior\BuildLiteBehavior [ RunTime:0.000014s ]
INFO: [ app_init ] --END-- [ RunTime:0.000339s ]
INFO: [ app_begin ] --START--
INFO: Run Behavior\ReadHtmlCacheBehavior [ RunTime:0.000536s ]
INFO: [ app_begin ] --END-- [ RunTime:0.000623s ]
SQL: SHOW COLUMNS FROM `ego_bus` [ RunTime:0.0012s ]
SQL: SELECT * FROM `ego_bus`  [ RunTime:0.0002s ]

[ 2016-10-04T23:23:49+08:00 ] ::1 /coding/API/eGoServer/index.php/api/bus.html
INFO: [ app_init ] --START--
INFO: Run Behavior\BuildLiteBehavior [ RunTime:0.000014s ]
INFO: [ app_init ] --END-- [ RunTime:0.000309s ]
INFO: [ app_begin ] --START--
INFO: Run Behavior\ReadHtmlCacheBehavior [ RunTime:0.000430s ]
INFO: [ app_begin ] --END-- [ RunTime:0.000495s ]
SQL: SHOW COLUMNS FROM `ego_bus` [ RunTime:0.0019s ]
SQL: SELECT * FROM `ego_bus`  [ RunTime:0.0002s ]

[ 2016-10-04T23:23:54+08:00 ] ::1 /coding/API/eGoServer/index.php/api/bus.html
INFO: [ app_init ] --START--
INFO: Run Behavior\BuildLiteBehavior [ RunTime:0.000017s ]
INFO: [ app_init ] --END-- [ RunTime:0.000434s ]
INFO: [ app_begin ] --START--
INFO: Run Behavior\ReadHtmlCacheBehavior [ RunTime:0.000584s ]
INFO: [ app_begin ] --END-- [ RunTime:0.000656s ]
SQL: SHOW COLUMNS FROM `ego_bus` [ RunTime:0.0024s ]
SQL: SELECT * FROM `ego_bus`  [ RunTime:0.0003s ]

[ 2016-10-04T23:23:59+08:00 ] ::1 /coding/API/eGoServer/index.php/api/bus.html
INFO: [ app_init ] --START--
INFO: Run Behavior\BuildLiteBehavior [ RunTime:0.000013s ]
INFO: [ app_init ] --END-- [ RunTime:0.000327s ]
INFO: [ app_begin ] --START--
INFO: Run Behavior\ReadHtmlCacheBehavior [ RunTime:0.000439s ]
INFO: [ app_begin ] --END-- [ RunTime:0.000496s ]
SQL: SHOW COLUMNS FROM `ego_bus` [ RunTime:0.0019s ]
SQL: SELECT * FROM `ego_bus`  [ RunTime:0.0002s ]

[ 2016-10-04T23:24:04+08:00 ] ::1 /coding/API/eGoServer/index.php/api/bus.html
INFO: [ app_init ] --START--
INFO: Run Behavior\BuildLiteBehavior [ RunTime:0.000015s ]
INFO: [ app_init ] --END-- [ RunTime:0.000341s ]
INFO: [ app_begin ] --START--
INFO: Run Behavior\ReadHtmlCacheBehavior [ RunTime:0.000583s ]
INFO: [ app_begin ] --END-- [ RunTime:0.000647s ]
SQL: SHOW COLUMNS FROM `ego_bus` [ RunTime:0.0019s ]
SQL: SELECT * FROM `ego_bus`  [ RunTime:0.0002s ]

[ 2016-10-04T23:24:09+08:00 ] ::1 /coding/API/eGoServer/index.php/api/bus.html
INFO: [ app_init ] --START--
INFO: Run Behavior\BuildLiteBehavior [ RunTime:0.000024s ]
INFO: [ app_init ] --END-- [ RunTime:0.000566s ]
INFO: [ app_begin ] --START--
INFO: Run Behavior\ReadHtmlCacheBehavior [ RunTime:0.000767s ]
INFO: [ app_begin ] --END-- [ RunTime:0.000869s ]
SQL: SHOW COLUMNS FROM `ego_bus` [ RunTime:0.0095s ]
SQL: SELECT * FROM `ego_bus`  [ RunTime:0.0005s ]

[ 2016-10-04T23:26:08+08:00 ] ::1 /coding/API/eGoServer/index.php/api/SystemImages/getBackgroundImage.html
INFO: [ app_init ] --START--
INFO: Run Behavior\BuildLiteBehavior [ RunTime:0.000017s ]
INFO: [ app_init ] --END-- [ RunTime:0.000688s ]
INFO: [ app_begin ] --START--
INFO: Run Behavior\ReadHtmlCacheBehavior [ RunTime:0.000790s ]
INFO: [ app_begin ] --END-- [ RunTime:0.000873s ]
ERR: 非法操作:getbackgroundimage

[ 2016-10-04T23:26:13+08:00 ] ::1 /coding/API/eGoServer/index.php/api/user/884cad0ff6ff5117b571dc9d02a4fe23/15659430523.html
INFO: [ app_init ] --START--
INFO: Run Behavior\BuildLiteBehavior [ RunTime:0.000016s ]
INFO: [ app_init ] --END-- [ RunTime:0.000371s ]
INFO: [ app_begin ] --START--
INFO: Run Behavior\ReadHtmlCacheBehavior [ RunTime:0.000461s ]
INFO: [ app_begin ] --END-- [ RunTime:0.000524s ]
SQL: SHOW COLUMNS FROM `ego_user` [ RunTime:0.0013s ]
SQL: SELECT * FROM `ego_user` WHERE ( token = '884cad0ff6ff5117b571dc9d02a4fe23' ) LIMIT 1   [ RunTime:0.0004s ]
SQL: SELECT `name`,`gender`,`tel`,`email`,`nickname`,`signature`,`avatar`,`school`,`college`,`major`,`stu_num` FROM `ego_user` WHERE ( tel = '15659430523' ) LIMIT 1   [ RunTime:0.0003s ]

[ 2016-10-04T23:26:13+08:00 ] ::1 /coding/API/eGoServer/index.php/api/bus.html
INFO: [ app_init ] --START--
INFO: Run Behavior\BuildLiteBehavior [ RunTime:0.000022s ]
INFO: [ app_init ] --END-- [ RunTime:0.000475s ]
INFO: [ app_begin ] --START--
INFO: Run Behavior\ReadHtmlCacheBehavior [ RunTime:0.000809s ]
INFO: [ app_begin ] --END-- [ RunTime:0.000926s ]
SQL: SHOW COLUMNS FROM `ego_bus` [ RunTime:0.0014s ]
SQL: SELECT * FROM `ego_bus`  [ RunTime:0.0003s ]

[ 2016-10-04T23:26:18+08:00 ] ::1 /coding/API/eGoServer/index.php/api/bus.html
INFO: [ app_init ] --START--
INFO: Run Behavior\BuildLiteBehavior [ RunTime:0.000027s ]
INFO: [ app_init ] --END-- [ RunTime:0.000635s ]
INFO: [ app_begin ] --START--
INFO: Run Behavior\ReadHtmlCacheBehavior [ RunTime:0.000449s ]
INFO: [ app_begin ] --END-- [ RunTime:0.000509s ]
SQL: SHOW COLUMNS FROM `ego_bus` [ RunTime:0.0041s ]
SQL: SELECT * FROM `ego_bus`  [ RunTime:0.0004s ]

[ 2016-10-04T23:26:23+08:00 ] ::1 /coding/API/eGoServer/index.php/api/bus.html
INFO: [ app_init ] --START--
INFO: Run Behavior\BuildLiteBehavior [ RunTime:0.000016s ]
INFO: [ app_init ] --END-- [ RunTime:0.000348s ]
INFO: [ app_begin ] --START--
INFO: Run Behavior\ReadHtmlCacheBehavior [ RunTime:0.000433s ]
INFO: [ app_begin ] --END-- [ RunTime:0.000490s ]
SQL: SHOW COLUMNS FROM `ego_bus` [ RunTime:0.0018s ]
SQL: SELECT * FROM `ego_bus`  [ RunTime:0.0002s ]

[ 2016-10-04T23:26:28+08:00 ] ::1 /coding/API/eGoServer/index.php/api/bus.html
INFO: [ app_init ] --START--
INFO: Run Behavior\BuildLiteBehavior [ RunTime:0.000015s ]
INFO: [ app_init ] --END-- [ RunTime:0.000341s ]
INFO: [ app_begin ] --START--
INFO: Run Behavior\ReadHtmlCacheBehavior [ RunTime:0.000820s ]
INFO: [ app_begin ] --END-- [ RunTime:0.000955s ]
SQL: SHOW COLUMNS FROM `ego_bus` [ RunTime:0.0027s ]
SQL: SELECT * FROM `ego_bus`  [ RunTime:0.0002s ]

[ 2016-10-04T23:26:33+08:00 ] ::1 /coding/API/eGoServer/index.php/api/bus.html
INFO: [ app_init ] --START--
INFO: Run Behavior\BuildLiteBehavior [ RunTime:0.000013s ]
INFO: [ app_init ] --END-- [ RunTime:0.000329s ]
INFO: [ app_begin ] --START--
INFO: Run Behavior\ReadHtmlCacheBehavior [ RunTime:0.000414s ]
INFO: [ app_begin ] --END-- [ RunTime:0.000466s ]
SQL: SHOW COLUMNS FROM `ego_bus` [ RunTime:0.0017s ]
SQL: SELECT * FROM `ego_bus`  [ RunTime:0.0002s ]

[ 2016-10-04T23:26:33+08:00 ] ::1 /coding/API/eGoServer/index.php/api/chat-center.html
INFO: [ app_init ] --START--
INFO: Run Behavior\BuildLiteBehavior [ RunTime:0.000014s ]
INFO: [ app_init ] --END-- [ RunTime:0.000332s ]
INFO: [ app_begin ] --START--
INFO: Run Behavior\ReadHtmlCacheBehavior [ RunTime:0.000448s ]
INFO: [ app_begin ] --END-- [ RunTime:0.000513s ]
SQL: SHOW COLUMNS FROM `ego_chat_center` [ RunTime:0.0012s ]
SQL: SELECT * FROM `ego_chat_center` ORDER BY time desc  [ RunTime:0.0007s ]
SQL: SHOW COLUMNS FROM `ego_user` [ RunTime:0.0015s ]
SQL: SELECT `name`,`gender`,`avatar` FROM `ego_user` WHERE ( id = 1 ) LIMIT 1   [ RunTime:0.0002s ]
SQL: SHOW COLUMNS FROM `ego_chat_liked` [ RunTime:0.0009s ]
SQL: SELECT * FROM `ego_chat_liked` WHERE ( chat_id = 1 )  [ RunTime:0.0002s ]
SQL: SHOW COLUMNS FROM `ego_chat_comment` [ RunTime:0.0012s ]
SQL: SELECT * FROM `ego_chat_comment` WHERE ( chat_id = 1 )  [ RunTime:0.0002s ]
SQL: SELECT `name`,`gender`,`avatar` FROM `ego_user` WHERE ( id = 1 ) LIMIT 1   [ RunTime:0.0001s ]
SQL: SELECT * FROM `ego_chat_liked` WHERE ( chat_id = 3 )  [ RunTime:0.0001s ]
SQL: SELECT * FROM `ego_chat_comment` WHERE ( chat_id = 3 )  [ RunTime:0.0001s ]
SQL: SELECT `name`,`gender`,`avatar` FROM `ego_user` WHERE ( id = 1 ) LIMIT 1   [ RunTime:0.0001s ]
SQL: SELECT * FROM `ego_chat_liked` WHERE ( chat_id = 2 )  [ RunTime:0.0001s ]
SQL: SELECT * FROM `ego_chat_comment` WHERE ( chat_id = 2 )  [ RunTime:0.0001s ]

[ 2016-10-04T23:28:55+08:00 ] ::1 /coding/API/eGoServer/index.php/api/chat-center.html
INFO: [ app_init ] --START--
INFO: Run Behavior\BuildLiteBehavior [ RunTime:0.000024s ]
INFO: [ app_init ] --END-- [ RunTime:0.000504s ]
INFO: [ app_begin ] --START--
INFO: Run Behavior\ReadHtmlCacheBehavior [ RunTime:0.000858s ]
INFO: [ app_begin ] --END-- [ RunTime:0.000967s ]
SQL: SHOW COLUMNS FROM `ego_chat_center` [ RunTime:0.0010s ]
SQL: SELECT * FROM `ego_chat_center` ORDER BY time desc  [ RunTime:0.0003s ]
SQL: SHOW COLUMNS FROM `ego_user` [ RunTime:0.0023s ]
SQL: SELECT `name`,`gender`,`avatar` FROM `ego_user` WHERE ( id = 1 ) LIMIT 1   [ RunTime:0.0002s ]
SQL: SHOW COLUMNS FROM `ego_chat_liked` [ RunTime:0.0009s ]
SQL: SELECT * FROM `ego_chat_liked` WHERE ( chat_id = 1 )  [ RunTime:0.0002s ]
SQL: SHOW COLUMNS FROM `ego_chat_comment` [ RunTime:0.0008s ]
SQL: SELECT * FROM `ego_chat_comment` WHERE ( chat_id = 1 )  [ RunTime:0.0002s ]
SQL: SELECT `name`,`gender`,`avatar` FROM `ego_user` WHERE ( id = 1 ) LIMIT 1   [ RunTime:0.0001s ]
SQL: SELECT * FROM `ego_chat_liked` WHERE ( chat_id = 3 )  [ RunTime:0.0001s ]
SQL: SELECT * FROM `ego_chat_comment` WHERE ( chat_id = 3 )  [ RunTime:0.0001s ]
SQL: SELECT `name`,`gender`,`avatar` FROM `ego_user` WHERE ( id = 1 ) LIMIT 1   [ RunTime:0.0001s ]
SQL: SELECT * FROM `ego_chat_liked` WHERE ( chat_id = 2 )  [ RunTime:0.0001s ]
SQL: SELECT * FROM `ego_chat_comment` WHERE ( chat_id = 2 )  [ RunTime:0.0001s ]

[ 2016-10-04T23:32:09+08:00 ] ::1 /coding/API/eGoServer/index.php/api/SystemImages/getBackgroundImage.html
INFO: [ app_init ] --START--
INFO: Run Behavior\BuildLiteBehavior [ RunTime:0.000019s ]
INFO: [ app_init ] --END-- [ RunTime:0.000624s ]
INFO: [ app_begin ] --START--
INFO: Run Behavior\ReadHtmlCacheBehavior [ RunTime:0.000687s ]
INFO: [ app_begin ] --END-- [ RunTime:0.000755s ]
ERR: 非法操作:getbackgroundimage

[ 2016-10-04T23:32:12+08:00 ] ::1 /coding/API/eGoServer/index.php/api/user/884cad0ff6ff5117b571dc9d02a4fe23/15659430523.html
INFO: [ app_init ] --START--
INFO: Run Behavior\BuildLiteBehavior [ RunTime:0.000016s ]
INFO: [ app_init ] --END-- [ RunTime:0.000350s ]
INFO: [ app_begin ] --START--
INFO: Run Behavior\ReadHtmlCacheBehavior [ RunTime:0.000530s ]
INFO: [ app_begin ] --END-- [ RunTime:0.000594s ]
SQL: SHOW COLUMNS FROM `ego_user` [ RunTime:0.0018s ]
SQL: SELECT * FROM `ego_user` WHERE ( token = '884cad0ff6ff5117b571dc9d02a4fe23' ) LIMIT 1   [ RunTime:0.0005s ]
SQL: SELECT `name`,`gender`,`tel`,`email`,`nickname`,`signature`,`avatar`,`school`,`college`,`major`,`stu_num` FROM `ego_user` WHERE ( tel = '15659430523' ) LIMIT 1   [ RunTime:0.0004s ]

[ 2016-10-04T23:32:12+08:00 ] ::1 /coding/API/eGoServer/index.php/api/bus.html
INFO: [ app_init ] --START--
INFO: Run Behavior\BuildLiteBehavior [ RunTime:0.000024s ]
INFO: [ app_init ] --END-- [ RunTime:0.000563s ]
INFO: [ app_begin ] --START--
INFO: Run Behavior\ReadHtmlCacheBehavior [ RunTime:0.000727s ]
INFO: [ app_begin ] --END-- [ RunTime:0.000834s ]
SQL: SHOW COLUMNS FROM `ego_bus` [ RunTime:0.0016s ]
SQL: SELECT * FROM `ego_bus`  [ RunTime:0.0003s ]

[ 2016-10-04T23:32:14+08:00 ] ::1 /coding/API/eGoServer/index.php/api/chat-center.html
INFO: [ app_init ] --START--
INFO: Run Behavior\BuildLiteBehavior [ RunTime:0.000025s ]
INFO: [ app_init ] --END-- [ RunTime:0.000710s ]
INFO: [ app_begin ] --START--
INFO: Run Behavior\ReadHtmlCacheBehavior [ RunTime:0.001055s ]
INFO: [ app_begin ] --END-- [ RunTime:0.001245s ]
SQL: SHOW COLUMNS FROM `ego_chat_center` [ RunTime:0.0013s ]
SQL: SELECT * FROM `ego_chat_center` ORDER BY time desc  [ RunTime:0.0003s ]
SQL: SHOW COLUMNS FROM `ego_user` [ RunTime:0.0014s ]
SQL: SELECT `name`,`gender`,`avatar` FROM `ego_user` WHERE ( id = 1 ) LIMIT 1   [ RunTime:0.0002s ]
SQL: SHOW COLUMNS FROM `ego_chat_liked` [ RunTime:0.0012s ]
SQL: SELECT * FROM `ego_chat_liked` WHERE ( chat_id = 1 )  [ RunTime:0.0003s ]
SQL: SHOW COLUMNS FROM `ego_chat_comment` [ RunTime:0.0013s ]
SQL: SELECT * FROM `ego_chat_comment` WHERE ( chat_id = 1 )  [ RunTime:0.0003s ]
SQL: SELECT `name`,`gender`,`avatar` FROM `ego_user` WHERE ( id = 1 ) LIMIT 1   [ RunTime:0.0002s ]
SQL: SELECT * FROM `ego_chat_liked` WHERE ( chat_id = 3 )  [ RunTime:0.0001s ]
SQL: SELECT * FROM `ego_chat_comment` WHERE ( chat_id = 3 )  [ RunTime:0.0002s ]
SQL: SELECT `name`,`gender`,`avatar` FROM `ego_user` WHERE ( id = 1 ) LIMIT 1   [ RunTime:0.0003s ]
SQL: SELECT * FROM `ego_chat_liked` WHERE ( chat_id = 2 )  [ RunTime:0.0003s ]
SQL: SELECT * FROM `ego_chat_comment` WHERE ( chat_id = 2 )  [ RunTime:0.0002s ]

[ 2016-10-04T23:33:58+08:00 ] ::1 /coding/API/eGoServer/index.php/api/SystemImages/getBackgroundImage.html
INFO: [ app_init ] --START--
INFO: Run Behavior\BuildLiteBehavior [ RunTime:0.000015s ]
INFO: [ app_init ] --END-- [ RunTime:0.000328s ]
INFO: [ app_begin ] --START--
INFO: Run Behavior\ReadHtmlCacheBehavior [ RunTime:0.000536s ]
INFO: [ app_begin ] --END-- [ RunTime:0.000614s ]
ERR: 非法操作:getbackgroundimage

[ 2016-10-04T23:33:58+08:00 ] ::1 /coding/API/eGoServer/index.php/api/user/884cad0ff6ff5117b571dc9d02a4fe23/15659430523.html
INFO: [ app_init ] --START--
INFO: Run Behavior\BuildLiteBehavior [ RunTime:0.000016s ]
INFO: [ app_init ] --END-- [ RunTime:0.000420s ]
INFO: [ app_begin ] --START--
INFO: Run Behavior\ReadHtmlCacheBehavior [ RunTime:0.000434s ]
INFO: [ app_begin ] --END-- [ RunTime:0.000493s ]
SQL: SHOW COLUMNS FROM `ego_user` [ RunTime:0.0012s ]
SQL: SELECT * FROM `ego_user` WHERE ( token = '884cad0ff6ff5117b571dc9d02a4fe23' ) LIMIT 1   [ RunTime:0.0003s ]
SQL: SELECT `name`,`gender`,`tel`,`email`,`nickname`,`signature`,`avatar`,`school`,`college`,`major`,`stu_num` FROM `ego_user` WHERE ( tel = '15659430523' ) LIMIT 1   [ RunTime:0.0002s ]

[ 2016-10-04T23:33:58+08:00 ] ::1 /coding/API/eGoServer/index.php/api/bus.html
INFO: [ app_init ] --START--
INFO: Run Behavior\BuildLiteBehavior [ RunTime:0.000015s ]
INFO: [ app_init ] --END-- [ RunTime:0.000358s ]
INFO: [ app_begin ] --START--
INFO: Run Behavior\ReadHtmlCacheBehavior [ RunTime:0.000514s ]
INFO: [ app_begin ] --END-- [ RunTime:0.000588s ]
SQL: SHOW COLUMNS FROM `ego_bus` [ RunTime:0.0011s ]
SQL: SELECT * FROM `ego_bus`  [ RunTime:0.0003s ]

[ 2016-10-04T23:33:59+08:00 ] ::1 /coding/API/eGoServer/index.php/api/chat-center.html
INFO: [ app_init ] --START--
INFO: Run Behavior\BuildLiteBehavior [ RunTime:0.000015s ]
INFO: [ app_init ] --END-- [ RunTime:0.000328s ]
INFO: [ app_begin ] --START--
INFO: Run Behavior\ReadHtmlCacheBehavior [ RunTime:0.000525s ]
INFO: [ app_begin ] --END-- [ RunTime:0.000673s ]
SQL: SHOW COLUMNS FROM `ego_chat_center` [ RunTime:0.0010s ]
SQL: SELECT * FROM `ego_chat_center` ORDER BY time desc  [ RunTime:0.0003s ]
SQL: SHOW COLUMNS FROM `ego_user` [ RunTime:0.0010s ]
SQL: SELECT `name`,`gender`,`avatar` FROM `ego_user` WHERE ( id = 1 ) LIMIT 1   [ RunTime:0.0002s ]
SQL: SHOW COLUMNS FROM `ego_chat_liked` [ RunTime:0.0011s ]
SQL: SELECT * FROM `ego_chat_liked` WHERE ( chat_id = 1 )  [ RunTime:0.0003s ]
SQL: SHOW COLUMNS FROM `ego_chat_comment` [ RunTime:0.0014s ]
SQL: SELECT * FROM `ego_chat_comment` WHERE ( chat_id = 1 )  [ RunTime:0.0003s ]
SQL: SELECT `name`,`gender`,`avatar` FROM `ego_user` WHERE ( id = 1 ) LIMIT 1   [ RunTime:0.0003s ]
SQL: SELECT * FROM `ego_chat_liked` WHERE ( chat_id = 3 )  [ RunTime:0.0006s ]
SQL: SELECT * FROM `ego_chat_comment` WHERE ( chat_id = 3 )  [ RunTime:0.0002s ]
SQL: SELECT `name`,`gender`,`avatar` FROM `ego_user` WHERE ( id = 1 ) LIMIT 1   [ RunTime:0.0005s ]
SQL: SELECT * FROM `ego_chat_liked` WHERE ( chat_id = 2 )  [ RunTime:0.0002s ]
SQL: SELECT * FROM `ego_chat_comment` WHERE ( chat_id = 2 )  [ RunTime:0.0006s ]

[ 2016-10-04T23:39:48+08:00 ] ::1 /coding/API/eGoServer/index.php/api/SystemImages/getBackgroundImage.html
INFO: [ app_init ] --START--
INFO: Run Behavior\BuildLiteBehavior [ RunTime:0.000016s ]
INFO: [ app_init ] --END-- [ RunTime:0.000536s ]
INFO: [ app_begin ] --START--
INFO: Run Behavior\ReadHtmlCacheBehavior [ RunTime:0.000733s ]
INFO: [ app_begin ] --END-- [ RunTime:0.000809s ]
ERR: 非法操作:getbackgroundimage

[ 2016-10-04T23:39:49+08:00 ] ::1 /coding/API/eGoServer/index.php/api/user/884cad0ff6ff5117b571dc9d02a4fe23/15659430523.html
INFO: [ app_init ] --START--
INFO: Run Behavior\BuildLiteBehavior [ RunTime:0.000015s ]
INFO: [ app_init ] --END-- [ RunTime:0.000330s ]
INFO: [ app_begin ] --START--
INFO: Run Behavior\ReadHtmlCacheBehavior [ RunTime:0.000468s ]
INFO: [ app_begin ] --END-- [ RunTime:0.000531s ]
SQL: SHOW COLUMNS FROM `ego_user` [ RunTime:0.0014s ]
SQL: SELECT * FROM `ego_user` WHERE ( token = '884cad0ff6ff5117b571dc9d02a4fe23' ) LIMIT 1   [ RunTime:0.0003s ]
SQL: SELECT `name`,`gender`,`tel`,`email`,`nickname`,`signature`,`avatar`,`school`,`college`,`major`,`stu_num` FROM `ego_user` WHERE ( tel = '15659430523' ) LIMIT 1   [ RunTime:0.0003s ]

[ 2016-10-04T23:39:49+08:00 ] ::1 /coding/API/eGoServer/index.php/api/bus.html
INFO: [ app_init ] --START--
INFO: Run Behavior\BuildLiteBehavior [ RunTime:0.000025s ]
INFO: [ app_init ] --END-- [ RunTime:0.000536s ]
INFO: [ app_begin ] --START--
INFO: Run Behavior\ReadHtmlCacheBehavior [ RunTime:0.001010s ]
INFO: [ app_begin ] --END-- [ RunTime:0.001125s ]
SQL: SHOW COLUMNS FROM `ego_bus` [ RunTime:0.0015s ]
SQL: SELECT * FROM `ego_bus`  [ RunTime:0.0004s ]

[ 2016-10-04T23:39:50+08:00 ] ::1 /coding/API/eGoServer/index.php/api/chat-center.html
INFO: [ app_init ] --START--
INFO: Run Behavior\BuildLiteBehavior [ RunTime:0.000014s ]
INFO: [ app_init ] --END-- [ RunTime:0.000326s ]
INFO: [ app_begin ] --START--
INFO: Run Behavior\ReadHtmlCacheBehavior [ RunTime:0.000624s ]
INFO: [ app_begin ] --END-- [ RunTime:0.000716s ]
SQL: SHOW COLUMNS FROM `ego_chat_center` [ RunTime:0.0013s ]
SQL: SELECT * FROM `ego_chat_center` ORDER BY time desc  [ RunTime:0.0003s ]
SQL: SHOW COLUMNS FROM `ego_user` [ RunTime:0.0024s ]
SQL: SELECT `name`,`gender`,`avatar` FROM `ego_user` WHERE ( id = 1 ) LIMIT 1   [ RunTime:0.0002s ]
SQL: SHOW COLUMNS FROM `ego_chat_liked` [ RunTime:0.0010s ]
SQL: SELECT * FROM `ego_chat_liked` WHERE ( chat_id = 1 )  [ RunTime:0.0002s ]
SQL: SHOW COLUMNS FROM `ego_chat_comment` [ RunTime:0.0015s ]
SQL: SELECT * FROM `ego_chat_comment` WHERE ( chat_id = 1 )  [ RunTime:0.0003s ]
SQL: SELECT `name`,`gender`,`avatar` FROM `ego_user` WHERE ( id = 1 ) LIMIT 1   [ RunTime:0.0003s ]
SQL: SELECT * FROM `ego_chat_liked` WHERE ( chat_id = 3 )  [ RunTime:0.0003s ]
SQL: SELECT * FROM `ego_chat_comment` WHERE ( chat_id = 3 )  [ RunTime:0.0002s ]
SQL: SELECT `name`,`gender`,`avatar` FROM `ego_user` WHERE ( id = 1 ) LIMIT 1   [ RunTime:0.0003s ]
SQL: SELECT * FROM `ego_chat_liked` WHERE ( chat_id = 2 )  [ RunTime:0.0002s ]
SQL: SELECT * FROM `ego_chat_comment` WHERE ( chat_id = 2 )  [ RunTime:0.0003s ]

[ 2016-10-04T23:40:10+08:00 ] ::1 /coding/API/eGoServer/index.php/api/chat-center/comments/2.html
INFO: [ app_init ] --START--
INFO: Run Behavior\BuildLiteBehavior [ RunTime:0.000028s ]
INFO: [ app_init ] --END-- [ RunTime:0.000719s ]
INFO: [ app_begin ] --START--
INFO: Run Behavior\ReadHtmlCacheBehavior [ RunTime:0.000513s ]
INFO: [ app_begin ] --END-- [ RunTime:0.000584s ]
SQL: SHOW COLUMNS FROM `ego_chat_comment` [ RunTime:0.0014s ]
SQL: SELECT * FROM `ego_chat_comment` WHERE ( chat_id = 2 ) ORDER BY floor desc  [ RunTime:0.0005s ]

[ 2016-10-04T23:40:12+08:00 ] ::1 /coding/API/eGoServer/index.php/api/chat-center.html
INFO: [ app_init ] --START--
INFO: Run Behavior\BuildLiteBehavior [ RunTime:0.000044s ]
INFO: [ app_init ] --END-- [ RunTime:0.000875s ]
INFO: [ app_begin ] --START--
INFO: Run Behavior\ReadHtmlCacheBehavior [ RunTime:0.000718s ]
INFO: [ app_begin ] --END-- [ RunTime:0.000811s ]
SQL: SHOW COLUMNS FROM `ego_chat_center` [ RunTime:0.0028s ]
SQL: SELECT * FROM `ego_chat_center` ORDER BY time desc  [ RunTime:0.0004s ]
SQL: SHOW COLUMNS FROM `ego_user` [ RunTime:0.0037s ]
SQL: SELECT `name`,`gender`,`avatar` FROM `ego_user` WHERE ( id = 1 ) LIMIT 1   [ RunTime:0.0003s ]
SQL: SHOW COLUMNS FROM `ego_chat_liked` [ RunTime:0.0015s ]
SQL: SELECT * FROM `ego_chat_liked` WHERE ( chat_id = 1 )  [ RunTime:0.0003s ]
SQL: SHOW COLUMNS FROM `ego_chat_comment` [ RunTime:0.0014s ]
SQL: SELECT * FROM `ego_chat_comment` WHERE ( chat_id = 1 )  [ RunTime:0.0003s ]
SQL: SELECT `name`,`gender`,`avatar` FROM `ego_user` WHERE ( id = 1 ) LIMIT 1   [ RunTime:0.0002s ]
SQL: SELECT * FROM `ego_chat_liked` WHERE ( chat_id = 3 )  [ RunTime:0.0002s ]
SQL: SELECT * FROM `ego_chat_comment` WHERE ( chat_id = 3 )  [ RunTime:0.0002s ]
SQL: SELECT `name`,`gender`,`avatar` FROM `ego_user` WHERE ( id = 1 ) LIMIT 1   [ RunTime:0.0002s ]
SQL: SELECT * FROM `ego_chat_liked` WHERE ( chat_id = 2 )  [ RunTime:0.0002s ]
SQL: SELECT * FROM `ego_chat_comment` WHERE ( chat_id = 2 )  [ RunTime:0.0003s ]

[ 2016-10-04T23:40:13+08:00 ] ::1 /coding/API/eGoServer/index.php/api/chat-center/comments/1.html
INFO: [ app_init ] --START--
INFO: Run Behavior\BuildLiteBehavior [ RunTime:0.000018s ]
INFO: [ app_init ] --END-- [ RunTime:0.000370s ]
INFO: [ app_begin ] --START--
INFO: Run Behavior\ReadHtmlCacheBehavior [ RunTime:0.000542s ]
INFO: [ app_begin ] --END-- [ RunTime:0.000617s ]
SQL: SHOW COLUMNS FROM `ego_chat_comment` [ RunTime:0.0020s ]
SQL: SELECT * FROM `ego_chat_comment` WHERE ( chat_id = 1 ) ORDER BY floor desc  [ RunTime:0.0003s ]
SQL: SHOW COLUMNS FROM `ego_user` [ RunTime:0.0012s ]
SQL: SELECT `name`,`gender`,`avatar` FROM `ego_user` WHERE ( id = 1 ) LIMIT 1   [ RunTime:0.0002s ]
SQL: SELECT `name`,`gender`,`avatar` FROM `ego_user` WHERE ( id = 1 ) LIMIT 1   [ RunTime:0.0002s ]

[ 2016-10-04T23:40:16+08:00 ] ::1 /coding/API/eGoServer/index.php/api/chat-center.html
INFO: [ app_init ] --START--
INFO: Run Behavior\BuildLiteBehavior [ RunTime:0.000021s ]
INFO: [ app_init ] --END-- [ RunTime:0.000502s ]
INFO: [ app_begin ] --START--
INFO: Run Behavior\ReadHtmlCacheBehavior [ RunTime:0.000603s ]
INFO: [ app_begin ] --END-- [ RunTime:0.000680s ]
SQL: SHOW COLUMNS FROM `ego_chat_center` [ RunTime:0.0019s ]
SQL: SELECT * FROM `ego_chat_center` ORDER BY time desc  [ RunTime:0.0003s ]
SQL: SHOW COLUMNS FROM `ego_user` [ RunTime:0.0014s ]
SQL: SELECT `name`,`gender`,`avatar` FROM `ego_user` WHERE ( id = 1 ) LIMIT 1   [ RunTime:0.0004s ]
SQL: SHOW COLUMNS FROM `ego_chat_liked` [ RunTime:0.0017s ]
SQL: SELECT * FROM `ego_chat_liked` WHERE ( chat_id = 1 )  [ RunTime:0.0002s ]
SQL: SHOW COLUMNS FROM `ego_chat_comment` [ RunTime:0.0013s ]
SQL: SELECT * FROM `ego_chat_comment` WHERE ( chat_id = 1 )  [ RunTime:0.0014s ]
SQL: SELECT `name`,`gender`,`avatar` FROM `ego_user` WHERE ( id = 1 ) LIMIT 1   [ RunTime:0.0003s ]
SQL: SELECT * FROM `ego_chat_liked` WHERE ( chat_id = 3 )  [ RunTime:0.0002s ]
SQL: SELECT * FROM `ego_chat_comment` WHERE ( chat_id = 3 )  [ RunTime:0.0001s ]
SQL: SELECT `name`,`gender`,`avatar` FROM `ego_user` WHERE ( id = 1 ) LIMIT 1   [ RunTime:0.0002s ]
SQL: SELECT * FROM `ego_chat_liked` WHERE ( chat_id = 2 )  [ RunTime:0.0001s ]
SQL: SELECT * FROM `ego_chat_comment` WHERE ( chat_id = 2 )  [ RunTime:0.0003s ]

[ 2016-10-04T23:40:17+08:00 ] ::1 /coding/API/eGoServer/index.php/api/chat-center/comments/3.html
INFO: [ app_init ] --START--
INFO: Run Behavior\BuildLiteBehavior [ RunTime:0.000030s ]
INFO: [ app_init ] --END-- [ RunTime:0.000695s ]
INFO: [ app_begin ] --START--
INFO: Run Behavior\ReadHtmlCacheBehavior [ RunTime:0.001195s ]
INFO: [ app_begin ] --END-- [ RunTime:0.001299s ]
SQL: SHOW COLUMNS FROM `ego_chat_comment` [ RunTime:0.0015s ]
SQL: SELECT * FROM `ego_chat_comment` WHERE ( chat_id = 3 ) ORDER BY floor desc  [ RunTime:0.0003s ]

[ 2016-10-04T23:40:20+08:00 ] ::1 /coding/API/eGoServer/index.php/api/chat-center.html
INFO: [ app_init ] --START--
INFO: Run Behavior\BuildLiteBehavior [ RunTime:0.000032s ]
INFO: [ app_init ] --END-- [ RunTime:0.000619s ]
INFO: [ app_begin ] --START--
INFO: Run Behavior\ReadHtmlCacheBehavior [ RunTime:0.000685s ]
INFO: [ app_begin ] --END-- [ RunTime:0.000811s ]
SQL: SHOW COLUMNS FROM `ego_chat_center` [ RunTime:0.0031s ]
SQL: SELECT * FROM `ego_chat_center` ORDER BY time desc  [ RunTime:0.0004s ]
SQL: SHOW COLUMNS FROM `ego_user` [ RunTime:0.0016s ]
SQL: SELECT `name`,`gender`,`avatar` FROM `ego_user` WHERE ( id = 1 ) LIMIT 1   [ RunTime:0.0005s ]
SQL: SHOW COLUMNS FROM `ego_chat_liked` [ RunTime:0.0013s ]
SQL: SELECT * FROM `ego_chat_liked` WHERE ( chat_id = 1 )  [ RunTime:0.0002s ]
SQL: SHOW COLUMNS FROM `ego_chat_comment` [ RunTime:0.0014s ]
SQL: SELECT * FROM `ego_chat_comment` WHERE ( chat_id = 1 )  [ RunTime:0.0004s ]
SQL: SELECT `name`,`gender`,`avatar` FROM `ego_user` WHERE ( id = 1 ) LIMIT 1   [ RunTime:0.0002s ]
SQL: SELECT * FROM `ego_chat_liked` WHERE ( chat_id = 3 )  [ RunTime:0.0002s ]
SQL: SELECT * FROM `ego_chat_comment` WHERE ( chat_id = 3 )  [ RunTime:0.0002s ]
SQL: SELECT `name`,`gender`,`avatar` FROM `ego_user` WHERE ( id = 1 ) LIMIT 1   [ RunTime:0.0002s ]
SQL: SELECT * FROM `ego_chat_liked` WHERE ( chat_id = 2 )  [ RunTime:0.0002s ]
SQL: SELECT * FROM `ego_chat_comment` WHERE ( chat_id = 2 )  [ RunTime:0.0001s ]

[ 2016-10-04T23:40:27+08:00 ] ::1 /coding/API/eGoServer/index.php/api/chat-center/comments/1.html
INFO: [ app_init ] --START--
INFO: Run Behavior\BuildLiteBehavior [ RunTime:0.000026s ]
INFO: [ app_init ] --END-- [ RunTime:0.000584s ]
INFO: [ app_begin ] --START--
INFO: Run Behavior\ReadHtmlCacheBehavior [ RunTime:0.000863s ]
INFO: [ app_begin ] --END-- [ RunTime:0.000967s ]
SQL: SHOW COLUMNS FROM `ego_chat_comment` [ RunTime:0.0019s ]
SQL: SELECT * FROM `ego_chat_comment` WHERE ( chat_id = 1 ) ORDER BY floor desc  [ RunTime:0.0004s ]
SQL: SHOW COLUMNS FROM `ego_user` [ RunTime:0.0018s ]
SQL: SELECT `name`,`gender`,`avatar` FROM `ego_user` WHERE ( id = 1 ) LIMIT 1   [ RunTime:0.0010s ]
SQL: SELECT `name`,`gender`,`avatar` FROM `ego_user` WHERE ( id = 1 ) LIMIT 1   [ RunTime:0.0004s ]

[ 2016-10-04T23:40:46+08:00 ] ::1 /coding/API/eGoServer/index.php/api/chat-center.html
INFO: [ app_init ] --START--
INFO: Run Behavior\BuildLiteBehavior [ RunTime:0.000031s ]
INFO: [ app_init ] --END-- [ RunTime:0.000854s ]
INFO: [ app_begin ] --START--
INFO: Run Behavior\ReadHtmlCacheBehavior [ RunTime:0.001156s ]
INFO: [ app_begin ] --END-- [ RunTime:0.001275s ]
SQL: SHOW COLUMNS FROM `ego_chat_center` [ RunTime:0.0015s ]
SQL: SELECT * FROM `ego_chat_center` ORDER BY time desc  [ RunTime:0.0004s ]
SQL: SHOW COLUMNS FROM `ego_user` [ RunTime:0.0013s ]
SQL: SELECT `name`,`gender`,`avatar` FROM `ego_user` WHERE ( id = 1 ) LIMIT 1   [ RunTime:0.0002s ]
SQL: SHOW COLUMNS FROM `ego_chat_liked` [ RunTime:0.0010s ]
SQL: SELECT * FROM `ego_chat_liked` WHERE ( chat_id = 1 )  [ RunTime:0.0003s ]
SQL: SHOW COLUMNS FROM `ego_chat_comment` [ RunTime:0.0013s ]
SQL: SELECT * FROM `ego_chat_comment` WHERE ( chat_id = 1 )  [ RunTime:0.0004s ]
SQL: SELECT `name`,`gender`,`avatar` FROM `ego_user` WHERE ( id = 1 ) LIMIT 1   [ RunTime:0.0006s ]
SQL: SELECT * FROM `ego_chat_liked` WHERE ( chat_id = 3 )  [ RunTime:0.0002s ]
SQL: SELECT * FROM `ego_chat_comment` WHERE ( chat_id = 3 )  [ RunTime:0.0002s ]
SQL: SELECT `name`,`gender`,`avatar` FROM `ego_user` WHERE ( id = 1 ) LIMIT 1   [ RunTime:0.0001s ]
SQL: SELECT * FROM `ego_chat_liked` WHERE ( chat_id = 2 )  [ RunTime:0.0002s ]
SQL: SELECT * FROM `ego_chat_comment` WHERE ( chat_id = 2 )  [ RunTime:0.0004s ]

[ 2016-10-04T23:40:49+08:00 ] ::1 /coding/API/eGoServer/index.php/api/chat-center/comments/3.html
INFO: [ app_init ] --START--
INFO: Run Behavior\BuildLiteBehavior [ RunTime:0.000016s ]
INFO: [ app_init ] --END-- [ RunTime:0.000373s ]
INFO: [ app_begin ] --START--
INFO: Run Behavior\ReadHtmlCacheBehavior [ RunTime:0.000485s ]
INFO: [ app_begin ] --END-- [ RunTime:0.000556s ]
SQL: SHOW COLUMNS FROM `ego_chat_comment` [ RunTime:0.0011s ]
SQL: SELECT * FROM `ego_chat_comment` WHERE ( chat_id = 3 ) ORDER BY floor desc  [ RunTime:0.0002s ]

[ 2016-10-04T23:40:50+08:00 ] ::1 /coding/API/eGoServer/index.php/api/chat-center.html
INFO: [ app_init ] --START--
INFO: Run Behavior\BuildLiteBehavior [ RunTime:0.000014s ]
INFO: [ app_init ] --END-- [ RunTime:0.000325s ]
INFO: [ app_begin ] --START--
INFO: Run Behavior\ReadHtmlCacheBehavior [ RunTime:0.000475s ]
INFO: [ app_begin ] --END-- [ RunTime:0.000541s ]
SQL: SHOW COLUMNS FROM `ego_chat_center` [ RunTime:0.0021s ]
SQL: SELECT * FROM `ego_chat_center` ORDER BY time desc  [ RunTime:0.0005s ]
SQL: SHOW COLUMNS FROM `ego_user` [ RunTime:0.0013s ]
SQL: SELECT `name`,`gender`,`avatar` FROM `ego_user` WHERE ( id = 1 ) LIMIT 1   [ RunTime:0.0004s ]
SQL: SHOW COLUMNS FROM `ego_chat_liked` [ RunTime:0.0017s ]
SQL: SELECT * FROM `ego_chat_liked` WHERE ( chat_id = 1 )  [ RunTime:0.0002s ]
SQL: SHOW COLUMNS FROM `ego_chat_comment` [ RunTime:0.0013s ]
SQL: SELECT * FROM `ego_chat_comment` WHERE ( chat_id = 1 )  [ RunTime:0.0003s ]
SQL: SELECT `name`,`gender`,`avatar` FROM `ego_user` WHERE ( id = 1 ) LIMIT 1   [ RunTime:0.0003s ]
SQL: SELECT * FROM `ego_chat_liked` WHERE ( chat_id = 3 )  [ RunTime:0.0003s ]
SQL: SELECT * FROM `ego_chat_comment` WHERE ( chat_id = 3 )  [ RunTime:0.0002s ]
SQL: SELECT `name`,`gender`,`avatar` FROM `ego_user` WHERE ( id = 1 ) LIMIT 1   [ RunTime:0.0002s ]
SQL: SELECT * FROM `ego_chat_liked` WHERE ( chat_id = 2 )  [ RunTime:0.0002s ]
SQL: SELECT * FROM `ego_chat_comment` WHERE ( chat_id = 2 )  [ RunTime:0.0002s ]

