[ 2016-10-07T11:49:47+08:00 ] ::1 /coding/API/eGoServer/index.php/api/SystemImages/getBackgroundImage.html
INFO: [ app_init ] --START--
INFO: Run Behavior\BuildLiteBehavior [ RunTime:0.000025s ]
INFO: [ app_init ] --END-- [ RunTime:0.001146s ]
INFO: [ app_begin ] --START--
INFO: Run Behavior\ReadHtmlCacheBehavior [ RunTime:0.000822s ]
INFO: [ app_begin ] --END-- [ RunTime:0.000921s ]
ERR: 非法操作:getbackgroundimage

[ 2016-10-07T11:49:51+08:00 ] ::1 /coding/API/eGoServer/index.php/api/user/884cad0ff6ff5117b571dc9d02a4fe23/15659430523.html
INFO: [ app_init ] --START--
INFO: Run Behavior\BuildLiteBehavior [ RunTime:0.000027s ]
INFO: [ app_init ] --END-- [ RunTime:0.000562s ]
INFO: [ app_begin ] --START--
INFO: Run Behavior\ReadHtmlCacheBehavior [ RunTime:0.000738s ]
INFO: [ app_begin ] --END-- [ RunTime:0.000837s ]
SQL: SHOW COLUMNS FROM `ego_user` [ RunTime:0.0012s ]
SQL: SELECT * FROM `ego_user` WHERE ( token = '884cad0ff6ff5117b571dc9d02a4fe23' ) LIMIT 1   [ RunTime:0.0003s ]
SQL: SELECT `name`,`gender`,`tel`,`email`,`nickname`,`signature`,`avatar`,`school`,`college`,`major`,`stu_num` FROM `ego_user` WHERE ( tel = '15659430523' ) LIMIT 1   [ RunTime:0.0002s ]

[ 2016-10-07T11:49:51+08:00 ] ::1 /coding/API/eGoServer/index.php/api/bus.html
INFO: [ app_init ] --START--
INFO: Run Behavior\BuildLiteBehavior [ RunTime:0.000019s ]
INFO: [ app_init ] --END-- [ RunTime:0.000485s ]
INFO: [ app_begin ] --START--
INFO: Run Behavior\ReadHtmlCacheBehavior [ RunTime:0.000670s ]
INFO: [ app_begin ] --END-- [ RunTime:0.000763s ]
SQL: SHOW COLUMNS FROM `ego_bus` [ RunTime:0.0013s ]
SQL: SELECT * FROM `ego_bus`  [ RunTime:0.0003s ]

[ 2016-10-07T11:49:56+08:00 ] ::1 /coding/API/eGoServer/index.php/api/bus.html
INFO: [ app_init ] --START--
INFO: Run Behavior\BuildLiteBehavior [ RunTime:0.000018s ]
INFO: [ app_init ] --END-- [ RunTime:0.000396s ]
INFO: [ app_begin ] --START--
INFO: Run Behavior\ReadHtmlCacheBehavior [ RunTime:0.000777s ]
INFO: [ app_begin ] --END-- [ RunTime:0.000882s ]
SQL: SHOW COLUMNS FROM `ego_bus` [ RunTime:0.0025s ]
SQL: SELECT * FROM `ego_bus`  [ RunTime:0.0005s ]

[ 2016-10-07T11:50:01+08:00 ] ::1 /coding/API/eGoServer/index.php/api/bus.html
INFO: [ app_init ] --START--
INFO: Run Behavior\BuildLiteBehavior [ RunTime:0.000016s ]
INFO: [ app_init ] --END-- [ RunTime:0.000362s ]
INFO: [ app_begin ] --START--
INFO: Run Behavior\ReadHtmlCacheBehavior [ RunTime:0.000448s ]
INFO: [ app_begin ] --END-- [ RunTime:0.000502s ]
SQL: SHOW COLUMNS FROM `ego_bus` [ RunTime:0.0019s ]
SQL: SELECT * FROM `ego_bus`  [ RunTime:0.0002s ]

[ 2016-10-07T11:50:06+08:00 ] ::1 /coding/API/eGoServer/index.php/api/bus.html
INFO: [ app_init ] --START--
INFO: Run Behavior\BuildLiteBehavior [ RunTime:0.000018s ]
INFO: [ app_init ] --END-- [ RunTime:0.000373s ]
INFO: [ app_begin ] --START--
INFO: Run Behavior\ReadHtmlCacheBehavior [ RunTime:0.000470s ]
INFO: [ app_begin ] --END-- [ RunTime:0.000532s ]
SQL: SHOW COLUMNS FROM `ego_bus` [ RunTime:0.0021s ]
SQL: SELECT * FROM `ego_bus`  [ RunTime:0.0003s ]

[ 2016-10-07T11:50:11+08:00 ] ::1 /coding/API/eGoServer/index.php/api/bus.html
INFO: [ app_init ] --START--
INFO: Run Behavior\BuildLiteBehavior [ RunTime:0.000014s ]
INFO: [ app_init ] --END-- [ RunTime:0.000402s ]
INFO: [ app_begin ] --START--
INFO: Run Behavior\ReadHtmlCacheBehavior [ RunTime:0.000505s ]
INFO: [ app_begin ] --END-- [ RunTime:0.000572s ]
SQL: SHOW COLUMNS FROM `ego_bus` [ RunTime:0.0021s ]
SQL: SELECT * FROM `ego_bus`  [ RunTime:0.0003s ]

[ 2016-10-07T16:41:52+08:00 ] ::1 /coding/API/eGoServer/index.php/api/SystemImages/getBackgroundImage.html
INFO: [ app_init ] --START--
INFO: Run Behavior\BuildLiteBehavior [ RunTime:0.000028s ]
INFO: [ app_init ] --END-- [ RunTime:0.001274s ]
INFO: [ app_begin ] --START--
INFO: Run Behavior\ReadHtmlCacheBehavior [ RunTime:0.000997s ]
INFO: [ app_begin ] --END-- [ RunTime:0.001102s ]
ERR: 非法操作:getbackgroundimage

[ 2016-10-07T16:41:56+08:00 ] ::1 /coding/API/eGoServer/index.php/api/user/884cad0ff6ff5117b571dc9d02a4fe23/15659430523.html
INFO: [ app_init ] --START--
INFO: Run Behavior\BuildLiteBehavior [ RunTime:0.000015s ]
INFO: [ app_init ] --END-- [ RunTime:0.000344s ]
INFO: [ app_begin ] --START--
INFO: Run Behavior\ReadHtmlCacheBehavior [ RunTime:0.000452s ]
INFO: [ app_begin ] --END-- [ RunTime:0.000514s ]
SQL: SHOW COLUMNS FROM `ego_user` [ RunTime:0.0011s ]
SQL: SELECT * FROM `ego_user` WHERE ( token = '884cad0ff6ff5117b571dc9d02a4fe23' ) LIMIT 1   [ RunTime:0.0003s ]
SQL: SELECT `name`,`gender`,`tel`,`email`,`nickname`,`signature`,`avatar`,`school`,`college`,`major`,`stu_num` FROM `ego_user` WHERE ( tel = '15659430523' ) LIMIT 1   [ RunTime:0.0002s ]

[ 2016-10-07T16:41:57+08:00 ] ::1 /coding/API/eGoServer/index.php/api/bus.html
INFO: [ app_init ] --START--
INFO: Run Behavior\BuildLiteBehavior [ RunTime:0.000016s ]
INFO: [ app_init ] --END-- [ RunTime:0.000370s ]
INFO: [ app_begin ] --START--
INFO: Run Behavior\ReadHtmlCacheBehavior [ RunTime:0.000474s ]
INFO: [ app_begin ] --END-- [ RunTime:0.000537s ]
SQL: SHOW COLUMNS FROM `ego_bus` [ RunTime:0.0011s ]
SQL: SELECT * FROM `ego_bus`  [ RunTime:0.0002s ]

[ 2016-10-07T16:42:02+08:00 ] ::1 /coding/API/eGoServer/index.php/api/bus.html
INFO: [ app_init ] --START--
INFO: Run Behavior\BuildLiteBehavior [ RunTime:0.000018s ]
INFO: [ app_init ] --END-- [ RunTime:0.000497s ]
INFO: [ app_begin ] --START--
INFO: Run Behavior\ReadHtmlCacheBehavior [ RunTime:0.000471s ]
INFO: [ app_begin ] --END-- [ RunTime:0.000529s ]
SQL: SHOW COLUMNS FROM `ego_bus` [ RunTime:0.0020s ]
SQL: SELECT * FROM `ego_bus`  [ RunTime:0.0002s ]

[ 2016-10-07T16:42:07+08:00 ] ::1 /coding/API/eGoServer/index.php/api/chat-center.html
INFO: [ app_init ] --START--
INFO: Run Behavior\BuildLiteBehavior [ RunTime:0.000018s ]
INFO: [ app_init ] --END-- [ RunTime:0.000421s ]
INFO: [ app_begin ] --START--
INFO: Run Behavior\ReadHtmlCacheBehavior [ RunTime:0.000817s ]
INFO: [ app_begin ] --END-- [ RunTime:0.000956s ]
SQL: SHOW COLUMNS FROM `ego_chat_center` [ RunTime:0.0010s ]
SQL: SELECT * FROM `ego_chat_center` ORDER BY time desc  [ RunTime:0.0002s ]
SQL: SHOW COLUMNS FROM `ego_user` [ RunTime:0.0012s ]
SQL: SELECT `name`,`gender`,`avatar` FROM `ego_user` WHERE ( id = 1 ) LIMIT 1   [ RunTime:0.0002s ]
SQL: SHOW COLUMNS FROM `ego_chat_liked` [ RunTime:0.0011s ]
SQL: SELECT * FROM `ego_chat_liked` WHERE ( chat_id = 1 )  [ RunTime:0.0002s ]
SQL: SHOW COLUMNS FROM `ego_chat_comment` [ RunTime:0.0010s ]
SQL: SELECT * FROM `ego_chat_comment` WHERE ( chat_id = 1 )  [ RunTime:0.0002s ]
SQL: SELECT `name`,`gender`,`avatar` FROM `ego_user` WHERE ( id = 1 ) LIMIT 1   [ RunTime:0.0001s ]
SQL: SELECT * FROM `ego_chat_liked` WHERE ( chat_id = 3 )  [ RunTime:0.0001s ]
SQL: SELECT * FROM `ego_chat_comment` WHERE ( chat_id = 3 )  [ RunTime:0.0001s ]
SQL: SELECT `name`,`gender`,`avatar` FROM `ego_user` WHERE ( id = 1 ) LIMIT 1   [ RunTime:0.0001s ]
SQL: SELECT * FROM `ego_chat_liked` WHERE ( chat_id = 2 )  [ RunTime:0.0001s ]
SQL: SELECT * FROM `ego_chat_comment` WHERE ( chat_id = 2 )  [ RunTime:0.0001s ]

[ 2016-10-07T16:42:12+08:00 ] ::1 /coding/API/eGoServer/index.php/api/chat-center/comments/1.html
INFO: [ app_init ] --START--
INFO: Run Behavior\BuildLiteBehavior [ RunTime:0.000017s ]
INFO: [ app_init ] --END-- [ RunTime:0.000355s ]
INFO: [ app_begin ] --START--
INFO: Run Behavior\ReadHtmlCacheBehavior [ RunTime:0.000488s ]
INFO: [ app_begin ] --END-- [ RunTime:0.000558s ]
SQL: SHOW COLUMNS FROM `ego_chat_comment` [ RunTime:0.0012s ]
SQL: SELECT * FROM `ego_chat_comment` WHERE ( chat_id = 1 ) ORDER BY floor desc  [ RunTime:0.0003s ]
SQL: SHOW COLUMNS FROM `ego_user` [ RunTime:0.0012s ]
SQL: SELECT `name`,`gender`,`avatar` FROM `ego_user` WHERE ( id = 1 ) LIMIT 1   [ RunTime:0.0002s ]
SQL: SELECT `name`,`gender`,`avatar` FROM `ego_user` WHERE ( id = 1 ) LIMIT 1   [ RunTime:0.0002s ]

[ 2016-10-07T16:58:04+08:00 ] 127.0.0.1 /coding/API/eGoServer/index.php/api/chat-center/like.html
INFO: [ app_init ] --START--
INFO: Run Behavior\BuildLiteBehavior [ RunTime:0.000017s ]
INFO: [ app_init ] --END-- [ RunTime:0.000636s ]
INFO: [ app_begin ] --START--
INFO: Run Behavior\ReadHtmlCacheBehavior [ RunTime:0.000843s ]
INFO: [ app_begin ] --END-- [ RunTime:0.000912s ]
SQL: SHOW COLUMNS FROM `ego_user` [ RunTime:0.0011s ]
SQL: SELECT * FROM `ego_user` WHERE ( token = '884cad0ff6ff5117b571dc9d02a4fe23' ) LIMIT 1   [ RunTime:0.0002s ]
SQL: SHOW COLUMNS FROM `ego_chat_liked` [ RunTime:0.0008s ]
SQL: INSERT INTO `ego_chat_liked` (`chat_id`,`user_id`) VALUES ('3','221300312') [ RunTime:0.0028s ]

[ 2016-10-07T16:58:17+08:00 ] ::1 /coding/API/eGoServer/index.php/api/chat-center/comments/1.html
INFO: [ app_init ] --START--
INFO: Run Behavior\BuildLiteBehavior [ RunTime:0.000035s ]
INFO: [ app_init ] --END-- [ RunTime:0.000777s ]
INFO: [ app_begin ] --START--
INFO: Run Behavior\ReadHtmlCacheBehavior [ RunTime:0.000615s ]
INFO: [ app_begin ] --END-- [ RunTime:0.000699s ]
SQL: SHOW COLUMNS FROM `ego_chat_comment` [ RunTime:0.0012s ]
SQL: SELECT * FROM `ego_chat_comment` WHERE ( chat_id = 1 ) ORDER BY floor desc  [ RunTime:0.0003s ]
SQL: SHOW COLUMNS FROM `ego_user` [ RunTime:0.0011s ]
SQL: SELECT `name`,`gender`,`avatar` FROM `ego_user` WHERE ( id = 1 ) LIMIT 1   [ RunTime:0.0002s ]
SQL: SELECT `name`,`gender`,`avatar` FROM `ego_user` WHERE ( id = 1 ) LIMIT 1   [ RunTime:0.0002s ]

[ 2016-10-07T16:58:19+08:00 ] ::1 /coding/API/eGoServer/index.php/api/chat-center.html
INFO: [ app_init ] --START--
INFO: Run Behavior\BuildLiteBehavior [ RunTime:0.000017s ]
INFO: [ app_init ] --END-- [ RunTime:0.000348s ]
INFO: [ app_begin ] --START--
INFO: Run Behavior\ReadHtmlCacheBehavior [ RunTime:0.000428s ]
INFO: [ app_begin ] --END-- [ RunTime:0.000483s ]
SQL: SHOW COLUMNS FROM `ego_chat_center` [ RunTime:0.0026s ]
SQL: SELECT * FROM `ego_chat_center` ORDER BY time desc  [ RunTime:0.0005s ]
SQL: SHOW COLUMNS FROM `ego_user` [ RunTime:0.0022s ]
SQL: SELECT `name`,`gender`,`avatar` FROM `ego_user` WHERE ( id = 1 ) LIMIT 1   [ RunTime:0.0003s ]
SQL: SHOW COLUMNS FROM `ego_chat_liked` [ RunTime:0.0010s ]
SQL: SELECT * FROM `ego_chat_liked` WHERE ( chat_id = 1 )  [ RunTime:0.0003s ]
SQL: SHOW COLUMNS FROM `ego_chat_comment` [ RunTime:0.0018s ]
SQL: SELECT * FROM `ego_chat_comment` WHERE ( chat_id = 1 )  [ RunTime:0.0002s ]
SQL: SELECT `name`,`gender`,`avatar` FROM `ego_user` WHERE ( id = 1 ) LIMIT 1   [ RunTime:0.0002s ]
SQL: SELECT * FROM `ego_chat_liked` WHERE ( chat_id = 3 )  [ RunTime:0.0002s ]
SQL: SELECT * FROM `ego_chat_comment` WHERE ( chat_id = 3 )  [ RunTime:0.0002s ]
SQL: SELECT `name`,`gender`,`avatar` FROM `ego_user` WHERE ( id = 1 ) LIMIT 1   [ RunTime:0.0001s ]
SQL: SELECT * FROM `ego_chat_liked` WHERE ( chat_id = 2 )  [ RunTime:0.0001s ]
SQL: SELECT * FROM `ego_chat_comment` WHERE ( chat_id = 2 )  [ RunTime:0.0002s ]

[ 2016-10-07T17:00:53+08:00 ] 127.0.0.1 /coding/API/eGoServer/index.php/api/chat-center/like.html
INFO: [ app_init ] --START--
INFO: Run Behavior\BuildLiteBehavior [ RunTime:0.000014s ]
INFO: [ app_init ] --END-- [ RunTime:0.000324s ]
INFO: [ app_begin ] --START--
INFO: Run Behavior\ReadHtmlCacheBehavior [ RunTime:0.000424s ]
INFO: [ app_begin ] --END-- [ RunTime:0.000479s ]
SQL: SHOW COLUMNS FROM `ego_user` [ RunTime:0.0020s ]
SQL: SELECT * FROM `ego_user` WHERE ( token = '884cad0ff6ff5117b571dc9d02a4fe23' ) LIMIT 1   [ RunTime:0.0002s ]
ERR: 1054:Unknown column '884cad0ff6ff5117b571dc9d02a4fe23' in 'where clause'
 [ SQL语句 ] : SELECT * FROM `ego_user` WHERE ( token = 884cad0ff6ff5117b571dc9d02a4fe23 ) LIMIT 1  
ERR: 1054:Unknown column '884cad0ff6ff5117b571dc9d02a4fe23' in 'where clause'
 [ SQL语句 ] : SELECT * FROM `ego_user` WHERE ( token = 884cad0ff6ff5117b571dc9d02a4fe23 ) LIMIT 1  

[ 2016-10-07T17:01:08+08:00 ] 127.0.0.1 /coding/API/eGoServer/index.php/api/chat-center/like.html
INFO: [ app_init ] --START--
INFO: Run Behavior\BuildLiteBehavior [ RunTime:0.000016s ]
INFO: [ app_init ] --END-- [ RunTime:0.000583s ]
INFO: [ app_begin ] --START--
INFO: Run Behavior\ReadHtmlCacheBehavior [ RunTime:0.000735s ]
INFO: [ app_begin ] --END-- [ RunTime:0.000812s ]
SQL: SHOW COLUMNS FROM `ego_user` [ RunTime:0.0011s ]
SQL: SELECT * FROM `ego_user` WHERE ( token = '884cad0ff6ff5117b571dc9d02a4fe23' ) LIMIT 1   [ RunTime:0.0002s ]
SQL: SELECT * FROM `ego_user` WHERE ( token = '884cad0ff6ff5117b571dc9d02a4fe23' ) LIMIT 1   [ RunTime:0.0001s ]
SQL: SHOW COLUMNS FROM `ego_chat_liked` [ RunTime:0.0010s ]
SQL: INSERT INTO `ego_chat_liked` (`chat_id`,`user_id`) VALUES ('2','221300313') [ RunTime:0.0005s ]

[ 2016-10-07T17:01:18+08:00 ] ::1 /coding/API/eGoServer/index.php/api/chat-center.html
INFO: [ app_init ] --START--
INFO: Run Behavior\BuildLiteBehavior [ RunTime:0.000014s ]
INFO: [ app_init ] --END-- [ RunTime:0.000319s ]
INFO: [ app_begin ] --START--
INFO: Run Behavior\ReadHtmlCacheBehavior [ RunTime:0.000454s ]
INFO: [ app_begin ] --END-- [ RunTime:0.000526s ]
SQL: SHOW COLUMNS FROM `ego_chat_center` [ RunTime:0.0009s ]
SQL: SELECT * FROM `ego_chat_center` ORDER BY time desc  [ RunTime:0.0002s ]
SQL: SHOW COLUMNS FROM `ego_user` [ RunTime:0.0009s ]
SQL: SELECT `name`,`gender`,`avatar` FROM `ego_user` WHERE ( id = 1 ) LIMIT 1   [ RunTime:0.0002s ]
SQL: SHOW COLUMNS FROM `ego_chat_liked` [ RunTime:0.0008s ]
SQL: SELECT * FROM `ego_chat_liked` WHERE ( chat_id = 1 )  [ RunTime:0.0002s ]
SQL: SHOW COLUMNS FROM `ego_chat_comment` [ RunTime:0.0009s ]
SQL: SELECT * FROM `ego_chat_comment` WHERE ( chat_id = 1 )  [ RunTime:0.0002s ]
SQL: SELECT `name`,`gender`,`avatar` FROM `ego_user` WHERE ( id = 1 ) LIMIT 1   [ RunTime:0.0001s ]
SQL: SELECT * FROM `ego_chat_liked` WHERE ( chat_id = 3 )  [ RunTime:0.0001s ]
SQL: SELECT * FROM `ego_chat_comment` WHERE ( chat_id = 3 )  [ RunTime:0.0001s ]
SQL: SELECT `name`,`gender`,`avatar` FROM `ego_user` WHERE ( id = 1 ) LIMIT 1   [ RunTime:0.0001s ]
SQL: SELECT * FROM `ego_chat_liked` WHERE ( chat_id = 2 )  [ RunTime:0.0001s ]
SQL: SELECT * FROM `ego_chat_comment` WHERE ( chat_id = 2 )  [ RunTime:0.0001s ]

[ 2016-10-07T17:01:51+08:00 ] 127.0.0.1 /coding/API/eGoServer/index.php/api/chat-center/unlike.html
INFO: [ app_init ] --START--
INFO: Run Behavior\BuildLiteBehavior [ RunTime:0.000013s ]
INFO: [ app_init ] --END-- [ RunTime:0.000309s ]
INFO: [ app_begin ] --START--
INFO: Run Behavior\ReadHtmlCacheBehavior [ RunTime:0.000817s ]
INFO: [ app_begin ] --END-- [ RunTime:0.000925s ]
SQL: SHOW COLUMNS FROM `ego_user` [ RunTime:0.0020s ]
SQL: SELECT * FROM `ego_user` WHERE ( token = '884cad0ff6ff5117b571dc9d02a4fe23' ) LIMIT 1   [ RunTime:0.0002s ]
SQL: SELECT * FROM `ego_user` WHERE ( token = '884cad0ff6ff5117b571dc9d02a4fe23' ) LIMIT 1   [ RunTime:0.0001s ]
SQL: SHOW COLUMNS FROM `ego_chat_liked` [ RunTime:0.0010s ]
SQL: DELETE FROM `ego_chat_liked` WHERE ( chat_id = 2 and user_id = 221300313 ) [ RunTime:0.0022s ]

[ 2016-10-07T17:02:06+08:00 ] ::1 /coding/API/eGoServer/index.php/api/chat-center.html
INFO: [ app_init ] --START--
INFO: Run Behavior\BuildLiteBehavior [ RunTime:0.000016s ]
INFO: [ app_init ] --END-- [ RunTime:0.000331s ]
INFO: [ app_begin ] --START--
INFO: Run Behavior\ReadHtmlCacheBehavior [ RunTime:0.000572s ]
INFO: [ app_begin ] --END-- [ RunTime:0.000664s ]
SQL: SHOW COLUMNS FROM `ego_chat_center` [ RunTime:0.0009s ]
SQL: SELECT * FROM `ego_chat_center` ORDER BY time desc  [ RunTime:0.0002s ]
SQL: SHOW COLUMNS FROM `ego_user` [ RunTime:0.0010s ]
SQL: SELECT `name`,`gender`,`avatar` FROM `ego_user` WHERE ( id = 1 ) LIMIT 1   [ RunTime:0.0002s ]
SQL: SHOW COLUMNS FROM `ego_chat_liked` [ RunTime:0.0009s ]
SQL: SELECT * FROM `ego_chat_liked` WHERE ( chat_id = 1 )  [ RunTime:0.0002s ]
SQL: SHOW COLUMNS FROM `ego_chat_comment` [ RunTime:0.0015s ]
SQL: SELECT * FROM `ego_chat_comment` WHERE ( chat_id = 1 )  [ RunTime:0.0004s ]
SQL: SELECT `name`,`gender`,`avatar` FROM `ego_user` WHERE ( id = 1 ) LIMIT 1   [ RunTime:0.0002s ]
SQL: SELECT * FROM `ego_chat_liked` WHERE ( chat_id = 3 )  [ RunTime:0.0001s ]
SQL: SELECT * FROM `ego_chat_comment` WHERE ( chat_id = 3 )  [ RunTime:0.0001s ]
SQL: SELECT `name`,`gender`,`avatar` FROM `ego_user` WHERE ( id = 1 ) LIMIT 1   [ RunTime:0.0001s ]
SQL: SELECT * FROM `ego_chat_liked` WHERE ( chat_id = 2 )  [ RunTime:0.0001s ]
SQL: SELECT * FROM `ego_chat_comment` WHERE ( chat_id = 2 )  [ RunTime:0.0001s ]

[ 2016-10-07T17:05:50+08:00 ] ::1 /coding/API/eGoServer/index.php/api/SystemImages/getBackgroundImage.html
INFO: [ app_init ] --START--
INFO: Run Behavior\BuildLiteBehavior [ RunTime:0.000018s ]
INFO: [ app_init ] --END-- [ RunTime:0.000550s ]
INFO: [ app_begin ] --START--
INFO: Run Behavior\ReadHtmlCacheBehavior [ RunTime:0.000794s ]
INFO: [ app_begin ] --END-- [ RunTime:0.000874s ]
ERR: 非法操作:getbackgroundimage

[ 2016-10-07T17:05:52+08:00 ] ::1 /coding/API/eGoServer/index.php/api/user/884cad0ff6ff5117b571dc9d02a4fe23/15659430523.html
INFO: [ app_init ] --START--
INFO: Run Behavior\BuildLiteBehavior [ RunTime:0.000014s ]
INFO: [ app_init ] --END-- [ RunTime:0.000323s ]
INFO: [ app_begin ] --START--
INFO: Run Behavior\ReadHtmlCacheBehavior [ RunTime:0.000473s ]
INFO: [ app_begin ] --END-- [ RunTime:0.000568s ]
SQL: SHOW COLUMNS FROM `ego_user` [ RunTime:0.0012s ]
SQL: SELECT * FROM `ego_user` WHERE ( token = '884cad0ff6ff5117b571dc9d02a4fe23' ) LIMIT 1   [ RunTime:0.0003s ]
SQL: SELECT `name`,`gender`,`tel`,`email`,`nickname`,`signature`,`avatar`,`school`,`college`,`major`,`stu_num` FROM `ego_user` WHERE ( tel = '15659430523' ) LIMIT 1   [ RunTime:0.0002s ]

[ 2016-10-07T17:05:53+08:00 ] ::1 /coding/API/eGoServer/index.php/api/bus.html
INFO: [ app_init ] --START--
INFO: Run Behavior\BuildLiteBehavior [ RunTime:0.000023s ]
INFO: [ app_init ] --END-- [ RunTime:0.000530s ]
INFO: [ app_begin ] --START--
INFO: Run Behavior\ReadHtmlCacheBehavior [ RunTime:0.000565s ]
INFO: [ app_begin ] --END-- [ RunTime:0.000664s ]
SQL: SHOW COLUMNS FROM `ego_bus` [ RunTime:0.0014s ]
SQL: SELECT * FROM `ego_bus`  [ RunTime:0.0003s ]

[ 2016-10-07T17:05:53+08:00 ] ::1 /coding/API/eGoServer/index.php/api/chat-center.html
INFO: [ app_init ] --START--
INFO: Run Behavior\BuildLiteBehavior [ RunTime:0.000019s ]
INFO: [ app_init ] --END-- [ RunTime:0.000449s ]
INFO: [ app_begin ] --START--
INFO: Run Behavior\ReadHtmlCacheBehavior [ RunTime:0.000865s ]
INFO: [ app_begin ] --END-- [ RunTime:0.000980s ]
SQL: SHOW COLUMNS FROM `ego_chat_center` [ RunTime:0.0010s ]
SQL: SELECT * FROM `ego_chat_center` ORDER BY time desc  [ RunTime:0.0002s ]
SQL: SHOW COLUMNS FROM `ego_user` [ RunTime:0.0011s ]
SQL: SELECT `name`,`gender`,`avatar` FROM `ego_user` WHERE ( id = 1 ) LIMIT 1   [ RunTime:0.0002s ]
SQL: SHOW COLUMNS FROM `ego_chat_liked` [ RunTime:0.0011s ]
SQL: SELECT * FROM `ego_chat_liked` WHERE ( chat_id = 1 )  [ RunTime:0.0002s ]
SQL: SHOW COLUMNS FROM `ego_chat_comment` [ RunTime:0.0012s ]
SQL: SELECT * FROM `ego_chat_comment` WHERE ( chat_id = 1 )  [ RunTime:0.0003s ]
SQL: SELECT `name`,`gender`,`avatar` FROM `ego_user` WHERE ( id = 1 ) LIMIT 1   [ RunTime:0.0002s ]
SQL: SELECT * FROM `ego_chat_liked` WHERE ( chat_id = 3 )  [ RunTime:0.0001s ]
SQL: SELECT * FROM `ego_chat_comment` WHERE ( chat_id = 3 )  [ RunTime:0.0001s ]
SQL: SELECT `name`,`gender`,`avatar` FROM `ego_user` WHERE ( id = 1 ) LIMIT 1   [ RunTime:0.0001s ]
SQL: SELECT * FROM `ego_chat_liked` WHERE ( chat_id = 2 )  [ RunTime:0.0001s ]
SQL: SELECT * FROM `ego_chat_comment` WHERE ( chat_id = 2 )  [ RunTime:0.0001s ]

[ 2016-10-07T17:09:02+08:00 ] ::1 /coding/API/eGoServer/index.php/api/SystemImages/getBackgroundImage.html
INFO: [ app_init ] --START--
INFO: Run Behavior\BuildLiteBehavior [ RunTime:0.000026s ]
INFO: [ app_init ] --END-- [ RunTime:0.000812s ]
INFO: [ app_begin ] --START--
INFO: Run Behavior\ReadHtmlCacheBehavior [ RunTime:0.001498s ]
INFO: [ app_begin ] --END-- [ RunTime:0.001704s ]
ERR: 非法操作:getbackgroundimage

[ 2016-10-07T17:09:06+08:00 ] ::1 /coding/API/eGoServer/index.php/api/user/884cad0ff6ff5117b571dc9d02a4fe23/15659430523.html
INFO: [ app_init ] --START--
INFO: Run Behavior\BuildLiteBehavior [ RunTime:0.000014s ]
INFO: [ app_init ] --END-- [ RunTime:0.000336s ]
INFO: [ app_begin ] --START--
INFO: Run Behavior\ReadHtmlCacheBehavior [ RunTime:0.000436s ]
INFO: [ app_begin ] --END-- [ RunTime:0.000496s ]
SQL: SHOW COLUMNS FROM `ego_user` [ RunTime:0.0013s ]
SQL: SELECT * FROM `ego_user` WHERE ( token = '884cad0ff6ff5117b571dc9d02a4fe23' ) LIMIT 1   [ RunTime:0.0004s ]
SQL: SELECT `name`,`gender`,`tel`,`email`,`nickname`,`signature`,`avatar`,`school`,`college`,`major`,`stu_num` FROM `ego_user` WHERE ( tel = '15659430523' ) LIMIT 1   [ RunTime:0.0002s ]

[ 2016-10-07T17:09:06+08:00 ] ::1 /coding/API/eGoServer/index.php/api/bus.html
INFO: [ app_init ] --START--
INFO: Run Behavior\BuildLiteBehavior [ RunTime:0.000030s ]
INFO: [ app_init ] --END-- [ RunTime:0.000595s ]
INFO: [ app_begin ] --START--
INFO: Run Behavior\ReadHtmlCacheBehavior [ RunTime:0.000746s ]
INFO: [ app_begin ] --END-- [ RunTime:0.000865s ]
SQL: SHOW COLUMNS FROM `ego_bus` [ RunTime:0.0011s ]
SQL: SELECT * FROM `ego_bus`  [ RunTime:0.0003s ]

[ 2016-10-07T17:09:11+08:00 ] ::1 /coding/API/eGoServer/index.php/api/bus.html
INFO: [ app_init ] --START--
INFO: Run Behavior\BuildLiteBehavior [ RunTime:0.000014s ]
INFO: [ app_init ] --END-- [ RunTime:0.000320s ]
INFO: [ app_begin ] --START--
INFO: Run Behavior\ReadHtmlCacheBehavior [ RunTime:0.000637s ]
INFO: [ app_begin ] --END-- [ RunTime:0.000728s ]
SQL: SHOW COLUMNS FROM `ego_bus` [ RunTime:0.0018s ]
SQL: SELECT * FROM `ego_bus`  [ RunTime:0.0002s ]

[ 2016-10-07T17:09:16+08:00 ] ::1 /coding/API/eGoServer/index.php/api/bus.html
INFO: [ app_init ] --START--
INFO: Run Behavior\BuildLiteBehavior [ RunTime:0.000020s ]
INFO: [ app_init ] --END-- [ RunTime:0.000445s ]
INFO: [ app_begin ] --START--
INFO: Run Behavior\ReadHtmlCacheBehavior [ RunTime:0.001058s ]
INFO: [ app_begin ] --END-- [ RunTime:0.001210s ]
SQL: SHOW COLUMNS FROM `ego_bus` [ RunTime:0.0009s ]
SQL: SELECT * FROM `ego_bus`  [ RunTime:0.0002s ]

[ 2016-10-07T17:09:21+08:00 ] ::1 /coding/API/eGoServer/index.php/api/bus.html
INFO: [ app_init ] --START--
INFO: Run Behavior\BuildLiteBehavior [ RunTime:0.000023s ]
INFO: [ app_init ] --END-- [ RunTime:0.000453s ]
INFO: [ app_begin ] --START--
INFO: Run Behavior\ReadHtmlCacheBehavior [ RunTime:0.000838s ]
INFO: [ app_begin ] --END-- [ RunTime:0.000936s ]
SQL: SHOW COLUMNS FROM `ego_bus` [ RunTime:0.0011s ]
SQL: SELECT * FROM `ego_bus`  [ RunTime:0.0002s ]

[ 2016-10-07T17:09:26+08:00 ] ::1 /coding/API/eGoServer/index.php/api/bus.html
INFO: [ app_init ] --START--
INFO: Run Behavior\BuildLiteBehavior [ RunTime:0.000014s ]
INFO: [ app_init ] --END-- [ RunTime:0.000330s ]
INFO: [ app_begin ] --START--
INFO: Run Behavior\ReadHtmlCacheBehavior [ RunTime:0.000403s ]
INFO: [ app_begin ] --END-- [ RunTime:0.000455s ]
SQL: SHOW COLUMNS FROM `ego_bus` [ RunTime:0.0017s ]
SQL: SELECT * FROM `ego_bus`  [ RunTime:0.0002s ]

[ 2016-10-07T17:09:31+08:00 ] ::1 /coding/API/eGoServer/index.php/api/bus.html
INFO: [ app_init ] --START--
INFO: Run Behavior\BuildLiteBehavior [ RunTime:0.000013s ]
INFO: [ app_init ] --END-- [ RunTime:0.000308s ]
INFO: [ app_begin ] --START--
INFO: Run Behavior\ReadHtmlCacheBehavior [ RunTime:0.000535s ]
INFO: [ app_begin ] --END-- [ RunTime:0.000592s ]
SQL: SHOW COLUMNS FROM `ego_bus` [ RunTime:0.0010s ]
SQL: SELECT * FROM `ego_bus`  [ RunTime:0.0002s ]

[ 2016-10-07T17:09:36+08:00 ] ::1 /coding/API/eGoServer/index.php/api/bus.html
INFO: [ app_init ] --START--
INFO: Run Behavior\BuildLiteBehavior [ RunTime:0.000013s ]
INFO: [ app_init ] --END-- [ RunTime:0.000325s ]
INFO: [ app_begin ] --START--
INFO: Run Behavior\ReadHtmlCacheBehavior [ RunTime:0.000430s ]
INFO: [ app_begin ] --END-- [ RunTime:0.000483s ]
SQL: SHOW COLUMNS FROM `ego_bus` [ RunTime:0.0009s ]
SQL: SELECT * FROM `ego_bus`  [ RunTime:0.0002s ]

[ 2016-10-07T17:09:38+08:00 ] ::1 /coding/API/eGoServer/index.php/api/chat-center.html
INFO: [ app_init ] --START--
INFO: Run Behavior\BuildLiteBehavior [ RunTime:0.000016s ]
INFO: [ app_init ] --END-- [ RunTime:0.000424s ]
INFO: [ app_begin ] --START--
INFO: Run Behavior\ReadHtmlCacheBehavior [ RunTime:0.000610s ]
INFO: [ app_begin ] --END-- [ RunTime:0.000692s ]
SQL: SHOW COLUMNS FROM `ego_chat_center` [ RunTime:0.0013s ]
SQL: SELECT * FROM `ego_chat_center` ORDER BY time desc  [ RunTime:0.0003s ]
SQL: SHOW COLUMNS FROM `ego_user` [ RunTime:0.0013s ]
SQL: SELECT `name`,`gender`,`avatar` FROM `ego_user` WHERE ( id = 1 ) LIMIT 1   [ RunTime:0.0002s ]
SQL: SHOW COLUMNS FROM `ego_chat_liked` [ RunTime:0.0012s ]
SQL: SELECT * FROM `ego_chat_liked` WHERE ( chat_id = 1 )  [ RunTime:0.0003s ]
SQL: SHOW COLUMNS FROM `ego_chat_comment` [ RunTime:0.0012s ]
SQL: SELECT * FROM `ego_chat_comment` WHERE ( chat_id = 1 )  [ RunTime:0.0003s ]
SQL: SELECT `name`,`gender`,`avatar` FROM `ego_user` WHERE ( id = 1 ) LIMIT 1   [ RunTime:0.0002s ]
SQL: SELECT * FROM `ego_chat_liked` WHERE ( chat_id = 3 )  [ RunTime:0.0002s ]
SQL: SELECT * FROM `ego_chat_comment` WHERE ( chat_id = 3 )  [ RunTime:0.0002s ]
SQL: SELECT `name`,`gender`,`avatar` FROM `ego_user` WHERE ( id = 1 ) LIMIT 1   [ RunTime:0.0002s ]
SQL: SELECT * FROM `ego_chat_liked` WHERE ( chat_id = 2 )  [ RunTime:0.0002s ]
SQL: SELECT * FROM `ego_chat_comment` WHERE ( chat_id = 2 )  [ RunTime:0.0002s ]

[ 2016-10-07T17:10:50+08:00 ] ::1 /coding/API/eGoServer/index.php/api/SystemImages/getBackgroundImage.html
INFO: [ app_init ] --START--
INFO: Run Behavior\BuildLiteBehavior [ RunTime:0.000014s ]
INFO: [ app_init ] --END-- [ RunTime:0.000308s ]
INFO: [ app_begin ] --START--
INFO: Run Behavior\ReadHtmlCacheBehavior [ RunTime:0.000444s ]
INFO: [ app_begin ] --END-- [ RunTime:0.000502s ]
ERR: 非法操作:getbackgroundimage

[ 2016-10-07T17:10:51+08:00 ] ::1 /coding/API/eGoServer/index.php/api/user/884cad0ff6ff5117b571dc9d02a4fe23/15659430523.html
INFO: [ app_init ] --START--
INFO: Run Behavior\BuildLiteBehavior [ RunTime:0.000014s ]
INFO: [ app_init ] --END-- [ RunTime:0.000320s ]
INFO: [ app_begin ] --START--
INFO: Run Behavior\ReadHtmlCacheBehavior [ RunTime:0.000449s ]
INFO: [ app_begin ] --END-- [ RunTime:0.000511s ]
SQL: SHOW COLUMNS FROM `ego_user` [ RunTime:0.0014s ]
SQL: SELECT * FROM `ego_user` WHERE ( token = '884cad0ff6ff5117b571dc9d02a4fe23' ) LIMIT 1   [ RunTime:0.0003s ]
SQL: SELECT `name`,`gender`,`tel`,`email`,`nickname`,`signature`,`avatar`,`school`,`college`,`major`,`stu_num` FROM `ego_user` WHERE ( tel = '15659430523' ) LIMIT 1   [ RunTime:0.0002s ]

[ 2016-10-07T17:10:51+08:00 ] ::1 /coding/API/eGoServer/index.php/api/bus.html
INFO: [ app_init ] --START--
INFO: Run Behavior\BuildLiteBehavior [ RunTime:0.000015s ]
INFO: [ app_init ] --END-- [ RunTime:0.000354s ]
INFO: [ app_begin ] --START--
INFO: Run Behavior\ReadHtmlCacheBehavior [ RunTime:0.000738s ]
INFO: [ app_begin ] --END-- [ RunTime:0.000840s ]
SQL: SHOW COLUMNS FROM `ego_bus` [ RunTime:0.0021s ]
SQL: SELECT * FROM `ego_bus`  [ RunTime:0.0003s ]

[ 2016-10-07T17:10:53+08:00 ] ::1 /coding/API/eGoServer/index.php/api/chat-center.html
INFO: [ app_init ] --START--
INFO: Run Behavior\BuildLiteBehavior [ RunTime:0.000031s ]
INFO: [ app_init ] --END-- [ RunTime:0.000715s ]
INFO: [ app_begin ] --START--
INFO: Run Behavior\ReadHtmlCacheBehavior [ RunTime:0.001585s ]
INFO: [ app_begin ] --END-- [ RunTime:0.001862s ]
SQL: SHOW COLUMNS FROM `ego_chat_center` [ RunTime:0.0014s ]
SQL: SELECT * FROM `ego_chat_center` ORDER BY time desc  [ RunTime:0.0003s ]
SQL: SHOW COLUMNS FROM `ego_user` [ RunTime:0.0011s ]
SQL: SELECT `name`,`gender`,`avatar` FROM `ego_user` WHERE ( id = 1 ) LIMIT 1   [ RunTime:0.0003s ]
SQL: SHOW COLUMNS FROM `ego_chat_liked` [ RunTime:0.0016s ]
SQL: SELECT * FROM `ego_chat_liked` WHERE ( chat_id = 1 )  [ RunTime:0.0003s ]
SQL: SHOW COLUMNS FROM `ego_chat_comment` [ RunTime:0.0012s ]
SQL: SELECT * FROM `ego_chat_comment` WHERE ( chat_id = 1 )  [ RunTime:0.0002s ]
SQL: SELECT `name`,`gender`,`avatar` FROM `ego_user` WHERE ( id = 1 ) LIMIT 1   [ RunTime:0.0003s ]
SQL: SELECT * FROM `ego_chat_liked` WHERE ( chat_id = 3 )  [ RunTime:0.0003s ]
SQL: SELECT * FROM `ego_chat_comment` WHERE ( chat_id = 3 )  [ RunTime:0.0002s ]
SQL: SELECT `name`,`gender`,`avatar` FROM `ego_user` WHERE ( id = 1 ) LIMIT 1   [ RunTime:0.0003s ]
SQL: SELECT * FROM `ego_chat_liked` WHERE ( chat_id = 2 )  [ RunTime:0.0002s ]
SQL: SELECT * FROM `ego_chat_comment` WHERE ( chat_id = 2 )  [ RunTime:0.0001s ]

[ 2016-10-07T17:11:58+08:00 ] ::1 /coding/API/eGoServer/index.php/api/SystemImages/getBackgroundImage.html
INFO: [ app_init ] --START--
INFO: Run Behavior\BuildLiteBehavior [ RunTime:0.000051s ]
INFO: [ app_init ] --END-- [ RunTime:0.000687s ]
INFO: [ app_begin ] --START--
INFO: Run Behavior\ReadHtmlCacheBehavior [ RunTime:0.000682s ]
INFO: [ app_begin ] --END-- [ RunTime:0.000807s ]
ERR: 非法操作:getbackgroundimage

[ 2016-10-07T17:11:59+08:00 ] ::1 /coding/API/eGoServer/index.php/api/user/884cad0ff6ff5117b571dc9d02a4fe23/15659430523.html
INFO: [ app_init ] --START--
INFO: Run Behavior\BuildLiteBehavior [ RunTime:0.000017s ]
INFO: [ app_init ] --END-- [ RunTime:0.000350s ]
INFO: [ app_begin ] --START--
INFO: Run Behavior\ReadHtmlCacheBehavior [ RunTime:0.000530s ]
INFO: [ app_begin ] --END-- [ RunTime:0.000590s ]
SQL: SHOW COLUMNS FROM `ego_user` [ RunTime:0.0013s ]
SQL: SELECT * FROM `ego_user` WHERE ( token = '884cad0ff6ff5117b571dc9d02a4fe23' ) LIMIT 1   [ RunTime:0.0003s ]
SQL: SELECT `name`,`gender`,`tel`,`email`,`nickname`,`signature`,`avatar`,`school`,`college`,`major`,`stu_num` FROM `ego_user` WHERE ( tel = '15659430523' ) LIMIT 1   [ RunTime:0.0003s ]

[ 2016-10-07T17:11:59+08:00 ] ::1 /coding/API/eGoServer/index.php/api/bus.html
INFO: [ app_init ] --START--
INFO: Run Behavior\BuildLiteBehavior [ RunTime:0.000025s ]
INFO: [ app_init ] --END-- [ RunTime:0.000548s ]
INFO: [ app_begin ] --START--
INFO: Run Behavior\ReadHtmlCacheBehavior [ RunTime:0.000789s ]
INFO: [ app_begin ] --END-- [ RunTime:0.000908s ]
SQL: SHOW COLUMNS FROM `ego_bus` [ RunTime:0.0021s ]
SQL: SELECT * FROM `ego_bus`  [ RunTime:0.0003s ]

[ 2016-10-07T17:11:59+08:00 ] ::1 /coding/API/eGoServer/index.php/api/chat-center.html
INFO: [ app_init ] --START--
INFO: Run Behavior\BuildLiteBehavior [ RunTime:0.000026s ]
INFO: [ app_init ] --END-- [ RunTime:0.000563s ]
INFO: [ app_begin ] --START--
INFO: Run Behavior\ReadHtmlCacheBehavior [ RunTime:0.000645s ]
INFO: [ app_begin ] --END-- [ RunTime:0.000734s ]
SQL: SHOW COLUMNS FROM `ego_chat_center` [ RunTime:0.0020s ]
SQL: SELECT * FROM `ego_chat_center` ORDER BY time desc  [ RunTime:0.0003s ]
SQL: SHOW COLUMNS FROM `ego_user` [ RunTime:0.0016s ]
SQL: SELECT `name`,`gender`,`avatar` FROM `ego_user` WHERE ( id = 1 ) LIMIT 1   [ RunTime:0.0002s ]
SQL: SHOW COLUMNS FROM `ego_chat_liked` [ RunTime:0.0011s ]
SQL: SELECT * FROM `ego_chat_liked` WHERE ( chat_id = 1 )  [ RunTime:0.0002s ]
SQL: SHOW COLUMNS FROM `ego_chat_comment` [ RunTime:0.0010s ]
SQL: SELECT * FROM `ego_chat_comment` WHERE ( chat_id = 1 )  [ RunTime:0.0003s ]
SQL: SELECT `name`,`gender`,`avatar` FROM `ego_user` WHERE ( id = 1 ) LIMIT 1   [ RunTime:0.0002s ]
SQL: SELECT * FROM `ego_chat_liked` WHERE ( chat_id = 3 )  [ RunTime:0.0001s ]
SQL: SELECT * FROM `ego_chat_comment` WHERE ( chat_id = 3 )  [ RunTime:0.0002s ]
SQL: SELECT `name`,`gender`,`avatar` FROM `ego_user` WHERE ( id = 1 ) LIMIT 1   [ RunTime:0.0002s ]
SQL: SELECT * FROM `ego_chat_liked` WHERE ( chat_id = 2 )  [ RunTime:0.0001s ]
SQL: SELECT * FROM `ego_chat_comment` WHERE ( chat_id = 2 )  [ RunTime:0.0001s ]

[ 2016-10-07T17:14:40+08:00 ] ::1 /coding/API/eGoServer/index.php/api/SystemImages/getBackgroundImage.html
INFO: [ app_init ] --START--
INFO: Run Behavior\BuildLiteBehavior [ RunTime:0.000021s ]
INFO: [ app_init ] --END-- [ RunTime:0.000578s ]
INFO: [ app_begin ] --START--
INFO: Run Behavior\ReadHtmlCacheBehavior [ RunTime:0.000911s ]
INFO: [ app_begin ] --END-- [ RunTime:0.001028s ]
ERR: 非法操作:getbackgroundimage

[ 2016-10-07T17:14:44+08:00 ] ::1 /coding/API/eGoServer/index.php/api/user/884cad0ff6ff5117b571dc9d02a4fe23/15659430523.html
INFO: [ app_init ] --START--
INFO: Run Behavior\BuildLiteBehavior [ RunTime:0.000014s ]
INFO: [ app_init ] --END-- [ RunTime:0.000333s ]
INFO: [ app_begin ] --START--
INFO: Run Behavior\ReadHtmlCacheBehavior [ RunTime:0.000441s ]
INFO: [ app_begin ] --END-- [ RunTime:0.000501s ]
SQL: SHOW COLUMNS FROM `ego_user` [ RunTime:0.0013s ]
SQL: SELECT * FROM `ego_user` WHERE ( token = '884cad0ff6ff5117b571dc9d02a4fe23' ) LIMIT 1   [ RunTime:0.0003s ]
SQL: SELECT `name`,`gender`,`tel`,`email`,`nickname`,`signature`,`avatar`,`school`,`college`,`major`,`stu_num` FROM `ego_user` WHERE ( tel = '15659430523' ) LIMIT 1   [ RunTime:0.0002s ]

[ 2016-10-07T17:14:44+08:00 ] ::1 /coding/API/eGoServer/index.php/api/bus.html
INFO: [ app_init ] --START--
INFO: Run Behavior\BuildLiteBehavior [ RunTime:0.000022s ]
INFO: [ app_init ] --END-- [ RunTime:0.000529s ]
INFO: [ app_begin ] --START--
INFO: Run Behavior\ReadHtmlCacheBehavior [ RunTime:0.000602s ]
INFO: [ app_begin ] --END-- [ RunTime:0.000676s ]
SQL: SHOW COLUMNS FROM `ego_bus` [ RunTime:0.0013s ]
SQL: SELECT * FROM `ego_bus`  [ RunTime:0.0003s ]

[ 2016-10-07T17:14:47+08:00 ] ::1 /coding/API/eGoServer/index.php/api/chat-center.html
INFO: [ app_init ] --START--
INFO: Run Behavior\BuildLiteBehavior [ RunTime:0.000023s ]
INFO: [ app_init ] --END-- [ RunTime:0.000429s ]
INFO: [ app_begin ] --START--
INFO: Run Behavior\ReadHtmlCacheBehavior [ RunTime:0.000466s ]
INFO: [ app_begin ] --END-- [ RunTime:0.000537s ]
SQL: SHOW COLUMNS FROM `ego_chat_center` [ RunTime:0.0009s ]
SQL: SELECT * FROM `ego_chat_center` ORDER BY time desc  [ RunTime:0.0002s ]
SQL: SHOW COLUMNS FROM `ego_user` [ RunTime:0.0009s ]
SQL: SELECT `name`,`gender`,`avatar` FROM `ego_user` WHERE ( id = 1 ) LIMIT 1   [ RunTime:0.0002s ]
SQL: SHOW COLUMNS FROM `ego_chat_liked` [ RunTime:0.0009s ]
SQL: SELECT * FROM `ego_chat_liked` WHERE ( chat_id = 1 )  [ RunTime:0.0002s ]
SQL: SHOW COLUMNS FROM `ego_chat_comment` [ RunTime:0.0010s ]
SQL: SELECT * FROM `ego_chat_comment` WHERE ( chat_id = 1 )  [ RunTime:0.0007s ]
SQL: SELECT `name`,`gender`,`avatar` FROM `ego_user` WHERE ( id = 1 ) LIMIT 1   [ RunTime:0.0003s ]
SQL: SELECT * FROM `ego_chat_liked` WHERE ( chat_id = 3 )  [ RunTime:0.0001s ]
SQL: SELECT * FROM `ego_chat_comment` WHERE ( chat_id = 3 )  [ RunTime:0.0001s ]
SQL: SELECT `name`,`gender`,`avatar` FROM `ego_user` WHERE ( id = 1 ) LIMIT 1   [ RunTime:0.0001s ]
SQL: SELECT * FROM `ego_chat_liked` WHERE ( chat_id = 2 )  [ RunTime:0.0001s ]
SQL: SELECT * FROM `ego_chat_comment` WHERE ( chat_id = 2 )  [ RunTime:0.0001s ]

[ 2016-10-07T17:14:49+08:00 ] ::1 /coding/API/eGoServer/index.php/api/chat-center/like.html
INFO: [ app_init ] --START--
INFO: Run Behavior\BuildLiteBehavior [ RunTime:0.000013s ]
INFO: [ app_init ] --END-- [ RunTime:0.000312s ]
INFO: [ app_begin ] --START--
INFO: Run Behavior\ReadHtmlCacheBehavior [ RunTime:0.000405s ]
INFO: [ app_begin ] --END-- [ RunTime:0.000460s ]
SQL: SHOW COLUMNS FROM `ego_user` [ RunTime:0.0019s ]
SQL: SELECT * FROM `ego_user` WHERE ( token = '884cad0ff6ff5117b571dc9d02a4fe23' ) LIMIT 1   [ RunTime:0.0002s ]
SQL: SELECT * FROM `ego_user` WHERE ( token = '884cad0ff6ff5117b571dc9d02a4fe23' ) LIMIT 1   [ RunTime:0.0001s ]
SQL: SHOW COLUMNS FROM `ego_chat_liked` [ RunTime:0.0008s ]
SQL: INSERT INTO `ego_chat_liked` (`chat_id`,`user_id`) VALUES ('2','221300313') [ RunTime:0.0005s ]

[ 2016-10-07T17:15:00+08:00 ] ::1 /coding/API/eGoServer/index.php/api/chat-center.html
INFO: [ app_init ] --START--
INFO: Run Behavior\BuildLiteBehavior [ RunTime:0.000014s ]
INFO: [ app_init ] --END-- [ RunTime:0.000312s ]
INFO: [ app_begin ] --START--
INFO: Run Behavior\ReadHtmlCacheBehavior [ RunTime:0.000410s ]
INFO: [ app_begin ] --END-- [ RunTime:0.000464s ]
SQL: SHOW COLUMNS FROM `ego_chat_center` [ RunTime:0.0008s ]
SQL: SELECT * FROM `ego_chat_center` ORDER BY time desc  [ RunTime:0.0004s ]
SQL: SHOW COLUMNS FROM `ego_user` [ RunTime:0.0012s ]
SQL: SELECT `name`,`gender`,`avatar` FROM `ego_user` WHERE ( id = 1 ) LIMIT 1   [ RunTime:0.0002s ]
SQL: SHOW COLUMNS FROM `ego_chat_liked` [ RunTime:0.0009s ]
SQL: SELECT * FROM `ego_chat_liked` WHERE ( chat_id = 1 )  [ RunTime:0.0002s ]
SQL: SHOW COLUMNS FROM `ego_chat_comment` [ RunTime:0.0008s ]
SQL: SELECT * FROM `ego_chat_comment` WHERE ( chat_id = 1 )  [ RunTime:0.0002s ]
SQL: SELECT `name`,`gender`,`avatar` FROM `ego_user` WHERE ( id = 1 ) LIMIT 1   [ RunTime:0.0002s ]
SQL: SELECT * FROM `ego_chat_liked` WHERE ( chat_id = 3 )  [ RunTime:0.0001s ]
SQL: SELECT * FROM `ego_chat_comment` WHERE ( chat_id = 3 )  [ RunTime:0.0001s ]
SQL: SELECT `name`,`gender`,`avatar` FROM `ego_user` WHERE ( id = 1 ) LIMIT 1   [ RunTime:0.0001s ]
SQL: SELECT * FROM `ego_chat_liked` WHERE ( chat_id = 2 )  [ RunTime:0.0001s ]
SQL: SELECT * FROM `ego_chat_comment` WHERE ( chat_id = 2 )  [ RunTime:0.0001s ]

[ 2016-10-07T17:15:25+08:00 ] ::1 /coding/API/eGoServer/index.php/api/SystemImages/getBackgroundImage.html
INFO: [ app_init ] --START--
INFO: Run Behavior\BuildLiteBehavior [ RunTime:0.000014s ]
INFO: [ app_init ] --END-- [ RunTime:0.000332s ]
INFO: [ app_begin ] --START--
INFO: Run Behavior\ReadHtmlCacheBehavior [ RunTime:0.000427s ]
INFO: [ app_begin ] --END-- [ RunTime:0.000483s ]
ERR: 非法操作:getbackgroundimage

[ 2016-10-07T17:15:29+08:00 ] ::1 /coding/API/eGoServer/index.php/api/user/884cad0ff6ff5117b571dc9d02a4fe23/15659430523.html
INFO: [ app_init ] --START--
INFO: Run Behavior\BuildLiteBehavior [ RunTime:0.000015s ]
INFO: [ app_init ] --END-- [ RunTime:0.000386s ]
INFO: [ app_begin ] --START--
INFO: Run Behavior\ReadHtmlCacheBehavior [ RunTime:0.000452s ]
INFO: [ app_begin ] --END-- [ RunTime:0.000521s ]
SQL: SHOW COLUMNS FROM `ego_user` [ RunTime:0.0011s ]
SQL: SELECT * FROM `ego_user` WHERE ( token = '884cad0ff6ff5117b571dc9d02a4fe23' ) LIMIT 1   [ RunTime:0.0003s ]
SQL: SELECT `name`,`gender`,`tel`,`email`,`nickname`,`signature`,`avatar`,`school`,`college`,`major`,`stu_num` FROM `ego_user` WHERE ( tel = '15659430523' ) LIMIT 1   [ RunTime:0.0002s ]

[ 2016-10-07T17:15:29+08:00 ] ::1 /coding/API/eGoServer/index.php/api/bus.html
INFO: [ app_init ] --START--
INFO: Run Behavior\BuildLiteBehavior [ RunTime:0.000014s ]
INFO: [ app_init ] --END-- [ RunTime:0.000331s ]
INFO: [ app_begin ] --START--
INFO: Run Behavior\ReadHtmlCacheBehavior [ RunTime:0.000456s ]
INFO: [ app_begin ] --END-- [ RunTime:0.000521s ]
SQL: SHOW COLUMNS FROM `ego_bus` [ RunTime:0.0009s ]
SQL: SELECT * FROM `ego_bus`  [ RunTime:0.0002s ]

[ 2016-10-07T17:15:34+08:00 ] ::1 /coding/API/eGoServer/index.php/api/bus.html
INFO: [ app_init ] --START--
INFO: Run Behavior\BuildLiteBehavior [ RunTime:0.000019s ]
INFO: [ app_init ] --END-- [ RunTime:0.000445s ]
INFO: [ app_begin ] --START--
INFO: Run Behavior\ReadHtmlCacheBehavior [ RunTime:0.000476s ]
INFO: [ app_begin ] --END-- [ RunTime:0.000540s ]
SQL: SHOW COLUMNS FROM `ego_bus` [ RunTime:0.0047s ]
SQL: SELECT * FROM `ego_bus`  [ RunTime:0.0003s ]

[ 2016-10-07T17:15:39+08:00 ] ::1 /coding/API/eGoServer/index.php/api/bus.html
INFO: [ app_init ] --START--
INFO: Run Behavior\BuildLiteBehavior [ RunTime:0.000014s ]
INFO: [ app_init ] --END-- [ RunTime:0.000336s ]
INFO: [ app_begin ] --START--
INFO: Run Behavior\ReadHtmlCacheBehavior [ RunTime:0.000434s ]
INFO: [ app_begin ] --END-- [ RunTime:0.000490s ]
SQL: SHOW COLUMNS FROM `ego_bus` [ RunTime:0.0020s ]
SQL: SELECT * FROM `ego_bus`  [ RunTime:0.0002s ]

[ 2016-10-07T17:15:44+08:00 ] ::1 /coding/API/eGoServer/index.php/api/bus.html
INFO: [ app_init ] --START--
INFO: Run Behavior\BuildLiteBehavior [ RunTime:0.000014s ]
INFO: [ app_init ] --END-- [ RunTime:0.000310s ]
INFO: [ app_begin ] --START--
INFO: Run Behavior\ReadHtmlCacheBehavior [ RunTime:0.000411s ]
INFO: [ app_begin ] --END-- [ RunTime:0.000497s ]
SQL: SHOW COLUMNS FROM `ego_bus` [ RunTime:0.0018s ]
SQL: SELECT * FROM `ego_bus`  [ RunTime:0.0002s ]

[ 2016-10-07T17:15:49+08:00 ] ::1 /coding/API/eGoServer/index.php/api/bus.html
INFO: [ app_init ] --START--
INFO: Run Behavior\BuildLiteBehavior [ RunTime:0.000013s ]
INFO: [ app_init ] --END-- [ RunTime:0.000313s ]
INFO: [ app_begin ] --START--
INFO: Run Behavior\ReadHtmlCacheBehavior [ RunTime:0.000407s ]
INFO: [ app_begin ] --END-- [ RunTime:0.000459s ]
SQL: SHOW COLUMNS FROM `ego_bus` [ RunTime:0.0018s ]
SQL: SELECT * FROM `ego_bus`  [ RunTime:0.0002s ]

[ 2016-10-07T17:15:54+08:00 ] ::1 /coding/API/eGoServer/index.php/api/bus.html
INFO: [ app_init ] --START--
INFO: Run Behavior\BuildLiteBehavior [ RunTime:0.000019s ]
INFO: [ app_init ] --END-- [ RunTime:0.000353s ]
INFO: [ app_begin ] --START--
INFO: Run Behavior\ReadHtmlCacheBehavior [ RunTime:0.000475s ]
INFO: [ app_begin ] --END-- [ RunTime:0.000537s ]
SQL: SHOW COLUMNS FROM `ego_bus` [ RunTime:0.0018s ]
SQL: SELECT * FROM `ego_bus`  [ RunTime:0.0002s ]

[ 2016-10-07T17:15:59+08:00 ] ::1 /coding/API/eGoServer/index.php/api/bus.html
INFO: [ app_init ] --START--
INFO: Run Behavior\BuildLiteBehavior [ RunTime:0.000014s ]
INFO: [ app_init ] --END-- [ RunTime:0.000413s ]
INFO: [ app_begin ] --START--
INFO: Run Behavior\ReadHtmlCacheBehavior [ RunTime:0.000413s ]
INFO: [ app_begin ] --END-- [ RunTime:0.000465s ]
SQL: SHOW COLUMNS FROM `ego_bus` [ RunTime:0.0019s ]
SQL: SELECT * FROM `ego_bus`  [ RunTime:0.0002s ]

[ 2016-10-07T17:16:04+08:00 ] ::1 /coding/API/eGoServer/index.php/api/bus.html
INFO: [ app_init ] --START--
INFO: Run Behavior\BuildLiteBehavior [ RunTime:0.000013s ]
INFO: [ app_init ] --END-- [ RunTime:0.000319s ]
INFO: [ app_begin ] --START--
INFO: Run Behavior\ReadHtmlCacheBehavior [ RunTime:0.000403s ]
INFO: [ app_begin ] --END-- [ RunTime:0.000454s ]
SQL: SHOW COLUMNS FROM `ego_bus` [ RunTime:0.0019s ]
SQL: SELECT * FROM `ego_bus`  [ RunTime:0.0002s ]

[ 2016-10-07T17:16:09+08:00 ] ::1 /coding/API/eGoServer/index.php/api/bus.html
INFO: [ app_init ] --START--
INFO: Run Behavior\BuildLiteBehavior [ RunTime:0.000013s ]
INFO: [ app_init ] --END-- [ RunTime:0.000313s ]
INFO: [ app_begin ] --START--
INFO: Run Behavior\ReadHtmlCacheBehavior [ RunTime:0.000425s ]
INFO: [ app_begin ] --END-- [ RunTime:0.000483s ]
SQL: SHOW COLUMNS FROM `ego_bus` [ RunTime:0.0018s ]
SQL: SELECT * FROM `ego_bus`  [ RunTime:0.0003s ]

[ 2016-10-07T17:16:14+08:00 ] ::1 /coding/API/eGoServer/index.php/api/bus.html
INFO: [ app_init ] --START--
INFO: Run Behavior\BuildLiteBehavior [ RunTime:0.000013s ]
INFO: [ app_init ] --END-- [ RunTime:0.000310s ]
INFO: [ app_begin ] --START--
INFO: Run Behavior\ReadHtmlCacheBehavior [ RunTime:0.000401s ]
INFO: [ app_begin ] --END-- [ RunTime:0.000454s ]
SQL: SHOW COLUMNS FROM `ego_bus` [ RunTime:0.0019s ]
SQL: SELECT * FROM `ego_bus`  [ RunTime:0.0003s ]

[ 2016-10-07T17:16:19+08:00 ] ::1 /coding/API/eGoServer/index.php/api/bus.html
INFO: [ app_init ] --START--
INFO: Run Behavior\BuildLiteBehavior [ RunTime:0.000013s ]
INFO: [ app_init ] --END-- [ RunTime:0.000311s ]
INFO: [ app_begin ] --START--
INFO: Run Behavior\ReadHtmlCacheBehavior [ RunTime:0.000402s ]
INFO: [ app_begin ] --END-- [ RunTime:0.000453s ]
SQL: SHOW COLUMNS FROM `ego_bus` [ RunTime:0.0102s ]
SQL: SELECT * FROM `ego_bus`  [ RunTime:0.0003s ]

[ 2016-10-07T17:16:24+08:00 ] ::1 /coding/API/eGoServer/index.php/api/bus.html
INFO: [ app_init ] --START--
INFO: Run Behavior\BuildLiteBehavior [ RunTime:0.000013s ]
INFO: [ app_init ] --END-- [ RunTime:0.000308s ]
INFO: [ app_begin ] --START--
INFO: Run Behavior\ReadHtmlCacheBehavior [ RunTime:0.000786s ]
INFO: [ app_begin ] --END-- [ RunTime:0.000890s ]
SQL: SHOW COLUMNS FROM `ego_bus` [ RunTime:0.0009s ]
SQL: SELECT * FROM `ego_bus`  [ RunTime:0.0002s ]

[ 2016-10-07T17:16:29+08:00 ] ::1 /coding/API/eGoServer/index.php/api/bus.html
INFO: [ app_init ] --START--
INFO: Run Behavior\BuildLiteBehavior [ RunTime:0.000014s ]
INFO: [ app_init ] --END-- [ RunTime:0.000313s ]
INFO: [ app_begin ] --START--
INFO: Run Behavior\ReadHtmlCacheBehavior [ RunTime:0.000408s ]
INFO: [ app_begin ] --END-- [ RunTime:0.000459s ]
SQL: SHOW COLUMNS FROM `ego_bus` [ RunTime:0.0019s ]
SQL: SELECT * FROM `ego_bus`  [ RunTime:0.0002s ]

[ 2016-10-07T17:16:34+08:00 ] ::1 /coding/API/eGoServer/index.php/api/bus.html
INFO: [ app_init ] --START--
INFO: Run Behavior\BuildLiteBehavior [ RunTime:0.000014s ]
INFO: [ app_init ] --END-- [ RunTime:0.000310s ]
INFO: [ app_begin ] --START--
INFO: Run Behavior\ReadHtmlCacheBehavior [ RunTime:0.000419s ]
INFO: [ app_begin ] --END-- [ RunTime:0.000474s ]
SQL: SHOW COLUMNS FROM `ego_bus` [ RunTime:0.0030s ]
SQL: SELECT * FROM `ego_bus`  [ RunTime:0.0003s ]

[ 2016-10-07T17:16:39+08:00 ] ::1 /coding/API/eGoServer/index.php/api/bus.html
INFO: [ app_init ] --START--
INFO: Run Behavior\BuildLiteBehavior [ RunTime:0.000013s ]
INFO: [ app_init ] --END-- [ RunTime:0.000330s ]
INFO: [ app_begin ] --START--
INFO: Run Behavior\ReadHtmlCacheBehavior [ RunTime:0.000435s ]
INFO: [ app_begin ] --END-- [ RunTime:0.000489s ]
SQL: SHOW COLUMNS FROM `ego_bus` [ RunTime:0.0018s ]
SQL: SELECT * FROM `ego_bus`  [ RunTime:0.0002s ]

[ 2016-10-07T17:16:44+08:00 ] ::1 /coding/API/eGoServer/index.php/api/bus.html
INFO: [ app_init ] --START--
INFO: Run Behavior\BuildLiteBehavior [ RunTime:0.000024s ]
INFO: [ app_init ] --END-- [ RunTime:0.000609s ]
INFO: [ app_begin ] --START--
INFO: Run Behavior\ReadHtmlCacheBehavior [ RunTime:0.000544s ]
INFO: [ app_begin ] --END-- [ RunTime:0.000617s ]
SQL: SHOW COLUMNS FROM `ego_bus` [ RunTime:0.0018s ]
SQL: SELECT * FROM `ego_bus`  [ RunTime:0.0002s ]

[ 2016-10-07T17:16:49+08:00 ] ::1 /coding/API/eGoServer/index.php/api/bus.html
INFO: [ app_init ] --START--
INFO: Run Behavior\BuildLiteBehavior [ RunTime:0.000013s ]
INFO: [ app_init ] --END-- [ RunTime:0.000323s ]
INFO: [ app_begin ] --START--
INFO: Run Behavior\ReadHtmlCacheBehavior [ RunTime:0.000438s ]
INFO: [ app_begin ] --END-- [ RunTime:0.000495s ]
SQL: SHOW COLUMNS FROM `ego_bus` [ RunTime:0.0018s ]
SQL: SELECT * FROM `ego_bus`  [ RunTime:0.0002s ]

[ 2016-10-07T17:16:54+08:00 ] ::1 /coding/API/eGoServer/index.php/api/bus.html
INFO: [ app_init ] --START--
INFO: Run Behavior\BuildLiteBehavior [ RunTime:0.000014s ]
INFO: [ app_init ] --END-- [ RunTime:0.000324s ]
INFO: [ app_begin ] --START--
INFO: Run Behavior\ReadHtmlCacheBehavior [ RunTime:0.000428s ]
INFO: [ app_begin ] --END-- [ RunTime:0.000504s ]
SQL: SHOW COLUMNS FROM `ego_bus` [ RunTime:0.0019s ]
SQL: SELECT * FROM `ego_bus`  [ RunTime:0.0002s ]

[ 2016-10-07T17:16:59+08:00 ] ::1 /coding/API/eGoServer/index.php/api/bus.html
INFO: [ app_init ] --START--
INFO: Run Behavior\BuildLiteBehavior [ RunTime:0.000013s ]
INFO: [ app_init ] --END-- [ RunTime:0.000309s ]
INFO: [ app_begin ] --START--
INFO: Run Behavior\ReadHtmlCacheBehavior [ RunTime:0.000534s ]
INFO: [ app_begin ] --END-- [ RunTime:0.000618s ]
SQL: SHOW COLUMNS FROM `ego_bus` [ RunTime:0.0018s ]
SQL: SELECT * FROM `ego_bus`  [ RunTime:0.0002s ]

[ 2016-10-07T17:17:04+08:00 ] ::1 /coding/API/eGoServer/index.php/api/bus.html
INFO: [ app_init ] --START--
INFO: Run Behavior\BuildLiteBehavior [ RunTime:0.000014s ]
INFO: [ app_init ] --END-- [ RunTime:0.000315s ]
INFO: [ app_begin ] --START--
INFO: Run Behavior\ReadHtmlCacheBehavior [ RunTime:0.000536s ]
INFO: [ app_begin ] --END-- [ RunTime:0.000623s ]
SQL: SHOW COLUMNS FROM `ego_bus` [ RunTime:0.0019s ]
SQL: SELECT * FROM `ego_bus`  [ RunTime:0.0002s ]

[ 2016-10-07T17:17:09+08:00 ] ::1 /coding/API/eGoServer/index.php/api/bus.html
INFO: [ app_init ] --START--
INFO: Run Behavior\BuildLiteBehavior [ RunTime:0.000016s ]
INFO: [ app_init ] --END-- [ RunTime:0.000353s ]
INFO: [ app_begin ] --START--
INFO: Run Behavior\ReadHtmlCacheBehavior [ RunTime:0.000465s ]
INFO: [ app_begin ] --END-- [ RunTime:0.000529s ]
SQL: SHOW COLUMNS FROM `ego_bus` [ RunTime:0.0018s ]
SQL: SELECT * FROM `ego_bus`  [ RunTime:0.0002s ]

[ 2016-10-07T17:17:14+08:00 ] ::1 /coding/API/eGoServer/index.php/api/bus.html
INFO: [ app_init ] --START--
INFO: Run Behavior\BuildLiteBehavior [ RunTime:0.000014s ]
INFO: [ app_init ] --END-- [ RunTime:0.000321s ]
INFO: [ app_begin ] --START--
INFO: Run Behavior\ReadHtmlCacheBehavior [ RunTime:0.000403s ]
INFO: [ app_begin ] --END-- [ RunTime:0.000454s ]
SQL: SHOW COLUMNS FROM `ego_bus` [ RunTime:0.0020s ]
SQL: SELECT * FROM `ego_bus`  [ RunTime:0.0003s ]

[ 2016-10-07T17:17:19+08:00 ] ::1 /coding/API/eGoServer/index.php/api/bus.html
INFO: [ app_init ] --START--
INFO: Run Behavior\BuildLiteBehavior [ RunTime:0.000014s ]
INFO: [ app_init ] --END-- [ RunTime:0.000341s ]
INFO: [ app_begin ] --START--
INFO: Run Behavior\ReadHtmlCacheBehavior [ RunTime:0.000428s ]
INFO: [ app_begin ] --END-- [ RunTime:0.000484s ]
SQL: SHOW COLUMNS FROM `ego_bus` [ RunTime:0.0019s ]
SQL: SELECT * FROM `ego_bus`  [ RunTime:0.0002s ]

[ 2016-10-07T17:17:24+08:00 ] ::1 /coding/API/eGoServer/index.php/api/bus.html
INFO: [ app_init ] --START--
INFO: Run Behavior\BuildLiteBehavior [ RunTime:0.000013s ]
INFO: [ app_init ] --END-- [ RunTime:0.000307s ]
INFO: [ app_begin ] --START--
INFO: Run Behavior\ReadHtmlCacheBehavior [ RunTime:0.000405s ]
INFO: [ app_begin ] --END-- [ RunTime:0.000455s ]
SQL: SHOW COLUMNS FROM `ego_bus` [ RunTime:0.0019s ]
SQL: SELECT * FROM `ego_bus`  [ RunTime:0.0002s ]

[ 2016-10-07T17:17:29+08:00 ] ::1 /coding/API/eGoServer/index.php/api/bus.html
INFO: [ app_init ] --START--
INFO: Run Behavior\BuildLiteBehavior [ RunTime:0.000013s ]
INFO: [ app_init ] --END-- [ RunTime:0.000317s ]
INFO: [ app_begin ] --START--
INFO: Run Behavior\ReadHtmlCacheBehavior [ RunTime:0.000434s ]
INFO: [ app_begin ] --END-- [ RunTime:0.000490s ]
SQL: SHOW COLUMNS FROM `ego_bus` [ RunTime:0.0018s ]
SQL: SELECT * FROM `ego_bus`  [ RunTime:0.0002s ]

[ 2016-10-07T17:17:34+08:00 ] ::1 /coding/API/eGoServer/index.php/api/bus.html
INFO: [ app_init ] --START--
INFO: Run Behavior\BuildLiteBehavior [ RunTime:0.000013s ]
INFO: [ app_init ] --END-- [ RunTime:0.000310s ]
INFO: [ app_begin ] --START--
INFO: Run Behavior\ReadHtmlCacheBehavior [ RunTime:0.000404s ]
INFO: [ app_begin ] --END-- [ RunTime:0.000457s ]
SQL: SHOW COLUMNS FROM `ego_bus` [ RunTime:0.0032s ]
SQL: SELECT * FROM `ego_bus`  [ RunTime:0.0002s ]

[ 2016-10-07T17:17:39+08:00 ] ::1 /coding/API/eGoServer/index.php/api/bus.html
INFO: [ app_init ] --START--
INFO: Run Behavior\BuildLiteBehavior [ RunTime:0.000071s ]
INFO: [ app_init ] --END-- [ RunTime:0.000633s ]
INFO: [ app_begin ] --START--
INFO: Run Behavior\ReadHtmlCacheBehavior [ RunTime:0.000627s ]
INFO: [ app_begin ] --END-- [ RunTime:0.000713s ]
SQL: SHOW COLUMNS FROM `ego_bus` [ RunTime:0.0022s ]
SQL: SELECT * FROM `ego_bus`  [ RunTime:0.0007s ]

[ 2016-10-07T17:17:44+08:00 ] ::1 /coding/API/eGoServer/index.php/api/bus.html
INFO: [ app_init ] --START--
INFO: Run Behavior\BuildLiteBehavior [ RunTime:0.000013s ]
INFO: [ app_init ] --END-- [ RunTime:0.000309s ]
INFO: [ app_begin ] --START--
INFO: Run Behavior\ReadHtmlCacheBehavior [ RunTime:0.000404s ]
INFO: [ app_begin ] --END-- [ RunTime:0.000457s ]
SQL: SHOW COLUMNS FROM `ego_bus` [ RunTime:0.0028s ]
SQL: SELECT * FROM `ego_bus`  [ RunTime:0.0003s ]

[ 2016-10-07T17:17:49+08:00 ] ::1 /coding/API/eGoServer/index.php/api/bus.html
INFO: [ app_init ] --START--
INFO: Run Behavior\BuildLiteBehavior [ RunTime:0.000014s ]
INFO: [ app_init ] --END-- [ RunTime:0.000322s ]
INFO: [ app_begin ] --START--
INFO: Run Behavior\ReadHtmlCacheBehavior [ RunTime:0.000409s ]
INFO: [ app_begin ] --END-- [ RunTime:0.000460s ]
SQL: SHOW COLUMNS FROM `ego_bus` [ RunTime:0.0019s ]
SQL: SELECT * FROM `ego_bus`  [ RunTime:0.0002s ]

[ 2016-10-07T17:17:54+08:00 ] ::1 /coding/API/eGoServer/index.php/api/bus.html
INFO: [ app_init ] --START--
INFO: Run Behavior\BuildLiteBehavior [ RunTime:0.000013s ]
INFO: [ app_init ] --END-- [ RunTime:0.000310s ]
INFO: [ app_begin ] --START--
INFO: Run Behavior\ReadHtmlCacheBehavior [ RunTime:0.000426s ]
INFO: [ app_begin ] --END-- [ RunTime:0.000482s ]
SQL: SHOW COLUMNS FROM `ego_bus` [ RunTime:0.0018s ]
SQL: SELECT * FROM `ego_bus`  [ RunTime:0.0002s ]

[ 2016-10-07T17:17:59+08:00 ] ::1 /coding/API/eGoServer/index.php/api/bus.html
INFO: [ app_init ] --START--
INFO: Run Behavior\BuildLiteBehavior [ RunTime:0.000013s ]
INFO: [ app_init ] --END-- [ RunTime:0.000303s ]
INFO: [ app_begin ] --START--
INFO: Run Behavior\ReadHtmlCacheBehavior [ RunTime:0.000401s ]
INFO: [ app_begin ] --END-- [ RunTime:0.000452s ]
SQL: SHOW COLUMNS FROM `ego_bus` [ RunTime:0.0018s ]
SQL: SELECT * FROM `ego_bus`  [ RunTime:0.0002s ]

[ 2016-10-07T17:18:04+08:00 ] ::1 /coding/API/eGoServer/index.php/api/bus.html
INFO: [ app_init ] --START--
INFO: Run Behavior\BuildLiteBehavior [ RunTime:0.000014s ]
INFO: [ app_init ] --END-- [ RunTime:0.000328s ]
INFO: [ app_begin ] --START--
INFO: Run Behavior\ReadHtmlCacheBehavior [ RunTime:0.000473s ]
INFO: [ app_begin ] --END-- [ RunTime:0.000559s ]
SQL: SHOW COLUMNS FROM `ego_bus` [ RunTime:0.0028s ]
SQL: SELECT * FROM `ego_bus`  [ RunTime:0.0002s ]

[ 2016-10-07T17:18:09+08:00 ] ::1 /coding/API/eGoServer/index.php/api/bus.html
INFO: [ app_init ] --START--
INFO: Run Behavior\BuildLiteBehavior [ RunTime:0.000013s ]
INFO: [ app_init ] --END-- [ RunTime:0.000307s ]
INFO: [ app_begin ] --START--
INFO: Run Behavior\ReadHtmlCacheBehavior [ RunTime:0.000400s ]
INFO: [ app_begin ] --END-- [ RunTime:0.000452s ]
SQL: SHOW COLUMNS FROM `ego_bus` [ RunTime:0.0019s ]
SQL: SELECT * FROM `ego_bus`  [ RunTime:0.0002s ]

[ 2016-10-07T17:18:14+08:00 ] ::1 /coding/API/eGoServer/index.php/api/bus.html
INFO: [ app_init ] --START--
INFO: Run Behavior\BuildLiteBehavior [ RunTime:0.000012s ]
INFO: [ app_init ] --END-- [ RunTime:0.000312s ]
INFO: [ app_begin ] --START--
INFO: Run Behavior\ReadHtmlCacheBehavior [ RunTime:0.000405s ]
INFO: [ app_begin ] --END-- [ RunTime:0.000458s ]
SQL: SHOW COLUMNS FROM `ego_bus` [ RunTime:0.0018s ]
SQL: SELECT * FROM `ego_bus`  [ RunTime:0.0002s ]

[ 2016-10-07T17:18:19+08:00 ] ::1 /coding/API/eGoServer/index.php/api/bus.html
INFO: [ app_init ] --START--
INFO: Run Behavior\BuildLiteBehavior [ RunTime:0.000014s ]
INFO: [ app_init ] --END-- [ RunTime:0.000309s ]
INFO: [ app_begin ] --START--
INFO: Run Behavior\ReadHtmlCacheBehavior [ RunTime:0.000424s ]
INFO: [ app_begin ] --END-- [ RunTime:0.000516s ]
SQL: SHOW COLUMNS FROM `ego_bus` [ RunTime:0.0011s ]
SQL: SELECT * FROM `ego_bus`  [ RunTime:0.0002s ]

[ 2016-10-07T17:18:24+08:00 ] ::1 /coding/API/eGoServer/index.php/api/bus.html
INFO: [ app_init ] --START--
INFO: Run Behavior\BuildLiteBehavior [ RunTime:0.000014s ]
INFO: [ app_init ] --END-- [ RunTime:0.000337s ]
INFO: [ app_begin ] --START--
INFO: Run Behavior\ReadHtmlCacheBehavior [ RunTime:0.000448s ]
INFO: [ app_begin ] --END-- [ RunTime:0.000542s ]
SQL: SHOW COLUMNS FROM `ego_bus` [ RunTime:0.0018s ]
SQL: SELECT * FROM `ego_bus`  [ RunTime:0.0002s ]

[ 2016-10-07T17:18:29+08:00 ] ::1 /coding/API/eGoServer/index.php/api/bus.html
INFO: [ app_init ] --START--
INFO: Run Behavior\BuildLiteBehavior [ RunTime:0.000015s ]
INFO: [ app_init ] --END-- [ RunTime:0.000333s ]
INFO: [ app_begin ] --START--
INFO: Run Behavior\ReadHtmlCacheBehavior [ RunTime:0.000464s ]
INFO: [ app_begin ] --END-- [ RunTime:0.000530s ]
SQL: SHOW COLUMNS FROM `ego_bus` [ RunTime:0.0010s ]
SQL: SELECT * FROM `ego_bus`  [ RunTime:0.0003s ]

[ 2016-10-07T17:18:34+08:00 ] ::1 /coding/API/eGoServer/index.php/api/bus.html
INFO: [ app_init ] --START--
INFO: Run Behavior\BuildLiteBehavior [ RunTime:0.000014s ]
INFO: [ app_init ] --END-- [ RunTime:0.000313s ]
INFO: [ app_begin ] --START--
INFO: Run Behavior\ReadHtmlCacheBehavior [ RunTime:0.000537s ]
INFO: [ app_begin ] --END-- [ RunTime:0.000613s ]
SQL: SHOW COLUMNS FROM `ego_bus` [ RunTime:0.0019s ]
SQL: SELECT * FROM `ego_bus`  [ RunTime:0.0002s ]

[ 2016-10-07T17:18:43+08:00 ] ::1 /coding/API/eGoServer/index.php/api/SystemImages/getBackgroundImage.html
INFO: [ app_init ] --START--
INFO: Run Behavior\BuildLiteBehavior [ RunTime:0.000018s ]
INFO: [ app_init ] --END-- [ RunTime:0.000434s ]
INFO: [ app_begin ] --START--
INFO: Run Behavior\ReadHtmlCacheBehavior [ RunTime:0.000605s ]
INFO: [ app_begin ] --END-- [ RunTime:0.000682s ]
ERR: 非法操作:getbackgroundimage

[ 2016-10-07T17:18:47+08:00 ] ::1 /coding/API/eGoServer/index.php/api/user/884cad0ff6ff5117b571dc9d02a4fe23/15659430523.html
INFO: [ app_init ] --START--
INFO: Run Behavior\BuildLiteBehavior [ RunTime:0.000014s ]
INFO: [ app_init ] --END-- [ RunTime:0.000336s ]
INFO: [ app_begin ] --START--
INFO: Run Behavior\ReadHtmlCacheBehavior [ RunTime:0.000442s ]
INFO: [ app_begin ] --END-- [ RunTime:0.000496s ]
SQL: SHOW COLUMNS FROM `ego_user` [ RunTime:0.0013s ]
SQL: SELECT * FROM `ego_user` WHERE ( token = '884cad0ff6ff5117b571dc9d02a4fe23' ) LIMIT 1   [ RunTime:0.0003s ]
SQL: SELECT `name`,`gender`,`tel`,`email`,`nickname`,`signature`,`avatar`,`school`,`college`,`major`,`stu_num` FROM `ego_user` WHERE ( tel = '15659430523' ) LIMIT 1   [ RunTime:0.0002s ]

[ 2016-10-07T17:18:47+08:00 ] ::1 /coding/API/eGoServer/index.php/api/bus.html
INFO: [ app_init ] --START--
INFO: Run Behavior\BuildLiteBehavior [ RunTime:0.000016s ]
INFO: [ app_init ] --END-- [ RunTime:0.000375s ]
INFO: [ app_begin ] --START--
INFO: Run Behavior\ReadHtmlCacheBehavior [ RunTime:0.000467s ]
INFO: [ app_begin ] --END-- [ RunTime:0.000530s ]
SQL: SHOW COLUMNS FROM `ego_bus` [ RunTime:0.0024s ]
SQL: SELECT * FROM `ego_bus`  [ RunTime:0.0003s ]

[ 2016-10-07T17:18:48+08:00 ] ::1 /coding/API/eGoServer/index.php/api/chat-center.html
INFO: [ app_init ] --START--
INFO: Run Behavior\BuildLiteBehavior [ RunTime:0.000023s ]
INFO: [ app_init ] --END-- [ RunTime:0.000570s ]
INFO: [ app_begin ] --START--
INFO: Run Behavior\ReadHtmlCacheBehavior [ RunTime:0.000691s ]
INFO: [ app_begin ] --END-- [ RunTime:0.000783s ]
SQL: SHOW COLUMNS FROM `ego_chat_center` [ RunTime:0.0010s ]
SQL: SELECT * FROM `ego_chat_center` ORDER BY time desc  [ RunTime:0.0003s ]
SQL: SHOW COLUMNS FROM `ego_user` [ RunTime:0.0014s ]
SQL: SELECT `name`,`gender`,`avatar` FROM `ego_user` WHERE ( id = 1 ) LIMIT 1   [ RunTime:0.0002s ]
SQL: SHOW COLUMNS FROM `ego_chat_liked` [ RunTime:0.0010s ]
SQL: SELECT * FROM `ego_chat_liked` WHERE ( chat_id = 1 )  [ RunTime:0.0002s ]
SQL: SHOW COLUMNS FROM `ego_chat_comment` [ RunTime:0.0010s ]
SQL: SELECT * FROM `ego_chat_comment` WHERE ( chat_id = 1 )  [ RunTime:0.0002s ]
SQL: SELECT `name`,`gender`,`avatar` FROM `ego_user` WHERE ( id = 1 ) LIMIT 1   [ RunTime:0.0002s ]
SQL: SELECT * FROM `ego_chat_liked` WHERE ( chat_id = 3 )  [ RunTime:0.0002s ]
SQL: SELECT * FROM `ego_chat_comment` WHERE ( chat_id = 3 )  [ RunTime:0.0004s ]
SQL: SELECT `name`,`gender`,`avatar` FROM `ego_user` WHERE ( id = 1 ) LIMIT 1   [ RunTime:0.0002s ]
SQL: SELECT * FROM `ego_chat_liked` WHERE ( chat_id = 2 )  [ RunTime:0.0002s ]
SQL: SELECT * FROM `ego_chat_comment` WHERE ( chat_id = 2 )  [ RunTime:0.0002s ]

[ 2016-10-07T17:20:32+08:00 ] ::1 /coding/API/eGoServer/index.php/api/SystemImages/getBackgroundImage.html
INFO: [ app_init ] --START--
INFO: Run Behavior\BuildLiteBehavior [ RunTime:0.000013s ]
INFO: [ app_init ] --END-- [ RunTime:0.000322s ]
INFO: [ app_begin ] --START--
INFO: Run Behavior\ReadHtmlCacheBehavior [ RunTime:0.000421s ]
INFO: [ app_begin ] --END-- [ RunTime:0.000473s ]
ERR: 非法操作:getbackgroundimage

[ 2016-10-07T17:20:33+08:00 ] ::1 /coding/API/eGoServer/index.php/api/user/884cad0ff6ff5117b571dc9d02a4fe23/15659430523.html
INFO: [ app_init ] --START--
INFO: Run Behavior\BuildLiteBehavior [ RunTime:0.000018s ]
INFO: [ app_init ] --END-- [ RunTime:0.000398s ]
INFO: [ app_begin ] --START--
INFO: Run Behavior\ReadHtmlCacheBehavior [ RunTime:0.000431s ]
INFO: [ app_begin ] --END-- [ RunTime:0.000490s ]
SQL: SHOW COLUMNS FROM `ego_user` [ RunTime:0.0012s ]
SQL: SELECT * FROM `ego_user` WHERE ( token = '884cad0ff6ff5117b571dc9d02a4fe23' ) LIMIT 1   [ RunTime:0.0003s ]
SQL: SELECT `name`,`gender`,`tel`,`email`,`nickname`,`signature`,`avatar`,`school`,`college`,`major`,`stu_num` FROM `ego_user` WHERE ( tel = '15659430523' ) LIMIT 1   [ RunTime:0.0002s ]

[ 2016-10-07T17:20:33+08:00 ] ::1 /coding/API/eGoServer/index.php/api/bus.html
INFO: [ app_init ] --START--
INFO: Run Behavior\BuildLiteBehavior [ RunTime:0.000014s ]
INFO: [ app_init ] --END-- [ RunTime:0.000330s ]
INFO: [ app_begin ] --START--
INFO: Run Behavior\ReadHtmlCacheBehavior [ RunTime:0.000551s ]
INFO: [ app_begin ] --END-- [ RunTime:0.000622s ]
SQL: SHOW COLUMNS FROM `ego_bus` [ RunTime:0.0012s ]
SQL: SELECT * FROM `ego_bus`  [ RunTime:0.0004s ]

[ 2016-10-07T17:20:35+08:00 ] ::1 /coding/API/eGoServer/index.php/api/chat-center.html
INFO: [ app_init ] --START--
INFO: Run Behavior\BuildLiteBehavior [ RunTime:0.000019s ]
INFO: [ app_init ] --END-- [ RunTime:0.000469s ]
INFO: [ app_begin ] --START--
INFO: Run Behavior\ReadHtmlCacheBehavior [ RunTime:0.000690s ]
INFO: [ app_begin ] --END-- [ RunTime:0.000768s ]
SQL: SHOW COLUMNS FROM `ego_chat_center` [ RunTime:0.0009s ]
SQL: SELECT * FROM `ego_chat_center` ORDER BY time desc  [ RunTime:0.0002s ]
SQL: SHOW COLUMNS FROM `ego_user` [ RunTime:0.0010s ]
SQL: SELECT `name`,`gender`,`avatar` FROM `ego_user` WHERE ( id = 1 ) LIMIT 1   [ RunTime:0.0004s ]
SQL: SHOW COLUMNS FROM `ego_chat_liked` [ RunTime:0.0010s ]
SQL: SELECT * FROM `ego_chat_liked` WHERE ( chat_id = 1 )  [ RunTime:0.0002s ]
SQL: SHOW COLUMNS FROM `ego_chat_comment` [ RunTime:0.0009s ]
SQL: SELECT * FROM `ego_chat_comment` WHERE ( chat_id = 1 )  [ RunTime:0.0002s ]
SQL: SELECT `name`,`gender`,`avatar` FROM `ego_user` WHERE ( id = 1 ) LIMIT 1   [ RunTime:0.0002s ]
SQL: SELECT * FROM `ego_chat_liked` WHERE ( chat_id = 3 )  [ RunTime:0.0001s ]
SQL: SELECT * FROM `ego_chat_comment` WHERE ( chat_id = 3 )  [ RunTime:0.0001s ]
SQL: SELECT `name`,`gender`,`avatar` FROM `ego_user` WHERE ( id = 1 ) LIMIT 1   [ RunTime:0.0001s ]
SQL: SELECT * FROM `ego_chat_liked` WHERE ( chat_id = 2 )  [ RunTime:0.0001s ]
SQL: SELECT * FROM `ego_chat_comment` WHERE ( chat_id = 2 )  [ RunTime:0.0001s ]

[ 2016-10-07T17:22:45+08:00 ] 127.0.0.1 /coding/API/eGoServer/index.php/api/chat-center/unlike.html
INFO: [ app_init ] --START--
INFO: Run Behavior\BuildLiteBehavior [ RunTime:0.000016s ]
INFO: [ app_init ] --END-- [ RunTime:0.000575s ]
INFO: [ app_begin ] --START--
INFO: Run Behavior\ReadHtmlCacheBehavior [ RunTime:0.000952s ]
INFO: [ app_begin ] --END-- [ RunTime:0.001045s ]
SQL: SHOW COLUMNS FROM `ego_user` [ RunTime:0.0011s ]
SQL: SELECT * FROM `ego_user` WHERE ( token = '884cad0ff6ff5117b571dc9d02a4fe23' ) LIMIT 1   [ RunTime:0.0002s ]
SQL: SELECT * FROM `ego_user` WHERE ( token = '884cad0ff6ff5117b571dc9d02a4fe23' ) LIMIT 1   [ RunTime:0.0002s ]
SQL: SHOW COLUMNS FROM `ego_chat_liked` [ RunTime:0.0013s ]
SQL: DELETE FROM `ego_chat_liked` WHERE ( chat_id = 2 and user_id = 221300313 ) [ RunTime:0.0005s ]

[ 2016-10-07T17:23:00+08:00 ] ::1 /coding/API/eGoServer/index.php/api/SystemImages/getBackgroundImage.html
INFO: [ app_init ] --START--
INFO: Run Behavior\BuildLiteBehavior [ RunTime:0.000014s ]
INFO: [ app_init ] --END-- [ RunTime:0.000317s ]
INFO: [ app_begin ] --START--
INFO: Run Behavior\ReadHtmlCacheBehavior [ RunTime:0.000532s ]
INFO: [ app_begin ] --END-- [ RunTime:0.000596s ]
ERR: 非法操作:getbackgroundimage

[ 2016-10-07T17:23:01+08:00 ] ::1 /coding/API/eGoServer/index.php/api/user/884cad0ff6ff5117b571dc9d02a4fe23/15659430523.html
INFO: [ app_init ] --START--
INFO: Run Behavior\BuildLiteBehavior [ RunTime:0.000024s ]
INFO: [ app_init ] --END-- [ RunTime:0.000513s ]
INFO: [ app_begin ] --START--
INFO: Run Behavior\ReadHtmlCacheBehavior [ RunTime:0.000575s ]
INFO: [ app_begin ] --END-- [ RunTime:0.000652s ]
SQL: SHOW COLUMNS FROM `ego_user` [ RunTime:0.0012s ]
SQL: SELECT * FROM `ego_user` WHERE ( token = '884cad0ff6ff5117b571dc9d02a4fe23' ) LIMIT 1   [ RunTime:0.0004s ]
SQL: SELECT `name`,`gender`,`tel`,`email`,`nickname`,`signature`,`avatar`,`school`,`college`,`major`,`stu_num` FROM `ego_user` WHERE ( tel = '15659430523' ) LIMIT 1   [ RunTime:0.0003s ]

[ 2016-10-07T17:23:01+08:00 ] ::1 /coding/API/eGoServer/index.php/api/bus.html
INFO: [ app_init ] --START--
INFO: Run Behavior\BuildLiteBehavior [ RunTime:0.000016s ]
INFO: [ app_init ] --END-- [ RunTime:0.000352s ]
INFO: [ app_begin ] --START--
INFO: Run Behavior\ReadHtmlCacheBehavior [ RunTime:0.000571s ]
INFO: [ app_begin ] --END-- [ RunTime:0.000641s ]
SQL: SHOW COLUMNS FROM `ego_bus` [ RunTime:0.0013s ]
SQL: SELECT * FROM `ego_bus`  [ RunTime:0.0004s ]

[ 2016-10-07T17:23:02+08:00 ] ::1 /coding/API/eGoServer/index.php/api/chat-center.html
INFO: [ app_init ] --START--
INFO: Run Behavior\BuildLiteBehavior [ RunTime:0.000024s ]
INFO: [ app_init ] --END-- [ RunTime:0.000844s ]
INFO: [ app_begin ] --START--
INFO: Run Behavior\ReadHtmlCacheBehavior [ RunTime:0.000595s ]
INFO: [ app_begin ] --END-- [ RunTime:0.000674s ]
SQL: SHOW COLUMNS FROM `ego_chat_center` [ RunTime:0.0008s ]
SQL: SELECT * FROM `ego_chat_center` ORDER BY time desc  [ RunTime:0.0002s ]
SQL: SHOW COLUMNS FROM `ego_user` [ RunTime:0.0010s ]
SQL: SELECT `name`,`gender`,`avatar` FROM `ego_user` WHERE ( id = 1 ) LIMIT 1   [ RunTime:0.0002s ]
SQL: SHOW COLUMNS FROM `ego_chat_liked` [ RunTime:0.0011s ]
SQL: SELECT * FROM `ego_chat_liked` WHERE ( chat_id = 1 )  [ RunTime:0.0002s ]
SQL: SHOW COLUMNS FROM `ego_chat_comment` [ RunTime:0.0013s ]
SQL: SELECT * FROM `ego_chat_comment` WHERE ( chat_id = 1 )  [ RunTime:0.0003s ]
SQL: SELECT `name`,`gender`,`avatar` FROM `ego_user` WHERE ( id = 1 ) LIMIT 1   [ RunTime:0.0002s ]
SQL: SELECT * FROM `ego_chat_liked` WHERE ( chat_id = 3 )  [ RunTime:0.0002s ]
SQL: SELECT * FROM `ego_chat_comment` WHERE ( chat_id = 3 )  [ RunTime:0.0002s ]
SQL: SELECT `name`,`gender`,`avatar` FROM `ego_user` WHERE ( id = 1 ) LIMIT 1   [ RunTime:0.0002s ]
SQL: SELECT * FROM `ego_chat_liked` WHERE ( chat_id = 2 )  [ RunTime:0.0002s ]
SQL: SELECT * FROM `ego_chat_comment` WHERE ( chat_id = 2 )  [ RunTime:0.0003s ]

[ 2016-10-07T17:24:08+08:00 ] ::1 /coding/API/eGoServer/index.php/api/SystemImages/getBackgroundImage.html
INFO: [ app_init ] --START--
INFO: Run Behavior\BuildLiteBehavior [ RunTime:0.000014s ]
INFO: [ app_init ] --END-- [ RunTime:0.000318s ]
INFO: [ app_begin ] --START--
INFO: Run Behavior\ReadHtmlCacheBehavior [ RunTime:0.000424s ]
INFO: [ app_begin ] --END-- [ RunTime:0.000480s ]
ERR: 非法操作:getbackgroundimage

[ 2016-10-07T17:24:09+08:00 ] ::1 /coding/API/eGoServer/index.php/api/user/884cad0ff6ff5117b571dc9d02a4fe23/15659430523.html
INFO: [ app_init ] --START--
INFO: Run Behavior\BuildLiteBehavior [ RunTime:0.000016s ]
INFO: [ app_init ] --END-- [ RunTime:0.000341s ]
INFO: [ app_begin ] --START--
INFO: Run Behavior\ReadHtmlCacheBehavior [ RunTime:0.000450s ]
INFO: [ app_begin ] --END-- [ RunTime:0.000512s ]
SQL: SHOW COLUMNS FROM `ego_user` [ RunTime:0.0012s ]
SQL: SELECT * FROM `ego_user` WHERE ( token = '884cad0ff6ff5117b571dc9d02a4fe23' ) LIMIT 1   [ RunTime:0.0002s ]
SQL: SELECT `name`,`gender`,`tel`,`email`,`nickname`,`signature`,`avatar`,`school`,`college`,`major`,`stu_num` FROM `ego_user` WHERE ( tel = '15659430523' ) LIMIT 1   [ RunTime:0.0002s ]

[ 2016-10-07T17:24:09+08:00 ] ::1 /coding/API/eGoServer/index.php/api/bus.html
INFO: [ app_init ] --START--
INFO: Run Behavior\BuildLiteBehavior [ RunTime:0.000015s ]
INFO: [ app_init ] --END-- [ RunTime:0.000411s ]
INFO: [ app_begin ] --START--
INFO: Run Behavior\ReadHtmlCacheBehavior [ RunTime:0.000659s ]
INFO: [ app_begin ] --END-- [ RunTime:0.000764s ]
SQL: SHOW COLUMNS FROM `ego_bus` [ RunTime:0.0021s ]
SQL: SELECT * FROM `ego_bus`  [ RunTime:0.0003s ]

[ 2016-10-07T17:24:10+08:00 ] ::1 /coding/API/eGoServer/index.php/api/chat-center.html
INFO: [ app_init ] --START--
INFO: Run Behavior\BuildLiteBehavior [ RunTime:0.000015s ]
INFO: [ app_init ] --END-- [ RunTime:0.000365s ]
INFO: [ app_begin ] --START--
INFO: Run Behavior\ReadHtmlCacheBehavior [ RunTime:0.000432s ]
INFO: [ app_begin ] --END-- [ RunTime:0.000487s ]
SQL: SHOW COLUMNS FROM `ego_chat_center` [ RunTime:0.0010s ]
SQL: SELECT * FROM `ego_chat_center` ORDER BY time desc  [ RunTime:0.0003s ]
SQL: SHOW COLUMNS FROM `ego_user` [ RunTime:0.0014s ]
SQL: SELECT `name`,`gender`,`avatar` FROM `ego_user` WHERE ( id = 1 ) LIMIT 1   [ RunTime:0.0002s ]
SQL: SHOW COLUMNS FROM `ego_chat_liked` [ RunTime:0.0011s ]
SQL: SELECT * FROM `ego_chat_liked` WHERE ( chat_id = 1 )  [ RunTime:0.0003s ]
SQL: SHOW COLUMNS FROM `ego_chat_comment` [ RunTime:0.0010s ]
SQL: SELECT * FROM `ego_chat_comment` WHERE ( chat_id = 1 )  [ RunTime:0.0002s ]
SQL: SELECT `name`,`gender`,`avatar` FROM `ego_user` WHERE ( id = 1 ) LIMIT 1   [ RunTime:0.0002s ]
SQL: SELECT * FROM `ego_chat_liked` WHERE ( chat_id = 3 )  [ RunTime:0.0001s ]
SQL: SELECT * FROM `ego_chat_comment` WHERE ( chat_id = 3 )  [ RunTime:0.0001s ]
SQL: SELECT `name`,`gender`,`avatar` FROM `ego_user` WHERE ( id = 1 ) LIMIT 1   [ RunTime:0.0001s ]
SQL: SELECT * FROM `ego_chat_liked` WHERE ( chat_id = 2 )  [ RunTime:0.0001s ]
SQL: SELECT * FROM `ego_chat_comment` WHERE ( chat_id = 2 )  [ RunTime:0.0001s ]

[ 2016-10-07T17:24:42+08:00 ] ::1 /coding/API/eGoServer/index.php/api/SystemImages/getBackgroundImage.html
INFO: [ app_init ] --START--
INFO: Run Behavior\BuildLiteBehavior [ RunTime:0.000018s ]
INFO: [ app_init ] --END-- [ RunTime:0.000409s ]
INFO: [ app_begin ] --START--
INFO: Run Behavior\ReadHtmlCacheBehavior [ RunTime:0.000461s ]
INFO: [ app_begin ] --END-- [ RunTime:0.000521s ]
ERR: 非法操作:getbackgroundimage

[ 2016-10-07T17:24:46+08:00 ] ::1 /coding/API/eGoServer/index.php/api/user/884cad0ff6ff5117b571dc9d02a4fe23/15659430523.html
INFO: [ app_init ] --START--
INFO: Run Behavior\BuildLiteBehavior [ RunTime:0.000029s ]
INFO: [ app_init ] --END-- [ RunTime:0.000674s ]
INFO: [ app_begin ] --START--
INFO: Run Behavior\ReadHtmlCacheBehavior [ RunTime:0.000472s ]
INFO: [ app_begin ] --END-- [ RunTime:0.000538s ]
SQL: SHOW COLUMNS FROM `ego_user` [ RunTime:0.0018s ]
SQL: SELECT * FROM `ego_user` WHERE ( token = '884cad0ff6ff5117b571dc9d02a4fe23' ) LIMIT 1   [ RunTime:0.0010s ]
SQL: SELECT `name`,`gender`,`tel`,`email`,`nickname`,`signature`,`avatar`,`school`,`college`,`major`,`stu_num` FROM `ego_user` WHERE ( tel = '15659430523' ) LIMIT 1   [ RunTime:0.0004s ]

[ 2016-10-07T17:24:47+08:00 ] ::1 /coding/API/eGoServer/index.php/api/bus.html
INFO: [ app_init ] --START--
INFO: Run Behavior\BuildLiteBehavior [ RunTime:0.000021s ]
INFO: [ app_init ] --END-- [ RunTime:0.000520s ]
INFO: [ app_begin ] --START--
INFO: Run Behavior\ReadHtmlCacheBehavior [ RunTime:0.000704s ]
INFO: [ app_begin ] --END-- [ RunTime:0.000806s ]
SQL: SHOW COLUMNS FROM `ego_bus` [ RunTime:0.0027s ]
SQL: SELECT * FROM `ego_bus`  [ RunTime:0.0002s ]

[ 2016-10-07T17:24:49+08:00 ] ::1 /coding/API/eGoServer/index.php/api/chat-center.html
INFO: [ app_init ] --START--
INFO: Run Behavior\BuildLiteBehavior [ RunTime:0.000015s ]
INFO: [ app_init ] --END-- [ RunTime:0.000344s ]
INFO: [ app_begin ] --START--
INFO: Run Behavior\ReadHtmlCacheBehavior [ RunTime:0.000437s ]
INFO: [ app_begin ] --END-- [ RunTime:0.000492s ]
SQL: SHOW COLUMNS FROM `ego_chat_center` [ RunTime:0.0018s ]
SQL: SELECT * FROM `ego_chat_center` ORDER BY time desc  [ RunTime:0.0002s ]
SQL: SHOW COLUMNS FROM `ego_user` [ RunTime:0.0010s ]
SQL: SELECT `name`,`gender`,`avatar` FROM `ego_user` WHERE ( id = 1 ) LIMIT 1   [ RunTime:0.0002s ]
SQL: SHOW COLUMNS FROM `ego_chat_liked` [ RunTime:0.0009s ]
SQL: SELECT * FROM `ego_chat_liked` WHERE ( chat_id = 1 )  [ RunTime:0.0002s ]
SQL: SHOW COLUMNS FROM `ego_chat_comment` [ RunTime:0.0016s ]
SQL: SELECT * FROM `ego_chat_comment` WHERE ( chat_id = 1 )  [ RunTime:0.0002s ]
SQL: SELECT `name`,`gender`,`avatar` FROM `ego_user` WHERE ( id = 1 ) LIMIT 1   [ RunTime:0.0001s ]
SQL: SELECT * FROM `ego_chat_liked` WHERE ( chat_id = 3 )  [ RunTime:0.0001s ]
SQL: SELECT * FROM `ego_chat_comment` WHERE ( chat_id = 3 )  [ RunTime:0.0001s ]
SQL: SELECT `name`,`gender`,`avatar` FROM `ego_user` WHERE ( id = 1 ) LIMIT 1   [ RunTime:0.0001s ]
SQL: SELECT * FROM `ego_chat_liked` WHERE ( chat_id = 2 )  [ RunTime:0.0001s ]
SQL: SELECT * FROM `ego_chat_comment` WHERE ( chat_id = 2 )  [ RunTime:0.0001s ]

[ 2016-10-07T17:24:50+08:00 ] ::1 /coding/API/eGoServer/index.php/api/chat-center/like.html
INFO: [ app_init ] --START--
INFO: Run Behavior\BuildLiteBehavior [ RunTime:0.000013s ]
INFO: [ app_init ] --END-- [ RunTime:0.000307s ]
INFO: [ app_begin ] --START--
INFO: Run Behavior\ReadHtmlCacheBehavior [ RunTime:0.000463s ]
INFO: [ app_begin ] --END-- [ RunTime:0.000549s ]
SQL: SHOW COLUMNS FROM `ego_user` [ RunTime:0.0021s ]
SQL: SELECT * FROM `ego_user` WHERE ( token = '884cad0ff6ff5117b571dc9d02a4fe23' ) LIMIT 1   [ RunTime:0.0003s ]
SQL: SELECT * FROM `ego_user` WHERE ( token = '884cad0ff6ff5117b571dc9d02a4fe23' ) LIMIT 1   [ RunTime:0.0002s ]
SQL: SHOW COLUMNS FROM `ego_chat_liked` [ RunTime:0.0008s ]
SQL: INSERT INTO `ego_chat_liked` (`chat_id`,`user_id`) VALUES ('2','221300313') [ RunTime:0.0005s ]

[ 2016-10-07T17:24:50+08:00 ] ::1 /coding/API/eGoServer/index.php/api/chat-center.html
INFO: [ app_init ] --START--
INFO: Run Behavior\BuildLiteBehavior [ RunTime:0.000013s ]
INFO: [ app_init ] --END-- [ RunTime:0.000314s ]
INFO: [ app_begin ] --START--
INFO: Run Behavior\ReadHtmlCacheBehavior [ RunTime:0.000417s ]
INFO: [ app_begin ] --END-- [ RunTime:0.000469s ]
SQL: SHOW COLUMNS FROM `ego_chat_center` [ RunTime:0.0009s ]
SQL: SELECT * FROM `ego_chat_center` ORDER BY time desc  [ RunTime:0.0002s ]
SQL: SHOW COLUMNS FROM `ego_user` [ RunTime:0.0009s ]
SQL: SELECT `name`,`gender`,`avatar` FROM `ego_user` WHERE ( id = 1 ) LIMIT 1   [ RunTime:0.0002s ]
SQL: SHOW COLUMNS FROM `ego_chat_liked` [ RunTime:0.0009s ]
SQL: SELECT * FROM `ego_chat_liked` WHERE ( chat_id = 1 )  [ RunTime:0.0002s ]
SQL: SHOW COLUMNS FROM `ego_chat_comment` [ RunTime:0.0010s ]
SQL: SELECT * FROM `ego_chat_comment` WHERE ( chat_id = 1 )  [ RunTime:0.0002s ]
SQL: SELECT `name`,`gender`,`avatar` FROM `ego_user` WHERE ( id = 1 ) LIMIT 1   [ RunTime:0.0001s ]
SQL: SELECT * FROM `ego_chat_liked` WHERE ( chat_id = 3 )  [ RunTime:0.0001s ]
SQL: SELECT * FROM `ego_chat_comment` WHERE ( chat_id = 3 )  [ RunTime:0.0001s ]
SQL: SELECT `name`,`gender`,`avatar` FROM `ego_user` WHERE ( id = 1 ) LIMIT 1   [ RunTime:0.0001s ]
SQL: SELECT * FROM `ego_chat_liked` WHERE ( chat_id = 2 )  [ RunTime:0.0001s ]
SQL: SELECT * FROM `ego_chat_comment` WHERE ( chat_id = 2 )  [ RunTime:0.0001s ]

[ 2016-10-07T17:24:52+08:00 ] ::1 /coding/API/eGoServer/index.php/api/chat-center/unlike.html
INFO: [ app_init ] --START--
INFO: Run Behavior\BuildLiteBehavior [ RunTime:0.000014s ]
INFO: [ app_init ] --END-- [ RunTime:0.000337s ]
INFO: [ app_begin ] --START--
INFO: Run Behavior\ReadHtmlCacheBehavior [ RunTime:0.000434s ]
INFO: [ app_begin ] --END-- [ RunTime:0.000490s ]
SQL: SHOW COLUMNS FROM `ego_user` [ RunTime:0.0021s ]
SQL: SELECT * FROM `ego_user` WHERE ( token = '884cad0ff6ff5117b571dc9d02a4fe23' ) LIMIT 1   [ RunTime:0.0002s ]
SQL: SELECT * FROM `ego_user` WHERE ( token = '884cad0ff6ff5117b571dc9d02a4fe23' ) LIMIT 1   [ RunTime:0.0001s ]
SQL: SHOW COLUMNS FROM `ego_chat_liked` [ RunTime:0.0009s ]
SQL: DELETE FROM `ego_chat_liked` WHERE ( chat_id = 2 and user_id = 221300313 ) [ RunTime:0.0003s ]

[ 2016-10-07T17:24:52+08:00 ] ::1 /coding/API/eGoServer/index.php/api/chat-center.html
INFO: [ app_init ] --START--
INFO: Run Behavior\BuildLiteBehavior [ RunTime:0.000014s ]
INFO: [ app_init ] --END-- [ RunTime:0.000339s ]
INFO: [ app_begin ] --START--
INFO: Run Behavior\ReadHtmlCacheBehavior [ RunTime:0.000436s ]
INFO: [ app_begin ] --END-- [ RunTime:0.000489s ]
SQL: SHOW COLUMNS FROM `ego_chat_center` [ RunTime:0.0011s ]
SQL: SELECT * FROM `ego_chat_center` ORDER BY time desc  [ RunTime:0.0002s ]
SQL: SHOW COLUMNS FROM `ego_user` [ RunTime:0.0013s ]
SQL: SELECT `name`,`gender`,`avatar` FROM `ego_user` WHERE ( id = 1 ) LIMIT 1   [ RunTime:0.0002s ]
SQL: SHOW COLUMNS FROM `ego_chat_liked` [ RunTime:0.0011s ]
SQL: SELECT * FROM `ego_chat_liked` WHERE ( chat_id = 1 )  [ RunTime:0.0002s ]
SQL: SHOW COLUMNS FROM `ego_chat_comment` [ RunTime:0.0009s ]
SQL: SELECT * FROM `ego_chat_comment` WHERE ( chat_id = 1 )  [ RunTime:0.0002s ]
SQL: SELECT `name`,`gender`,`avatar` FROM `ego_user` WHERE ( id = 1 ) LIMIT 1   [ RunTime:0.0001s ]
SQL: SELECT * FROM `ego_chat_liked` WHERE ( chat_id = 3 )  [ RunTime:0.0001s ]
SQL: SELECT * FROM `ego_chat_comment` WHERE ( chat_id = 3 )  [ RunTime:0.0002s ]
SQL: SELECT `name`,`gender`,`avatar` FROM `ego_user` WHERE ( id = 1 ) LIMIT 1   [ RunTime:0.0002s ]
SQL: SELECT * FROM `ego_chat_liked` WHERE ( chat_id = 2 )  [ RunTime:0.0001s ]
SQL: SELECT * FROM `ego_chat_comment` WHERE ( chat_id = 2 )  [ RunTime:0.0001s ]

[ 2016-10-07T17:24:53+08:00 ] ::1 /coding/API/eGoServer/index.php/api/chat-center/unlike.html
INFO: [ app_init ] --START--
INFO: Run Behavior\BuildLiteBehavior [ RunTime:0.000018s ]
INFO: [ app_init ] --END-- [ RunTime:0.000333s ]
INFO: [ app_begin ] --START--
INFO: Run Behavior\ReadHtmlCacheBehavior [ RunTime:0.000408s ]
INFO: [ app_begin ] --END-- [ RunTime:0.000462s ]
SQL: SHOW COLUMNS FROM `ego_user` [ RunTime:0.0019s ]
SQL: SELECT * FROM `ego_user` WHERE ( token = '884cad0ff6ff5117b571dc9d02a4fe23' ) LIMIT 1   [ RunTime:0.0002s ]
SQL: SELECT * FROM `ego_user` WHERE ( token = '884cad0ff6ff5117b571dc9d02a4fe23' ) LIMIT 1   [ RunTime:0.0001s ]
SQL: SHOW COLUMNS FROM `ego_chat_liked` [ RunTime:0.0010s ]
SQL: DELETE FROM `ego_chat_liked` WHERE ( chat_id = 3 and user_id = 221300313 ) [ RunTime:0.0003s ]

[ 2016-10-07T17:24:53+08:00 ] ::1 /coding/API/eGoServer/index.php/api/chat-center.html
INFO: [ app_init ] --START--
INFO: Run Behavior\BuildLiteBehavior [ RunTime:0.000013s ]
INFO: [ app_init ] --END-- [ RunTime:0.000308s ]
INFO: [ app_begin ] --START--
INFO: Run Behavior\ReadHtmlCacheBehavior [ RunTime:0.000409s ]
INFO: [ app_begin ] --END-- [ RunTime:0.000461s ]
SQL: SHOW COLUMNS FROM `ego_chat_center` [ RunTime:0.0018s ]
SQL: SELECT * FROM `ego_chat_center` ORDER BY time desc  [ RunTime:0.0002s ]
SQL: SHOW COLUMNS FROM `ego_user` [ RunTime:0.0009s ]
SQL: SELECT `name`,`gender`,`avatar` FROM `ego_user` WHERE ( id = 1 ) LIMIT 1   [ RunTime:0.0002s ]
SQL: SHOW COLUMNS FROM `ego_chat_liked` [ RunTime:0.0009s ]
SQL: SELECT * FROM `ego_chat_liked` WHERE ( chat_id = 1 )  [ RunTime:0.0002s ]
SQL: SHOW COLUMNS FROM `ego_chat_comment` [ RunTime:0.0009s ]
SQL: SELECT * FROM `ego_chat_comment` WHERE ( chat_id = 1 )  [ RunTime:0.0002s ]
SQL: SELECT `name`,`gender`,`avatar` FROM `ego_user` WHERE ( id = 1 ) LIMIT 1   [ RunTime:0.0001s ]
SQL: SELECT * FROM `ego_chat_liked` WHERE ( chat_id = 3 )  [ RunTime:0.0001s ]
SQL: SELECT * FROM `ego_chat_comment` WHERE ( chat_id = 3 )  [ RunTime:0.0001s ]
SQL: SELECT `name`,`gender`,`avatar` FROM `ego_user` WHERE ( id = 1 ) LIMIT 1   [ RunTime:0.0001s ]
SQL: SELECT * FROM `ego_chat_liked` WHERE ( chat_id = 2 )  [ RunTime:0.0001s ]
SQL: SELECT * FROM `ego_chat_comment` WHERE ( chat_id = 2 )  [ RunTime:0.0001s ]

[ 2016-10-07T17:24:54+08:00 ] ::1 /coding/API/eGoServer/index.php/api/chat-center/like.html
INFO: [ app_init ] --START--
INFO: Run Behavior\BuildLiteBehavior [ RunTime:0.000015s ]
INFO: [ app_init ] --END-- [ RunTime:0.000320s ]
INFO: [ app_begin ] --START--
INFO: Run Behavior\ReadHtmlCacheBehavior [ RunTime:0.000405s ]
INFO: [ app_begin ] --END-- [ RunTime:0.000459s ]
SQL: SHOW COLUMNS FROM `ego_user` [ RunTime:0.0020s ]
SQL: SELECT * FROM `ego_user` WHERE ( token = '884cad0ff6ff5117b571dc9d02a4fe23' ) LIMIT 1   [ RunTime:0.0002s ]
SQL: SELECT * FROM `ego_user` WHERE ( token = '884cad0ff6ff5117b571dc9d02a4fe23' ) LIMIT 1   [ RunTime:0.0001s ]
SQL: SHOW COLUMNS FROM `ego_chat_liked` [ RunTime:0.0010s ]
SQL: INSERT INTO `ego_chat_liked` (`chat_id`,`user_id`) VALUES ('3','221300313') [ RunTime:0.0004s ]

[ 2016-10-07T17:24:54+08:00 ] ::1 /coding/API/eGoServer/index.php/api/chat-center.html
INFO: [ app_init ] --START--
INFO: Run Behavior\BuildLiteBehavior [ RunTime:0.000014s ]
INFO: [ app_init ] --END-- [ RunTime:0.000313s ]
INFO: [ app_begin ] --START--
INFO: Run Behavior\ReadHtmlCacheBehavior [ RunTime:0.000453s ]
INFO: [ app_begin ] --END-- [ RunTime:0.000508s ]
SQL: SHOW COLUMNS FROM `ego_chat_center` [ RunTime:0.0009s ]
SQL: SELECT * FROM `ego_chat_center` ORDER BY time desc  [ RunTime:0.0002s ]
SQL: SHOW COLUMNS FROM `ego_user` [ RunTime:0.0009s ]
SQL: SELECT `name`,`gender`,`avatar` FROM `ego_user` WHERE ( id = 1 ) LIMIT 1   [ RunTime:0.0002s ]
SQL: SHOW COLUMNS FROM `ego_chat_liked` [ RunTime:0.0010s ]
SQL: SELECT * FROM `ego_chat_liked` WHERE ( chat_id = 1 )  [ RunTime:0.0002s ]
SQL: SHOW COLUMNS FROM `ego_chat_comment` [ RunTime:0.0009s ]
SQL: SELECT * FROM `ego_chat_comment` WHERE ( chat_id = 1 )  [ RunTime:0.0002s ]
SQL: SELECT `name`,`gender`,`avatar` FROM `ego_user` WHERE ( id = 1 ) LIMIT 1   [ RunTime:0.0002s ]
SQL: SELECT * FROM `ego_chat_liked` WHERE ( chat_id = 3 )  [ RunTime:0.0001s ]
SQL: SELECT * FROM `ego_chat_comment` WHERE ( chat_id = 3 )  [ RunTime:0.0001s ]
SQL: SELECT `name`,`gender`,`avatar` FROM `ego_user` WHERE ( id = 1 ) LIMIT 1   [ RunTime:0.0001s ]
SQL: SELECT * FROM `ego_chat_liked` WHERE ( chat_id = 2 )  [ RunTime:0.0001s ]
SQL: SELECT * FROM `ego_chat_comment` WHERE ( chat_id = 2 )  [ RunTime:0.0001s ]

[ 2016-10-07T17:25:01+08:00 ] ::1 /coding/API/eGoServer/index.php/api/chat-center/like.html
INFO: [ app_init ] --START--
INFO: Run Behavior\BuildLiteBehavior [ RunTime:0.000020s ]
INFO: [ app_init ] --END-- [ RunTime:0.000443s ]
INFO: [ app_begin ] --START--
INFO: Run Behavior\ReadHtmlCacheBehavior [ RunTime:0.000487s ]
INFO: [ app_begin ] --END-- [ RunTime:0.000550s ]
SQL: SHOW COLUMNS FROM `ego_user` [ RunTime:0.0022s ]
SQL: SELECT * FROM `ego_user` WHERE ( token = '884cad0ff6ff5117b571dc9d02a4fe23' ) LIMIT 1   [ RunTime:0.0002s ]
SQL: SELECT * FROM `ego_user` WHERE ( token = '884cad0ff6ff5117b571dc9d02a4fe23' ) LIMIT 1   [ RunTime:0.0002s ]
SQL: SHOW COLUMNS FROM `ego_chat_liked` [ RunTime:0.0009s ]
SQL: INSERT INTO `ego_chat_liked` (`chat_id`,`user_id`) VALUES ('2','221300313') [ RunTime:0.0004s ]

[ 2016-10-07T17:25:01+08:00 ] ::1 /coding/API/eGoServer/index.php/api/chat-center.html
INFO: [ app_init ] --START--
INFO: Run Behavior\BuildLiteBehavior [ RunTime:0.000019s ]
INFO: [ app_init ] --END-- [ RunTime:0.000438s ]
INFO: [ app_begin ] --START--
INFO: Run Behavior\ReadHtmlCacheBehavior [ RunTime:0.000469s ]
INFO: [ app_begin ] --END-- [ RunTime:0.000540s ]
SQL: SHOW COLUMNS FROM `ego_chat_center` [ RunTime:0.0009s ]
SQL: SELECT * FROM `ego_chat_center` ORDER BY time desc  [ RunTime:0.0002s ]
SQL: SHOW COLUMNS FROM `ego_user` [ RunTime:0.0009s ]
SQL: SELECT `name`,`gender`,`avatar` FROM `ego_user` WHERE ( id = 1 ) LIMIT 1   [ RunTime:0.0002s ]
SQL: SHOW COLUMNS FROM `ego_chat_liked` [ RunTime:0.0009s ]
SQL: SELECT * FROM `ego_chat_liked` WHERE ( chat_id = 1 )  [ RunTime:0.0002s ]
SQL: SHOW COLUMNS FROM `ego_chat_comment` [ RunTime:0.0009s ]
SQL: SELECT * FROM `ego_chat_comment` WHERE ( chat_id = 1 )  [ RunTime:0.0002s ]
SQL: SELECT `name`,`gender`,`avatar` FROM `ego_user` WHERE ( id = 1 ) LIMIT 1   [ RunTime:0.0001s ]
SQL: SELECT * FROM `ego_chat_liked` WHERE ( chat_id = 3 )  [ RunTime:0.0001s ]
SQL: SELECT * FROM `ego_chat_comment` WHERE ( chat_id = 3 )  [ RunTime:0.0001s ]
SQL: SELECT `name`,`gender`,`avatar` FROM `ego_user` WHERE ( id = 1 ) LIMIT 1   [ RunTime:0.0001s ]
SQL: SELECT * FROM `ego_chat_liked` WHERE ( chat_id = 2 )  [ RunTime:0.0002s ]
SQL: SELECT * FROM `ego_chat_comment` WHERE ( chat_id = 2 )  [ RunTime:0.0001s ]

[ 2016-10-07T17:25:08+08:00 ] ::1 /coding/API/eGoServer/index.php/api/chat-center/unlike.html
INFO: [ app_init ] --START--
INFO: Run Behavior\BuildLiteBehavior [ RunTime:0.000016s ]
INFO: [ app_init ] --END-- [ RunTime:0.000401s ]
INFO: [ app_begin ] --START--
INFO: Run Behavior\ReadHtmlCacheBehavior [ RunTime:0.000468s ]
INFO: [ app_begin ] --END-- [ RunTime:0.000527s ]
SQL: SHOW COLUMNS FROM `ego_user` [ RunTime:0.0013s ]
SQL: SELECT * FROM `ego_user` WHERE ( token = '884cad0ff6ff5117b571dc9d02a4fe23' ) LIMIT 1   [ RunTime:0.0002s ]
SQL: SELECT * FROM `ego_user` WHERE ( token = '884cad0ff6ff5117b571dc9d02a4fe23' ) LIMIT 1   [ RunTime:0.0002s ]
SQL: SHOW COLUMNS FROM `ego_chat_liked` [ RunTime:0.0014s ]
SQL: DELETE FROM `ego_chat_liked` WHERE ( chat_id = 1 and user_id = 221300313 ) [ RunTime:0.0007s ]

[ 2016-10-07T17:25:08+08:00 ] ::1 /coding/API/eGoServer/index.php/api/chat-center.html
INFO: [ app_init ] --START--
INFO: Run Behavior\BuildLiteBehavior [ RunTime:0.000013s ]
INFO: [ app_init ] --END-- [ RunTime:0.000309s ]
INFO: [ app_begin ] --START--
INFO: Run Behavior\ReadHtmlCacheBehavior [ RunTime:0.000477s ]
INFO: [ app_begin ] --END-- [ RunTime:0.000545s ]
SQL: SHOW COLUMNS FROM `ego_chat_center` [ RunTime:0.0009s ]
SQL: SELECT * FROM `ego_chat_center` ORDER BY time desc  [ RunTime:0.0002s ]
SQL: SHOW COLUMNS FROM `ego_user` [ RunTime:0.0009s ]
SQL: SELECT `name`,`gender`,`avatar` FROM `ego_user` WHERE ( id = 1 ) LIMIT 1   [ RunTime:0.0002s ]
SQL: SHOW COLUMNS FROM `ego_chat_liked` [ RunTime:0.0009s ]
SQL: SELECT * FROM `ego_chat_liked` WHERE ( chat_id = 1 )  [ RunTime:0.0002s ]
SQL: SHOW COLUMNS FROM `ego_chat_comment` [ RunTime:0.0007s ]
SQL: SELECT * FROM `ego_chat_comment` WHERE ( chat_id = 1 )  [ RunTime:0.0002s ]
SQL: SELECT `name`,`gender`,`avatar` FROM `ego_user` WHERE ( id = 1 ) LIMIT 1   [ RunTime:0.0001s ]
SQL: SELECT * FROM `ego_chat_liked` WHERE ( chat_id = 3 )  [ RunTime:0.0001s ]
SQL: SELECT * FROM `ego_chat_comment` WHERE ( chat_id = 3 )  [ RunTime:0.0001s ]
SQL: SELECT `name`,`gender`,`avatar` FROM `ego_user` WHERE ( id = 1 ) LIMIT 1   [ RunTime:0.0001s ]
SQL: SELECT * FROM `ego_chat_liked` WHERE ( chat_id = 2 )  [ RunTime:0.0001s ]
SQL: SELECT * FROM `ego_chat_comment` WHERE ( chat_id = 2 )  [ RunTime:0.0001s ]

[ 2016-10-07T17:25:16+08:00 ] ::1 /coding/API/eGoServer/index.php/api/chat-center/comments/1.html
INFO: [ app_init ] --START--
INFO: Run Behavior\BuildLiteBehavior [ RunTime:0.000016s ]
INFO: [ app_init ] --END-- [ RunTime:0.000335s ]
INFO: [ app_begin ] --START--
INFO: Run Behavior\ReadHtmlCacheBehavior [ RunTime:0.000456s ]
INFO: [ app_begin ] --END-- [ RunTime:0.000516s ]
SQL: SHOW COLUMNS FROM `ego_chat_comment` [ RunTime:0.0010s ]
SQL: SELECT * FROM `ego_chat_comment` WHERE ( chat_id = 1 ) ORDER BY floor desc  [ RunTime:0.0002s ]
SQL: SHOW COLUMNS FROM `ego_user` [ RunTime:0.0016s ]
SQL: SELECT `name`,`gender`,`avatar` FROM `ego_user` WHERE ( id = 1 ) LIMIT 1   [ RunTime:0.0004s ]
SQL: SELECT `name`,`gender`,`avatar` FROM `ego_user` WHERE ( id = 1 ) LIMIT 1   [ RunTime:0.0003s ]

